/home/fyp/Desktop/swarm_repo/robot/ros2ws/install/hardware_software/lib/python3.12/site-packages/hardware_software/preprocess_nav2_namespaced_yaml.py
/home/fyp/Desktop/swarm_repo/robot/ros2ws/install/hardware_software/lib/python3.12/site-packages/hardware_software/mqtt_subscriber.py
/home/fyp/Desktop/swarm_repo/robot/ros2ws/install/hardware_software/lib/python3.12/site-packages/hardware_software/map_to_json.py
/home/fyp/Desktop/swarm_repo/robot/ros2ws/install/hardware_software/lib/python3.12/site-packages/hardware_software/__init__.py
/home/fyp/Desktop/swarm_repo/robot/ros2ws/install/hardware_software/lib/python3.12/site-packages/hardware_software/mqtt_encoder.py
/home/fyp/Desktop/swarm_repo/robot/ros2ws/install/hardware_software/lib/python3.12/site-packages/hardware_software/__pycache__/preprocess_nav2_namespaced_yaml.cpython-312.pyc
/home/fyp/Desktop/swarm_repo/robot/ros2ws/install/hardware_software/lib/python3.12/site-packages/hardware_software/__pycache__/mqtt_subscriber.cpython-312.pyc
/home/fyp/Desktop/swarm_repo/robot/ros2ws/install/hardware_software/lib/python3.12/site-packages/hardware_software/__pycache__/map_to_json.cpython-312.pyc
/home/fyp/Desktop/swarm_repo/robot/ros2ws/install/hardware_software/lib/python3.12/site-packages/hardware_software/__pycache__/__init__.cpython-312.pyc
/home/fyp/Desktop/swarm_repo/robot/ros2ws/install/hardware_software/lib/python3.12/site-packages/hardware_software/__pycache__/mqtt_encoder.cpython-312.pyc
/home/fyp/Desktop/swarm_repo/robot/ros2ws/install/hardware_software/share/ament_index/resource_index/packages/hardware_software
/home/fyp/Desktop/swarm_repo/robot/ros2ws/install/hardware_software/share/hardware_software/package.xml
/home/fyp/Desktop/swarm_repo/robot/ros2ws/install/hardware_software/share/hardware_software/launch/tf.launch.py
/home/fyp/Desktop/swarm_repo/robot/ros2ws/install/hardware_software/share/hardware_software/launch/hardware_setup.launch.py
/home/fyp/Desktop/swarm_repo/robot/ros2ws/install/hardware_software/share/hardware_software/launch/navigation_launch.py
/home/fyp/Desktop/swarm_repo/robot/ros2ws/install/hardware_software/share/hardware_software/launch/hardware.launch.py
/home/fyp/Desktop/swarm_repo/robot/ros2ws/install/hardware_software/share/hardware_software/launch/robot_nav.launch.py
/home/fyp/Desktop/swarm_repo/robot/ros2ws/install/hardware_software/share/hardware_software/launch/robot_explore.launch.py
/home/fyp/Desktop/swarm_repo/robot/ros2ws/install/hardware_software/share/hardware_software/launch/robot_in_swarm_explore.launch.py
/home/fyp/Desktop/swarm_repo/robot/ros2ws/install/hardware_software/share/hardware_software/launch/slam.launch.py
/home/fyp/Desktop/swarm_repo/robot/ros2ws/install/hardware_software/share/hardware_software/launch/rviz.launch.py
/home/fyp/Desktop/swarm_repo/robot/ros2ws/install/hardware_software/share/hardware_software/urdf/turtlebot3_burger.urdf
/home/fyp/Desktop/swarm_repo/robot/ros2ws/install/hardware_software/share/hardware_software/urdf/diffbot_description.urdf.xacro
/home/fyp/Desktop/swarm_repo/robot/ros2ws/install/hardware_software/share/hardware_software/urdf/turtlebot3_waffle.urdf
/home/fyp/Desktop/swarm_repo/robot/ros2ws/install/hardware_software/share/hardware_software/params/explore_params.yaml
/home/fyp/Desktop/swarm_repo/robot/ros2ws/install/hardware_software/share/hardware_software/params/slam.yaml
/home/fyp/Desktop/swarm_repo/robot/ros2ws/install/hardware_software/share/hardware_software/params/ekf_filter.yaml
/home/fyp/Desktop/swarm_repo/robot/ros2ws/install/hardware_software/share/hardware_software/params/nav2_params.yaml
/home/fyp/Desktop/swarm_repo/robot/ros2ws/install/hardware_software/share/hardware_software/params/temp_nav2_params_namespaced.yaml
/home/fyp/Desktop/swarm_repo/robot/ros2ws/install/hardware_software/share/hardware_software/params/nav2_multirobot_params.yaml
/home/fyp/Desktop/swarm_repo/robot/ros2ws/install/hardware_software/share/hardware_software/rviz/basic.rviz
/home/fyp/Desktop/swarm_repo/robot/ros2ws/install/hardware_software/lib/python3.12/site-packages/hardware_software-0.0.0-py3.12.egg-info/dependency_links.txt
/home/fyp/Desktop/swarm_repo/robot/ros2ws/install/hardware_software/lib/python3.12/site-packages/hardware_software-0.0.0-py3.12.egg-info/PKG-INFO
/home/fyp/Desktop/swarm_repo/robot/ros2ws/install/hardware_software/lib/python3.12/site-packages/hardware_software-0.0.0-py3.12.egg-info/entry_points.txt
/home/fyp/Desktop/swarm_repo/robot/ros2ws/install/hardware_software/lib/python3.12/site-packages/hardware_software-0.0.0-py3.12.egg-info/requires.txt
/home/fyp/Desktop/swarm_repo/robot/ros2ws/install/hardware_software/lib/python3.12/site-packages/hardware_software-0.0.0-py3.12.egg-info/top_level.txt
/home/fyp/Desktop/swarm_repo/robot/ros2ws/install/hardware_software/lib/python3.12/site-packages/hardware_software-0.0.0-py3.12.egg-info/zip-safe
/home/fyp/Desktop/swarm_repo/robot/ros2ws/install/hardware_software/lib/python3.12/site-packages/hardware_software-0.0.0-py3.12.egg-info/SOURCES.txt
/home/fyp/Desktop/swarm_repo/robot/ros2ws/install/hardware_software/lib/hardware_software/map_to_json
/home/fyp/Desktop/swarm_repo/robot/ros2ws/install/hardware_software/lib/hardware_software/ros2_mqtt_encoder
/home/fyp/Desktop/swarm_repo/robot/ros2ws/install/hardware_software/lib/hardware_software/ros2_mqtt_subscriber
