[0.964s] Invoking command in '/home/fyp/Desktop/robot/ros2ws/build/my_robot_control': CMAKE_PREFIX_PATH=${CMAKE_PREFIX_PATH}:/home/fyp/Desktop/robot/ros2ws/install/hardware_software:/home/fyp/Desktop/robot/ros2ws/install/motor_controller:/home/fyp/Desktop/robot/ros2ws/install/imu_reader:/opt/ros/jazzy DEBUGINFOD_URLS=https://debuginfod.ubuntu.com /usr/bin/cmake --build /home/fyp/Desktop/robot/ros2ws/build/my_robot_control -- -j4 -l4
[1.101s] [100%] Built target my_robot_control
[1.126s] Invoked command in '/home/fyp/Desktop/robot/ros2ws/build/my_robot_control' returned '0': CMAKE_PREFIX_PATH=${CMAKE_PREFIX_PATH}:/home/fyp/Desktop/robot/ros2ws/install/hardware_software:/home/fyp/Desktop/robot/ros2ws/install/motor_controller:/home/fyp/Desktop/robot/ros2ws/install/imu_reader:/opt/ros/jazzy DEBUGINFOD_URLS=https://debuginfod.ubuntu.com /usr/bin/cmake --build /home/fyp/Desktop/robot/ros2ws/build/my_robot_control -- -j4 -l4
[1.154s] Invoking command in '/home/fyp/Desktop/robot/ros2ws/build/my_robot_control': CMAKE_PREFIX_PATH=${CMAKE_PREFIX_PATH}:/home/fyp/Desktop/robot/ros2ws/install/hardware_software:/home/fyp/Desktop/robot/ros2ws/install/motor_controller:/home/fyp/Desktop/robot/ros2ws/install/imu_reader:/opt/ros/jazzy DEBUGINFOD_URLS=https://debuginfod.ubuntu.com /usr/bin/cmake --install /home/fyp/Desktop/robot/ros2ws/build/my_robot_control
[1.175s] -- Install configuration: ""
[1.176s] -- Up-to-date: /home/fyp/Desktop/robot/ros2ws/install/my_robot_control/share/my_robot_control//launch
[1.177s] -- Up-to-date: /home/fyp/Desktop/robot/ros2ws/install/my_robot_control/share/my_robot_control//launch/rplidar.launch.py
[1.178s] -- Up-to-date: /home/fyp/Desktop/robot/ros2ws/install/my_robot_control/share/my_robot_control//launch/wheel_control.launch.py
[1.179s] -- Up-to-date: /home/fyp/Desktop/robot/ros2ws/install/my_robot_control/share/my_robot_control//config
[1.182s] -- Up-to-date: /home/fyp/Desktop/robot/ros2ws/install/my_robot_control/share/my_robot_control//config/diffbot_controller.yaml
[1.184s] -- Up-to-date: /home/fyp/Desktop/robot/ros2ws/install/my_robot_control/share/my_robot_control//ros2_control
[1.187s] -- Up-to-date: /home/fyp/Desktop/robot/ros2ws/install/my_robot_control/share/my_robot_control//ros2_control/diffbot.ros2_control.xacro
[1.188s] -- Up-to-date: /home/fyp/Desktop/robot/ros2ws/install/my_robot_control/share/my_robot_control//urdf
[1.190s] -- Up-to-date: /home/fyp/Desktop/robot/ros2ws/install/my_robot_control/share/my_robot_control//urdf/diffbot.materials.xacro
[1.190s] -- Up-to-date: /home/fyp/Desktop/robot/ros2ws/install/my_robot_control/share/my_robot_control//urdf/diffbot_description.urdf.xacro
[1.192s] -- Up-to-date: /home/fyp/Desktop/robot/ros2ws/install/my_robot_control/share/my_robot_control//urdf/diffbot.urdf.xacro
[1.194s] -- Up-to-date: /home/fyp/Desktop/robot/ros2ws/install/my_robot_control/include/
[1.194s] -- Up-to-date: /home/fyp/Desktop/robot/ros2ws/install/my_robot_control/include//my_robot_control
[1.194s] -- Up-to-date: /home/fyp/Desktop/robot/ros2ws/install/my_robot_control/include//my_robot_control/diffbot_system.hpp
[1.194s] -- Up-to-date: /home/fyp/Desktop/robot/ros2ws/install/my_robot_control/include//my_robot_control/motor_driver.hpp
[1.194s] -- Up-to-date: /home/fyp/Desktop/robot/ros2ws/install/my_robot_control/lib/libmy_robot_control.so
[1.194s] -- Up-to-date: /home/fyp/Desktop/robot/ros2ws/install/my_robot_control/share/my_robot_control/ros2_control_hardware.xml
[1.195s] -- Up-to-date: /home/fyp/Desktop/robot/ros2ws/install/my_robot_control/share/ament_index/resource_index/package_run_dependencies/my_robot_control
[1.195s] -- Up-to-date: /home/fyp/Desktop/robot/ros2ws/install/my_robot_control/share/ament_index/resource_index/parent_prefix_path/my_robot_control
[1.195s] -- Up-to-date: /home/fyp/Desktop/robot/ros2ws/install/my_robot_control/share/my_robot_control/environment/ament_prefix_path.sh
[1.195s] -- Up-to-date: /home/fyp/Desktop/robot/ros2ws/install/my_robot_control/share/my_robot_control/environment/ament_prefix_path.dsv
[1.202s] -- Up-to-date: /home/fyp/Desktop/robot/ros2ws/install/my_robot_control/share/my_robot_control/environment/path.sh
[1.204s] -- Up-to-date: /home/fyp/Desktop/robot/ros2ws/install/my_robot_control/share/my_robot_control/environment/path.dsv
[1.206s] -- Up-to-date: /home/fyp/Desktop/robot/ros2ws/install/my_robot_control/share/my_robot_control/local_setup.bash
[1.209s] -- Up-to-date: /home/fyp/Desktop/robot/ros2ws/install/my_robot_control/share/my_robot_control/local_setup.sh
[1.210s] -- Up-to-date: /home/fyp/Desktop/robot/ros2ws/install/my_robot_control/share/my_robot_control/local_setup.zsh
[1.211s] -- Up-to-date: /home/fyp/Desktop/robot/ros2ws/install/my_robot_control/share/my_robot_control/local_setup.dsv
[1.213s] -- Installing: /home/fyp/Desktop/robot/ros2ws/install/my_robot_control/share/my_robot_control/package.dsv
[1.214s] -- Up-to-date: /home/fyp/Desktop/robot/ros2ws/install/my_robot_control/share/ament_index/resource_index/packages/my_robot_control
[1.215s] -- Up-to-date: /home/fyp/Desktop/robot/ros2ws/install/my_robot_control/share/ament_index/resource_index/hardware_interface__pluginlib__plugin/my_robot_control
[1.217s] -- Up-to-date: /home/fyp/Desktop/robot/ros2ws/install/my_robot_control/share/my_robot_control/cmake/my_robot_controlConfig.cmake
[1.217s] -- Up-to-date: /home/fyp/Desktop/robot/ros2ws/install/my_robot_control/share/my_robot_control/cmake/my_robot_controlConfig-version.cmake
[1.218s] -- Up-to-date: /home/fyp/Desktop/robot/ros2ws/install/my_robot_control/share/my_robot_control/package.xml
[1.220s] Invoked command in '/home/fyp/Desktop/robot/ros2ws/build/my_robot_control' returned '0': CMAKE_PREFIX_PATH=${CMAKE_PREFIX_PATH}:/home/fyp/Desktop/robot/ros2ws/install/hardware_software:/home/fyp/Desktop/robot/ros2ws/install/motor_controller:/home/fyp/Desktop/robot/ros2ws/install/imu_reader:/opt/ros/jazzy DEBUGINFOD_URLS=https://debuginfod.ubuntu.com /usr/bin/cmake --install /home/fyp/Desktop/robot/ros2ws/build/my_robot_control
