[0.069s] Invoking command in '/home/fyp/Desktop/robot/ros2ws/build/explore_lite': CMAKE_PREFIX_PATH=${CMAKE_PREFIX_PATH}:/home/fyp/Desktop/robot/ros2ws/install/motor_controller:/home/fyp/Desktop/robot/ros2ws/install/imu_reader:/home/fyp/Desktop/robot/ros2ws/install/hardware_software:/opt/ros/jazzy DEBUGINFOD_URLS=https://debuginfod.ubuntu.com /usr/bin/cmake /home/fyp/Desktop/robot/ros2ws/src/explore -DCMAKE_INSTALL_PREFIX=/home/fyp/Desktop/robot/ros2ws/install/explore_lite
[0.885s] -- The C compiler identification is GNU 13.3.0
[1.062s] -- The CXX compiler identification is GNU 13.3.0
[1.097s] -- Detecting C compiler ABI info
[1.301s] -- Detecting C compiler ABI info - done
[1.321s] -- Check for working C compiler: /usr/bin/cc - skipped
[1.321s] -- Detecting C compile features
[1.323s] -- Detecting C compile features - done
[1.350s] -- Detecting CXX compiler ABI info
[1.587s] -- Detecting CXX compiler ABI info - done
[1.611s] -- Check for working CXX compiler: /usr/bin/c++ - skipped
[1.612s] -- Detecting CXX compile features
[1.613s] -- Detecting CXX compile features - done
[1.617s] -- BuilD for ROS2: jazzy
[1.628s] -- Found ament_cmake: 2.5.4 (/opt/ros/jazzy/share/ament_cmake/cmake)
[1.947s] -- Found Python3: /usr/bin/python3 (found version "3.12.3") found components: Interpreter 
[2.284s] -- Found rclcpp: 28.1.9 (/opt/ros/jazzy/share/rclcpp/cmake)
[2.449s] -- Found rosidl_generator_c: 4.6.5 (/opt/ros/jazzy/share/rosidl_generator_c/cmake)
[2.499s] -- Found rosidl_generator_cpp: 4.6.5 (/opt/ros/jazzy/share/rosidl_generator_cpp/cmake)
[2.559s] -- Using all available rosidl_typesupport_c: rosidl_typesupport_fastrtps_c;rosidl_typesupport_introspection_c
[2.620s] -- Using all available rosidl_typesupport_cpp: rosidl_typesupport_fastrtps_cpp;rosidl_typesupport_introspection_cpp
[2.894s] -- Found rmw_implementation_cmake: 7.3.2 (/opt/ros/jazzy/share/rmw_implementation_cmake/cmake)
[2.914s] -- Found rmw_fastrtps_cpp: 8.4.2 (/opt/ros/jazzy/share/rmw_fastrtps_cpp/cmake)
[3.153s] -- Found OpenSSL: /usr/lib/aarch64-linux-gnu/libcrypto.so (found version "3.0.13")  
[3.231s] -- Found FastRTPS: /opt/ros/jazzy/include (Required is at least version "2.13") 
[3.306s] -- Using RMW implementation 'rmw_fastrtps_cpp' as default
[3.657s] -- Found std_msgs: 5.3.6 (/opt/ros/jazzy/share/std_msgs/cmake)
[3.692s] -- Found sensor_msgs: 5.3.6 (/opt/ros/jazzy/share/sensor_msgs/cmake)
[3.778s] -- Found tf2_ros: 0.36.10 (/opt/ros/jazzy/share/tf2_ros/cmake)
[4.074s] -- Found tf2_geometry_msgs: 0.36.10 (/opt/ros/jazzy/share/tf2_geometry_msgs/cmake)
[4.117s] -- Found eigen3_cmake_module: 0.3.0 (/opt/ros/jazzy/share/eigen3_cmake_module/cmake)
[4.120s] -- Found Eigen3: TRUE (found version "3.4.0") 
[4.121s] -- Ensuring Eigen3 include directory is part of orocos-kdl CMake target
[4.129s] -- Found nav2_msgs: 1.3.6 (/opt/ros/jazzy/share/nav2_msgs/cmake)
[4.302s] -- Found map_msgs: 2.4.1 (/opt/ros/jazzy/share/map_msgs/cmake)
[4.358s] -- Found visualization_msgs: 5.3.6 (/opt/ros/jazzy/share/visualization_msgs/cmake)
[4.412s] -- Found nav2_costmap_2d: 1.3.6 (/opt/ros/jazzy/share/nav2_costmap_2d/cmake)
[4.706s] -- Found ament_lint_auto: 0.17.2 (/opt/ros/jazzy/share/ament_lint_auto/cmake)
[4.924s] -- Found ament_cmake_gtest: 2.5.4 (/opt/ros/jazzy/share/ament_cmake_gtest/cmake)
[4.937s] -- Found gtest sources under '/opt/ros/jazzy/src/gtest_vendor': C++ tests using 'Google Test' will be built
[4.946s] -- Performing Test CMAKE_HAVE_LIBC_PTHREAD
[5.163s] -- Performing Test CMAKE_HAVE_LIBC_PTHREAD - Success
[5.165s] -- Found Threads: TRUE  
[5.184s] -- Added test 'cppcheck' to perform static code analysis on C / C++ code
[5.185s] -- Configured cppcheck include dirs: /home/fyp/Desktop/robot/ros2ws/src/explore/include;$<BUILD_INTERFACE:/home/fyp/Desktop/robot/ros2ws/src/explore/include>
[5.185s] -- Configured cppcheck exclude dirs and/or files: 
[5.187s] -- Added test 'flake8' to check Python code syntax and style conventions
[5.187s] -- Configured 'flake8' exclude dirs and/or files: 
[5.189s] -- Added test 'lint_cmake' to check CMake code style
[5.191s] -- Added test 'pep257' to check Python code against some of the docstring style conventions in PEP 257
[5.195s] -- Added test 'uncrustify' to check C / C++ code style
[5.195s] -- Configured uncrustify additional arguments: 
[5.197s] -- Added test 'xmllint' to check XML markup files
[5.203s] -- Configuring done (5.1s)
[5.367s] -- Generating done (0.1s)
[5.385s] -- Build files have been written to: /home/fyp/Desktop/robot/ros2ws/build/explore_lite
[5.413s] Invoked command in '/home/fyp/Desktop/robot/ros2ws/build/explore_lite' returned '0': CMAKE_PREFIX_PATH=${CMAKE_PREFIX_PATH}:/home/fyp/Desktop/robot/ros2ws/install/motor_controller:/home/fyp/Desktop/robot/ros2ws/install/imu_reader:/home/fyp/Desktop/robot/ros2ws/install/hardware_software:/opt/ros/jazzy DEBUGINFOD_URLS=https://debuginfod.ubuntu.com /usr/bin/cmake /home/fyp/Desktop/robot/ros2ws/src/explore -DCMAKE_INSTALL_PREFIX=/home/fyp/Desktop/robot/ros2ws/install/explore_lite
[5.414s] Invoking command in '/home/fyp/Desktop/robot/ros2ws/build/explore_lite': CMAKE_PREFIX_PATH=${CMAKE_PREFIX_PATH}:/home/fyp/Desktop/robot/ros2ws/install/motor_controller:/home/fyp/Desktop/robot/ros2ws/install/imu_reader:/home/fyp/Desktop/robot/ros2ws/install/hardware_software:/opt/ros/jazzy DEBUGINFOD_URLS=https://debuginfod.ubuntu.com /usr/bin/cmake --build /home/fyp/Desktop/robot/ros2ws/build/explore_lite -- -j4 -l4
[5.520s] [ 20%] [32mBuilding CXX object gtest/CMakeFiles/gtest.dir/src/gtest-all.cc.o[0m
[5.520s] [ 20%] [32mBuilding CXX object gtest/CMakeFiles/gtest_main.dir/src/gtest_main.cc.o[0m
[5.527s] [ 40%] [32mBuilding CXX object CMakeFiles/explore.dir/src/costmap_client.cpp.o[0m
[5.527s] [ 40%] [32mBuilding CXX object CMakeFiles/explore.dir/src/explore.cpp.o[0m
[7.012s] [ 50%] [32m[1mLinking CXX static library libgtest_main.a[0m
[8.022s] [ 50%] Built target gtest_main
[8.051s] [ 60%] [32mBuilding CXX object CMakeFiles/explore.dir/src/frontier_search.cpp.o[0m
[14.232s] [ 70%] [32m[1mLinking CXX static library libgtest.a[0m
[14.679s] [ 70%] Built target gtest
[14.733s] [ 80%] [32mBuilding CXX object CMakeFiles/test_explore.dir/test/test_explore.cpp.o[0m
[17.268s] [ 90%] [32m[1mLinking CXX executable test_explore[0m
[18.398s] [ 90%] Built target test_explore
[30.780s] [100%] [32m[1mLinking CXX executable explore[0m
[37.104s] [100%] Built target explore
[37.127s] Invoked command in '/home/fyp/Desktop/robot/ros2ws/build/explore_lite' returned '0': CMAKE_PREFIX_PATH=${CMAKE_PREFIX_PATH}:/home/fyp/Desktop/robot/ros2ws/install/motor_controller:/home/fyp/Desktop/robot/ros2ws/install/imu_reader:/home/fyp/Desktop/robot/ros2ws/install/hardware_software:/opt/ros/jazzy DEBUGINFOD_URLS=https://debuginfod.ubuntu.com /usr/bin/cmake --build /home/fyp/Desktop/robot/ros2ws/build/explore_lite -- -j4 -l4
[37.129s] Invoking command in '/home/fyp/Desktop/robot/ros2ws/build/explore_lite': CMAKE_PREFIX_PATH=${CMAKE_PREFIX_PATH}:/home/fyp/Desktop/robot/ros2ws/install/motor_controller:/home/fyp/Desktop/robot/ros2ws/install/imu_reader:/home/fyp/Desktop/robot/ros2ws/install/hardware_software:/opt/ros/jazzy DEBUGINFOD_URLS=https://debuginfod.ubuntu.com /usr/bin/cmake --install /home/fyp/Desktop/robot/ros2ws/build/explore_lite
[37.145s] -- Install configuration: ""
[37.145s] -- Installing: /home/fyp/Desktop/robot/ros2ws/install/explore_lite/include/explore/
[37.146s] -- Installing: /home/fyp/Desktop/robot/ros2ws/install/explore_lite/include/explore//costmap_tools.h
[37.146s] -- Installing: /home/fyp/Desktop/robot/ros2ws/install/explore_lite/include/explore//costmap_client.h
[37.146s] -- Installing: /home/fyp/Desktop/robot/ros2ws/install/explore_lite/include/explore//explore.h
[37.146s] -- Installing: /home/fyp/Desktop/robot/ros2ws/install/explore_lite/include/explore//frontier_search.h
[37.146s] -- Installing: /home/fyp/Desktop/robot/ros2ws/install/explore_lite/share/explore_lite/config
[37.146s] -- Installing: /home/fyp/Desktop/robot/ros2ws/install/explore_lite/share/explore_lite/config/params.yaml
[37.146s] -- Installing: /home/fyp/Desktop/robot/ros2ws/install/explore_lite/share/explore_lite/config/params_costmap.yaml
[37.146s] -- Installing: /home/fyp/Desktop/robot/ros2ws/install/explore_lite/share/explore_lite/launch
[37.147s] -- Installing: /home/fyp/Desktop/robot/ros2ws/install/explore_lite/share/explore_lite/launch/explore.launch.py
[37.147s] -- Installing: /home/fyp/Desktop/robot/ros2ws/install/explore_lite/lib/explore_lite/explore
[37.170s] -- Set non-toolchain portion of runtime path of "/home/fyp/Desktop/robot/ros2ws/install/explore_lite/lib/explore_lite/explore" to ""
[37.170s] -- Installing: /home/fyp/Desktop/robot/ros2ws/install/explore_lite/share/ament_index/resource_index/package_run_dependencies/explore_lite
[37.171s] -- Installing: /home/fyp/Desktop/robot/ros2ws/install/explore_lite/share/ament_index/resource_index/parent_prefix_path/explore_lite
[37.171s] -- Installing: /home/fyp/Desktop/robot/ros2ws/install/explore_lite/share/explore_lite/environment/ament_prefix_path.sh
[37.171s] -- Installing: /home/fyp/Desktop/robot/ros2ws/install/explore_lite/share/explore_lite/environment/ament_prefix_path.dsv
[37.171s] -- Installing: /home/fyp/Desktop/robot/ros2ws/install/explore_lite/share/explore_lite/environment/path.sh
[37.171s] -- Installing: /home/fyp/Desktop/robot/ros2ws/install/explore_lite/share/explore_lite/environment/path.dsv
[37.171s] -- Installing: /home/fyp/Desktop/robot/ros2ws/install/explore_lite/share/explore_lite/local_setup.bash
[37.172s] -- Installing: /home/fyp/Desktop/robot/ros2ws/install/explore_lite/share/explore_lite/local_setup.sh
[37.172s] -- Installing: /home/fyp/Desktop/robot/ros2ws/install/explore_lite/share/explore_lite/local_setup.zsh
[37.172s] -- Installing: /home/fyp/Desktop/robot/ros2ws/install/explore_lite/share/explore_lite/local_setup.dsv
[37.172s] -- Installing: /home/fyp/Desktop/robot/ros2ws/install/explore_lite/share/explore_lite/package.dsv
[37.172s] -- Installing: /home/fyp/Desktop/robot/ros2ws/install/explore_lite/share/ament_index/resource_index/packages/explore_lite
[37.172s] -- Installing: /home/fyp/Desktop/robot/ros2ws/install/explore_lite/share/explore_lite/cmake/ament_cmake_export_include_directories-extras.cmake
[37.173s] -- Installing: /home/fyp/Desktop/robot/ros2ws/install/explore_lite/share/explore_lite/cmake/explore_liteConfig.cmake
[37.173s] -- Installing: /home/fyp/Desktop/robot/ros2ws/install/explore_lite/share/explore_lite/cmake/explore_liteConfig-version.cmake
[37.173s] -- Installing: /home/fyp/Desktop/robot/ros2ws/install/explore_lite/share/explore_lite/package.xml
[37.176s] Invoked command in '/home/fyp/Desktop/robot/ros2ws/build/explore_lite' returned '0': CMAKE_PREFIX_PATH=${CMAKE_PREFIX_PATH}:/home/fyp/Desktop/robot/ros2ws/install/motor_controller:/home/fyp/Desktop/robot/ros2ws/install/imu_reader:/home/fyp/Desktop/robot/ros2ws/install/hardware_software:/opt/ros/jazzy DEBUGINFOD_URLS=https://debuginfod.ubuntu.com /usr/bin/cmake --install /home/fyp/Desktop/robot/ros2ws/build/explore_lite
