[0mCMake Deprecation Warning at CMakeLists.txt:1 (cmake_minimum_required):
  Compatibility with CMake < 3.5 will be removed from a future version of
  CMake.

  Update the VERSION argument <min> value or use a ...<max> suffix to tell
  CMake that the project does not need compatibility with older versions.

[0m
-- Current platform: Linux
[0mCMake Deprecation Warning at CMakeLists.txt:58 (cmake_policy):
  The OLD behavior for policy CMP0053 will be removed from a future version
  of CMake.

  The cmake-policies(7) manual explains that the OLD behaviors of all
  policies are deprecated and that a policy should be set to OLD only under
  specific short-term circumstances.  Projects should be ported to the NEW
  behavior and not rely on setting a policy to OLD.

[0m
[0mCMake Deprecation Warning at CMakeLists.txt:61 (cmake_policy):
  The OLD behavior for policy CMP0037 will be removed from a future version
  of CMake.

  The cmake-policies(7) manual explains that the OLD behaviors of all
  policies are deprecated and that a policy should be set to OLD only under
  specific short-term circumstances.  Projects should be ported to the NEW
  behavior and not rely on setting a policy to OLD.

[0m
[0mCMake Deprecation Warning at CMakeLists.txt:64 (cmake_policy):
  The OLD behavior for policy CMP0043 will be removed from a future version
  of CMake.

  The cmake-policies(7) manual explains that the OLD behaviors of all
  policies are deprecated and that a policy should be set to OLD only under
  specific short-term circumstances.  Projects should be ported to the NEW
  behavior and not rely on setting a policy to OLD.

[0m
-- Could NOT find SWIG (missing: SWIG_EXECUTABLE SWIG_DIR) 
[33mCMake Warning (dev) at CMakeLists.txt:78 (find_package):
  Policy CMP0148 is not set: The FindPythonInterp and FindPythonLibs modules
  are removed.  Run "cmake --help-policy CMP0148" for policy details.  Use
  the cmake_policy command to set the policy and suppress this warning.

This warning is for project developers.  Use -Wno-dev to suppress it.
[0m
[33mCMake Warning (dev) at CMakeLists.txt:79 (find_package):
  Policy CMP0148 is not set: The FindPythonInterp and FindPythonLibs modules
  are removed.  Run "cmake --help-policy CMP0148" for policy details.  Use
  the cmake_policy command to set the policy and suppress this warning.

This warning is for project developers.  Use -Wno-dev to suppress it.
[0m
[0mCMake Deprecation Warning at core/CMakeLists.txt:1 (cmake_minimum_required):
  Compatibility with CMake < 3.5 will be removed from a future version of
  CMake.

  Update the VERSION argument <min> value or use a ...<max> suffix to tell
  CMake that the project does not need compatibility with older versions.

[0m
[0mCMake Deprecation Warning at examples/CMakeLists.txt:2 (cmake_minimum_required):
  Compatibility with CMake < 3.5 will be removed from a future version of
  CMake.

  Update the VERSION argument <min> value or use a ...<max> suffix to tell
  CMake that the project does not need compatibility with older versions.

[0m
[0mCMake Deprecation Warning at cmake/install_package.cmake:101 (cmake_policy):
  The OLD behavior for policy CMP0026 will be removed from a future version
  of CMake.

  The cmake-policies(7) manual explains that the OLD behaviors of all
  policies are deprecated and that a policy should be set to OLD only under
  specific short-term circumstances.  Projects should be ported to the NEW
  behavior and not rely on setting a policy to OLD.
Call Stack (most recent call first):
  CMakeLists.txt:176 (install_package)

[0m
[33mCMake Warning (dev) at cmake/install_package.cmake:191 (install):
  Policy CMP0062 is not set: Disallow install() of export() result.  Run
  "cmake --help-policy CMP0062" for policy details.  Use the cmake_policy
  command to set the policy and suppress this warning.

  The file

    /home/fyp3/Desktop/ros2_swarm_mapping/robot/ros2ws/src/YDLidar-SDK/ydlidar_sdkTargets.cmake

  was generated by the export() command.  It should not be installed with the
  install() command.  Use the install(EXPORT) mechanism instead.  See the
  cmake-packages(7) manual for more.

Call Stack (most recent call first):
  CMakeLists.txt:176 (install_package)
This warning is for project developers.  Use -Wno-dev to suppress it.
[0m
-- 
-- +===========================================================================+
-- |         Resulting configuration for                             |
-- +===========================================================================+
--  _________________________ PLATFORM _____________________________
--  Host                        : Linux6.8.0-1028-raspiaarch64
--  Is the system big endian?   :  No 
--  Word size (32/64 bit)       : 64
--  CMake version               : 3.28.3
--  CMake generator             : Unix Makefiles
--  CMake build tool            : /usr/bin/gmake
--  Compiler                    : GNU
--  Configuration               : 
-- 
--  __________________________ OPTIONS _____________________________
--  Build YDLidar-SDK as a shared library?　　 :  No 
--  Build Examples?　　　　　　　　　　　　　　 : Yes 
--  Build C Sharp API?　　　　　　　　　　　　 :  No 
--  Build TEST?  			　　　 :  No 
-- 
--  _________________________ INSTALL _____________________
--  Install prefix                    : /home/fyp3/Desktop/ros2_swarm_mapping/robot/ros2ws/install/ydlidar_sdk
-- 
--  _______________________ WRAPPERS/BINDINGS ______________________
--  Python bindings (pyydlidar)   :  No 
--   - dep: Swig found?       :  No [Version: ]
--   - dep: PythonLibs found?  : Yes [Version: 3.12.3]
-- 
-- Configuring done (0.1s)
-- Generating done (0.2s)
-- Build files have been written to: /home/fyp3/Desktop/ros2_swarm_mapping/robot/ros2ws/src/YDLidar-SDK
