[0.015s] Invoking command in '/home/fyp3/Desktop/ros2_swarm_mapping/robot/ros2ws/build/ydlidar_sdk': DEBUGINFOD_URLS=https://debuginfod.ubuntu.com /usr/bin/cmake /home/fyp3/Desktop/ros2_swarm_mapping/robot/ros2ws/src/YDLidar-SDK -DCMAKE_INSTALL_PREFIX=/home/fyp3/Desktop/ros2_swarm_mapping/robot/ros2ws/install/ydlidar_sdk
[0.044s] [0mCMake Deprecation Warning at CMakeLists.txt:1 (cmake_minimum_required):
[0.044s]   Compatibility with CMake < 3.5 will be removed from a future version of
[0.044s]   CMake.
[0.048s] 
[0.048s]   Update the VERSION argument <min> value or use a ...<max> suffix to tell
[0.048s]   CMake that the project does not need compatibility with older versions.
[0.048s] 
[0.048s] [0m
[0.055s] -- Current platform: Linux
[0.059s] [0mCMake Deprecation Warning at CMakeLists.txt:58 (cmake_policy):
[0.059s]   The OLD behavior for policy CMP0053 will be removed from a future version
[0.060s]   of CMake.
[0.060s] 
[0.060s]   The cmake-policies(7) manual explains that the OLD behaviors of all
[0.061s]   policies are deprecated and that a policy should be set to OLD only under
[0.061s]   specific short-term circumstances.  Projects should be ported to the NEW
[0.061s]   behavior and not rely on setting a policy to OLD.
[0.061s] 
[0.061s] [0m
[0.061s] [0mCMake Deprecation Warning at CMakeLists.txt:61 (cmake_policy):
[0.062s]   The OLD behavior for policy CMP0037 will be removed from a future version
[0.062s]   of CMake.
[0.062s] 
[0.062s]   The cmake-policies(7) manual explains that the OLD behaviors of all
[0.062s]   policies are deprecated and that a policy should be set to OLD only under
[0.062s]   specific short-term circumstances.  Projects should be ported to the NEW
[0.063s]   behavior and not rely on setting a policy to OLD.
[0.063s] 
[0.063s] [0m
[0.063s] [0mCMake Deprecation Warning at CMakeLists.txt:64 (cmake_policy):
[0.063s]   The OLD behavior for policy CMP0043 will be removed from a future version
[0.063s]   of CMake.
[0.063s] 
[0.063s]   The cmake-policies(7) manual explains that the OLD behaviors of all
[0.063s]   policies are deprecated and that a policy should be set to OLD only under
[0.064s]   specific short-term circumstances.  Projects should be ported to the NEW
[0.064s]   behavior and not rely on setting a policy to OLD.
[0.064s] 
[0.064s] [0m
[0.069s] -- Could NOT find SWIG (missing: SWIG_EXECUTABLE SWIG_DIR) 
[0.069s] [33mCMake Warning (dev) at CMakeLists.txt:78 (find_package):
[0.069s]   Policy CMP0148 is not set: The FindPythonInterp and FindPythonLibs modules
[0.070s]   are removed.  Run "cmake --help-policy CMP0148" for policy details.  Use
[0.070s]   the cmake_policy command to set the policy and suppress this warning.
[0.070s] 
[0.070s] This warning is for project developers.  Use -Wno-dev to suppress it.
[0.070s] [0m
[0.113s] [33mCMake Warning (dev) at CMakeLists.txt:79 (find_package):
[0.113s]   Policy CMP0148 is not set: The FindPythonInterp and FindPythonLibs modules
[0.114s]   are removed.  Run "cmake --help-policy CMP0148" for policy details.  Use
[0.114s]   the cmake_policy command to set the policy and suppress this warning.
[0.114s] 
[0.114s] This warning is for project developers.  Use -Wno-dev to suppress it.
[0.114s] [0m
[0.149s] [0mCMake Deprecation Warning at core/CMakeLists.txt:1 (cmake_minimum_required):
[0.149s]   Compatibility with CMake < 3.5 will be removed from a future version of
[0.149s]   CMake.
[0.149s] 
[0.149s]   Update the VERSION argument <min> value or use a ...<max> suffix to tell
[0.149s]   CMake that the project does not need compatibility with older versions.
[0.149s] 
[0.150s] [0m
[0.154s] [0mCMake Deprecation Warning at examples/CMakeLists.txt:2 (cmake_minimum_required):
[0.155s]   Compatibility with CMake < 3.5 will be removed from a future version of
[0.155s]   CMake.
[0.155s] 
[0.155s]   Update the VERSION argument <min> value or use a ...<max> suffix to tell
[0.155s]   CMake that the project does not need compatibility with older versions.
[0.155s] 
[0.155s] [0m
[0.163s] [0mCMake Deprecation Warning at cmake/install_package.cmake:101 (cmake_policy):
[0.163s]   The OLD behavior for policy CMP0026 will be removed from a future version
[0.163s]   of CMake.
[0.164s] 
[0.164s]   The cmake-policies(7) manual explains that the OLD behaviors of all
[0.164s]   policies are deprecated and that a policy should be set to OLD only under
[0.164s]   specific short-term circumstances.  Projects should be ported to the NEW
[0.164s]   behavior and not rely on setting a policy to OLD.
[0.164s] Call Stack (most recent call first):
[0.164s]   CMakeLists.txt:176 (install_package)
[0.164s] 
[0.164s] [0m
[0.169s] [33mCMake Warning (dev) at cmake/install_package.cmake:191 (install):
[0.169s]   Policy CMP0062 is not set: Disallow install() of export() result.  Run
[0.169s]   "cmake --help-policy CMP0062" for policy details.  Use the cmake_policy
[0.169s]   command to set the policy and suppress this warning.
[0.169s] 
[0.169s]   The file
[0.169s] 
[0.169s]     /home/fyp3/Desktop/ros2_swarm_mapping/robot/ros2ws/src/YDLidar-SDK/ydlidar_sdkTargets.cmake
[0.170s] 
[0.170s]   was generated by the export() command.  It should not be installed with the
[0.170s]   install() command.  Use the install(EXPORT) mechanism instead.  See the
[0.170s]   cmake-packages(7) manual for more.
[0.170s] 
[0.170s] Call Stack (most recent call first):
[0.170s]   CMakeLists.txt:176 (install_package)
[0.170s] This warning is for project developers.  Use -Wno-dev to suppress it.
[0.170s] [0m
[0.187s] -- 
[0.187s] -- +===========================================================================+
[0.187s] -- |         Resulting configuration for                             |
[0.188s] -- +===========================================================================+
[0.188s] --  _________________________ PLATFORM _____________________________
[0.188s] --  Host                        : Linux6.8.0-1028-raspiaarch64
[0.188s] --  Is the system big endian?   :  No 
[0.188s] --  Word size (32/64 bit)       : 64
[0.188s] --  CMake version               : 3.28.3
[0.188s] --  CMake generator             : Unix Makefiles
[0.188s] --  CMake build tool            : /usr/bin/gmake
[0.188s] --  Compiler                    : GNU
[0.188s] --  Configuration               : 
[0.190s] -- 
[0.190s] --  __________________________ OPTIONS _____________________________
[0.190s] --  Build YDLidar-SDK as a shared library?　　 :  No 
[0.191s] --  Build Examples?　　　　　　　　　　　　　　 : Yes 
[0.191s] --  Build C Sharp API?　　　　　　　　　　　　 :  No 
[0.191s] --  Build TEST?  			　　　 :  No 
[0.191s] -- 
[0.191s] --  _________________________ INSTALL _____________________
[0.191s] --  Install prefix                    : /home/fyp3/Desktop/ros2_swarm_mapping/robot/ros2ws/install/ydlidar_sdk
[0.191s] -- 
[0.191s] --  _______________________ WRAPPERS/BINDINGS ______________________
[0.191s] --  Python bindings (pyydlidar)   :  No 
[0.191s] --   - dep: Swig found?       :  No [Version: ]
[0.192s] --   - dep: PythonLibs found?  : Yes [Version: 3.12.3]
[0.192s] -- 
[0.192s] -- Configuring done (0.1s)
[0.434s] -- Generating done (0.2s)
[0.472s] -- Build files have been written to: /home/fyp3/Desktop/ros2_swarm_mapping/robot/ros2ws/src/YDLidar-SDK
[0.479s] Invoked command in '/home/fyp3/Desktop/ros2_swarm_mapping/robot/ros2ws/build/ydlidar_sdk' returned '0': DEBUGINFOD_URLS=https://debuginfod.ubuntu.com /usr/bin/cmake /home/fyp3/Desktop/ros2_swarm_mapping/robot/ros2ws/src/YDLidar-SDK -DCMAKE_INSTALL_PREFIX=/home/fyp3/Desktop/ros2_swarm_mapping/robot/ros2ws/install/ydlidar_sdk
