[2.328s] Invoking command in '/home/fyp/Desktop/robot/ros2ws/src/motor_controller': DEBUGINFOD_URLS=https://debuginfod.ubuntu.com PYTHONPATH=/home/fyp/Desktop/robot/ros2ws/build/motor_controller/prefix_override:/usr/lib/python3/dist-packages/colcon_core/task/python/colcon_distutils_commands:/home/fyp/Desktop/robot/ros2ws/install/motor_controller/lib/python3.12/site-packages:${PYTHONPATH} /usr/bin/python3 -W ignore:setup.py install is deprecated -W ignore:easy_install command is deprecated setup.py egg_info --egg-base ../../build/motor_controller build --build-base /home/fyp/Desktop/robot/ros2ws/build/motor_controller/build install --record /home/fyp/Desktop/robot/ros2ws/build/motor_controller/install.log --single-version-externally-managed install_data
[2.724s] running egg_info
[2.752s] writing ../../build/motor_controller/motor_controller.egg-info/PKG-INFO
[2.753s] writing dependency_links to ../../build/motor_controller/motor_controller.egg-info/dependency_links.txt
[2.754s] writing entry points to ../../build/motor_controller/motor_controller.egg-info/entry_points.txt
[2.755s] writing requirements to ../../build/motor_controller/motor_controller.egg-info/requires.txt
[2.756s] writing top-level names to ../../build/motor_controller/motor_controller.egg-info/top_level.txt
[2.808s] reading manifest file '../../build/motor_controller/motor_controller.egg-info/SOURCES.txt'
[2.810s] writing manifest file '../../build/motor_controller/motor_controller.egg-info/SOURCES.txt'
[2.811s] running build
[2.811s] running build_py
[2.812s] running install
[2.821s] running install_lib
[2.847s] running install_data
[2.848s] running install_egg_info
[2.877s] removing '/home/fyp/Desktop/robot/ros2ws/install/motor_controller/lib/python3.12/site-packages/motor_controller-0.0.0-py3.12.egg-info' (and everything under it)
[2.878s] Copying ../../build/motor_controller/motor_controller.egg-info to /home/fyp/Desktop/robot/ros2ws/install/motor_controller/lib/python3.12/site-packages/motor_controller-0.0.0-py3.12.egg-info
[2.881s] running install_scripts
[3.082s] Installing motor_driver script to /home/fyp/Desktop/robot/ros2ws/install/motor_controller/lib/motor_controller
[3.083s] Installing wheel_encoder script to /home/fyp/Desktop/robot/ros2ws/install/motor_controller/lib/motor_controller
[3.084s] writing list of installed files to '/home/fyp/Desktop/robot/ros2ws/build/motor_controller/install.log'
[3.217s] Invoked command in '/home/fyp/Desktop/robot/ros2ws/src/motor_controller' returned '0': DEBUGINFOD_URLS=https://debuginfod.ubuntu.com PYTHONPATH=/home/fyp/Desktop/robot/ros2ws/build/motor_controller/prefix_override:/usr/lib/python3/dist-packages/colcon_core/task/python/colcon_distutils_commands:/home/fyp/Desktop/robot/ros2ws/install/motor_controller/lib/python3.12/site-packages:${PYTHONPATH} /usr/bin/python3 -W ignore:setup.py install is deprecated -W ignore:easy_install command is deprecated setup.py egg_info --egg-base ../../build/motor_controller build --build-base /home/fyp/Desktop/robot/ros2ws/build/motor_controller/build install --record /home/fyp/Desktop/robot/ros2ws/build/motor_controller/install.log --single-version-externally-managed install_data
