[0.583s] DEBUG:colcon:Command line arguments: ['/usr/bin/colcon', 'build']
[0.584s] DEBUG:colcon:Parsed command line arguments: Namespace(log_base=None, log_level=None, verb_name='build', build_base='build', install_base='install', merge_install=False, symlink_install=False, test_result_base=None, continue_on_error=False, executor='parallel', parallel_workers=4, event_handlers=None, ignore_user_meta=False, metas=['./colcon.meta'], base_paths=['.'], packages_ignore=None, packages_ignore_regex=None, paths=None, packages_up_to=None, packages_up_to_regex=None, packages_above=None, packages_above_and_dependencies=None, packages_above_depth=None, packages_select_by_dep=None, packages_skip_by_dep=None, packages_skip_up_to=None, packages_select_build_failed=False, packages_skip_build_finished=False, packages_select_test_failures=False, packages_skip_test_passed=False, packages_select=None, packages_skip=None, packages_select_regex=None, packages_skip_regex=None, packages_start=None, packages_end=None, allow_overriding=[], cmake_args=None, cmake_target=None, cmake_target_skip_unavailable=False, cmake_clean_cache=False, cmake_clean_first=False, cmake_force_configure=False, ament_cmake_args=None, catkin_cmake_args=None, catkin_skip_building_tests=False, mixin_files=None, mixin=None, verb_parser=<colcon_mixin.mixin.mixin_argument.MixinArgumentDecorator object at 0xffffa6173080>, verb_extension=<colcon_core.verb.build.BuildVerb object at 0xffffa62d5ee0>, main=<bound method BuildVerb.main of <colcon_core.verb.build.BuildVerb object at 0xffffa62d5ee0>>, mixin_verb=('build',))
[0.721s] Level 1:colcon.colcon_core.package_discovery:discover_packages(colcon_meta) check parameters
[0.721s] Level 1:colcon.colcon_core.package_discovery:discover_packages(recursive) check parameters
[0.721s] Level 1:colcon.colcon_core.package_discovery:discover_packages(ignore) check parameters
[0.722s] Level 1:colcon.colcon_core.package_discovery:discover_packages(path) check parameters
[0.722s] Level 1:colcon.colcon_core.package_discovery:discover_packages(colcon_meta) discover
[0.722s] Level 1:colcon.colcon_core.package_discovery:discover_packages(recursive) discover
[0.722s] INFO:colcon.colcon_core.package_discovery:Crawling recursively for packages in '/home/fyp/Desktop/robot/ros2ws'
[0.722s] Level 1:colcon.colcon_core.package_identification:_identify(.) by extensions ['ignore', 'ignore_ament_install']
[0.722s] Level 1:colcon.colcon_core.package_identification:_identify(.) by extension 'ignore'
[0.722s] Level 1:colcon.colcon_core.package_identification:_identify(.) by extension 'ignore_ament_install'
[0.722s] Level 1:colcon.colcon_core.package_identification:_identify(.) by extensions ['colcon_pkg']
[0.722s] Level 1:colcon.colcon_core.package_identification:_identify(.) by extension 'colcon_pkg'
[0.722s] Level 1:colcon.colcon_core.package_identification:_identify(.) by extensions ['colcon_meta']
[0.722s] Level 1:colcon.colcon_core.package_identification:_identify(.) by extension 'colcon_meta'
[0.722s] Level 1:colcon.colcon_core.package_identification:_identify(.) by extensions ['ros']
[0.722s] Level 1:colcon.colcon_core.package_identification:_identify(.) by extension 'ros'
[0.779s] Level 1:colcon.colcon_core.package_identification:_identify(.) by extensions ['cmake', 'python']
[0.779s] Level 1:colcon.colcon_core.package_identification:_identify(.) by extension 'cmake'
[0.780s] Level 1:colcon.colcon_core.package_identification:_identify(.) by extension 'python'
[0.780s] Level 1:colcon.colcon_core.package_identification:_identify(.) by extensions ['python_setup_py']
[0.780s] Level 1:colcon.colcon_core.package_identification:_identify(.) by extension 'python_setup_py'
[0.780s] Level 1:colcon.colcon_core.package_identification:_identify(build) by extensions ['ignore', 'ignore_ament_install']
[0.780s] Level 1:colcon.colcon_core.package_identification:_identify(build) by extension 'ignore'
[0.780s] Level 1:colcon.colcon_core.package_identification:_identify(build) ignored
[0.780s] Level 1:colcon.colcon_core.package_identification:_identify(install) by extensions ['ignore', 'ignore_ament_install']
[0.780s] Level 1:colcon.colcon_core.package_identification:_identify(install) by extension 'ignore'
[0.780s] Level 1:colcon.colcon_core.package_identification:_identify(install) ignored
[0.780s] Level 1:colcon.colcon_core.package_identification:_identify(log) by extensions ['ignore', 'ignore_ament_install']
[0.780s] Level 1:colcon.colcon_core.package_identification:_identify(log) by extension 'ignore'
[0.781s] Level 1:colcon.colcon_core.package_identification:_identify(log) ignored
[0.781s] Level 1:colcon.colcon_core.package_identification:_identify(src) by extensions ['ignore', 'ignore_ament_install']
[0.781s] Level 1:colcon.colcon_core.package_identification:_identify(src) by extension 'ignore'
[0.781s] Level 1:colcon.colcon_core.package_identification:_identify(src) by extension 'ignore_ament_install'
[0.781s] Level 1:colcon.colcon_core.package_identification:_identify(src) by extensions ['colcon_pkg']
[0.782s] Level 1:colcon.colcon_core.package_identification:_identify(src) by extension 'colcon_pkg'
[0.782s] Level 1:colcon.colcon_core.package_identification:_identify(src) by extensions ['colcon_meta']
[0.782s] Level 1:colcon.colcon_core.package_identification:_identify(src) by extension 'colcon_meta'
[0.782s] Level 1:colcon.colcon_core.package_identification:_identify(src) by extensions ['ros']
[0.782s] Level 1:colcon.colcon_core.package_identification:_identify(src) by extension 'ros'
[0.782s] Level 1:colcon.colcon_core.package_identification:_identify(src) by extensions ['cmake', 'python']
[0.782s] Level 1:colcon.colcon_core.package_identification:_identify(src) by extension 'cmake'
[0.782s] Level 1:colcon.colcon_core.package_identification:_identify(src) by extension 'python'
[0.782s] Level 1:colcon.colcon_core.package_identification:_identify(src) by extensions ['python_setup_py']
[0.782s] Level 1:colcon.colcon_core.package_identification:_identify(src) by extension 'python_setup_py'
[0.782s] Level 1:colcon.colcon_core.package_identification:_identify(src/imu_reader) by extensions ['ignore', 'ignore_ament_install']
[0.782s] Level 1:colcon.colcon_core.package_identification:_identify(src/imu_reader) by extension 'ignore'
[0.783s] Level 1:colcon.colcon_core.package_identification:_identify(src/imu_reader) by extension 'ignore_ament_install'
[0.783s] Level 1:colcon.colcon_core.package_identification:_identify(src/imu_reader) by extensions ['colcon_pkg']
[0.783s] Level 1:colcon.colcon_core.package_identification:_identify(src/imu_reader) by extension 'colcon_pkg'
[0.783s] Level 1:colcon.colcon_core.package_identification:_identify(src/imu_reader) by extensions ['colcon_meta']
[0.783s] Level 1:colcon.colcon_core.package_identification:_identify(src/imu_reader) by extension 'colcon_meta'
[0.783s] Level 1:colcon.colcon_core.package_identification:_identify(src/imu_reader) by extensions ['ros']
[0.783s] Level 1:colcon.colcon_core.package_identification:_identify(src/imu_reader) by extension 'ros'
[0.789s] DEBUG:colcon.colcon_core.package_identification:Package 'src/imu_reader' with type 'ros.ament_python' and name 'imu_reader'
[0.790s] Level 1:colcon.colcon_core.package_identification:_identify(src/motor_controller) by extensions ['ignore', 'ignore_ament_install']
[0.790s] Level 1:colcon.colcon_core.package_identification:_identify(src/motor_controller) by extension 'ignore'
[0.791s] Level 1:colcon.colcon_core.package_identification:_identify(src/motor_controller) by extension 'ignore_ament_install'
[0.791s] Level 1:colcon.colcon_core.package_identification:_identify(src/motor_controller) by extensions ['colcon_pkg']
[0.791s] Level 1:colcon.colcon_core.package_identification:_identify(src/motor_controller) by extension 'colcon_pkg'
[0.791s] Level 1:colcon.colcon_core.package_identification:_identify(src/motor_controller) by extensions ['colcon_meta']
[0.791s] Level 1:colcon.colcon_core.package_identification:_identify(src/motor_controller) by extension 'colcon_meta'
[0.791s] Level 1:colcon.colcon_core.package_identification:_identify(src/motor_controller) by extensions ['ros']
[0.791s] Level 1:colcon.colcon_core.package_identification:_identify(src/motor_controller) by extension 'ros'
[0.792s] DEBUG:colcon.colcon_core.package_identification:Package 'src/motor_controller' with type 'ros.ament_python' and name 'motor_controller'
[0.793s] Level 1:colcon.colcon_core.package_identification:_identify(src/my_robot_control) by extensions ['ignore', 'ignore_ament_install']
[0.793s] Level 1:colcon.colcon_core.package_identification:_identify(src/my_robot_control) by extension 'ignore'
[0.793s] Level 1:colcon.colcon_core.package_identification:_identify(src/my_robot_control) by extension 'ignore_ament_install'
[0.793s] Level 1:colcon.colcon_core.package_identification:_identify(src/my_robot_control) by extensions ['colcon_pkg']
[0.793s] Level 1:colcon.colcon_core.package_identification:_identify(src/my_robot_control) by extension 'colcon_pkg'
[0.793s] Level 1:colcon.colcon_core.package_identification:_identify(src/my_robot_control) by extensions ['colcon_meta']
[0.793s] Level 1:colcon.colcon_core.package_identification:_identify(src/my_robot_control) by extension 'colcon_meta'
[0.793s] Level 1:colcon.colcon_core.package_identification:_identify(src/my_robot_control) by extensions ['ros']
[0.793s] Level 1:colcon.colcon_core.package_identification:_identify(src/my_robot_control) by extension 'ros'
[0.795s] DEBUG:colcon.colcon_core.package_identification:Package 'src/my_robot_control' with type 'ros.ament_cmake' and name 'my_robot_control'
[0.795s] Level 1:colcon.colcon_core.package_discovery:discover_packages(recursive) using defaults
[0.795s] Level 1:colcon.colcon_core.package_discovery:discover_packages(ignore) discover
[0.795s] Level 1:colcon.colcon_core.package_discovery:discover_packages(ignore) using defaults
[0.795s] Level 1:colcon.colcon_core.package_discovery:discover_packages(path) discover
[0.795s] Level 1:colcon.colcon_core.package_discovery:discover_packages(path) using defaults
[0.840s] Level 1:colcon.colcon_core.package_discovery:discover_packages(prefix_path) check parameters
[0.841s] Level 1:colcon.colcon_core.package_discovery:discover_packages(prefix_path) discover
[0.848s] DEBUG:colcon.colcon_installed_package_information.package_discovery:Found 265 installed packages in /opt/ros/jazzy
[0.849s] Level 1:colcon.colcon_core.package_discovery:discover_packages(prefix_path) using defaults
[0.904s] Level 5:colcon.colcon_core.verb:set package 'imu_reader' build argument 'cmake_args' from command line to 'None'
[0.904s] Level 5:colcon.colcon_core.verb:set package 'imu_reader' build argument 'cmake_target' from command line to 'None'
[0.904s] Level 5:colcon.colcon_core.verb:set package 'imu_reader' build argument 'cmake_target_skip_unavailable' from command line to 'False'
[0.904s] Level 5:colcon.colcon_core.verb:set package 'imu_reader' build argument 'cmake_clean_cache' from command line to 'False'
[0.904s] Level 5:colcon.colcon_core.verb:set package 'imu_reader' build argument 'cmake_clean_first' from command line to 'False'
[0.904s] Level 5:colcon.colcon_core.verb:set package 'imu_reader' build argument 'cmake_force_configure' from command line to 'False'
[0.904s] Level 5:colcon.colcon_core.verb:set package 'imu_reader' build argument 'ament_cmake_args' from command line to 'None'
[0.904s] Level 5:colcon.colcon_core.verb:set package 'imu_reader' build argument 'catkin_cmake_args' from command line to 'None'
[0.904s] Level 5:colcon.colcon_core.verb:set package 'imu_reader' build argument 'catkin_skip_building_tests' from command line to 'False'
[0.904s] DEBUG:colcon.colcon_core.verb:Building package 'imu_reader' with the following arguments: {'ament_cmake_args': None, 'build_base': '/home/fyp/Desktop/robot/ros2ws/build/imu_reader', 'catkin_cmake_args': None, 'catkin_skip_building_tests': False, 'cmake_args': None, 'cmake_clean_cache': False, 'cmake_clean_first': False, 'cmake_force_configure': False, 'cmake_target': None, 'cmake_target_skip_unavailable': False, 'install_base': '/home/fyp/Desktop/robot/ros2ws/install/imu_reader', 'merge_install': False, 'path': '/home/fyp/Desktop/robot/ros2ws/src/imu_reader', 'symlink_install': False, 'test_result_base': None}
[0.905s] Level 5:colcon.colcon_core.verb:set package 'motor_controller' build argument 'cmake_args' from command line to 'None'
[0.905s] Level 5:colcon.colcon_core.verb:set package 'motor_controller' build argument 'cmake_target' from command line to 'None'
[0.905s] Level 5:colcon.colcon_core.verb:set package 'motor_controller' build argument 'cmake_target_skip_unavailable' from command line to 'False'
[0.905s] Level 5:colcon.colcon_core.verb:set package 'motor_controller' build argument 'cmake_clean_cache' from command line to 'False'
[0.905s] Level 5:colcon.colcon_core.verb:set package 'motor_controller' build argument 'cmake_clean_first' from command line to 'False'
[0.905s] Level 5:colcon.colcon_core.verb:set package 'motor_controller' build argument 'cmake_force_configure' from command line to 'False'
[0.905s] Level 5:colcon.colcon_core.verb:set package 'motor_controller' build argument 'ament_cmake_args' from command line to 'None'
[0.905s] Level 5:colcon.colcon_core.verb:set package 'motor_controller' build argument 'catkin_cmake_args' from command line to 'None'
[0.905s] Level 5:colcon.colcon_core.verb:set package 'motor_controller' build argument 'catkin_skip_building_tests' from command line to 'False'
[0.905s] DEBUG:colcon.colcon_core.verb:Building package 'motor_controller' with the following arguments: {'ament_cmake_args': None, 'build_base': '/home/fyp/Desktop/robot/ros2ws/build/motor_controller', 'catkin_cmake_args': None, 'catkin_skip_building_tests': False, 'cmake_args': None, 'cmake_clean_cache': False, 'cmake_clean_first': False, 'cmake_force_configure': False, 'cmake_target': None, 'cmake_target_skip_unavailable': False, 'install_base': '/home/fyp/Desktop/robot/ros2ws/install/motor_controller', 'merge_install': False, 'path': '/home/fyp/Desktop/robot/ros2ws/src/motor_controller', 'symlink_install': False, 'test_result_base': None}
[0.905s] Level 5:colcon.colcon_core.verb:set package 'my_robot_control' build argument 'cmake_args' from command line to 'None'
[0.905s] Level 5:colcon.colcon_core.verb:set package 'my_robot_control' build argument 'cmake_target' from command line to 'None'
[0.905s] Level 5:colcon.colcon_core.verb:set package 'my_robot_control' build argument 'cmake_target_skip_unavailable' from command line to 'False'
[0.905s] Level 5:colcon.colcon_core.verb:set package 'my_robot_control' build argument 'cmake_clean_cache' from command line to 'False'
[0.905s] Level 5:colcon.colcon_core.verb:set package 'my_robot_control' build argument 'cmake_clean_first' from command line to 'False'
[0.905s] Level 5:colcon.colcon_core.verb:set package 'my_robot_control' build argument 'cmake_force_configure' from command line to 'False'
[0.905s] Level 5:colcon.colcon_core.verb:set package 'my_robot_control' build argument 'ament_cmake_args' from command line to 'None'
[0.905s] Level 5:colcon.colcon_core.verb:set package 'my_robot_control' build argument 'catkin_cmake_args' from command line to 'None'
[0.905s] Level 5:colcon.colcon_core.verb:set package 'my_robot_control' build argument 'catkin_skip_building_tests' from command line to 'False'
[0.905s] DEBUG:colcon.colcon_core.verb:Building package 'my_robot_control' with the following arguments: {'ament_cmake_args': None, 'build_base': '/home/fyp/Desktop/robot/ros2ws/build/my_robot_control', 'catkin_cmake_args': None, 'catkin_skip_building_tests': False, 'cmake_args': None, 'cmake_clean_cache': False, 'cmake_clean_first': False, 'cmake_force_configure': False, 'cmake_target': None, 'cmake_target_skip_unavailable': False, 'install_base': '/home/fyp/Desktop/robot/ros2ws/install/my_robot_control', 'merge_install': False, 'path': '/home/fyp/Desktop/robot/ros2ws/src/my_robot_control', 'symlink_install': False, 'test_result_base': None}
[0.905s] INFO:colcon.colcon_core.executor:Executing jobs using 'parallel' executor
[0.907s] DEBUG:colcon.colcon_parallel_executor.executor.parallel:run_until_complete
[0.907s] INFO:colcon.colcon_ros.task.ament_python.build:Building ROS package in '/home/fyp/Desktop/robot/ros2ws/src/imu_reader' with build type 'ament_python'
[0.907s] Level 1:colcon.colcon_core.shell:create_environment_hook('imu_reader', 'ament_prefix_path')
[0.917s] INFO:colcon.colcon_core.plugin_system:Skipping extension 'colcon_core.shell.bat': Not used on non-Windows systems
[0.918s] INFO:colcon.colcon_core.shell:Creating environment hook '/home/fyp/Desktop/robot/ros2ws/install/imu_reader/share/imu_reader/hook/ament_prefix_path.ps1'
[0.921s] INFO:colcon.colcon_core.shell:Creating environment descriptor '/home/fyp/Desktop/robot/ros2ws/install/imu_reader/share/imu_reader/hook/ament_prefix_path.dsv'
[0.926s] INFO:colcon.colcon_core.shell:Creating environment hook '/home/fyp/Desktop/robot/ros2ws/install/imu_reader/share/imu_reader/hook/ament_prefix_path.sh'
[0.929s] INFO:colcon.colcon_core.shell:Skip shell extension 'powershell' for command environment: Not usable outside of PowerShell
[0.929s] DEBUG:colcon.colcon_core.shell:Skip shell extension 'dsv' for command environment
[0.934s] INFO:colcon.colcon_ros.task.ament_python.build:Building ROS package in '/home/fyp/Desktop/robot/ros2ws/src/motor_controller' with build type 'ament_python'
[0.935s] Level 1:colcon.colcon_core.shell:create_environment_hook('motor_controller', 'ament_prefix_path')
[0.935s] INFO:colcon.colcon_core.shell:Creating environment hook '/home/fyp/Desktop/robot/ros2ws/install/motor_controller/share/motor_controller/hook/ament_prefix_path.ps1'
[0.938s] INFO:colcon.colcon_core.shell:Creating environment descriptor '/home/fyp/Desktop/robot/ros2ws/install/motor_controller/share/motor_controller/hook/ament_prefix_path.dsv'
[0.939s] INFO:colcon.colcon_core.shell:Creating environment hook '/home/fyp/Desktop/robot/ros2ws/install/motor_controller/share/motor_controller/hook/ament_prefix_path.sh'
[0.940s] INFO:colcon.colcon_core.shell:Skip shell extension 'powershell' for command environment: Not usable outside of PowerShell
[0.940s] DEBUG:colcon.colcon_core.shell:Skip shell extension 'dsv' for command environment
[0.945s] INFO:colcon.colcon_ros.task.ament_cmake.build:Building ROS package in '/home/fyp/Desktop/robot/ros2ws/src/my_robot_control' with build type 'ament_cmake'
[0.945s] INFO:colcon.colcon_cmake.task.cmake.build:Building CMake package in '/home/fyp/Desktop/robot/ros2ws/src/my_robot_control'
[0.946s] INFO:colcon.colcon_core.shell:Skip shell extension 'powershell' for command environment: Not usable outside of PowerShell
[0.946s] DEBUG:colcon.colcon_core.shell:Skip shell extension 'dsv' for command environment
[1.253s] INFO:colcon.colcon_core.task.python.build:Building Python package in '/home/fyp/Desktop/robot/ros2ws/src/imu_reader'
[1.254s] INFO:colcon.colcon_core.shell:Skip shell extension 'powershell' for command environment: Not usable outside of PowerShell
[1.254s] DEBUG:colcon.colcon_core.shell:Skip shell extension 'dsv' for command environment
[1.569s] INFO:colcon.colcon_core.task.python.build:Building Python package in '/home/fyp/Desktop/robot/ros2ws/src/motor_controller'
[1.569s] INFO:colcon.colcon_core.shell:Skip shell extension 'powershell' for command environment: Not usable outside of PowerShell
[1.569s] DEBUG:colcon.colcon_core.shell:Skip shell extension 'dsv' for command environment
[1.581s] DEBUG:colcon.colcon_core.event_handler.log_command:Invoking command in '/home/fyp/Desktop/robot/ros2ws/build/my_robot_control': CMAKE_PREFIX_PATH=${CMAKE_PREFIX_PATH}:/opt/ros/jazzy DEBUGINFOD_URLS=https://debuginfod.ubuntu.com /usr/bin/cmake --build /home/fyp/Desktop/robot/ros2ws/build/my_robot_control -- -j4 -l4
[2.091s] DEBUG:colcon.colcon_core.event_handler.log_command:Invoked command in '/home/fyp/Desktop/robot/ros2ws/build/my_robot_control' returned '0': CMAKE_PREFIX_PATH=${CMAKE_PREFIX_PATH}:/opt/ros/jazzy DEBUGINFOD_URLS=https://debuginfod.ubuntu.com /usr/bin/cmake --build /home/fyp/Desktop/robot/ros2ws/build/my_robot_control -- -j4 -l4
[2.115s] DEBUG:colcon.colcon_core.event_handler.log_command:Invoking command in '/home/fyp/Desktop/robot/ros2ws/build/my_robot_control': CMAKE_PREFIX_PATH=${CMAKE_PREFIX_PATH}:/opt/ros/jazzy DEBUGINFOD_URLS=https://debuginfod.ubuntu.com /usr/bin/cmake --install /home/fyp/Desktop/robot/ros2ws/build/my_robot_control
[2.154s] Level 1:colcon.colcon_core.environment:create_environment_scripts_only(my_robot_control)
[2.155s] DEBUG:colcon.colcon_core.event_handler.log_command:Invoked command in '/home/fyp/Desktop/robot/ros2ws/build/my_robot_control' returned '0': CMAKE_PREFIX_PATH=${CMAKE_PREFIX_PATH}:/opt/ros/jazzy DEBUGINFOD_URLS=https://debuginfod.ubuntu.com /usr/bin/cmake --install /home/fyp/Desktop/robot/ros2ws/build/my_robot_control
[2.172s] Level 1:colcon.colcon_core.environment:checking '/home/fyp/Desktop/robot/ros2ws/install/my_robot_control' for CMake module files
[2.173s] Level 1:colcon.colcon_core.environment:checking '/home/fyp/Desktop/robot/ros2ws/install/my_robot_control' for CMake config files
[2.175s] Level 1:colcon.colcon_core.shell:create_environment_hook('my_robot_control', 'cmake_prefix_path')
[2.175s] INFO:colcon.colcon_core.shell:Creating environment hook '/home/fyp/Desktop/robot/ros2ws/install/my_robot_control/share/my_robot_control/hook/cmake_prefix_path.ps1'
[2.177s] INFO:colcon.colcon_core.shell:Creating environment descriptor '/home/fyp/Desktop/robot/ros2ws/install/my_robot_control/share/my_robot_control/hook/cmake_prefix_path.dsv'
[2.177s] INFO:colcon.colcon_core.shell:Creating environment hook '/home/fyp/Desktop/robot/ros2ws/install/my_robot_control/share/my_robot_control/hook/cmake_prefix_path.sh'
[2.178s] Level 1:colcon.colcon_core.environment:checking '/home/fyp/Desktop/robot/ros2ws/install/my_robot_control/lib'
[2.178s] Level 1:colcon.colcon_core.shell:create_environment_hook('my_robot_control', 'ld_library_path_lib')
[2.179s] INFO:colcon.colcon_core.shell:Creating environment hook '/home/fyp/Desktop/robot/ros2ws/install/my_robot_control/share/my_robot_control/hook/ld_library_path_lib.ps1'
[2.179s] INFO:colcon.colcon_core.shell:Creating environment descriptor '/home/fyp/Desktop/robot/ros2ws/install/my_robot_control/share/my_robot_control/hook/ld_library_path_lib.dsv'
[2.180s] INFO:colcon.colcon_core.shell:Creating environment hook '/home/fyp/Desktop/robot/ros2ws/install/my_robot_control/share/my_robot_control/hook/ld_library_path_lib.sh'
[2.180s] Level 1:colcon.colcon_core.environment:checking '/home/fyp/Desktop/robot/ros2ws/install/my_robot_control/bin'
[2.181s] Level 1:colcon.colcon_core.environment:checking '/home/fyp/Desktop/robot/ros2ws/install/my_robot_control/lib/pkgconfig/my_robot_control.pc'
[2.181s] Level 1:colcon.colcon_core.environment:checking '/home/fyp/Desktop/robot/ros2ws/install/my_robot_control/lib/python3.12/site-packages'
[2.181s] Level 1:colcon.colcon_core.environment:checking '/home/fyp/Desktop/robot/ros2ws/install/my_robot_control/bin'
[2.182s] INFO:colcon.colcon_core.shell:Creating package script '/home/fyp/Desktop/robot/ros2ws/install/my_robot_control/share/my_robot_control/package.ps1'
[2.186s] INFO:colcon.colcon_core.shell:Creating package descriptor '/home/fyp/Desktop/robot/ros2ws/install/my_robot_control/share/my_robot_control/package.dsv'
[2.189s] INFO:colcon.colcon_core.shell:Creating package script '/home/fyp/Desktop/robot/ros2ws/install/my_robot_control/share/my_robot_control/package.sh'
[2.192s] INFO:colcon.colcon_core.shell:Creating package script '/home/fyp/Desktop/robot/ros2ws/install/my_robot_control/share/my_robot_control/package.bash'
[2.197s] INFO:colcon.colcon_core.shell:Creating package script '/home/fyp/Desktop/robot/ros2ws/install/my_robot_control/share/my_robot_control/package.zsh'
[2.201s] Level 1:colcon.colcon_core.environment:create_file_with_runtime_dependencies(/home/fyp/Desktop/robot/ros2ws/install/my_robot_control/share/colcon-core/packages/my_robot_control)
[2.202s] Level 1:colcon.colcon_core.environment:create_environment_scripts_only(my_robot_control)
[2.202s] Level 1:colcon.colcon_core.environment:checking '/home/fyp/Desktop/robot/ros2ws/install/my_robot_control' for CMake module files
[2.203s] Level 1:colcon.colcon_core.environment:checking '/home/fyp/Desktop/robot/ros2ws/install/my_robot_control' for CMake config files
[2.204s] Level 1:colcon.colcon_core.shell:create_environment_hook('my_robot_control', 'cmake_prefix_path')
[2.204s] INFO:colcon.colcon_core.shell:Creating environment hook '/home/fyp/Desktop/robot/ros2ws/install/my_robot_control/share/my_robot_control/hook/cmake_prefix_path.ps1'
[2.204s] INFO:colcon.colcon_core.shell:Creating environment descriptor '/home/fyp/Desktop/robot/ros2ws/install/my_robot_control/share/my_robot_control/hook/cmake_prefix_path.dsv'
[2.205s] INFO:colcon.colcon_core.shell:Creating environment hook '/home/fyp/Desktop/robot/ros2ws/install/my_robot_control/share/my_robot_control/hook/cmake_prefix_path.sh'
[2.206s] Level 1:colcon.colcon_core.environment:checking '/home/fyp/Desktop/robot/ros2ws/install/my_robot_control/lib'
[2.206s] Level 1:colcon.colcon_core.shell:create_environment_hook('my_robot_control', 'ld_library_path_lib')
[2.207s] INFO:colcon.colcon_core.shell:Creating environment hook '/home/fyp/Desktop/robot/ros2ws/install/my_robot_control/share/my_robot_control/hook/ld_library_path_lib.ps1'
[2.207s] INFO:colcon.colcon_core.shell:Creating environment descriptor '/home/fyp/Desktop/robot/ros2ws/install/my_robot_control/share/my_robot_control/hook/ld_library_path_lib.dsv'
[2.208s] INFO:colcon.colcon_core.shell:Creating environment hook '/home/fyp/Desktop/robot/ros2ws/install/my_robot_control/share/my_robot_control/hook/ld_library_path_lib.sh'
[2.208s] Level 1:colcon.colcon_core.environment:checking '/home/fyp/Desktop/robot/ros2ws/install/my_robot_control/bin'
[2.208s] Level 1:colcon.colcon_core.environment:checking '/home/fyp/Desktop/robot/ros2ws/install/my_robot_control/lib/pkgconfig/my_robot_control.pc'
[2.209s] Level 1:colcon.colcon_core.environment:checking '/home/fyp/Desktop/robot/ros2ws/install/my_robot_control/lib/python3.12/site-packages'
[2.209s] Level 1:colcon.colcon_core.environment:checking '/home/fyp/Desktop/robot/ros2ws/install/my_robot_control/bin'
[2.209s] INFO:colcon.colcon_core.shell:Creating package script '/home/fyp/Desktop/robot/ros2ws/install/my_robot_control/share/my_robot_control/package.ps1'
[2.210s] INFO:colcon.colcon_core.shell:Creating package descriptor '/home/fyp/Desktop/robot/ros2ws/install/my_robot_control/share/my_robot_control/package.dsv'
[2.211s] INFO:colcon.colcon_core.shell:Creating package script '/home/fyp/Desktop/robot/ros2ws/install/my_robot_control/share/my_robot_control/package.sh'
[2.212s] INFO:colcon.colcon_core.shell:Creating package script '/home/fyp/Desktop/robot/ros2ws/install/my_robot_control/share/my_robot_control/package.bash'
[2.212s] INFO:colcon.colcon_core.shell:Creating package script '/home/fyp/Desktop/robot/ros2ws/install/my_robot_control/share/my_robot_control/package.zsh'
[2.213s] Level 1:colcon.colcon_core.environment:create_file_with_runtime_dependencies(/home/fyp/Desktop/robot/ros2ws/install/my_robot_control/share/colcon-core/packages/my_robot_control)
[3.080s] DEBUG:colcon.colcon_core.event_handler.log_command:Invoking command in '/home/fyp/Desktop/robot/ros2ws/src/imu_reader': DEBUGINFOD_URLS=https://debuginfod.ubuntu.com PYTHONPATH=/home/fyp/Desktop/robot/ros2ws/build/imu_reader/prefix_override:/usr/lib/python3/dist-packages/colcon_core/task/python/colcon_distutils_commands:/home/fyp/Desktop/robot/ros2ws/install/imu_reader/lib/python3.12/site-packages:${PYTHONPATH} /usr/bin/python3 -W ignore:setup.py install is deprecated -W ignore:easy_install command is deprecated setup.py egg_info --egg-base ../../build/imu_reader build --build-base /home/fyp/Desktop/robot/ros2ws/build/imu_reader/build install --record /home/fyp/Desktop/robot/ros2ws/build/imu_reader/install.log --single-version-externally-managed install_data
[3.086s] DEBUG:colcon.colcon_core.event_handler.log_command:Invoking command in '/home/fyp/Desktop/robot/ros2ws/src/motor_controller': DEBUGINFOD_URLS=https://debuginfod.ubuntu.com PYTHONPATH=/home/fyp/Desktop/robot/ros2ws/build/motor_controller/prefix_override:/usr/lib/python3/dist-packages/colcon_core/task/python/colcon_distutils_commands:/home/fyp/Desktop/robot/ros2ws/install/motor_controller/lib/python3.12/site-packages:${PYTHONPATH} /usr/bin/python3 -W ignore:setup.py install is deprecated -W ignore:easy_install command is deprecated setup.py egg_info --egg-base ../../build/motor_controller build --build-base /home/fyp/Desktop/robot/ros2ws/build/motor_controller/build install --record /home/fyp/Desktop/robot/ros2ws/build/motor_controller/install.log --single-version-externally-managed install_data
[3.894s] Level 1:colcon.colcon_core.environment:checking '/home/fyp/Desktop/robot/ros2ws/install/imu_reader' for CMake module files
[3.895s] DEBUG:colcon.colcon_core.event_handler.log_command:Invoked command in '/home/fyp/Desktop/robot/ros2ws/src/imu_reader' returned '0': DEBUGINFOD_URLS=https://debuginfod.ubuntu.com PYTHONPATH=/home/fyp/Desktop/robot/ros2ws/build/imu_reader/prefix_override:/usr/lib/python3/dist-packages/colcon_core/task/python/colcon_distutils_commands:/home/fyp/Desktop/robot/ros2ws/install/imu_reader/lib/python3.12/site-packages:${PYTHONPATH} /usr/bin/python3 -W ignore:setup.py install is deprecated -W ignore:easy_install command is deprecated setup.py egg_info --egg-base ../../build/imu_reader build --build-base /home/fyp/Desktop/robot/ros2ws/build/imu_reader/build install --record /home/fyp/Desktop/robot/ros2ws/build/imu_reader/install.log --single-version-externally-managed install_data
[3.896s] Level 1:colcon.colcon_core.environment:checking '/home/fyp/Desktop/robot/ros2ws/install/imu_reader' for CMake config files
[3.898s] Level 1:colcon.colcon_core.environment:checking '/home/fyp/Desktop/robot/ros2ws/install/imu_reader/lib'
[3.898s] Level 1:colcon.colcon_core.environment:checking '/home/fyp/Desktop/robot/ros2ws/install/imu_reader/bin'
[3.898s] Level 1:colcon.colcon_core.environment:checking '/home/fyp/Desktop/robot/ros2ws/install/imu_reader/lib/pkgconfig/imu_reader.pc'
[3.899s] Level 1:colcon.colcon_core.environment:checking '/home/fyp/Desktop/robot/ros2ws/install/imu_reader/lib/python3.12/site-packages'
[3.899s] Level 1:colcon.colcon_core.shell:create_environment_hook('imu_reader', 'pythonpath')
[3.899s] INFO:colcon.colcon_core.shell:Creating environment hook '/home/fyp/Desktop/robot/ros2ws/install/imu_reader/share/imu_reader/hook/pythonpath.ps1'
[3.900s] INFO:colcon.colcon_core.shell:Creating environment descriptor '/home/fyp/Desktop/robot/ros2ws/install/imu_reader/share/imu_reader/hook/pythonpath.dsv'
[3.904s] INFO:colcon.colcon_core.shell:Creating environment hook '/home/fyp/Desktop/robot/ros2ws/install/imu_reader/share/imu_reader/hook/pythonpath.sh'
[3.905s] Level 1:colcon.colcon_core.environment:checking '/home/fyp/Desktop/robot/ros2ws/install/imu_reader/bin'
[3.905s] Level 1:colcon.colcon_core.environment:create_environment_scripts_only(imu_reader)
[3.905s] INFO:colcon.colcon_core.shell:Creating package script '/home/fyp/Desktop/robot/ros2ws/install/imu_reader/share/imu_reader/package.ps1'
[3.906s] INFO:colcon.colcon_core.shell:Creating package descriptor '/home/fyp/Desktop/robot/ros2ws/install/imu_reader/share/imu_reader/package.dsv'
[3.907s] INFO:colcon.colcon_core.shell:Creating package script '/home/fyp/Desktop/robot/ros2ws/install/imu_reader/share/imu_reader/package.sh'
[3.908s] INFO:colcon.colcon_core.shell:Creating package script '/home/fyp/Desktop/robot/ros2ws/install/imu_reader/share/imu_reader/package.bash'
[3.909s] INFO:colcon.colcon_core.shell:Creating package script '/home/fyp/Desktop/robot/ros2ws/install/imu_reader/share/imu_reader/package.zsh'
[3.910s] Level 1:colcon.colcon_core.environment:create_file_with_runtime_dependencies(/home/fyp/Desktop/robot/ros2ws/install/imu_reader/share/colcon-core/packages/imu_reader)
[3.912s] Level 1:colcon.colcon_core.environment:checking '/home/fyp/Desktop/robot/ros2ws/install/motor_controller' for CMake module files
[3.912s] DEBUG:colcon.colcon_core.event_handler.log_command:Invoked command in '/home/fyp/Desktop/robot/ros2ws/src/motor_controller' returned '0': DEBUGINFOD_URLS=https://debuginfod.ubuntu.com PYTHONPATH=/home/fyp/Desktop/robot/ros2ws/build/motor_controller/prefix_override:/usr/lib/python3/dist-packages/colcon_core/task/python/colcon_distutils_commands:/home/fyp/Desktop/robot/ros2ws/install/motor_controller/lib/python3.12/site-packages:${PYTHONPATH} /usr/bin/python3 -W ignore:setup.py install is deprecated -W ignore:easy_install command is deprecated setup.py egg_info --egg-base ../../build/motor_controller build --build-base /home/fyp/Desktop/robot/ros2ws/build/motor_controller/build install --record /home/fyp/Desktop/robot/ros2ws/build/motor_controller/install.log --single-version-externally-managed install_data
[3.913s] Level 1:colcon.colcon_core.environment:checking '/home/fyp/Desktop/robot/ros2ws/install/motor_controller' for CMake config files
[3.917s] Level 1:colcon.colcon_core.environment:checking '/home/fyp/Desktop/robot/ros2ws/install/motor_controller/lib'
[3.917s] Level 1:colcon.colcon_core.environment:checking '/home/fyp/Desktop/robot/ros2ws/install/motor_controller/bin'
[3.917s] Level 1:colcon.colcon_core.environment:checking '/home/fyp/Desktop/robot/ros2ws/install/motor_controller/lib/pkgconfig/motor_controller.pc'
[3.917s] Level 1:colcon.colcon_core.environment:checking '/home/fyp/Desktop/robot/ros2ws/install/motor_controller/lib/python3.12/site-packages'
[3.917s] Level 1:colcon.colcon_core.shell:create_environment_hook('motor_controller', 'pythonpath')
[3.918s] INFO:colcon.colcon_core.shell:Creating environment hook '/home/fyp/Desktop/robot/ros2ws/install/motor_controller/share/motor_controller/hook/pythonpath.ps1'
[3.918s] INFO:colcon.colcon_core.shell:Creating environment descriptor '/home/fyp/Desktop/robot/ros2ws/install/motor_controller/share/motor_controller/hook/pythonpath.dsv'
[3.922s] INFO:colcon.colcon_core.shell:Creating environment hook '/home/fyp/Desktop/robot/ros2ws/install/motor_controller/share/motor_controller/hook/pythonpath.sh'
[3.923s] Level 1:colcon.colcon_core.environment:checking '/home/fyp/Desktop/robot/ros2ws/install/motor_controller/bin'
[3.923s] Level 1:colcon.colcon_core.environment:create_environment_scripts_only(motor_controller)
[3.924s] INFO:colcon.colcon_core.shell:Creating package script '/home/fyp/Desktop/robot/ros2ws/install/motor_controller/share/motor_controller/package.ps1'
[3.924s] INFO:colcon.colcon_core.shell:Creating package descriptor '/home/fyp/Desktop/robot/ros2ws/install/motor_controller/share/motor_controller/package.dsv'
[3.925s] INFO:colcon.colcon_core.shell:Creating package script '/home/fyp/Desktop/robot/ros2ws/install/motor_controller/share/motor_controller/package.sh'
[3.926s] INFO:colcon.colcon_core.shell:Creating package script '/home/fyp/Desktop/robot/ros2ws/install/motor_controller/share/motor_controller/package.bash'
[3.927s] INFO:colcon.colcon_core.shell:Creating package script '/home/fyp/Desktop/robot/ros2ws/install/motor_controller/share/motor_controller/package.zsh'
[3.928s] Level 1:colcon.colcon_core.environment:create_file_with_runtime_dependencies(/home/fyp/Desktop/robot/ros2ws/install/motor_controller/share/colcon-core/packages/motor_controller)
[3.929s] DEBUG:colcon.colcon_parallel_executor.executor.parallel:closing loop
[3.930s] DEBUG:colcon.colcon_parallel_executor.executor.parallel:loop closed
[3.930s] DEBUG:colcon.colcon_parallel_executor.executor.parallel:run_until_complete finished with '0'
[3.930s] DEBUG:colcon.colcon_core.event_reactor:joining thread
[3.941s] INFO:colcon.colcon_core.plugin_system:Skipping extension 'colcon_notification.desktop_notification.terminal_notifier': Not used on non-Darwin systems
[3.942s] INFO:colcon.colcon_core.plugin_system:Skipping extension 'colcon_notification.desktop_notification.win32': Not used on non-Windows systems
[3.942s] INFO:colcon.colcon_notification.desktop_notification:Sending desktop notification using 'notify2'
