[1.585s] Invoking command in '/home/fyp3/Desktop/ros2_swarm_mapping/robot/ros2ws/src/hardware_software': DEBUGINFOD_URLS=https://debuginfod.ubuntu.com PYTHONPATH=/home/fyp3/Desktop/ros2_swarm_mapping/robot/ros2ws/build/hardware_software/prefix_override:/usr/lib/python3/dist-packages/colcon_core/task/python/colcon_distutils_commands:/home/fyp3/Desktop/ros2_swarm_mapping/robot/ros2ws/install/hardware_software/lib/python3.12/site-packages:${PYTHONPATH} /usr/bin/python3 -W ignore:setup.py install is deprecated -W ignore:easy_install command is deprecated setup.py egg_info --egg-base ../../build/hardware_software build --build-base /home/fyp3/Desktop/ros2_swarm_mapping/robot/ros2ws/build/hardware_software/build install --record /home/fyp3/Desktop/ros2_swarm_mapping/robot/ros2ws/build/hardware_software/install.log --single-version-externally-managed install_data
[1.924s] running egg_info
[1.946s] writing ../../build/hardware_software/hardware_software.egg-info/PKG-INFO
[1.947s] writing dependency_links to ../../build/hardware_software/hardware_software.egg-info/dependency_links.txt
[1.949s] writing entry points to ../../build/hardware_software/hardware_software.egg-info/entry_points.txt
[1.949s] writing requirements to ../../build/hardware_software/hardware_software.egg-info/requires.txt
[1.950s] writing top-level names to ../../build/hardware_software/hardware_software.egg-info/top_level.txt
[1.997s] reading manifest file '../../build/hardware_software/hardware_software.egg-info/SOURCES.txt'
[1.999s] writing manifest file '../../build/hardware_software/hardware_software.egg-info/SOURCES.txt'
[2.000s] running build
[2.000s] running build_py
[2.000s] running install
[2.010s] running install_lib
[2.033s] running install_data
[2.033s] copying launch/hardware.launch.py -> /home/fyp3/Desktop/ros2_swarm_mapping/robot/ros2ws/install/hardware_software/share/hardware_software/launch/
[2.034s] running install_egg_info
[2.058s] removing '/home/fyp3/Desktop/ros2_swarm_mapping/robot/ros2ws/install/hardware_software/lib/python3.12/site-packages/hardware_software-0.0.0-py3.12.egg-info' (and everything under it)
[2.058s] Copying ../../build/hardware_software/hardware_software.egg-info to /home/fyp3/Desktop/ros2_swarm_mapping/robot/ros2ws/install/hardware_software/lib/python3.12/site-packages/hardware_software-0.0.0-py3.12.egg-info
[2.060s] running install_scripts
[2.216s] Installing map_to_json script to /home/fyp3/Desktop/ros2_swarm_mapping/robot/ros2ws/install/hardware_software/lib/hardware_software
[2.216s] Installing ros2_mqtt_encoder script to /home/fyp3/Desktop/ros2_swarm_mapping/robot/ros2ws/install/hardware_software/lib/hardware_software
[2.217s] Installing ros2_mqtt_subscriber script to /home/fyp3/Desktop/ros2_swarm_mapping/robot/ros2ws/install/hardware_software/lib/hardware_software
[2.218s] writing list of installed files to '/home/fyp3/Desktop/ros2_swarm_mapping/robot/ros2ws/build/hardware_software/install.log'
[2.303s] Invoked command in '/home/fyp3/Desktop/ros2_swarm_mapping/robot/ros2ws/src/hardware_software' returned '0': DEBUGINFOD_URLS=https://debuginfod.ubuntu.com PYTHONPATH=/home/fyp3/Desktop/ros2_swarm_mapping/robot/ros2ws/build/hardware_software/prefix_override:/usr/lib/python3/dist-packages/colcon_core/task/python/colcon_distutils_commands:/home/fyp3/Desktop/ros2_swarm_mapping/robot/ros2ws/install/hardware_software/lib/python3.12/site-packages:${PYTHONPATH} /usr/bin/python3 -W ignore:setup.py install is deprecated -W ignore:easy_install command is deprecated setup.py egg_info --egg-base ../../build/hardware_software build --build-base /home/fyp3/Desktop/ros2_swarm_mapping/robot/ros2ws/build/hardware_software/build install --record /home/fyp3/Desktop/ros2_swarm_mapping/robot/ros2ws/build/hardware_software/install.log --single-version-externally-managed install_data
