[0.149s] DEBUG:colcon:Command line arguments: ['/usr/bin/colcon', 'build']
[0.149s] DEBUG:colcon:Parsed command line arguments: Namespace(log_base=None, log_level=None, verb_name='build', build_base='build', install_base='install', merge_install=False, symlink_install=False, test_result_base=None, continue_on_error=False, executor='parallel', parallel_workers=4, event_handlers=None, ignore_user_meta=False, metas=['./colcon.meta'], base_paths=['.'], packages_ignore=None, packages_ignore_regex=None, paths=None, packages_up_to=None, packages_up_to_regex=None, packages_above=None, packages_above_and_dependencies=None, packages_above_depth=None, packages_select_by_dep=None, packages_skip_by_dep=None, packages_skip_up_to=None, packages_select_build_failed=False, packages_skip_build_finished=False, packages_select_test_failures=False, packages_skip_test_passed=False, packages_select=None, packages_skip=None, packages_select_regex=None, packages_skip_regex=None, packages_start=None, packages_end=None, allow_overriding=[], cmake_args=None, cmake_target=None, cmake_target_skip_unavailable=False, cmake_clean_cache=False, cmake_clean_first=False, cmake_force_configure=False, ament_cmake_args=None, catkin_cmake_args=None, catkin_skip_building_tests=False, mixin_files=None, mixin=None, verb_parser=<colcon_mixin.mixin.mixin_argument.MixinArgumentDecorator object at 0xffff8a4ec4a0>, verb_extension=<colcon_core.verb.build.BuildVerb object at 0xffff8a6a90a0>, main=<bound method BuildVerb.main of <colcon_core.verb.build.BuildVerb object at 0xffff8a6a90a0>>, mixin_verb=('build',))
[0.206s] Level 1:colcon.colcon_core.package_discovery:discover_packages(colcon_meta) check parameters
[0.207s] Level 1:colcon.colcon_core.package_discovery:discover_packages(recursive) check parameters
[0.207s] Level 1:colcon.colcon_core.package_discovery:discover_packages(ignore) check parameters
[0.207s] Level 1:colcon.colcon_core.package_discovery:discover_packages(path) check parameters
[0.207s] Level 1:colcon.colcon_core.package_discovery:discover_packages(colcon_meta) discover
[0.207s] Level 1:colcon.colcon_core.package_discovery:discover_packages(recursive) discover
[0.207s] INFO:colcon.colcon_core.package_discovery:Crawling recursively for packages in '/home/fyp/Desktop/robot/ros2ws'
[0.207s] Level 1:colcon.colcon_core.package_identification:_identify(.) by extensions ['ignore', 'ignore_ament_install']
[0.207s] Level 1:colcon.colcon_core.package_identification:_identify(.) by extension 'ignore'
[0.207s] Level 1:colcon.colcon_core.package_identification:_identify(.) by extension 'ignore_ament_install'
[0.207s] Level 1:colcon.colcon_core.package_identification:_identify(.) by extensions ['colcon_pkg']
[0.207s] Level 1:colcon.colcon_core.package_identification:_identify(.) by extension 'colcon_pkg'
[0.207s] Level 1:colcon.colcon_core.package_identification:_identify(.) by extensions ['colcon_meta']
[0.207s] Level 1:colcon.colcon_core.package_identification:_identify(.) by extension 'colcon_meta'
[0.207s] Level 1:colcon.colcon_core.package_identification:_identify(.) by extensions ['ros']
[0.207s] Level 1:colcon.colcon_core.package_identification:_identify(.) by extension 'ros'
[0.248s] Level 1:colcon.colcon_core.package_identification:_identify(.) by extensions ['cmake', 'python']
[0.248s] Level 1:colcon.colcon_core.package_identification:_identify(.) by extension 'cmake'
[0.248s] Level 1:colcon.colcon_core.package_identification:_identify(.) by extension 'python'
[0.248s] Level 1:colcon.colcon_core.package_identification:_identify(.) by extensions ['python_setup_py']
[0.248s] Level 1:colcon.colcon_core.package_identification:_identify(.) by extension 'python_setup_py'
[0.248s] Level 1:colcon.colcon_core.package_identification:_identify(build) by extensions ['ignore', 'ignore_ament_install']
[0.248s] Level 1:colcon.colcon_core.package_identification:_identify(build) by extension 'ignore'
[0.248s] Level 1:colcon.colcon_core.package_identification:_identify(build) ignored
[0.249s] Level 1:colcon.colcon_core.package_identification:_identify(install) by extensions ['ignore', 'ignore_ament_install']
[0.249s] Level 1:colcon.colcon_core.package_identification:_identify(install) by extension 'ignore'
[0.249s] Level 1:colcon.colcon_core.package_identification:_identify(install) ignored
[0.249s] Level 1:colcon.colcon_core.package_identification:_identify(log) by extensions ['ignore', 'ignore_ament_install']
[0.249s] Level 1:colcon.colcon_core.package_identification:_identify(log) by extension 'ignore'
[0.249s] Level 1:colcon.colcon_core.package_identification:_identify(log) ignored
[0.249s] Level 1:colcon.colcon_core.package_identification:_identify(src) by extensions ['ignore', 'ignore_ament_install']
[0.249s] Level 1:colcon.colcon_core.package_identification:_identify(src) by extension 'ignore'
[0.249s] Level 1:colcon.colcon_core.package_identification:_identify(src) by extension 'ignore_ament_install'
[0.249s] Level 1:colcon.colcon_core.package_identification:_identify(src) by extensions ['colcon_pkg']
[0.249s] Level 1:colcon.colcon_core.package_identification:_identify(src) by extension 'colcon_pkg'
[0.249s] Level 1:colcon.colcon_core.package_identification:_identify(src) by extensions ['colcon_meta']
[0.250s] Level 1:colcon.colcon_core.package_identification:_identify(src) by extension 'colcon_meta'
[0.250s] Level 1:colcon.colcon_core.package_identification:_identify(src) by extensions ['ros']
[0.250s] Level 1:colcon.colcon_core.package_identification:_identify(src) by extension 'ros'
[0.250s] Level 1:colcon.colcon_core.package_identification:_identify(src) by extensions ['cmake', 'python']
[0.250s] Level 1:colcon.colcon_core.package_identification:_identify(src) by extension 'cmake'
[0.250s] Level 1:colcon.colcon_core.package_identification:_identify(src) by extension 'python'
[0.250s] Level 1:colcon.colcon_core.package_identification:_identify(src) by extensions ['python_setup_py']
[0.250s] Level 1:colcon.colcon_core.package_identification:_identify(src) by extension 'python_setup_py'
[0.250s] Level 1:colcon.colcon_core.package_identification:_identify(src/explore) by extensions ['ignore', 'ignore_ament_install']
[0.250s] Level 1:colcon.colcon_core.package_identification:_identify(src/explore) by extension 'ignore'
[0.250s] Level 1:colcon.colcon_core.package_identification:_identify(src/explore) by extension 'ignore_ament_install'
[0.250s] Level 1:colcon.colcon_core.package_identification:_identify(src/explore) by extensions ['colcon_pkg']
[0.250s] Level 1:colcon.colcon_core.package_identification:_identify(src/explore) by extension 'colcon_pkg'
[0.250s] Level 1:colcon.colcon_core.package_identification:_identify(src/explore) by extensions ['colcon_meta']
[0.250s] Level 1:colcon.colcon_core.package_identification:_identify(src/explore) by extension 'colcon_meta'
[0.250s] Level 1:colcon.colcon_core.package_identification:_identify(src/explore) by extensions ['ros']
[0.250s] Level 1:colcon.colcon_core.package_identification:_identify(src/explore) by extension 'ros'
[0.254s] DEBUG:colcon.colcon_core.package_identification:Package 'src/explore' with type 'ros.ament_cmake' and name 'explore_lite'
[0.255s] Level 1:colcon.colcon_core.package_identification:_identify(src/hardware_software) by extensions ['ignore', 'ignore_ament_install']
[0.255s] Level 1:colcon.colcon_core.package_identification:_identify(src/hardware_software) by extension 'ignore'
[0.255s] Level 1:colcon.colcon_core.package_identification:_identify(src/hardware_software) by extension 'ignore_ament_install'
[0.255s] Level 1:colcon.colcon_core.package_identification:_identify(src/hardware_software) by extensions ['colcon_pkg']
[0.255s] Level 1:colcon.colcon_core.package_identification:_identify(src/hardware_software) by extension 'colcon_pkg'
[0.255s] Level 1:colcon.colcon_core.package_identification:_identify(src/hardware_software) by extensions ['colcon_meta']
[0.255s] Level 1:colcon.colcon_core.package_identification:_identify(src/hardware_software) by extension 'colcon_meta'
[0.255s] Level 1:colcon.colcon_core.package_identification:_identify(src/hardware_software) by extensions ['ros']
[0.255s] Level 1:colcon.colcon_core.package_identification:_identify(src/hardware_software) by extension 'ros'
[0.256s] DEBUG:colcon.colcon_core.package_identification:Package 'src/hardware_software' with type 'ros.ament_python' and name 'hardware_software'
[0.256s] Level 1:colcon.colcon_core.package_identification:_identify(src/imu_reader) by extensions ['ignore', 'ignore_ament_install']
[0.256s] Level 1:colcon.colcon_core.package_identification:_identify(src/imu_reader) by extension 'ignore'
[0.256s] Level 1:colcon.colcon_core.package_identification:_identify(src/imu_reader) by extension 'ignore_ament_install'
[0.256s] Level 1:colcon.colcon_core.package_identification:_identify(src/imu_reader) by extensions ['colcon_pkg']
[0.256s] Level 1:colcon.colcon_core.package_identification:_identify(src/imu_reader) by extension 'colcon_pkg'
[0.256s] Level 1:colcon.colcon_core.package_identification:_identify(src/imu_reader) by extensions ['colcon_meta']
[0.256s] Level 1:colcon.colcon_core.package_identification:_identify(src/imu_reader) by extension 'colcon_meta'
[0.256s] Level 1:colcon.colcon_core.package_identification:_identify(src/imu_reader) by extensions ['ros']
[0.256s] Level 1:colcon.colcon_core.package_identification:_identify(src/imu_reader) by extension 'ros'
[0.257s] DEBUG:colcon.colcon_core.package_identification:Package 'src/imu_reader' with type 'ros.ament_python' and name 'imu_reader'
[0.257s] Level 1:colcon.colcon_core.package_identification:_identify(src/motor_controller) by extensions ['ignore', 'ignore_ament_install']
[0.257s] Level 1:colcon.colcon_core.package_identification:_identify(src/motor_controller) by extension 'ignore'
[0.258s] Level 1:colcon.colcon_core.package_identification:_identify(src/motor_controller) by extension 'ignore_ament_install'
[0.258s] Level 1:colcon.colcon_core.package_identification:_identify(src/motor_controller) by extensions ['colcon_pkg']
[0.258s] Level 1:colcon.colcon_core.package_identification:_identify(src/motor_controller) by extension 'colcon_pkg'
[0.258s] Level 1:colcon.colcon_core.package_identification:_identify(src/motor_controller) by extensions ['colcon_meta']
[0.258s] Level 1:colcon.colcon_core.package_identification:_identify(src/motor_controller) by extension 'colcon_meta'
[0.258s] Level 1:colcon.colcon_core.package_identification:_identify(src/motor_controller) by extensions ['ros']
[0.258s] Level 1:colcon.colcon_core.package_identification:_identify(src/motor_controller) by extension 'ros'
[0.259s] DEBUG:colcon.colcon_core.package_identification:Package 'src/motor_controller' with type 'ros.ament_python' and name 'motor_controller'
[0.259s] Level 1:colcon.colcon_core.package_identification:_identify(src/my_robot_control) by extensions ['ignore', 'ignore_ament_install']
[0.259s] Level 1:colcon.colcon_core.package_identification:_identify(src/my_robot_control) by extension 'ignore'
[0.259s] Level 1:colcon.colcon_core.package_identification:_identify(src/my_robot_control) by extension 'ignore_ament_install'
[0.259s] Level 1:colcon.colcon_core.package_identification:_identify(src/my_robot_control) by extensions ['colcon_pkg']
[0.259s] Level 1:colcon.colcon_core.package_identification:_identify(src/my_robot_control) by extension 'colcon_pkg'
[0.259s] Level 1:colcon.colcon_core.package_identification:_identify(src/my_robot_control) by extensions ['colcon_meta']
[0.259s] Level 1:colcon.colcon_core.package_identification:_identify(src/my_robot_control) by extension 'colcon_meta'
[0.259s] Level 1:colcon.colcon_core.package_identification:_identify(src/my_robot_control) by extensions ['ros']
[0.259s] Level 1:colcon.colcon_core.package_identification:_identify(src/my_robot_control) by extension 'ros'
[0.260s] DEBUG:colcon.colcon_core.package_identification:Package 'src/my_robot_control' with type 'ros.ament_cmake' and name 'my_robot_control'
[0.260s] Level 1:colcon.colcon_core.package_discovery:discover_packages(recursive) using defaults
[0.260s] Level 1:colcon.colcon_core.package_discovery:discover_packages(ignore) discover
[0.260s] Level 1:colcon.colcon_core.package_discovery:discover_packages(ignore) using defaults
[0.260s] Level 1:colcon.colcon_core.package_discovery:discover_packages(path) discover
[0.260s] Level 1:colcon.colcon_core.package_discovery:discover_packages(path) using defaults
[0.285s] Level 1:colcon.colcon_core.package_discovery:discover_packages(prefix_path) check parameters
[0.285s] Level 1:colcon.colcon_core.package_discovery:discover_packages(prefix_path) discover
[0.288s] DEBUG:colcon.colcon_installed_package_information.package_discovery:Found 5 installed packages in /home/fyp/Desktop/robot/ros2ws/install
[0.290s] DEBUG:colcon.colcon_installed_package_information.package_discovery:Found 338 installed packages in /opt/ros/jazzy
[0.293s] Level 1:colcon.colcon_core.package_discovery:discover_packages(prefix_path) using defaults
[0.354s] Level 5:colcon.colcon_core.verb:set package 'explore_lite' build argument 'cmake_args' from command line to 'None'
[0.354s] Level 5:colcon.colcon_core.verb:set package 'explore_lite' build argument 'cmake_target' from command line to 'None'
[0.354s] Level 5:colcon.colcon_core.verb:set package 'explore_lite' build argument 'cmake_target_skip_unavailable' from command line to 'False'
[0.354s] Level 5:colcon.colcon_core.verb:set package 'explore_lite' build argument 'cmake_clean_cache' from command line to 'False'
[0.354s] Level 5:colcon.colcon_core.verb:set package 'explore_lite' build argument 'cmake_clean_first' from command line to 'False'
[0.354s] Level 5:colcon.colcon_core.verb:set package 'explore_lite' build argument 'cmake_force_configure' from command line to 'False'
[0.354s] Level 5:colcon.colcon_core.verb:set package 'explore_lite' build argument 'ament_cmake_args' from command line to 'None'
[0.354s] Level 5:colcon.colcon_core.verb:set package 'explore_lite' build argument 'catkin_cmake_args' from command line to 'None'
[0.355s] Level 5:colcon.colcon_core.verb:set package 'explore_lite' build argument 'catkin_skip_building_tests' from command line to 'False'
[0.355s] DEBUG:colcon.colcon_core.verb:Building package 'explore_lite' with the following arguments: {'ament_cmake_args': None, 'build_base': '/home/fyp/Desktop/robot/ros2ws/build/explore_lite', 'catkin_cmake_args': None, 'catkin_skip_building_tests': False, 'cmake_args': None, 'cmake_clean_cache': False, 'cmake_clean_first': False, 'cmake_force_configure': False, 'cmake_target': None, 'cmake_target_skip_unavailable': False, 'install_base': '/home/fyp/Desktop/robot/ros2ws/install/explore_lite', 'merge_install': False, 'path': '/home/fyp/Desktop/robot/ros2ws/src/explore', 'symlink_install': False, 'test_result_base': None}
[0.355s] Level 5:colcon.colcon_core.verb:set package 'hardware_software' build argument 'cmake_args' from command line to 'None'
[0.355s] Level 5:colcon.colcon_core.verb:set package 'hardware_software' build argument 'cmake_target' from command line to 'None'
[0.355s] Level 5:colcon.colcon_core.verb:set package 'hardware_software' build argument 'cmake_target_skip_unavailable' from command line to 'False'
[0.355s] Level 5:colcon.colcon_core.verb:set package 'hardware_software' build argument 'cmake_clean_cache' from command line to 'False'
[0.355s] Level 5:colcon.colcon_core.verb:set package 'hardware_software' build argument 'cmake_clean_first' from command line to 'False'
[0.355s] Level 5:colcon.colcon_core.verb:set package 'hardware_software' build argument 'cmake_force_configure' from command line to 'False'
[0.355s] Level 5:colcon.colcon_core.verb:set package 'hardware_software' build argument 'ament_cmake_args' from command line to 'None'
[0.355s] Level 5:colcon.colcon_core.verb:set package 'hardware_software' build argument 'catkin_cmake_args' from command line to 'None'
[0.355s] Level 5:colcon.colcon_core.verb:set package 'hardware_software' build argument 'catkin_skip_building_tests' from command line to 'False'
[0.355s] DEBUG:colcon.colcon_core.verb:Building package 'hardware_software' with the following arguments: {'ament_cmake_args': None, 'build_base': '/home/fyp/Desktop/robot/ros2ws/build/hardware_software', 'catkin_cmake_args': None, 'catkin_skip_building_tests': False, 'cmake_args': None, 'cmake_clean_cache': False, 'cmake_clean_first': False, 'cmake_force_configure': False, 'cmake_target': None, 'cmake_target_skip_unavailable': False, 'install_base': '/home/fyp/Desktop/robot/ros2ws/install/hardware_software', 'merge_install': False, 'path': '/home/fyp/Desktop/robot/ros2ws/src/hardware_software', 'symlink_install': False, 'test_result_base': None}
[0.356s] Level 5:colcon.colcon_core.verb:set package 'imu_reader' build argument 'cmake_args' from command line to 'None'
[0.356s] Level 5:colcon.colcon_core.verb:set package 'imu_reader' build argument 'cmake_target' from command line to 'None'
[0.356s] Level 5:colcon.colcon_core.verb:set package 'imu_reader' build argument 'cmake_target_skip_unavailable' from command line to 'False'
[0.356s] Level 5:colcon.colcon_core.verb:set package 'imu_reader' build argument 'cmake_clean_cache' from command line to 'False'
[0.356s] Level 5:colcon.colcon_core.verb:set package 'imu_reader' build argument 'cmake_clean_first' from command line to 'False'
[0.356s] Level 5:colcon.colcon_core.verb:set package 'imu_reader' build argument 'cmake_force_configure' from command line to 'False'
[0.356s] Level 5:colcon.colcon_core.verb:set package 'imu_reader' build argument 'ament_cmake_args' from command line to 'None'
[0.356s] Level 5:colcon.colcon_core.verb:set package 'imu_reader' build argument 'catkin_cmake_args' from command line to 'None'
[0.356s] Level 5:colcon.colcon_core.verb:set package 'imu_reader' build argument 'catkin_skip_building_tests' from command line to 'False'
[0.356s] DEBUG:colcon.colcon_core.verb:Building package 'imu_reader' with the following arguments: {'ament_cmake_args': None, 'build_base': '/home/fyp/Desktop/robot/ros2ws/build/imu_reader', 'catkin_cmake_args': None, 'catkin_skip_building_tests': False, 'cmake_args': None, 'cmake_clean_cache': False, 'cmake_clean_first': False, 'cmake_force_configure': False, 'cmake_target': None, 'cmake_target_skip_unavailable': False, 'install_base': '/home/fyp/Desktop/robot/ros2ws/install/imu_reader', 'merge_install': False, 'path': '/home/fyp/Desktop/robot/ros2ws/src/imu_reader', 'symlink_install': False, 'test_result_base': None}
[0.356s] Level 5:colcon.colcon_core.verb:set package 'motor_controller' build argument 'cmake_args' from command line to 'None'
[0.356s] Level 5:colcon.colcon_core.verb:set package 'motor_controller' build argument 'cmake_target' from command line to 'None'
[0.356s] Level 5:colcon.colcon_core.verb:set package 'motor_controller' build argument 'cmake_target_skip_unavailable' from command line to 'False'
[0.356s] Level 5:colcon.colcon_core.verb:set package 'motor_controller' build argument 'cmake_clean_cache' from command line to 'False'
[0.356s] Level 5:colcon.colcon_core.verb:set package 'motor_controller' build argument 'cmake_clean_first' from command line to 'False'
[0.356s] Level 5:colcon.colcon_core.verb:set package 'motor_controller' build argument 'cmake_force_configure' from command line to 'False'
[0.356s] Level 5:colcon.colcon_core.verb:set package 'motor_controller' build argument 'ament_cmake_args' from command line to 'None'
[0.356s] Level 5:colcon.colcon_core.verb:set package 'motor_controller' build argument 'catkin_cmake_args' from command line to 'None'
[0.356s] Level 5:colcon.colcon_core.verb:set package 'motor_controller' build argument 'catkin_skip_building_tests' from command line to 'False'
[0.357s] DEBUG:colcon.colcon_core.verb:Building package 'motor_controller' with the following arguments: {'ament_cmake_args': None, 'build_base': '/home/fyp/Desktop/robot/ros2ws/build/motor_controller', 'catkin_cmake_args': None, 'catkin_skip_building_tests': False, 'cmake_args': None, 'cmake_clean_cache': False, 'cmake_clean_first': False, 'cmake_force_configure': False, 'cmake_target': None, 'cmake_target_skip_unavailable': False, 'install_base': '/home/fyp/Desktop/robot/ros2ws/install/motor_controller', 'merge_install': False, 'path': '/home/fyp/Desktop/robot/ros2ws/src/motor_controller', 'symlink_install': False, 'test_result_base': None}
[0.357s] Level 5:colcon.colcon_core.verb:set package 'my_robot_control' build argument 'cmake_args' from command line to 'None'
[0.357s] Level 5:colcon.colcon_core.verb:set package 'my_robot_control' build argument 'cmake_target' from command line to 'None'
[0.357s] Level 5:colcon.colcon_core.verb:set package 'my_robot_control' build argument 'cmake_target_skip_unavailable' from command line to 'False'
[0.357s] Level 5:colcon.colcon_core.verb:set package 'my_robot_control' build argument 'cmake_clean_cache' from command line to 'False'
[0.357s] Level 5:colcon.colcon_core.verb:set package 'my_robot_control' build argument 'cmake_clean_first' from command line to 'False'
[0.357s] Level 5:colcon.colcon_core.verb:set package 'my_robot_control' build argument 'cmake_force_configure' from command line to 'False'
[0.357s] Level 5:colcon.colcon_core.verb:set package 'my_robot_control' build argument 'ament_cmake_args' from command line to 'None'
[0.357s] Level 5:colcon.colcon_core.verb:set package 'my_robot_control' build argument 'catkin_cmake_args' from command line to 'None'
[0.357s] Level 5:colcon.colcon_core.verb:set package 'my_robot_control' build argument 'catkin_skip_building_tests' from command line to 'False'
[0.357s] DEBUG:colcon.colcon_core.verb:Building package 'my_robot_control' with the following arguments: {'ament_cmake_args': None, 'build_base': '/home/fyp/Desktop/robot/ros2ws/build/my_robot_control', 'catkin_cmake_args': None, 'catkin_skip_building_tests': False, 'cmake_args': None, 'cmake_clean_cache': False, 'cmake_clean_first': False, 'cmake_force_configure': False, 'cmake_target': None, 'cmake_target_skip_unavailable': False, 'install_base': '/home/fyp/Desktop/robot/ros2ws/install/my_robot_control', 'merge_install': False, 'path': '/home/fyp/Desktop/robot/ros2ws/src/my_robot_control', 'symlink_install': False, 'test_result_base': None}
[0.357s] INFO:colcon.colcon_core.executor:Executing jobs using 'parallel' executor
[0.359s] DEBUG:colcon.colcon_parallel_executor.executor.parallel:run_until_complete
[0.359s] INFO:colcon.colcon_ros.task.ament_cmake.build:Building ROS package in '/home/fyp/Desktop/robot/ros2ws/src/explore' with build type 'ament_cmake'
[0.359s] INFO:colcon.colcon_cmake.task.cmake.build:Building CMake package in '/home/fyp/Desktop/robot/ros2ws/src/explore'
[0.362s] INFO:colcon.colcon_core.plugin_system:Skipping extension 'colcon_core.shell.bat': Not used on non-Windows systems
[0.362s] INFO:colcon.colcon_core.shell:Skip shell extension 'powershell' for command environment: Not usable outside of PowerShell
[0.362s] DEBUG:colcon.colcon_core.shell:Skip shell extension 'dsv' for command environment
[0.367s] INFO:colcon.colcon_ros.task.ament_python.build:Building ROS package in '/home/fyp/Desktop/robot/ros2ws/src/hardware_software' with build type 'ament_python'
[0.367s] Level 1:colcon.colcon_core.shell:create_environment_hook('hardware_software', 'ament_prefix_path')
[0.368s] INFO:colcon.colcon_core.shell:Creating environment hook '/home/fyp/Desktop/robot/ros2ws/install/hardware_software/share/hardware_software/hook/ament_prefix_path.ps1'
[0.369s] INFO:colcon.colcon_core.shell:Creating environment descriptor '/home/fyp/Desktop/robot/ros2ws/install/hardware_software/share/hardware_software/hook/ament_prefix_path.dsv'
[0.370s] INFO:colcon.colcon_core.shell:Creating environment hook '/home/fyp/Desktop/robot/ros2ws/install/hardware_software/share/hardware_software/hook/ament_prefix_path.sh'
[0.371s] INFO:colcon.colcon_core.shell:Skip shell extension 'powershell' for command environment: Not usable outside of PowerShell
[0.371s] DEBUG:colcon.colcon_core.shell:Skip shell extension 'dsv' for command environment
[0.376s] INFO:colcon.colcon_ros.task.ament_python.build:Building ROS package in '/home/fyp/Desktop/robot/ros2ws/src/imu_reader' with build type 'ament_python'
[0.376s] Level 1:colcon.colcon_core.shell:create_environment_hook('imu_reader', 'ament_prefix_path')
[0.376s] INFO:colcon.colcon_core.shell:Creating environment hook '/home/fyp/Desktop/robot/ros2ws/install/imu_reader/share/imu_reader/hook/ament_prefix_path.ps1'
[0.377s] INFO:colcon.colcon_core.shell:Creating environment descriptor '/home/fyp/Desktop/robot/ros2ws/install/imu_reader/share/imu_reader/hook/ament_prefix_path.dsv'
[0.378s] INFO:colcon.colcon_core.shell:Creating environment hook '/home/fyp/Desktop/robot/ros2ws/install/imu_reader/share/imu_reader/hook/ament_prefix_path.sh'
[0.380s] INFO:colcon.colcon_core.shell:Skip shell extension 'powershell' for command environment: Not usable outside of PowerShell
[0.380s] DEBUG:colcon.colcon_core.shell:Skip shell extension 'dsv' for command environment
[0.385s] INFO:colcon.colcon_ros.task.ament_python.build:Building ROS package in '/home/fyp/Desktop/robot/ros2ws/src/motor_controller' with build type 'ament_python'
[0.385s] Level 1:colcon.colcon_core.shell:create_environment_hook('motor_controller', 'ament_prefix_path')
[0.385s] INFO:colcon.colcon_core.shell:Creating environment hook '/home/fyp/Desktop/robot/ros2ws/install/motor_controller/share/motor_controller/hook/ament_prefix_path.ps1'
[0.386s] INFO:colcon.colcon_core.shell:Creating environment descriptor '/home/fyp/Desktop/robot/ros2ws/install/motor_controller/share/motor_controller/hook/ament_prefix_path.dsv'
[0.387s] INFO:colcon.colcon_core.shell:Creating environment hook '/home/fyp/Desktop/robot/ros2ws/install/motor_controller/share/motor_controller/hook/ament_prefix_path.sh'
[0.389s] INFO:colcon.colcon_core.shell:Skip shell extension 'powershell' for command environment: Not usable outside of PowerShell
[0.389s] DEBUG:colcon.colcon_core.shell:Skip shell extension 'dsv' for command environment
[0.403s] DEBUG:colcon.colcon_core.event_handler.log_command:Invoking command in '/home/fyp/Desktop/robot/ros2ws/build/explore_lite': CMAKE_PREFIX_PATH=${CMAKE_PREFIX_PATH}:/home/fyp/Desktop/robot/ros2ws/install/motor_controller:/home/fyp/Desktop/robot/ros2ws/install/imu_reader:/home/fyp/Desktop/robot/ros2ws/install/hardware_software:/opt/ros/jazzy DEBUGINFOD_URLS=https://debuginfod.ubuntu.com /usr/bin/cmake --build /home/fyp/Desktop/robot/ros2ws/build/explore_lite -- -j4 -l4
[0.917s] INFO:colcon.colcon_core.task.python.build:Building Python package in '/home/fyp/Desktop/robot/ros2ws/src/hardware_software'
[0.918s] INFO:colcon.colcon_core.shell:Skip shell extension 'powershell' for command environment: Not usable outside of PowerShell
[0.918s] DEBUG:colcon.colcon_core.shell:Skip shell extension 'dsv' for command environment
[1.240s] INFO:colcon.colcon_core.task.python.build:Building Python package in '/home/fyp/Desktop/robot/ros2ws/src/imu_reader'
[1.240s] INFO:colcon.colcon_core.shell:Skip shell extension 'powershell' for command environment: Not usable outside of PowerShell
[1.241s] DEBUG:colcon.colcon_core.shell:Skip shell extension 'dsv' for command environment
[1.250s] DEBUG:colcon.colcon_core.event_handler.log_command:Invoked command in '/home/fyp/Desktop/robot/ros2ws/build/explore_lite' returned '0': CMAKE_PREFIX_PATH=${CMAKE_PREFIX_PATH}:/home/fyp/Desktop/robot/ros2ws/install/motor_controller:/home/fyp/Desktop/robot/ros2ws/install/imu_reader:/home/fyp/Desktop/robot/ros2ws/install/hardware_software:/opt/ros/jazzy DEBUGINFOD_URLS=https://debuginfod.ubuntu.com /usr/bin/cmake --build /home/fyp/Desktop/robot/ros2ws/build/explore_lite -- -j4 -l4
[1.271s] DEBUG:colcon.colcon_core.event_handler.log_command:Invoking command in '/home/fyp/Desktop/robot/ros2ws/build/explore_lite': CMAKE_PREFIX_PATH=${CMAKE_PREFIX_PATH}:/home/fyp/Desktop/robot/ros2ws/install/motor_controller:/home/fyp/Desktop/robot/ros2ws/install/imu_reader:/home/fyp/Desktop/robot/ros2ws/install/hardware_software:/opt/ros/jazzy DEBUGINFOD_URLS=https://debuginfod.ubuntu.com /usr/bin/cmake --install /home/fyp/Desktop/robot/ros2ws/build/explore_lite
[1.589s] INFO:colcon.colcon_core.task.python.build:Building Python package in '/home/fyp/Desktop/robot/ros2ws/src/motor_controller'
[1.590s] INFO:colcon.colcon_core.shell:Skip shell extension 'powershell' for command environment: Not usable outside of PowerShell
[1.590s] DEBUG:colcon.colcon_core.shell:Skip shell extension 'dsv' for command environment
[1.610s] Level 1:colcon.colcon_core.environment:create_environment_scripts_only(explore_lite)
[1.613s] DEBUG:colcon.colcon_core.event_handler.log_command:Invoked command in '/home/fyp/Desktop/robot/ros2ws/build/explore_lite' returned '0': CMAKE_PREFIX_PATH=${CMAKE_PREFIX_PATH}:/home/fyp/Desktop/robot/ros2ws/install/motor_controller:/home/fyp/Desktop/robot/ros2ws/install/imu_reader:/home/fyp/Desktop/robot/ros2ws/install/hardware_software:/opt/ros/jazzy DEBUGINFOD_URLS=https://debuginfod.ubuntu.com /usr/bin/cmake --install /home/fyp/Desktop/robot/ros2ws/build/explore_lite
[1.616s] Level 1:colcon.colcon_core.environment:checking '/home/fyp/Desktop/robot/ros2ws/install/explore_lite' for CMake module files
[1.617s] Level 1:colcon.colcon_core.environment:checking '/home/fyp/Desktop/robot/ros2ws/install/explore_lite' for CMake config files
[1.618s] Level 1:colcon.colcon_core.shell:create_environment_hook('explore_lite', 'cmake_prefix_path')
[1.618s] INFO:colcon.colcon_core.shell:Creating environment hook '/home/fyp/Desktop/robot/ros2ws/install/explore_lite/share/explore_lite/hook/cmake_prefix_path.ps1'
[1.619s] INFO:colcon.colcon_core.shell:Creating environment descriptor '/home/fyp/Desktop/robot/ros2ws/install/explore_lite/share/explore_lite/hook/cmake_prefix_path.dsv'
[1.620s] INFO:colcon.colcon_core.shell:Creating environment hook '/home/fyp/Desktop/robot/ros2ws/install/explore_lite/share/explore_lite/hook/cmake_prefix_path.sh'
[1.622s] Level 1:colcon.colcon_core.environment:checking '/home/fyp/Desktop/robot/ros2ws/install/explore_lite/lib'
[1.623s] Level 1:colcon.colcon_core.environment:checking '/home/fyp/Desktop/robot/ros2ws/install/explore_lite/bin'
[1.623s] Level 1:colcon.colcon_core.environment:checking '/home/fyp/Desktop/robot/ros2ws/install/explore_lite/lib/pkgconfig/explore_lite.pc'
[1.623s] Level 1:colcon.colcon_core.environment:checking '/home/fyp/Desktop/robot/ros2ws/install/explore_lite/lib/python3.12/site-packages'
[1.624s] Level 1:colcon.colcon_core.environment:checking '/home/fyp/Desktop/robot/ros2ws/install/explore_lite/bin'
[1.624s] INFO:colcon.colcon_core.shell:Creating package script '/home/fyp/Desktop/robot/ros2ws/install/explore_lite/share/explore_lite/package.ps1'
[1.626s] INFO:colcon.colcon_core.shell:Creating package descriptor '/home/fyp/Desktop/robot/ros2ws/install/explore_lite/share/explore_lite/package.dsv'
[1.627s] INFO:colcon.colcon_core.shell:Creating package script '/home/fyp/Desktop/robot/ros2ws/install/explore_lite/share/explore_lite/package.sh'
[1.628s] INFO:colcon.colcon_core.shell:Creating package script '/home/fyp/Desktop/robot/ros2ws/install/explore_lite/share/explore_lite/package.bash'
[1.629s] INFO:colcon.colcon_core.shell:Creating package script '/home/fyp/Desktop/robot/ros2ws/install/explore_lite/share/explore_lite/package.zsh'
[1.631s] Level 1:colcon.colcon_core.environment:create_file_with_runtime_dependencies(/home/fyp/Desktop/robot/ros2ws/install/explore_lite/share/colcon-core/packages/explore_lite)
[1.632s] Level 1:colcon.colcon_core.environment:create_environment_scripts_only(explore_lite)
[1.633s] Level 1:colcon.colcon_core.environment:checking '/home/fyp/Desktop/robot/ros2ws/install/explore_lite' for CMake module files
[1.634s] Level 1:colcon.colcon_core.environment:checking '/home/fyp/Desktop/robot/ros2ws/install/explore_lite' for CMake config files
[1.635s] Level 1:colcon.colcon_core.shell:create_environment_hook('explore_lite', 'cmake_prefix_path')
[1.635s] INFO:colcon.colcon_core.shell:Creating environment hook '/home/fyp/Desktop/robot/ros2ws/install/explore_lite/share/explore_lite/hook/cmake_prefix_path.ps1'
[1.636s] INFO:colcon.colcon_core.shell:Creating environment descriptor '/home/fyp/Desktop/robot/ros2ws/install/explore_lite/share/explore_lite/hook/cmake_prefix_path.dsv'
[1.637s] INFO:colcon.colcon_core.shell:Creating environment hook '/home/fyp/Desktop/robot/ros2ws/install/explore_lite/share/explore_lite/hook/cmake_prefix_path.sh'
[1.638s] Level 1:colcon.colcon_core.environment:checking '/home/fyp/Desktop/robot/ros2ws/install/explore_lite/lib'
[1.638s] Level 1:colcon.colcon_core.environment:checking '/home/fyp/Desktop/robot/ros2ws/install/explore_lite/bin'
[1.638s] Level 1:colcon.colcon_core.environment:checking '/home/fyp/Desktop/robot/ros2ws/install/explore_lite/lib/pkgconfig/explore_lite.pc'
[1.639s] Level 1:colcon.colcon_core.environment:checking '/home/fyp/Desktop/robot/ros2ws/install/explore_lite/lib/python3.12/site-packages'
[1.639s] Level 1:colcon.colcon_core.environment:checking '/home/fyp/Desktop/robot/ros2ws/install/explore_lite/bin'
[1.640s] INFO:colcon.colcon_core.shell:Creating package script '/home/fyp/Desktop/robot/ros2ws/install/explore_lite/share/explore_lite/package.ps1'
[1.641s] INFO:colcon.colcon_core.shell:Creating package descriptor '/home/fyp/Desktop/robot/ros2ws/install/explore_lite/share/explore_lite/package.dsv'
[1.641s] INFO:colcon.colcon_core.shell:Creating package script '/home/fyp/Desktop/robot/ros2ws/install/explore_lite/share/explore_lite/package.sh'
[1.642s] INFO:colcon.colcon_core.shell:Creating package script '/home/fyp/Desktop/robot/ros2ws/install/explore_lite/share/explore_lite/package.bash'
[1.642s] INFO:colcon.colcon_core.shell:Creating package script '/home/fyp/Desktop/robot/ros2ws/install/explore_lite/share/explore_lite/package.zsh'
[1.643s] Level 1:colcon.colcon_core.environment:create_file_with_runtime_dependencies(/home/fyp/Desktop/robot/ros2ws/install/explore_lite/share/colcon-core/packages/explore_lite)
[1.646s] INFO:colcon.colcon_ros.task.ament_cmake.build:Building ROS package in '/home/fyp/Desktop/robot/ros2ws/src/my_robot_control' with build type 'ament_cmake'
[1.647s] INFO:colcon.colcon_cmake.task.cmake.build:Building CMake package in '/home/fyp/Desktop/robot/ros2ws/src/my_robot_control'
[1.648s] INFO:colcon.colcon_core.shell:Skip shell extension 'powershell' for command environment: Not usable outside of PowerShell
[1.649s] DEBUG:colcon.colcon_core.shell:Skip shell extension 'dsv' for command environment
[1.690s] DEBUG:colcon.colcon_core.event_handler.log_command:Invoking command in '/home/fyp/Desktop/robot/ros2ws/build/my_robot_control': CMAKE_PREFIX_PATH=${CMAKE_PREFIX_PATH}:/home/fyp/Desktop/robot/ros2ws/install/motor_controller:/home/fyp/Desktop/robot/ros2ws/install/imu_reader:/home/fyp/Desktop/robot/ros2ws/install/hardware_software:/opt/ros/jazzy DEBUGINFOD_URLS=https://debuginfod.ubuntu.com /usr/bin/cmake --build /home/fyp/Desktop/robot/ros2ws/build/my_robot_control -- -j4 -l4
[1.888s] DEBUG:colcon.colcon_core.event_handler.log_command:Invoked command in '/home/fyp/Desktop/robot/ros2ws/build/my_robot_control' returned '0': CMAKE_PREFIX_PATH=${CMAKE_PREFIX_PATH}:/home/fyp/Desktop/robot/ros2ws/install/motor_controller:/home/fyp/Desktop/robot/ros2ws/install/imu_reader:/home/fyp/Desktop/robot/ros2ws/install/hardware_software:/opt/ros/jazzy DEBUGINFOD_URLS=https://debuginfod.ubuntu.com /usr/bin/cmake --build /home/fyp/Desktop/robot/ros2ws/build/my_robot_control -- -j4 -l4
[1.893s] DEBUG:colcon.colcon_core.event_handler.log_command:Invoking command in '/home/fyp/Desktop/robot/ros2ws/build/my_robot_control': CMAKE_PREFIX_PATH=${CMAKE_PREFIX_PATH}:/home/fyp/Desktop/robot/ros2ws/install/motor_controller:/home/fyp/Desktop/robot/ros2ws/install/imu_reader:/home/fyp/Desktop/robot/ros2ws/install/hardware_software:/opt/ros/jazzy DEBUGINFOD_URLS=https://debuginfod.ubuntu.com /usr/bin/cmake --install /home/fyp/Desktop/robot/ros2ws/build/my_robot_control
[1.934s] Level 1:colcon.colcon_core.environment:create_environment_scripts_only(my_robot_control)
[1.935s] Level 1:colcon.colcon_core.environment:checking '/home/fyp/Desktop/robot/ros2ws/install/my_robot_control' for CMake module files
[1.936s] Level 1:colcon.colcon_core.environment:checking '/home/fyp/Desktop/robot/ros2ws/install/my_robot_control' for CMake config files
[1.936s] Level 1:colcon.colcon_core.shell:create_environment_hook('my_robot_control', 'cmake_prefix_path')
[1.937s] INFO:colcon.colcon_core.shell:Creating environment hook '/home/fyp/Desktop/robot/ros2ws/install/my_robot_control/share/my_robot_control/hook/cmake_prefix_path.ps1'
[1.938s] DEBUG:colcon.colcon_core.event_handler.log_command:Invoked command in '/home/fyp/Desktop/robot/ros2ws/build/my_robot_control' returned '0': CMAKE_PREFIX_PATH=${CMAKE_PREFIX_PATH}:/home/fyp/Desktop/robot/ros2ws/install/motor_controller:/home/fyp/Desktop/robot/ros2ws/install/imu_reader:/home/fyp/Desktop/robot/ros2ws/install/hardware_software:/opt/ros/jazzy DEBUGINFOD_URLS=https://debuginfod.ubuntu.com /usr/bin/cmake --install /home/fyp/Desktop/robot/ros2ws/build/my_robot_control
[1.939s] INFO:colcon.colcon_core.shell:Creating environment descriptor '/home/fyp/Desktop/robot/ros2ws/install/my_robot_control/share/my_robot_control/hook/cmake_prefix_path.dsv'
[1.940s] INFO:colcon.colcon_core.shell:Creating environment hook '/home/fyp/Desktop/robot/ros2ws/install/my_robot_control/share/my_robot_control/hook/cmake_prefix_path.sh'
[1.942s] Level 1:colcon.colcon_core.environment:checking '/home/fyp/Desktop/robot/ros2ws/install/my_robot_control/lib'
[1.942s] Level 1:colcon.colcon_core.shell:create_environment_hook('my_robot_control', 'ld_library_path_lib')
[1.942s] INFO:colcon.colcon_core.shell:Creating environment hook '/home/fyp/Desktop/robot/ros2ws/install/my_robot_control/share/my_robot_control/hook/ld_library_path_lib.ps1'
[1.944s] INFO:colcon.colcon_core.shell:Creating environment descriptor '/home/fyp/Desktop/robot/ros2ws/install/my_robot_control/share/my_robot_control/hook/ld_library_path_lib.dsv'
[1.945s] INFO:colcon.colcon_core.shell:Creating environment hook '/home/fyp/Desktop/robot/ros2ws/install/my_robot_control/share/my_robot_control/hook/ld_library_path_lib.sh'
[1.946s] Level 1:colcon.colcon_core.environment:checking '/home/fyp/Desktop/robot/ros2ws/install/my_robot_control/bin'
[1.946s] Level 1:colcon.colcon_core.environment:checking '/home/fyp/Desktop/robot/ros2ws/install/my_robot_control/lib/pkgconfig/my_robot_control.pc'
[1.946s] Level 1:colcon.colcon_core.environment:checking '/home/fyp/Desktop/robot/ros2ws/install/my_robot_control/lib/python3.12/site-packages'
[1.947s] Level 1:colcon.colcon_core.environment:checking '/home/fyp/Desktop/robot/ros2ws/install/my_robot_control/bin'
[1.947s] INFO:colcon.colcon_core.shell:Creating package script '/home/fyp/Desktop/robot/ros2ws/install/my_robot_control/share/my_robot_control/package.ps1'
[1.949s] INFO:colcon.colcon_core.shell:Creating package descriptor '/home/fyp/Desktop/robot/ros2ws/install/my_robot_control/share/my_robot_control/package.dsv'
[1.950s] INFO:colcon.colcon_core.shell:Creating package script '/home/fyp/Desktop/robot/ros2ws/install/my_robot_control/share/my_robot_control/package.sh'
[1.951s] INFO:colcon.colcon_core.shell:Creating package script '/home/fyp/Desktop/robot/ros2ws/install/my_robot_control/share/my_robot_control/package.bash'
[1.952s] INFO:colcon.colcon_core.shell:Creating package script '/home/fyp/Desktop/robot/ros2ws/install/my_robot_control/share/my_robot_control/package.zsh'
[1.954s] Level 1:colcon.colcon_core.environment:create_file_with_runtime_dependencies(/home/fyp/Desktop/robot/ros2ws/install/my_robot_control/share/colcon-core/packages/my_robot_control)
[1.955s] Level 1:colcon.colcon_core.environment:create_environment_scripts_only(my_robot_control)
[1.955s] Level 1:colcon.colcon_core.environment:checking '/home/fyp/Desktop/robot/ros2ws/install/my_robot_control' for CMake module files
[1.956s] Level 1:colcon.colcon_core.environment:checking '/home/fyp/Desktop/robot/ros2ws/install/my_robot_control' for CMake config files
[1.957s] Level 1:colcon.colcon_core.shell:create_environment_hook('my_robot_control', 'cmake_prefix_path')
[1.957s] INFO:colcon.colcon_core.shell:Creating environment hook '/home/fyp/Desktop/robot/ros2ws/install/my_robot_control/share/my_robot_control/hook/cmake_prefix_path.ps1'
[1.959s] INFO:colcon.colcon_core.shell:Creating environment descriptor '/home/fyp/Desktop/robot/ros2ws/install/my_robot_control/share/my_robot_control/hook/cmake_prefix_path.dsv'
[1.960s] INFO:colcon.colcon_core.shell:Creating environment hook '/home/fyp/Desktop/robot/ros2ws/install/my_robot_control/share/my_robot_control/hook/cmake_prefix_path.sh'
[1.961s] Level 1:colcon.colcon_core.environment:checking '/home/fyp/Desktop/robot/ros2ws/install/my_robot_control/lib'
[1.962s] Level 1:colcon.colcon_core.shell:create_environment_hook('my_robot_control', 'ld_library_path_lib')
[1.962s] INFO:colcon.colcon_core.shell:Creating environment hook '/home/fyp/Desktop/robot/ros2ws/install/my_robot_control/share/my_robot_control/hook/ld_library_path_lib.ps1'
[1.963s] INFO:colcon.colcon_core.shell:Creating environment descriptor '/home/fyp/Desktop/robot/ros2ws/install/my_robot_control/share/my_robot_control/hook/ld_library_path_lib.dsv'
[1.964s] INFO:colcon.colcon_core.shell:Creating environment hook '/home/fyp/Desktop/robot/ros2ws/install/my_robot_control/share/my_robot_control/hook/ld_library_path_lib.sh'
[1.966s] Level 1:colcon.colcon_core.environment:checking '/home/fyp/Desktop/robot/ros2ws/install/my_robot_control/bin'
[1.966s] Level 1:colcon.colcon_core.environment:checking '/home/fyp/Desktop/robot/ros2ws/install/my_robot_control/lib/pkgconfig/my_robot_control.pc'
[1.967s] Level 1:colcon.colcon_core.environment:checking '/home/fyp/Desktop/robot/ros2ws/install/my_robot_control/lib/python3.12/site-packages'
[1.967s] Level 1:colcon.colcon_core.environment:checking '/home/fyp/Desktop/robot/ros2ws/install/my_robot_control/bin'
[1.968s] INFO:colcon.colcon_core.shell:Creating package script '/home/fyp/Desktop/robot/ros2ws/install/my_robot_control/share/my_robot_control/package.ps1'
[1.969s] INFO:colcon.colcon_core.shell:Creating package descriptor '/home/fyp/Desktop/robot/ros2ws/install/my_robot_control/share/my_robot_control/package.dsv'
[1.974s] INFO:colcon.colcon_core.shell:Creating package script '/home/fyp/Desktop/robot/ros2ws/install/my_robot_control/share/my_robot_control/package.sh'
[1.975s] INFO:colcon.colcon_core.shell:Creating package script '/home/fyp/Desktop/robot/ros2ws/install/my_robot_control/share/my_robot_control/package.bash'
[1.976s] INFO:colcon.colcon_core.shell:Creating package script '/home/fyp/Desktop/robot/ros2ws/install/my_robot_control/share/my_robot_control/package.zsh'
[1.978s] Level 1:colcon.colcon_core.environment:create_file_with_runtime_dependencies(/home/fyp/Desktop/robot/ros2ws/install/my_robot_control/share/colcon-core/packages/my_robot_control)
[2.658s] DEBUG:colcon.colcon_core.event_handler.log_command:Invoking command in '/home/fyp/Desktop/robot/ros2ws/src/imu_reader': DEBUGINFOD_URLS=https://debuginfod.ubuntu.com PYTHONPATH=/home/fyp/Desktop/robot/ros2ws/build/imu_reader/prefix_override:/usr/lib/python3/dist-packages/colcon_core/task/python/colcon_distutils_commands:/home/fyp/Desktop/robot/ros2ws/install/imu_reader/lib/python3.12/site-packages:${PYTHONPATH} /usr/bin/python3 -W ignore:setup.py install is deprecated -W ignore:easy_install command is deprecated setup.py egg_info --egg-base ../../build/imu_reader build --build-base /home/fyp/Desktop/robot/ros2ws/build/imu_reader/build install --record /home/fyp/Desktop/robot/ros2ws/build/imu_reader/install.log --single-version-externally-managed install_data
[2.706s] DEBUG:colcon.colcon_core.event_handler.log_command:Invoking command in '/home/fyp/Desktop/robot/ros2ws/src/hardware_software': DEBUGINFOD_URLS=https://debuginfod.ubuntu.com PYTHONPATH=/home/fyp/Desktop/robot/ros2ws/build/hardware_software/prefix_override:/usr/lib/python3/dist-packages/colcon_core/task/python/colcon_distutils_commands:/home/fyp/Desktop/robot/ros2ws/install/hardware_software/lib/python3.12/site-packages:${PYTHONPATH} /usr/bin/python3 -W ignore:setup.py install is deprecated -W ignore:easy_install command is deprecated setup.py egg_info --egg-base ../../build/hardware_software build --build-base /home/fyp/Desktop/robot/ros2ws/build/hardware_software/build install --record /home/fyp/Desktop/robot/ros2ws/build/hardware_software/install.log --single-version-externally-managed install_data
[2.714s] DEBUG:colcon.colcon_core.event_handler.log_command:Invoking command in '/home/fyp/Desktop/robot/ros2ws/src/motor_controller': DEBUGINFOD_URLS=https://debuginfod.ubuntu.com PYTHONPATH=/home/fyp/Desktop/robot/ros2ws/build/motor_controller/prefix_override:/usr/lib/python3/dist-packages/colcon_core/task/python/colcon_distutils_commands:/home/fyp/Desktop/robot/ros2ws/install/motor_controller/lib/python3.12/site-packages:${PYTHONPATH} /usr/bin/python3 -W ignore:setup.py install is deprecated -W ignore:easy_install command is deprecated setup.py egg_info --egg-base ../../build/motor_controller build --build-base /home/fyp/Desktop/robot/ros2ws/build/motor_controller/build install --record /home/fyp/Desktop/robot/ros2ws/build/motor_controller/install.log --single-version-externally-managed install_data
[3.560s] Level 1:colcon.colcon_core.environment:checking '/home/fyp/Desktop/robot/ros2ws/install/imu_reader' for CMake module files
[3.562s] Level 1:colcon.colcon_core.environment:checking '/home/fyp/Desktop/robot/ros2ws/install/imu_reader' for CMake config files
[3.564s] DEBUG:colcon.colcon_core.event_handler.log_command:Invoked command in '/home/fyp/Desktop/robot/ros2ws/src/imu_reader' returned '0': DEBUGINFOD_URLS=https://debuginfod.ubuntu.com PYTHONPATH=/home/fyp/Desktop/robot/ros2ws/build/imu_reader/prefix_override:/usr/lib/python3/dist-packages/colcon_core/task/python/colcon_distutils_commands:/home/fyp/Desktop/robot/ros2ws/install/imu_reader/lib/python3.12/site-packages:${PYTHONPATH} /usr/bin/python3 -W ignore:setup.py install is deprecated -W ignore:easy_install command is deprecated setup.py egg_info --egg-base ../../build/imu_reader build --build-base /home/fyp/Desktop/robot/ros2ws/build/imu_reader/build install --record /home/fyp/Desktop/robot/ros2ws/build/imu_reader/install.log --single-version-externally-managed install_data
[3.564s] Level 1:colcon.colcon_core.environment:checking '/home/fyp/Desktop/robot/ros2ws/install/imu_reader/lib'
[3.564s] Level 1:colcon.colcon_core.environment:checking '/home/fyp/Desktop/robot/ros2ws/install/imu_reader/bin'
[3.565s] Level 1:colcon.colcon_core.environment:checking '/home/fyp/Desktop/robot/ros2ws/install/imu_reader/lib/pkgconfig/imu_reader.pc'
[3.565s] Level 1:colcon.colcon_core.environment:checking '/home/fyp/Desktop/robot/ros2ws/install/imu_reader/lib/python3.12/site-packages'
[3.566s] Level 1:colcon.colcon_core.shell:create_environment_hook('imu_reader', 'pythonpath')
[3.566s] INFO:colcon.colcon_core.shell:Creating environment hook '/home/fyp/Desktop/robot/ros2ws/install/imu_reader/share/imu_reader/hook/pythonpath.ps1'
[3.568s] INFO:colcon.colcon_core.shell:Creating environment descriptor '/home/fyp/Desktop/robot/ros2ws/install/imu_reader/share/imu_reader/hook/pythonpath.dsv'
[3.569s] INFO:colcon.colcon_core.shell:Creating environment hook '/home/fyp/Desktop/robot/ros2ws/install/imu_reader/share/imu_reader/hook/pythonpath.sh'
[3.570s] Level 1:colcon.colcon_core.environment:checking '/home/fyp/Desktop/robot/ros2ws/install/imu_reader/bin'
[3.571s] Level 1:colcon.colcon_core.environment:create_environment_scripts_only(imu_reader)
[3.572s] INFO:colcon.colcon_core.shell:Creating package script '/home/fyp/Desktop/robot/ros2ws/install/imu_reader/share/imu_reader/package.ps1'
[3.573s] INFO:colcon.colcon_core.shell:Creating package descriptor '/home/fyp/Desktop/robot/ros2ws/install/imu_reader/share/imu_reader/package.dsv'
[3.575s] INFO:colcon.colcon_core.shell:Creating package script '/home/fyp/Desktop/robot/ros2ws/install/imu_reader/share/imu_reader/package.sh'
[3.576s] INFO:colcon.colcon_core.shell:Creating package script '/home/fyp/Desktop/robot/ros2ws/install/imu_reader/share/imu_reader/package.bash'
[3.577s] INFO:colcon.colcon_core.shell:Creating package script '/home/fyp/Desktop/robot/ros2ws/install/imu_reader/share/imu_reader/package.zsh'
[3.578s] Level 1:colcon.colcon_core.environment:create_file_with_runtime_dependencies(/home/fyp/Desktop/robot/ros2ws/install/imu_reader/share/colcon-core/packages/imu_reader)
[3.599s] Level 1:colcon.colcon_core.environment:checking '/home/fyp/Desktop/robot/ros2ws/install/motor_controller' for CMake module files
[3.600s] Level 1:colcon.colcon_core.environment:checking '/home/fyp/Desktop/robot/ros2ws/install/motor_controller' for CMake config files
[3.601s] Level 1:colcon.colcon_core.environment:checking '/home/fyp/Desktop/robot/ros2ws/install/motor_controller/lib'
[3.601s] Level 1:colcon.colcon_core.environment:checking '/home/fyp/Desktop/robot/ros2ws/install/motor_controller/bin'
[3.601s] Level 1:colcon.colcon_core.environment:checking '/home/fyp/Desktop/robot/ros2ws/install/motor_controller/lib/pkgconfig/motor_controller.pc'
[3.602s] Level 1:colcon.colcon_core.environment:checking '/home/fyp/Desktop/robot/ros2ws/install/motor_controller/lib/python3.12/site-packages'
[3.602s] Level 1:colcon.colcon_core.shell:create_environment_hook('motor_controller', 'pythonpath')
[3.603s] INFO:colcon.colcon_core.shell:Creating environment hook '/home/fyp/Desktop/robot/ros2ws/install/motor_controller/share/motor_controller/hook/pythonpath.ps1'
[3.603s] DEBUG:colcon.colcon_core.event_handler.log_command:Invoked command in '/home/fyp/Desktop/robot/ros2ws/src/motor_controller' returned '0': DEBUGINFOD_URLS=https://debuginfod.ubuntu.com PYTHONPATH=/home/fyp/Desktop/robot/ros2ws/build/motor_controller/prefix_override:/usr/lib/python3/dist-packages/colcon_core/task/python/colcon_distutils_commands:/home/fyp/Desktop/robot/ros2ws/install/motor_controller/lib/python3.12/site-packages:${PYTHONPATH} /usr/bin/python3 -W ignore:setup.py install is deprecated -W ignore:easy_install command is deprecated setup.py egg_info --egg-base ../../build/motor_controller build --build-base /home/fyp/Desktop/robot/ros2ws/build/motor_controller/build install --record /home/fyp/Desktop/robot/ros2ws/build/motor_controller/install.log --single-version-externally-managed install_data
[3.604s] INFO:colcon.colcon_core.shell:Creating environment descriptor '/home/fyp/Desktop/robot/ros2ws/install/motor_controller/share/motor_controller/hook/pythonpath.dsv'
[3.605s] INFO:colcon.colcon_core.shell:Creating environment hook '/home/fyp/Desktop/robot/ros2ws/install/motor_controller/share/motor_controller/hook/pythonpath.sh'
[3.607s] Level 1:colcon.colcon_core.environment:checking '/home/fyp/Desktop/robot/ros2ws/install/motor_controller/bin'
[3.607s] Level 1:colcon.colcon_core.environment:create_environment_scripts_only(motor_controller)
[3.607s] INFO:colcon.colcon_core.shell:Creating package script '/home/fyp/Desktop/robot/ros2ws/install/motor_controller/share/motor_controller/package.ps1'
[3.608s] INFO:colcon.colcon_core.shell:Creating package descriptor '/home/fyp/Desktop/robot/ros2ws/install/motor_controller/share/motor_controller/package.dsv'
[3.610s] INFO:colcon.colcon_core.shell:Creating package script '/home/fyp/Desktop/robot/ros2ws/install/motor_controller/share/motor_controller/package.sh'
[3.611s] INFO:colcon.colcon_core.shell:Creating package script '/home/fyp/Desktop/robot/ros2ws/install/motor_controller/share/motor_controller/package.bash'
[3.611s] INFO:colcon.colcon_core.shell:Creating package script '/home/fyp/Desktop/robot/ros2ws/install/motor_controller/share/motor_controller/package.zsh'
[3.639s] Level 1:colcon.colcon_core.environment:create_file_with_runtime_dependencies(/home/fyp/Desktop/robot/ros2ws/install/motor_controller/share/colcon-core/packages/motor_controller)
[3.642s] Level 1:colcon.colcon_core.environment:checking '/home/fyp/Desktop/robot/ros2ws/install/hardware_software' for CMake module files
[3.644s] Level 1:colcon.colcon_core.environment:checking '/home/fyp/Desktop/robot/ros2ws/install/hardware_software' for CMake config files
[3.644s] DEBUG:colcon.colcon_core.event_handler.log_command:Invoked command in '/home/fyp/Desktop/robot/ros2ws/src/hardware_software' returned '0': DEBUGINFOD_URLS=https://debuginfod.ubuntu.com PYTHONPATH=/home/fyp/Desktop/robot/ros2ws/build/hardware_software/prefix_override:/usr/lib/python3/dist-packages/colcon_core/task/python/colcon_distutils_commands:/home/fyp/Desktop/robot/ros2ws/install/hardware_software/lib/python3.12/site-packages:${PYTHONPATH} /usr/bin/python3 -W ignore:setup.py install is deprecated -W ignore:easy_install command is deprecated setup.py egg_info --egg-base ../../build/hardware_software build --build-base /home/fyp/Desktop/robot/ros2ws/build/hardware_software/build install --record /home/fyp/Desktop/robot/ros2ws/build/hardware_software/install.log --single-version-externally-managed install_data
[3.645s] Level 1:colcon.colcon_core.environment:checking '/home/fyp/Desktop/robot/ros2ws/install/hardware_software/lib'
[3.645s] Level 1:colcon.colcon_core.environment:checking '/home/fyp/Desktop/robot/ros2ws/install/hardware_software/bin'
[3.645s] Level 1:colcon.colcon_core.environment:checking '/home/fyp/Desktop/robot/ros2ws/install/hardware_software/lib/pkgconfig/hardware_software.pc'
[3.646s] Level 1:colcon.colcon_core.environment:checking '/home/fyp/Desktop/robot/ros2ws/install/hardware_software/lib/python3.12/site-packages'
[3.646s] Level 1:colcon.colcon_core.shell:create_environment_hook('hardware_software', 'pythonpath')
[3.646s] INFO:colcon.colcon_core.shell:Creating environment hook '/home/fyp/Desktop/robot/ros2ws/install/hardware_software/share/hardware_software/hook/pythonpath.ps1'
[3.647s] INFO:colcon.colcon_core.shell:Creating environment descriptor '/home/fyp/Desktop/robot/ros2ws/install/hardware_software/share/hardware_software/hook/pythonpath.dsv'
[3.652s] INFO:colcon.colcon_core.shell:Creating environment hook '/home/fyp/Desktop/robot/ros2ws/install/hardware_software/share/hardware_software/hook/pythonpath.sh'
[3.653s] Level 1:colcon.colcon_core.environment:checking '/home/fyp/Desktop/robot/ros2ws/install/hardware_software/bin'
[3.653s] Level 1:colcon.colcon_core.environment:create_environment_scripts_only(hardware_software)
[3.654s] INFO:colcon.colcon_core.shell:Creating package script '/home/fyp/Desktop/robot/ros2ws/install/hardware_software/share/hardware_software/package.ps1'
[3.654s] INFO:colcon.colcon_core.shell:Creating package descriptor '/home/fyp/Desktop/robot/ros2ws/install/hardware_software/share/hardware_software/package.dsv'
[3.655s] INFO:colcon.colcon_core.shell:Creating package script '/home/fyp/Desktop/robot/ros2ws/install/hardware_software/share/hardware_software/package.sh'
[3.656s] INFO:colcon.colcon_core.shell:Creating package script '/home/fyp/Desktop/robot/ros2ws/install/hardware_software/share/hardware_software/package.bash'
[3.657s] INFO:colcon.colcon_core.shell:Creating package script '/home/fyp/Desktop/robot/ros2ws/install/hardware_software/share/hardware_software/package.zsh'
[3.658s] Level 1:colcon.colcon_core.environment:create_file_with_runtime_dependencies(/home/fyp/Desktop/robot/ros2ws/install/hardware_software/share/colcon-core/packages/hardware_software)
[3.659s] DEBUG:colcon.colcon_parallel_executor.executor.parallel:closing loop
[3.660s] DEBUG:colcon.colcon_parallel_executor.executor.parallel:loop closed
[3.660s] DEBUG:colcon.colcon_parallel_executor.executor.parallel:run_until_complete finished with '0'
[3.661s] DEBUG:colcon.colcon_core.event_reactor:joining thread
[3.669s] INFO:colcon.colcon_core.plugin_system:Skipping extension 'colcon_notification.desktop_notification.terminal_notifier': Not used on non-Darwin systems
[3.669s] INFO:colcon.colcon_core.plugin_system:Skipping extension 'colcon_notification.desktop_notification.win32': Not used on non-Windows systems
[3.669s] INFO:colcon.colcon_notification.desktop_notification:Sending desktop notification using 'notify2'
[28.696s] DEBUG:colcon.colcon_notification.desktop_notification.notify2:Failed to initialize notify2: org.freedesktop.DBus.Error.NoReply: Did not receive a reply. Possible causes include: the remote application did not send a reply, the message bus security policy blocked the reply, the reply timeout expired, or the network connection was broken.
[28.696s] DEBUG:colcon.colcon_core.event_reactor:joined thread
[28.696s] INFO:colcon.colcon_core.shell:Creating prefix script '/home/fyp/Desktop/robot/ros2ws/install/local_setup.ps1'
[28.698s] INFO:colcon.colcon_core.shell:Creating prefix util module '/home/fyp/Desktop/robot/ros2ws/install/_local_setup_util_ps1.py'
[28.700s] INFO:colcon.colcon_core.shell:Creating prefix chain script '/home/fyp/Desktop/robot/ros2ws/install/setup.ps1'
[28.702s] INFO:colcon.colcon_core.shell:Creating prefix script '/home/fyp/Desktop/robot/ros2ws/install/local_setup.sh'
[28.706s] INFO:colcon.colcon_core.shell:Creating prefix util module '/home/fyp/Desktop/robot/ros2ws/install/_local_setup_util_sh.py'
[28.710s] INFO:colcon.colcon_core.shell:Creating prefix chain script '/home/fyp/Desktop/robot/ros2ws/install/setup.sh'
[28.711s] INFO:colcon.colcon_core.shell:Creating prefix script '/home/fyp/Desktop/robot/ros2ws/install/local_setup.bash'
[28.712s] INFO:colcon.colcon_core.shell:Creating prefix chain script '/home/fyp/Desktop/robot/ros2ws/install/setup.bash'
[28.713s] INFO:colcon.colcon_core.shell:Creating prefix script '/home/fyp/Desktop/robot/ros2ws/install/local_setup.zsh'
[28.714s] INFO:colcon.colcon_core.shell:Creating prefix chain script '/home/fyp/Desktop/robot/ros2ws/install/setup.zsh'
