[1.118s] Invoking command in '/home/fyp/Desktop/robot/ros2ws/src/motor_controller': DEBUGINFOD_URLS=https://debuginfod.ubuntu.com PYTHONPATH=/home/fyp/Desktop/robot/ros2ws/build/motor_controller/prefix_override:/usr/lib/python3/dist-packages/colcon_core/task/python/colcon_distutils_commands:/home/fyp/Desktop/robot/ros2ws/install/motor_controller/lib/python3.12/site-packages:${PYTHONPATH} /usr/bin/python3 -W ignore:setup.py install is deprecated -W ignore:easy_install command is deprecated setup.py egg_info --egg-base ../../build/motor_controller build --build-base /home/fyp/Desktop/robot/ros2ws/build/motor_controller/build install --record /home/fyp/Desktop/robot/ros2ws/build/motor_controller/install.log --single-version-externally-managed install_data
[1.457s] running egg_info
[1.479s] writing ../../build/motor_controller/motor_controller.egg-info/PKG-INFO
[1.480s] writing dependency_links to ../../build/motor_controller/motor_controller.egg-info/dependency_links.txt
[1.481s] writing entry points to ../../build/motor_controller/motor_controller.egg-info/entry_points.txt
[1.482s] writing requirements to ../../build/motor_controller/motor_controller.egg-info/requires.txt
[1.483s] writing top-level names to ../../build/motor_controller/motor_controller.egg-info/top_level.txt
[1.531s] reading manifest file '../../build/motor_controller/motor_controller.egg-info/SOURCES.txt'
[1.532s] writing manifest file '../../build/motor_controller/motor_controller.egg-info/SOURCES.txt'
[1.533s] running build
[1.533s] running build_py
[1.533s] running install
[1.543s] running install_lib
[1.567s] running install_data
[1.567s] running install_egg_info
[1.592s] removing '/home/fyp/Desktop/robot/ros2ws/install/motor_controller/lib/python3.12/site-packages/motor_controller-0.0.0-py3.12.egg-info' (and everything under it)
[1.593s] Copying ../../build/motor_controller/motor_controller.egg-info to /home/fyp/Desktop/robot/ros2ws/install/motor_controller/lib/python3.12/site-packages/motor_controller-0.0.0-py3.12.egg-info
[1.594s] running install_scripts
[1.755s] Installing motor_driver script to /home/fyp/Desktop/robot/ros2ws/install/motor_controller/lib/motor_controller
[1.756s] writing list of installed files to '/home/fyp/Desktop/robot/ros2ws/build/motor_controller/install.log'
[1.833s] Invoked command in '/home/fyp/Desktop/robot/ros2ws/src/motor_controller' returned '0': DEBUGINFOD_URLS=https://debuginfod.ubuntu.com PYTHONPATH=/home/fyp/Desktop/robot/ros2ws/build/motor_controller/prefix_override:/usr/lib/python3/dist-packages/colcon_core/task/python/colcon_distutils_commands:/home/fyp/Desktop/robot/ros2ws/install/motor_controller/lib/python3.12/site-packages:${PYTHONPATH} /usr/bin/python3 -W ignore:setup.py install is deprecated -W ignore:easy_install command is deprecated setup.py egg_info --egg-base ../../build/motor_controller build --build-base /home/fyp/Desktop/robot/ros2ws/build/motor_controller/build install --record /home/fyp/Desktop/robot/ros2ws/build/motor_controller/install.log --single-version-externally-managed install_data
