[2.769s] Invoking command in '/home/fyp/Desktop/robot/ros2ws/src/imu_reader': DEBUGINFOD_URLS=https://debuginfod.ubuntu.com PYTHONPATH=/home/fyp/Desktop/robot/ros2ws/build/imu_reader/prefix_override:/usr/lib/python3/dist-packages/colcon_core/task/python/colcon_distutils_commands:/home/fyp/Desktop/robot/ros2ws/install/imu_reader/lib/python3.12/site-packages:${PYTHONPATH} /usr/bin/python3 -W ignore:setup.py install is deprecated -W ignore:easy_install command is deprecated setup.py egg_info --egg-base ../../build/imu_reader build --build-base /home/fyp/Desktop/robot/ros2ws/build/imu_reader/build install --record /home/fyp/Desktop/robot/ros2ws/build/imu_reader/install.log --single-version-externally-managed install_data
[3.184s] running egg_info
[3.209s] writing ../../build/imu_reader/imu_reader.egg-info/PKG-INFO
[3.209s] writing dependency_links to ../../build/imu_reader/imu_reader.egg-info/dependency_links.txt
[3.210s] writing entry points to ../../build/imu_reader/imu_reader.egg-info/entry_points.txt
[3.211s] writing requirements to ../../build/imu_reader/imu_reader.egg-info/requires.txt
[3.212s] writing top-level names to ../../build/imu_reader/imu_reader.egg-info/top_level.txt
[3.271s] reading manifest file '../../build/imu_reader/imu_reader.egg-info/SOURCES.txt'
[3.273s] writing manifest file '../../build/imu_reader/imu_reader.egg-info/SOURCES.txt'
[3.273s] running build
[3.274s] running build_py
[3.274s] running install
[3.285s] running install_lib
[3.314s] running install_data
[3.315s] running install_egg_info
[3.345s] removing '/home/fyp/Desktop/robot/ros2ws/install/imu_reader/lib/python3.12/site-packages/imu_reader-0.0.0-py3.12.egg-info' (and everything under it)
[3.346s] Copying ../../build/imu_reader/imu_reader.egg-info to /home/fyp/Desktop/robot/ros2ws/install/imu_reader/lib/python3.12/site-packages/imu_reader-0.0.0-py3.12.egg-info
[3.347s] running install_scripts
[3.529s] Installing imu_reader_node script to /home/fyp/Desktop/robot/ros2ws/install/imu_reader/lib/imu_reader
[3.530s] writing list of installed files to '/home/fyp/Desktop/robot/ros2ws/build/imu_reader/install.log'
[3.668s] Invoked command in '/home/fyp/Desktop/robot/ros2ws/src/imu_reader' returned '0': DEBUGINFOD_URLS=https://debuginfod.ubuntu.com PYTHONPATH=/home/fyp/Desktop/robot/ros2ws/build/imu_reader/prefix_override:/usr/lib/python3/dist-packages/colcon_core/task/python/colcon_distutils_commands:/home/fyp/Desktop/robot/ros2ws/install/imu_reader/lib/python3.12/site-packages:${PYTHONPATH} /usr/bin/python3 -W ignore:setup.py install is deprecated -W ignore:easy_install command is deprecated setup.py egg_info --egg-base ../../build/imu_reader build --build-base /home/fyp/Desktop/robot/ros2ws/build/imu_reader/build install --record /home/fyp/Desktop/robot/ros2ws/build/imu_reader/install.log --single-version-externally-managed install_data
