[1.193s] Invoking command in '/home/fyp3/Desktop/ros2_swarm_mapping/robot/ros2ws/src/imu_reader': DEBUGINFOD_URLS=https://debuginfod.ubuntu.com PYTHONPATH=/home/fyp3/Desktop/ros2_swarm_mapping/robot/ros2ws/build/imu_reader/prefix_override:/usr/lib/python3/dist-packages/colcon_core/task/python/colcon_distutils_commands:/home/fyp3/Desktop/ros2_swarm_mapping/robot/ros2ws/install/imu_reader/lib/python3.12/site-packages:${PYTHONPATH} /usr/bin/python3 -W ignore:setup.py install is deprecated -W ignore:easy_install command is deprecated setup.py egg_info --egg-base ../../build/imu_reader build --build-base /home/fyp3/Desktop/ros2_swarm_mapping/robot/ros2ws/build/imu_reader/build install --record /home/fyp3/Desktop/ros2_swarm_mapping/robot/ros2ws/build/imu_reader/install.log --single-version-externally-managed install_data
[1.539s] running egg_info
[1.562s] writing ../../build/imu_reader/imu_reader.egg-info/PKG-INFO
[1.563s] writing dependency_links to ../../build/imu_reader/imu_reader.egg-info/dependency_links.txt
[1.563s] writing entry points to ../../build/imu_reader/imu_reader.egg-info/entry_points.txt
[1.563s] writing requirements to ../../build/imu_reader/imu_reader.egg-info/requires.txt
[1.563s] writing top-level names to ../../build/imu_reader/imu_reader.egg-info/top_level.txt
[1.611s] reading manifest file '../../build/imu_reader/imu_reader.egg-info/SOURCES.txt'
[1.612s] writing manifest file '../../build/imu_reader/imu_reader.egg-info/SOURCES.txt'
[1.612s] running build
[1.612s] running build_py
[1.612s] copying imu_reader/imu_reader_node.py -> /home/fyp3/Desktop/ros2_swarm_mapping/robot/ros2ws/build/imu_reader/build/lib/imu_reader
[1.613s] running install
[1.622s] running install_lib
[1.646s] copying /home/fyp3/Desktop/ros2_swarm_mapping/robot/ros2ws/build/imu_reader/build/lib/imu_reader/imu_reader_node.py -> /home/fyp3/Desktop/ros2_swarm_mapping/robot/ros2ws/install/imu_reader/lib/python3.12/site-packages/imu_reader
[1.647s] byte-compiling /home/fyp3/Desktop/ros2_swarm_mapping/robot/ros2ws/install/imu_reader/lib/python3.12/site-packages/imu_reader/imu_reader_node.py to imu_reader_node.cpython-312.pyc
[1.649s] running install_data
[1.649s] running install_egg_info
[1.675s] removing '/home/fyp3/Desktop/ros2_swarm_mapping/robot/ros2ws/install/imu_reader/lib/python3.12/site-packages/imu_reader-0.0.0-py3.12.egg-info' (and everything under it)
[1.675s] Copying ../../build/imu_reader/imu_reader.egg-info to /home/fyp3/Desktop/ros2_swarm_mapping/robot/ros2ws/install/imu_reader/lib/python3.12/site-packages/imu_reader-0.0.0-py3.12.egg-info
[1.676s] running install_scripts
[1.841s] Installing imu_reader_node script to /home/fyp3/Desktop/ros2_swarm_mapping/robot/ros2ws/install/imu_reader/lib/imu_reader
[1.841s] writing list of installed files to '/home/fyp3/Desktop/ros2_swarm_mapping/robot/ros2ws/build/imu_reader/install.log'
[1.924s] Invoked command in '/home/fyp3/Desktop/ros2_swarm_mapping/robot/ros2ws/src/imu_reader' returned '0': DEBUGINFOD_URLS=https://debuginfod.ubuntu.com PYTHONPATH=/home/fyp3/Desktop/ros2_swarm_mapping/robot/ros2ws/build/imu_reader/prefix_override:/usr/lib/python3/dist-packages/colcon_core/task/python/colcon_distutils_commands:/home/fyp3/Desktop/ros2_swarm_mapping/robot/ros2ws/install/imu_reader/lib/python3.12/site-packages:${PYTHONPATH} /usr/bin/python3 -W ignore:setup.py install is deprecated -W ignore:easy_install command is deprecated setup.py egg_info --egg-base ../../build/imu_reader build --build-base /home/fyp3/Desktop/ros2_swarm_mapping/robot/ros2ws/build/imu_reader/build install --record /home/fyp3/Desktop/ros2_swarm_mapping/robot/ros2ws/build/imu_reader/install.log --single-version-externally-managed install_data
