[0.012s] Invoking command in '/home/fyp3/Desktop/ros2_swarm_mapping/robot/ros2ws/src/build/ydlidar_ros2_driver': CMAKE_PREFIX_PATH=${CMAKE_PREFIX_PATH}:/opt/ros/jazzy DEBUGINFOD_URLS=https://debuginfod.ubuntu.com /usr/bin/cmake /home/fyp3/Desktop/ros2_swarm_mapping/robot/ros2ws/src/ydlidar_ros2_driver -DCMAKE_INSTALL_PREFIX=/home/fyp3/Desktop/ros2_swarm_mapping/robot/ros2ws/src/install/ydlidar_ros2_driver
[0.136s] -- The C compiler identification is GNU 13.3.0
[0.240s] -- The CXX compiler identification is GNU 13.3.0
[0.269s] -- Detecting C compiler ABI info
[0.437s] -- Detecting C compiler ABI info - done
[0.453s] -- Check for working C compiler: /usr/bin/cc - skipped
[0.453s] -- Detecting C compile features
[0.454s] -- Detecting C compile features - done
[0.469s] -- Detecting CXX compiler ABI info
[0.652s] -- Detecting CXX compiler ABI info - done
[0.667s] -- Check for working CXX compiler: /usr/bin/c++ - skipped
[0.667s] -- Detecting CXX compile features
[0.668s] -- Detecting CXX compile features - done
[0.671s] -- Found ament_cmake: 2.5.4 (/opt/ros/jazzy/share/ament_cmake/cmake)
[0.856s] -- Found Python3: /usr/bin/python3 (found version "3.12.3") found components: Interpreter 
[1.015s] -- Found rclcpp: 28.1.9 (/opt/ros/jazzy/share/rclcpp/cmake)
[1.066s] -- Found rosidl_generator_c: 4.6.5 (/opt/ros/jazzy/share/rosidl_generator_c/cmake)
[1.085s] -- Found rosidl_generator_cpp: 4.6.5 (/opt/ros/jazzy/share/rosidl_generator_cpp/cmake)
[1.107s] -- Using all available rosidl_typesupport_c: rosidl_typesupport_fastrtps_c;rosidl_typesupport_introspection_c
[1.131s] -- Using all available rosidl_typesupport_cpp: rosidl_typesupport_fastrtps_cpp;rosidl_typesupport_introspection_cpp
[1.234s] -- Found rmw_implementation_cmake: 7.3.2 (/opt/ros/jazzy/share/rmw_implementation_cmake/cmake)
[1.237s] -- Found rmw_fastrtps_cpp: 8.4.2 (/opt/ros/jazzy/share/rmw_fastrtps_cpp/cmake)
[1.369s] -- Found OpenSSL: /usr/lib/aarch64-linux-gnu/libcrypto.so (found version "3.0.13")  
[1.395s] -- Found FastRTPS: /opt/ros/jazzy/include (Required is at least version "2.13") 
[1.430s] -- Using RMW implementation 'rmw_fastrtps_cpp' as default
[1.524s] -- Found sensor_msgs: 5.3.6 (/opt/ros/jazzy/share/sensor_msgs/cmake)
[1.600s] -- Found visualization_msgs: 5.3.6 (/opt/ros/jazzy/share/visualization_msgs/cmake)
[1.636s] -- Found std_srvs: 5.3.6 (/opt/ros/jazzy/share/std_srvs/cmake)
[1.663s] [31mCMake Error at CMakeLists.txt:25 (find_package):
[1.663s]   By not providing "Findydlidar_sdk.cmake" in CMAKE_MODULE_PATH this project
[1.663s]   has asked CMake to find a package configuration file provided by
[1.663s]   "ydlidar_sdk", but CMake did not find one.
[1.663s] 
[1.663s]   Could not find a package configuration file provided by "ydlidar_sdk" with
[1.663s]   any of the following names:
[1.663s] 
[1.663s]     ydlidar_sdkConfig.cmake
[1.663s]     ydlidar_sdk-config.cmake
[1.663s] 
[1.663s]   Add the installation prefix of "ydlidar_sdk" to CMAKE_PREFIX_PATH or set
[1.664s]   "ydlidar_sdk_DIR" to a directory containing one of the above files.  If
[1.664s]   "ydlidar_sdk" provides a separate development package or SDK, be sure it
[1.664s]   has been installed.
[1.664s] 
[1.664s] [0m
[1.664s] -- Configuring incomplete, errors occurred!
[1.679s] Invoked command in '/home/fyp3/Desktop/ros2_swarm_mapping/robot/ros2ws/src/build/ydlidar_ros2_driver' returned '1': CMAKE_PREFIX_PATH=${CMAKE_PREFIX_PATH}:/opt/ros/jazzy DEBUGINFOD_URLS=https://debuginfod.ubuntu.com /usr/bin/cmake /home/fyp3/Desktop/ros2_swarm_mapping/robot/ros2ws/src/ydlidar_ros2_driver -DCMAKE_INSTALL_PREFIX=/home/fyp3/Desktop/ros2_swarm_mapping/robot/ros2ws/src/install/ydlidar_ros2_driver
