[0.032s] Invoking command in '/home/fyp3/Desktop/ros2_swarm_mapping/robot/ros2ws/build/explore_lite': CMAKE_PREFIX_PATH=${CMAKE_PREFIX_PATH}:/home/fyp3/Desktop/ros2_swarm_mapping/robot/ros2ws/install/motor_controller:/home/fyp3/Desktop/ros2_swarm_mapping/robot/ros2ws/install/imu_reader:/home/fyp3/Desktop/ros2_swarm_mapping/robot/ros2ws/install/hardware_software:/opt/ros/jazzy DEBUGINFOD_URLS=https://debuginfod.ubuntu.com /usr/bin/cmake /home/fyp3/Desktop/ros2_swarm_mapping/robot/ros2ws/src/explore -DCMAKE_INSTALL_PREFIX=/home/fyp3/Desktop/ros2_swarm_mapping/robot/ros2ws/install/explore_lite
[0.684s] -- The C compiler identification is GNU 13.3.0
[0.916s] -- The CXX compiler identification is GNU 13.3.0
[0.958s] -- Detecting C compiler ABI info
[1.188s] -- Detecting C compiler ABI info - done
[1.231s] -- Check for working C compiler: /usr/bin/cc - skipped
[1.233s] -- Detecting C compile features
[1.235s] -- Detecting C compile features - done
[1.256s] -- Detecting CXX compiler ABI info
[1.485s] -- Detecting CXX compiler ABI info - done
[1.500s] -- Check for working CXX compiler: /usr/bin/c++ - skipped
[1.500s] -- Detecting CXX compile features
[1.501s] -- Detecting CXX compile features - done
[1.502s] -- BuilD for ROS2: jazzy
[1.514s] -- Found ament_cmake: 2.5.4 (/opt/ros/jazzy/share/ament_cmake/cmake)
[1.764s] -- Found Python3: /usr/bin/python3 (found version "3.12.3") found components: Interpreter 
[2.040s] -- Found rclcpp: 28.1.9 (/opt/ros/jazzy/share/rclcpp/cmake)
[2.169s] -- Found rosidl_generator_c: 4.6.5 (/opt/ros/jazzy/share/rosidl_generator_c/cmake)
[2.201s] -- Found rosidl_generator_cpp: 4.6.5 (/opt/ros/jazzy/share/rosidl_generator_cpp/cmake)
[2.248s] -- Using all available rosidl_typesupport_c: rosidl_typesupport_fastrtps_c;rosidl_typesupport_introspection_c
[2.292s] -- Using all available rosidl_typesupport_cpp: rosidl_typesupport_fastrtps_cpp;rosidl_typesupport_introspection_cpp
[2.554s] -- Found rmw_implementation_cmake: 7.3.2 (/opt/ros/jazzy/share/rmw_implementation_cmake/cmake)
[2.568s] -- Found rmw_fastrtps_cpp: 8.4.2 (/opt/ros/jazzy/share/rmw_fastrtps_cpp/cmake)
[2.918s] -- Found OpenSSL: /usr/lib/aarch64-linux-gnu/libcrypto.so (found version "3.0.13")  
[2.949s] -- Found FastRTPS: /opt/ros/jazzy/include (Required is at least version "2.13") 
[2.989s] -- Using RMW implementation 'rmw_fastrtps_cpp' as default
[3.177s] -- Found std_msgs: 5.3.6 (/opt/ros/jazzy/share/std_msgs/cmake)
[3.220s] -- Found sensor_msgs: 5.3.6 (/opt/ros/jazzy/share/sensor_msgs/cmake)
[3.349s] -- Found tf2_ros: 0.36.11 (/opt/ros/jazzy/share/tf2_ros/cmake)
[3.710s] -- Found tf2_geometry_msgs: 0.36.11 (/opt/ros/jazzy/share/tf2_geometry_msgs/cmake)
[3.760s] -- Found eigen3_cmake_module: 0.3.0 (/opt/ros/jazzy/share/eigen3_cmake_module/cmake)
[3.767s] -- Found Eigen3: TRUE (found version "3.4.0") 
[3.768s] -- Ensuring Eigen3 include directory is part of orocos-kdl CMake target
[3.776s] -- Found nav2_msgs: 1.3.6 (/opt/ros/jazzy/share/nav2_msgs/cmake)
[4.091s] -- Found map_msgs: 2.4.1 (/opt/ros/jazzy/share/map_msgs/cmake)
[4.192s] -- Found visualization_msgs: 5.3.6 (/opt/ros/jazzy/share/visualization_msgs/cmake)
[4.266s] -- Found nav2_costmap_2d: 1.3.6 (/opt/ros/jazzy/share/nav2_costmap_2d/cmake)
[4.625s] -- Found ament_lint_auto: 0.17.2 (/opt/ros/jazzy/share/ament_lint_auto/cmake)
[4.895s] -- Found ament_cmake_gtest: 2.5.4 (/opt/ros/jazzy/share/ament_cmake_gtest/cmake)
[4.906s] -- Found gtest sources under '/opt/ros/jazzy/src/gtest_vendor': C++ tests using 'Google Test' will be built
[4.919s] -- Performing Test CMAKE_HAVE_LIBC_PTHREAD
[5.148s] -- Performing Test CMAKE_HAVE_LIBC_PTHREAD - Success
[5.148s] -- Found Threads: TRUE  
[5.171s] -- Added test 'cppcheck' to perform static code analysis on C / C++ code
[5.172s] -- Configured cppcheck include dirs: /home/fyp3/Desktop/ros2_swarm_mapping/robot/ros2ws/src/explore/include;$<BUILD_INTERFACE:/home/fyp3/Desktop/ros2_swarm_mapping/robot/ros2ws/src/explore/include>
[5.172s] -- Configured cppcheck exclude dirs and/or files: 
[5.174s] -- Added test 'flake8' to check Python code syntax and style conventions
[5.174s] -- Configured 'flake8' exclude dirs and/or files: 
[5.176s] -- Added test 'lint_cmake' to check CMake code style
[5.178s] -- Added test 'pep257' to check Python code against some of the docstring style conventions in PEP 257
[5.181s] -- Added test 'uncrustify' to check C / C++ code style
[5.181s] -- Configured uncrustify additional arguments: 
[5.184s] -- Added test 'xmllint' to check XML markup files
[5.192s] -- Configuring done (5.1s)
[5.457s] -- Generating done (0.2s)
[5.476s] -- Build files have been written to: /home/fyp3/Desktop/ros2_swarm_mapping/robot/ros2ws/build/explore_lite
[5.508s] Invoked command in '/home/fyp3/Desktop/ros2_swarm_mapping/robot/ros2ws/build/explore_lite' returned '0': CMAKE_PREFIX_PATH=${CMAKE_PREFIX_PATH}:/home/fyp3/Desktop/ros2_swarm_mapping/robot/ros2ws/install/motor_controller:/home/fyp3/Desktop/ros2_swarm_mapping/robot/ros2ws/install/imu_reader:/home/fyp3/Desktop/ros2_swarm_mapping/robot/ros2ws/install/hardware_software:/opt/ros/jazzy DEBUGINFOD_URLS=https://debuginfod.ubuntu.com /usr/bin/cmake /home/fyp3/Desktop/ros2_swarm_mapping/robot/ros2ws/src/explore -DCMAKE_INSTALL_PREFIX=/home/fyp3/Desktop/ros2_swarm_mapping/robot/ros2ws/install/explore_lite
[5.511s] Invoking command in '/home/fyp3/Desktop/ros2_swarm_mapping/robot/ros2ws/build/explore_lite': CMAKE_PREFIX_PATH=${CMAKE_PREFIX_PATH}:/home/fyp3/Desktop/ros2_swarm_mapping/robot/ros2ws/install/motor_controller:/home/fyp3/Desktop/ros2_swarm_mapping/robot/ros2ws/install/imu_reader:/home/fyp3/Desktop/ros2_swarm_mapping/robot/ros2ws/install/hardware_software:/opt/ros/jazzy DEBUGINFOD_URLS=https://debuginfod.ubuntu.com /usr/bin/cmake --build /home/fyp3/Desktop/ros2_swarm_mapping/robot/ros2ws/build/explore_lite -- -j4 -l4
[5.642s] [ 10%] [32mBuilding CXX object gtest/CMakeFiles/gtest.dir/src/gtest-all.cc.o[0m
[5.643s] [ 20%] [32mBuilding CXX object gtest/CMakeFiles/gtest_main.dir/src/gtest_main.cc.o[0m
[5.647s] [ 30%] [32mBuilding CXX object CMakeFiles/explore.dir/src/costmap_client.cpp.o[0m
[5.655s] [ 40%] [32mBuilding CXX object CMakeFiles/explore.dir/src/explore.cpp.o[0m
[7.969s] [ 50%] [32m[1mLinking CXX static library libgtest_main.a[0m
[9.746s] [ 50%] Built target gtest_main
[9.774s] [ 60%] [32mBuilding CXX object CMakeFiles/explore.dir/src/frontier_search.cpp.o[0m
[19.533s] [ 70%] [32m[1mLinking CXX static library libgtest.a[0m
[20.063s] [ 70%] Built target gtest
[20.159s] [ 80%] [32mBuilding CXX object CMakeFiles/test_explore.dir/test/test_explore.cpp.o[0m
[24.053s] [ 90%] [32m[1mLinking CXX executable test_explore[0m
[26.747s] [ 90%] Built target test_explore
[41.669s] [100%] [32m[1mLinking CXX executable explore[0m
[48.120s] [100%] Built target explore
