[1.594s] Invoking command in '/home/fyp/Desktop/robot/ros2ws/src/motor_controller': DEBUGINFOD_URLS=https://debuginfod.ubuntu.com PYTHONPATH=/home/fyp/Desktop/robot/ros2ws/build/motor_controller/prefix_override:/usr/lib/python3/dist-packages/colcon_core/task/python/colcon_distutils_commands:/home/fyp/Desktop/robot/ros2ws/install/motor_controller/lib/python3.12/site-packages:${PYTHONPATH} /usr/bin/python3 -W ignore:setup.py install is deprecated -W ignore:easy_install command is deprecated setup.py egg_info --egg-base ../../build/motor_controller build --build-base /home/fyp/Desktop/robot/ros2ws/build/motor_controller/build install --record /home/fyp/Desktop/robot/ros2ws/build/motor_controller/install.log --single-version-externally-managed install_data
[1.983s] running egg_info
[1.984s] creating ../../build/motor_controller/motor_controller.egg-info
[2.010s] writing ../../build/motor_controller/motor_controller.egg-info/PKG-INFO
[2.011s] writing dependency_links to ../../build/motor_controller/motor_controller.egg-info/dependency_links.txt
[2.011s] writing entry points to ../../build/motor_controller/motor_controller.egg-info/entry_points.txt
[2.012s] writing requirements to ../../build/motor_controller/motor_controller.egg-info/requires.txt
[2.012s] writing top-level names to ../../build/motor_controller/motor_controller.egg-info/top_level.txt
[2.013s] writing manifest file '../../build/motor_controller/motor_controller.egg-info/SOURCES.txt'
[2.068s] reading manifest file '../../build/motor_controller/motor_controller.egg-info/SOURCES.txt'
[2.071s] writing manifest file '../../build/motor_controller/motor_controller.egg-info/SOURCES.txt'
[2.071s] running build
[2.072s] running build_py
[2.072s] creating /home/fyp/Desktop/robot/ros2ws/build/motor_controller/build
[2.073s] creating /home/fyp/Desktop/robot/ros2ws/build/motor_controller/build/lib
[2.073s] creating /home/fyp/Desktop/robot/ros2ws/build/motor_controller/build/lib/motor_controller
[2.073s] copying motor_controller/motor_driver.py -> /home/fyp/Desktop/robot/ros2ws/build/motor_controller/build/lib/motor_controller
[2.074s] copying motor_controller/__init__.py -> /home/fyp/Desktop/robot/ros2ws/build/motor_controller/build/lib/motor_controller
[2.075s] running install
[2.086s] running install_lib
[2.117s] creating /home/fyp/Desktop/robot/ros2ws/install/motor_controller/lib/python3.12/site-packages/motor_controller
[2.118s] copying /home/fyp/Desktop/robot/ros2ws/build/motor_controller/build/lib/motor_controller/motor_driver.py -> /home/fyp/Desktop/robot/ros2ws/install/motor_controller/lib/python3.12/site-packages/motor_controller
[2.118s] copying /home/fyp/Desktop/robot/ros2ws/build/motor_controller/build/lib/motor_controller/__init__.py -> /home/fyp/Desktop/robot/ros2ws/install/motor_controller/lib/python3.12/site-packages/motor_controller
[2.118s] byte-compiling /home/fyp/Desktop/robot/ros2ws/install/motor_controller/lib/python3.12/site-packages/motor_controller/motor_driver.py to motor_driver.cpython-312.pyc
[2.121s] byte-compiling /home/fyp/Desktop/robot/ros2ws/install/motor_controller/lib/python3.12/site-packages/motor_controller/__init__.py to __init__.cpython-312.pyc
[2.121s] running install_data
[2.121s] creating /home/fyp/Desktop/robot/ros2ws/install/motor_controller/share/ament_index
[2.121s] creating /home/fyp/Desktop/robot/ros2ws/install/motor_controller/share/ament_index/resource_index
[2.121s] creating /home/fyp/Desktop/robot/ros2ws/install/motor_controller/share/ament_index/resource_index/packages
[2.122s] copying resource/motor_controller -> /home/fyp/Desktop/robot/ros2ws/install/motor_controller/share/ament_index/resource_index/packages
[2.122s] copying package.xml -> /home/fyp/Desktop/robot/ros2ws/install/motor_controller/share/motor_controller
[2.122s] running install_egg_info
[2.150s] Copying ../../build/motor_controller/motor_controller.egg-info to /home/fyp/Desktop/robot/ros2ws/install/motor_controller/lib/python3.12/site-packages/motor_controller-0.0.0-py3.12.egg-info
[2.152s] running install_scripts
[2.363s] Installing motor_driver script to /home/fyp/Desktop/robot/ros2ws/install/motor_controller/lib/motor_controller
[2.363s] writing list of installed files to '/home/fyp/Desktop/robot/ros2ws/build/motor_controller/install.log'
[2.481s] Invoked command in '/home/fyp/Desktop/robot/ros2ws/src/motor_controller' returned '0': DEBUGINFOD_URLS=https://debuginfod.ubuntu.com PYTHONPATH=/home/fyp/Desktop/robot/ros2ws/build/motor_controller/prefix_override:/usr/lib/python3/dist-packages/colcon_core/task/python/colcon_distutils_commands:/home/fyp/Desktop/robot/ros2ws/install/motor_controller/lib/python3.12/site-packages:${PYTHONPATH} /usr/bin/python3 -W ignore:setup.py install is deprecated -W ignore:easy_install command is deprecated setup.py egg_info --egg-base ../../build/motor_controller build --build-base /home/fyp/Desktop/robot/ros2ws/build/motor_controller/build install --record /home/fyp/Desktop/robot/ros2ws/build/motor_controller/install.log --single-version-externally-managed install_data
