[0.143s] DEBUG:colcon:Command line arguments: ['/usr/bin/colcon', 'build']
[0.143s] DEBUG:colcon:Parsed command line arguments: Namespace(log_base=None, log_level=None, verb_name='build', build_base='build', install_base='install', merge_install=False, symlink_install=False, test_result_base=None, continue_on_error=False, executor='parallel', parallel_workers=4, event_handlers=None, ignore_user_meta=False, metas=['./colcon.meta'], base_paths=['.'], packages_ignore=None, packages_ignore_regex=None, paths=None, packages_up_to=None, packages_up_to_regex=None, packages_above=None, packages_above_and_dependencies=None, packages_above_depth=None, packages_select_by_dep=None, packages_skip_by_dep=None, packages_skip_up_to=None, packages_select_build_failed=False, packages_skip_build_finished=False, packages_select_test_failures=False, packages_skip_test_passed=False, packages_select=None, packages_skip=None, packages_select_regex=None, packages_skip_regex=None, packages_start=None, packages_end=None, allow_overriding=[], cmake_args=None, cmake_target=None, cmake_target_skip_unavailable=False, cmake_clean_cache=False, cmake_clean_first=False, cmake_force_configure=False, ament_cmake_args=None, catkin_cmake_args=None, catkin_skip_building_tests=False, mixin_files=None, mixin=None, verb_parser=<colcon_mixin.mixin.mixin_argument.MixinArgumentDecorator object at 0xffff9d883c50>, verb_extension=<colcon_core.verb.build.BuildVerb object at 0xffff9da75160>, main=<bound method BuildVerb.main of <colcon_core.verb.build.BuildVerb object at 0xffff9da75160>>, mixin_verb=('build',))
[0.199s] Level 1:colcon.colcon_core.package_discovery:discover_packages(colcon_meta) check parameters
[0.199s] Level 1:colcon.colcon_core.package_discovery:discover_packages(recursive) check parameters
[0.199s] Level 1:colcon.colcon_core.package_discovery:discover_packages(ignore) check parameters
[0.199s] Level 1:colcon.colcon_core.package_discovery:discover_packages(path) check parameters
[0.199s] Level 1:colcon.colcon_core.package_discovery:discover_packages(colcon_meta) discover
[0.199s] Level 1:colcon.colcon_core.package_discovery:discover_packages(recursive) discover
[0.199s] INFO:colcon.colcon_core.package_discovery:Crawling recursively for packages in '/home/fyp/Desktop/swarm_repo/robot/ros2ws'
[0.200s] Level 1:colcon.colcon_core.package_identification:_identify(.) by extensions ['ignore', 'ignore_ament_install']
[0.200s] Level 1:colcon.colcon_core.package_identification:_identify(.) by extension 'ignore'
[0.200s] Level 1:colcon.colcon_core.package_identification:_identify(.) by extension 'ignore_ament_install'
[0.200s] Level 1:colcon.colcon_core.package_identification:_identify(.) by extensions ['colcon_pkg']
[0.200s] Level 1:colcon.colcon_core.package_identification:_identify(.) by extension 'colcon_pkg'
[0.200s] Level 1:colcon.colcon_core.package_identification:_identify(.) by extensions ['colcon_meta']
[0.200s] Level 1:colcon.colcon_core.package_identification:_identify(.) by extension 'colcon_meta'
[0.200s] Level 1:colcon.colcon_core.package_identification:_identify(.) by extensions ['ros']
[0.200s] Level 1:colcon.colcon_core.package_identification:_identify(.) by extension 'ros'
[0.239s] Level 1:colcon.colcon_core.package_identification:_identify(.) by extensions ['cmake', 'python']
[0.239s] Level 1:colcon.colcon_core.package_identification:_identify(.) by extension 'cmake'
[0.239s] Level 1:colcon.colcon_core.package_identification:_identify(.) by extension 'python'
[0.239s] Level 1:colcon.colcon_core.package_identification:_identify(.) by extensions ['python_setup_py']
[0.239s] Level 1:colcon.colcon_core.package_identification:_identify(.) by extension 'python_setup_py'
[0.239s] Level 1:colcon.colcon_core.package_identification:_identify(build) by extensions ['ignore', 'ignore_ament_install']
[0.239s] Level 1:colcon.colcon_core.package_identification:_identify(build) by extension 'ignore'
[0.239s] Level 1:colcon.colcon_core.package_identification:_identify(build) ignored
[0.239s] Level 1:colcon.colcon_core.package_identification:_identify(install) by extensions ['ignore', 'ignore_ament_install']
[0.240s] Level 1:colcon.colcon_core.package_identification:_identify(install) by extension 'ignore'
[0.240s] Level 1:colcon.colcon_core.package_identification:_identify(install) ignored
[0.240s] Level 1:colcon.colcon_core.package_identification:_identify(log) by extensions ['ignore', 'ignore_ament_install']
[0.240s] Level 1:colcon.colcon_core.package_identification:_identify(log) by extension 'ignore'
[0.240s] Level 1:colcon.colcon_core.package_identification:_identify(log) ignored
[0.240s] Level 1:colcon.colcon_core.package_identification:_identify(src) by extensions ['ignore', 'ignore_ament_install']
[0.240s] Level 1:colcon.colcon_core.package_identification:_identify(src) by extension 'ignore'
[0.240s] Level 1:colcon.colcon_core.package_identification:_identify(src) by extension 'ignore_ament_install'
[0.240s] Level 1:colcon.colcon_core.package_identification:_identify(src) by extensions ['colcon_pkg']
[0.240s] Level 1:colcon.colcon_core.package_identification:_identify(src) by extension 'colcon_pkg'
[0.240s] Level 1:colcon.colcon_core.package_identification:_identify(src) by extensions ['colcon_meta']
[0.240s] Level 1:colcon.colcon_core.package_identification:_identify(src) by extension 'colcon_meta'
[0.240s] Level 1:colcon.colcon_core.package_identification:_identify(src) by extensions ['ros']
[0.240s] Level 1:colcon.colcon_core.package_identification:_identify(src) by extension 'ros'
[0.240s] Level 1:colcon.colcon_core.package_identification:_identify(src) by extensions ['cmake', 'python']
[0.240s] Level 1:colcon.colcon_core.package_identification:_identify(src) by extension 'cmake'
[0.240s] Level 1:colcon.colcon_core.package_identification:_identify(src) by extension 'python'
[0.241s] Level 1:colcon.colcon_core.package_identification:_identify(src) by extensions ['python_setup_py']
[0.241s] Level 1:colcon.colcon_core.package_identification:_identify(src) by extension 'python_setup_py'
[0.241s] Level 1:colcon.colcon_core.package_identification:_identify(src/YDLidar-SDK) by extensions ['ignore', 'ignore_ament_install']
[0.241s] Level 1:colcon.colcon_core.package_identification:_identify(src/YDLidar-SDK) by extension 'ignore'
[0.241s] Level 1:colcon.colcon_core.package_identification:_identify(src/YDLidar-SDK) by extension 'ignore_ament_install'
[0.241s] Level 1:colcon.colcon_core.package_identification:_identify(src/YDLidar-SDK) by extensions ['colcon_pkg']
[0.241s] Level 1:colcon.colcon_core.package_identification:_identify(src/YDLidar-SDK) by extension 'colcon_pkg'
[0.241s] Level 1:colcon.colcon_core.package_identification:_identify(src/YDLidar-SDK) by extensions ['colcon_meta']
[0.241s] Level 1:colcon.colcon_core.package_identification:_identify(src/YDLidar-SDK) by extension 'colcon_meta'
[0.241s] Level 1:colcon.colcon_core.package_identification:_identify(src/YDLidar-SDK) by extensions ['ros']
[0.241s] Level 1:colcon.colcon_core.package_identification:_identify(src/YDLidar-SDK) by extension 'ros'
[0.241s] Level 1:colcon.colcon_core.package_identification:_identify(src/YDLidar-SDK) by extensions ['cmake', 'python']
[0.241s] Level 1:colcon.colcon_core.package_identification:_identify(src/YDLidar-SDK) by extension 'cmake'
[0.241s] Level 1:colcon.colcon_core.package_identification:_identify(src/YDLidar-SDK) by extension 'python'
[0.241s] Level 1:colcon.colcon_core.package_identification:_identify(src/YDLidar-SDK) by extensions ['python_setup_py']
[0.241s] Level 1:colcon.colcon_core.package_identification:_identify(src/YDLidar-SDK) by extension 'python_setup_py'
[0.241s] Level 1:colcon.colcon_core.package_identification:_identify(src/build) by extensions ['ignore', 'ignore_ament_install']
[0.242s] Level 1:colcon.colcon_core.package_identification:_identify(src/build) by extension 'ignore'
[0.242s] Level 1:colcon.colcon_core.package_identification:_identify(src/build) ignored
[0.242s] Level 1:colcon.colcon_core.package_identification:_identify(src/explore) by extensions ['ignore', 'ignore_ament_install']
[0.242s] Level 1:colcon.colcon_core.package_identification:_identify(src/explore) by extension 'ignore'
[0.242s] Level 1:colcon.colcon_core.package_identification:_identify(src/explore) by extension 'ignore_ament_install'
[0.242s] Level 1:colcon.colcon_core.package_identification:_identify(src/explore) by extensions ['colcon_pkg']
[0.242s] Level 1:colcon.colcon_core.package_identification:_identify(src/explore) by extension 'colcon_pkg'
[0.242s] Level 1:colcon.colcon_core.package_identification:_identify(src/explore) by extensions ['colcon_meta']
[0.242s] Level 1:colcon.colcon_core.package_identification:_identify(src/explore) by extension 'colcon_meta'
[0.242s] Level 1:colcon.colcon_core.package_identification:_identify(src/explore) by extensions ['ros']
[0.242s] Level 1:colcon.colcon_core.package_identification:_identify(src/explore) by extension 'ros'
[0.246s] DEBUG:colcon.colcon_core.package_identification:Package 'src/explore' with type 'ros.ament_cmake' and name 'explore_lite'
[0.246s] Level 1:colcon.colcon_core.package_identification:_identify(src/hardware_software) by extensions ['ignore', 'ignore_ament_install']
[0.246s] Level 1:colcon.colcon_core.package_identification:_identify(src/hardware_software) by extension 'ignore'
[0.246s] Level 1:colcon.colcon_core.package_identification:_identify(src/hardware_software) by extension 'ignore_ament_install'
[0.246s] Level 1:colcon.colcon_core.package_identification:_identify(src/hardware_software) by extensions ['colcon_pkg']
[0.247s] Level 1:colcon.colcon_core.package_identification:_identify(src/hardware_software) by extension 'colcon_pkg'
[0.247s] Level 1:colcon.colcon_core.package_identification:_identify(src/hardware_software) by extensions ['colcon_meta']
[0.247s] Level 1:colcon.colcon_core.package_identification:_identify(src/hardware_software) by extension 'colcon_meta'
[0.247s] Level 1:colcon.colcon_core.package_identification:_identify(src/hardware_software) by extensions ['ros']
[0.247s] Level 1:colcon.colcon_core.package_identification:_identify(src/hardware_software) by extension 'ros'
[0.248s] DEBUG:colcon.colcon_core.package_identification:Package 'src/hardware_software' with type 'ros.ament_python' and name 'hardware_software'
[0.248s] Level 1:colcon.colcon_core.package_identification:_identify(src/imu_reader) by extensions ['ignore', 'ignore_ament_install']
[0.248s] Level 1:colcon.colcon_core.package_identification:_identify(src/imu_reader) by extension 'ignore'
[0.248s] Level 1:colcon.colcon_core.package_identification:_identify(src/imu_reader) by extension 'ignore_ament_install'
[0.248s] Level 1:colcon.colcon_core.package_identification:_identify(src/imu_reader) by extensions ['colcon_pkg']
[0.248s] Level 1:colcon.colcon_core.package_identification:_identify(src/imu_reader) by extension 'colcon_pkg'
[0.248s] Level 1:colcon.colcon_core.package_identification:_identify(src/imu_reader) by extensions ['colcon_meta']
[0.248s] Level 1:colcon.colcon_core.package_identification:_identify(src/imu_reader) by extension 'colcon_meta'
[0.248s] Level 1:colcon.colcon_core.package_identification:_identify(src/imu_reader) by extensions ['ros']
[0.248s] Level 1:colcon.colcon_core.package_identification:_identify(src/imu_reader) by extension 'ros'
[0.249s] DEBUG:colcon.colcon_core.package_identification:Package 'src/imu_reader' with type 'ros.ament_python' and name 'imu_reader'
[0.249s] Level 1:colcon.colcon_core.package_identification:_identify(src/install) by extensions ['ignore', 'ignore_ament_install']
[0.249s] Level 1:colcon.colcon_core.package_identification:_identify(src/install) by extension 'ignore'
[0.249s] Level 1:colcon.colcon_core.package_identification:_identify(src/install) ignored
[0.249s] Level 1:colcon.colcon_core.package_identification:_identify(src/log) by extensions ['ignore', 'ignore_ament_install']
[0.249s] Level 1:colcon.colcon_core.package_identification:_identify(src/log) by extension 'ignore'
[0.249s] Level 1:colcon.colcon_core.package_identification:_identify(src/log) ignored
[0.249s] Level 1:colcon.colcon_core.package_identification:_identify(src/motor_controller) by extensions ['ignore', 'ignore_ament_install']
[0.250s] Level 1:colcon.colcon_core.package_identification:_identify(src/motor_controller) by extension 'ignore'
[0.250s] Level 1:colcon.colcon_core.package_identification:_identify(src/motor_controller) by extension 'ignore_ament_install'
[0.250s] Level 1:colcon.colcon_core.package_identification:_identify(src/motor_controller) by extensions ['colcon_pkg']
[0.250s] Level 1:colcon.colcon_core.package_identification:_identify(src/motor_controller) by extension 'colcon_pkg'
[0.250s] Level 1:colcon.colcon_core.package_identification:_identify(src/motor_controller) by extensions ['colcon_meta']
[0.250s] Level 1:colcon.colcon_core.package_identification:_identify(src/motor_controller) by extension 'colcon_meta'
[0.250s] Level 1:colcon.colcon_core.package_identification:_identify(src/motor_controller) by extensions ['ros']
[0.250s] Level 1:colcon.colcon_core.package_identification:_identify(src/motor_controller) by extension 'ros'
[0.251s] DEBUG:colcon.colcon_core.package_identification:Package 'src/motor_controller' with type 'ros.ament_python' and name 'motor_controller'
[0.251s] Level 1:colcon.colcon_core.package_identification:_identify(src/my_robot_control) by extensions ['ignore', 'ignore_ament_install']
[0.251s] Level 1:colcon.colcon_core.package_identification:_identify(src/my_robot_control) by extension 'ignore'
[0.251s] Level 1:colcon.colcon_core.package_identification:_identify(src/my_robot_control) by extension 'ignore_ament_install'
[0.251s] Level 1:colcon.colcon_core.package_identification:_identify(src/my_robot_control) by extensions ['colcon_pkg']
[0.251s] Level 1:colcon.colcon_core.package_identification:_identify(src/my_robot_control) by extension 'colcon_pkg'
[0.251s] Level 1:colcon.colcon_core.package_identification:_identify(src/my_robot_control) by extensions ['colcon_meta']
[0.251s] Level 1:colcon.colcon_core.package_identification:_identify(src/my_robot_control) by extension 'colcon_meta'
[0.251s] Level 1:colcon.colcon_core.package_identification:_identify(src/my_robot_control) by extensions ['ros']
[0.251s] Level 1:colcon.colcon_core.package_identification:_identify(src/my_robot_control) by extension 'ros'
[0.252s] DEBUG:colcon.colcon_core.package_identification:Package 'src/my_robot_control' with type 'ros.ament_cmake' and name 'my_robot_control'
[0.252s] Level 1:colcon.colcon_core.package_identification:_identify(src/ydlidar_ros2_driver) by extensions ['ignore', 'ignore_ament_install']
[0.252s] Level 1:colcon.colcon_core.package_identification:_identify(src/ydlidar_ros2_driver) by extension 'ignore'
[0.252s] Level 1:colcon.colcon_core.package_identification:_identify(src/ydlidar_ros2_driver) by extension 'ignore_ament_install'
[0.252s] Level 1:colcon.colcon_core.package_identification:_identify(src/ydlidar_ros2_driver) by extensions ['colcon_pkg']
[0.252s] Level 1:colcon.colcon_core.package_identification:_identify(src/ydlidar_ros2_driver) by extension 'colcon_pkg'
[0.252s] Level 1:colcon.colcon_core.package_identification:_identify(src/ydlidar_ros2_driver) by extensions ['colcon_meta']
[0.252s] Level 1:colcon.colcon_core.package_identification:_identify(src/ydlidar_ros2_driver) by extension 'colcon_meta'
[0.252s] Level 1:colcon.colcon_core.package_identification:_identify(src/ydlidar_ros2_driver) by extensions ['ros']
[0.252s] Level 1:colcon.colcon_core.package_identification:_identify(src/ydlidar_ros2_driver) by extension 'ros'
[0.252s] Level 1:colcon.colcon_core.package_identification:_identify(src/ydlidar_ros2_driver) by extensions ['cmake', 'python']
[0.252s] Level 1:colcon.colcon_core.package_identification:_identify(src/ydlidar_ros2_driver) by extension 'cmake'
[0.252s] Level 1:colcon.colcon_core.package_identification:_identify(src/ydlidar_ros2_driver) by extension 'python'
[0.252s] Level 1:colcon.colcon_core.package_identification:_identify(src/ydlidar_ros2_driver) by extensions ['python_setup_py']
[0.253s] Level 1:colcon.colcon_core.package_identification:_identify(src/ydlidar_ros2_driver) by extension 'python_setup_py'
[0.253s] Level 1:colcon.colcon_core.package_discovery:discover_packages(recursive) using defaults
[0.253s] Level 1:colcon.colcon_core.package_discovery:discover_packages(ignore) discover
[0.253s] Level 1:colcon.colcon_core.package_discovery:discover_packages(ignore) using defaults
[0.253s] Level 1:colcon.colcon_core.package_discovery:discover_packages(path) discover
[0.253s] Level 1:colcon.colcon_core.package_discovery:discover_packages(path) using defaults
[0.277s] Level 1:colcon.colcon_core.package_discovery:discover_packages(prefix_path) check parameters
[0.277s] Level 1:colcon.colcon_core.package_discovery:discover_packages(prefix_path) discover
[0.281s] DEBUG:colcon.colcon_installed_package_information.package_discovery:Found 338 installed packages in /opt/ros/jazzy
[0.283s] Level 1:colcon.colcon_core.package_discovery:discover_packages(prefix_path) using defaults
[0.343s] Level 5:colcon.colcon_core.verb:set package 'explore_lite' build argument 'cmake_args' from command line to 'None'
[0.343s] Level 5:colcon.colcon_core.verb:set package 'explore_lite' build argument 'cmake_target' from command line to 'None'
[0.344s] Level 5:colcon.colcon_core.verb:set package 'explore_lite' build argument 'cmake_target_skip_unavailable' from command line to 'False'
[0.344s] Level 5:colcon.colcon_core.verb:set package 'explore_lite' build argument 'cmake_clean_cache' from command line to 'False'
[0.344s] Level 5:colcon.colcon_core.verb:set package 'explore_lite' build argument 'cmake_clean_first' from command line to 'False'
[0.344s] Level 5:colcon.colcon_core.verb:set package 'explore_lite' build argument 'cmake_force_configure' from command line to 'False'
[0.344s] Level 5:colcon.colcon_core.verb:set package 'explore_lite' build argument 'ament_cmake_args' from command line to 'None'
[0.344s] Level 5:colcon.colcon_core.verb:set package 'explore_lite' build argument 'catkin_cmake_args' from command line to 'None'
[0.344s] Level 5:colcon.colcon_core.verb:set package 'explore_lite' build argument 'catkin_skip_building_tests' from command line to 'False'
[0.344s] DEBUG:colcon.colcon_core.verb:Building package 'explore_lite' with the following arguments: {'ament_cmake_args': None, 'build_base': '/home/fyp/Desktop/swarm_repo/robot/ros2ws/build/explore_lite', 'catkin_cmake_args': None, 'catkin_skip_building_tests': False, 'cmake_args': None, 'cmake_clean_cache': False, 'cmake_clean_first': False, 'cmake_force_configure': False, 'cmake_target': None, 'cmake_target_skip_unavailable': False, 'install_base': '/home/fyp/Desktop/swarm_repo/robot/ros2ws/install/explore_lite', 'merge_install': False, 'path': '/home/fyp/Desktop/swarm_repo/robot/ros2ws/src/explore', 'symlink_install': False, 'test_result_base': None}
[0.344s] Level 5:colcon.colcon_core.verb:set package 'hardware_software' build argument 'cmake_args' from command line to 'None'
[0.344s] Level 5:colcon.colcon_core.verb:set package 'hardware_software' build argument 'cmake_target' from command line to 'None'
[0.344s] Level 5:colcon.colcon_core.verb:set package 'hardware_software' build argument 'cmake_target_skip_unavailable' from command line to 'False'
[0.344s] Level 5:colcon.colcon_core.verb:set package 'hardware_software' build argument 'cmake_clean_cache' from command line to 'False'
[0.344s] Level 5:colcon.colcon_core.verb:set package 'hardware_software' build argument 'cmake_clean_first' from command line to 'False'
[0.344s] Level 5:colcon.colcon_core.verb:set package 'hardware_software' build argument 'cmake_force_configure' from command line to 'False'
[0.344s] Level 5:colcon.colcon_core.verb:set package 'hardware_software' build argument 'ament_cmake_args' from command line to 'None'
[0.344s] Level 5:colcon.colcon_core.verb:set package 'hardware_software' build argument 'catkin_cmake_args' from command line to 'None'
[0.344s] Level 5:colcon.colcon_core.verb:set package 'hardware_software' build argument 'catkin_skip_building_tests' from command line to 'False'
[0.344s] DEBUG:colcon.colcon_core.verb:Building package 'hardware_software' with the following arguments: {'ament_cmake_args': None, 'build_base': '/home/fyp/Desktop/swarm_repo/robot/ros2ws/build/hardware_software', 'catkin_cmake_args': None, 'catkin_skip_building_tests': False, 'cmake_args': None, 'cmake_clean_cache': False, 'cmake_clean_first': False, 'cmake_force_configure': False, 'cmake_target': None, 'cmake_target_skip_unavailable': False, 'install_base': '/home/fyp/Desktop/swarm_repo/robot/ros2ws/install/hardware_software', 'merge_install': False, 'path': '/home/fyp/Desktop/swarm_repo/robot/ros2ws/src/hardware_software', 'symlink_install': False, 'test_result_base': None}
[0.345s] Level 5:colcon.colcon_core.verb:set package 'imu_reader' build argument 'cmake_args' from command line to 'None'
[0.345s] Level 5:colcon.colcon_core.verb:set package 'imu_reader' build argument 'cmake_target' from command line to 'None'
[0.345s] Level 5:colcon.colcon_core.verb:set package 'imu_reader' build argument 'cmake_target_skip_unavailable' from command line to 'False'
[0.345s] Level 5:colcon.colcon_core.verb:set package 'imu_reader' build argument 'cmake_clean_cache' from command line to 'False'
[0.345s] Level 5:colcon.colcon_core.verb:set package 'imu_reader' build argument 'cmake_clean_first' from command line to 'False'
[0.345s] Level 5:colcon.colcon_core.verb:set package 'imu_reader' build argument 'cmake_force_configure' from command line to 'False'
[0.345s] Level 5:colcon.colcon_core.verb:set package 'imu_reader' build argument 'ament_cmake_args' from command line to 'None'
[0.345s] Level 5:colcon.colcon_core.verb:set package 'imu_reader' build argument 'catkin_cmake_args' from command line to 'None'
[0.345s] Level 5:colcon.colcon_core.verb:set package 'imu_reader' build argument 'catkin_skip_building_tests' from command line to 'False'
[0.345s] DEBUG:colcon.colcon_core.verb:Building package 'imu_reader' with the following arguments: {'ament_cmake_args': None, 'build_base': '/home/fyp/Desktop/swarm_repo/robot/ros2ws/build/imu_reader', 'catkin_cmake_args': None, 'catkin_skip_building_tests': False, 'cmake_args': None, 'cmake_clean_cache': False, 'cmake_clean_first': False, 'cmake_force_configure': False, 'cmake_target': None, 'cmake_target_skip_unavailable': False, 'install_base': '/home/fyp/Desktop/swarm_repo/robot/ros2ws/install/imu_reader', 'merge_install': False, 'path': '/home/fyp/Desktop/swarm_repo/robot/ros2ws/src/imu_reader', 'symlink_install': False, 'test_result_base': None}
[0.345s] Level 5:colcon.colcon_core.verb:set package 'motor_controller' build argument 'cmake_args' from command line to 'None'
[0.345s] Level 5:colcon.colcon_core.verb:set package 'motor_controller' build argument 'cmake_target' from command line to 'None'
[0.345s] Level 5:colcon.colcon_core.verb:set package 'motor_controller' build argument 'cmake_target_skip_unavailable' from command line to 'False'
[0.345s] Level 5:colcon.colcon_core.verb:set package 'motor_controller' build argument 'cmake_clean_cache' from command line to 'False'
[0.345s] Level 5:colcon.colcon_core.verb:set package 'motor_controller' build argument 'cmake_clean_first' from command line to 'False'
[0.345s] Level 5:colcon.colcon_core.verb:set package 'motor_controller' build argument 'cmake_force_configure' from command line to 'False'
[0.345s] Level 5:colcon.colcon_core.verb:set package 'motor_controller' build argument 'ament_cmake_args' from command line to 'None'
[0.345s] Level 5:colcon.colcon_core.verb:set package 'motor_controller' build argument 'catkin_cmake_args' from command line to 'None'
[0.345s] Level 5:colcon.colcon_core.verb:set package 'motor_controller' build argument 'catkin_skip_building_tests' from command line to 'False'
[0.345s] DEBUG:colcon.colcon_core.verb:Building package 'motor_controller' with the following arguments: {'ament_cmake_args': None, 'build_base': '/home/fyp/Desktop/swarm_repo/robot/ros2ws/build/motor_controller', 'catkin_cmake_args': None, 'catkin_skip_building_tests': False, 'cmake_args': None, 'cmake_clean_cache': False, 'cmake_clean_first': False, 'cmake_force_configure': False, 'cmake_target': None, 'cmake_target_skip_unavailable': False, 'install_base': '/home/fyp/Desktop/swarm_repo/robot/ros2ws/install/motor_controller', 'merge_install': False, 'path': '/home/fyp/Desktop/swarm_repo/robot/ros2ws/src/motor_controller', 'symlink_install': False, 'test_result_base': None}
[0.346s] Level 5:colcon.colcon_core.verb:set package 'my_robot_control' build argument 'cmake_args' from command line to 'None'
[0.346s] Level 5:colcon.colcon_core.verb:set package 'my_robot_control' build argument 'cmake_target' from command line to 'None'
[0.346s] Level 5:colcon.colcon_core.verb:set package 'my_robot_control' build argument 'cmake_target_skip_unavailable' from command line to 'False'
[0.346s] Level 5:colcon.colcon_core.verb:set package 'my_robot_control' build argument 'cmake_clean_cache' from command line to 'False'
[0.346s] Level 5:colcon.colcon_core.verb:set package 'my_robot_control' build argument 'cmake_clean_first' from command line to 'False'
[0.346s] Level 5:colcon.colcon_core.verb:set package 'my_robot_control' build argument 'cmake_force_configure' from command line to 'False'
[0.346s] Level 5:colcon.colcon_core.verb:set package 'my_robot_control' build argument 'ament_cmake_args' from command line to 'None'
[0.346s] Level 5:colcon.colcon_core.verb:set package 'my_robot_control' build argument 'catkin_cmake_args' from command line to 'None'
[0.346s] Level 5:colcon.colcon_core.verb:set package 'my_robot_control' build argument 'catkin_skip_building_tests' from command line to 'False'
[0.346s] DEBUG:colcon.colcon_core.verb:Building package 'my_robot_control' with the following arguments: {'ament_cmake_args': None, 'build_base': '/home/fyp/Desktop/swarm_repo/robot/ros2ws/build/my_robot_control', 'catkin_cmake_args': None, 'catkin_skip_building_tests': False, 'cmake_args': None, 'cmake_clean_cache': False, 'cmake_clean_first': False, 'cmake_force_configure': False, 'cmake_target': None, 'cmake_target_skip_unavailable': False, 'install_base': '/home/fyp/Desktop/swarm_repo/robot/ros2ws/install/my_robot_control', 'merge_install': False, 'path': '/home/fyp/Desktop/swarm_repo/robot/ros2ws/src/my_robot_control', 'symlink_install': False, 'test_result_base': None}
[0.346s] INFO:colcon.colcon_core.executor:Executing jobs using 'parallel' executor
[0.347s] DEBUG:colcon.colcon_parallel_executor.executor.parallel:run_until_complete
[0.348s] INFO:colcon.colcon_ros.task.ament_cmake.build:Building ROS package in '/home/fyp/Desktop/swarm_repo/robot/ros2ws/src/explore' with build type 'ament_cmake'
[0.348s] INFO:colcon.colcon_cmake.task.cmake.build:Building CMake package in '/home/fyp/Desktop/swarm_repo/robot/ros2ws/src/explore'
[0.350s] INFO:colcon.colcon_core.plugin_system:Skipping extension 'colcon_core.shell.bat': Not used on non-Windows systems
[0.350s] INFO:colcon.colcon_core.shell:Skip shell extension 'powershell' for command environment: Not usable outside of PowerShell
[0.350s] DEBUG:colcon.colcon_core.shell:Skip shell extension 'dsv' for command environment
[0.355s] INFO:colcon.colcon_ros.task.ament_python.build:Building ROS package in '/home/fyp/Desktop/swarm_repo/robot/ros2ws/src/hardware_software' with build type 'ament_python'
[0.355s] Level 1:colcon.colcon_core.shell:create_environment_hook('hardware_software', 'ament_prefix_path')
[0.355s] INFO:colcon.colcon_core.shell:Creating environment hook '/home/fyp/Desktop/swarm_repo/robot/ros2ws/install/hardware_software/share/hardware_software/hook/ament_prefix_path.ps1'
[0.356s] INFO:colcon.colcon_core.shell:Creating environment descriptor '/home/fyp/Desktop/swarm_repo/robot/ros2ws/install/hardware_software/share/hardware_software/hook/ament_prefix_path.dsv'
[0.357s] INFO:colcon.colcon_core.shell:Creating environment hook '/home/fyp/Desktop/swarm_repo/robot/ros2ws/install/hardware_software/share/hardware_software/hook/ament_prefix_path.sh'
[0.358s] INFO:colcon.colcon_core.shell:Skip shell extension 'powershell' for command environment: Not usable outside of PowerShell
[0.358s] DEBUG:colcon.colcon_core.shell:Skip shell extension 'dsv' for command environment
[0.362s] INFO:colcon.colcon_ros.task.ament_python.build:Building ROS package in '/home/fyp/Desktop/swarm_repo/robot/ros2ws/src/imu_reader' with build type 'ament_python'
[0.362s] Level 1:colcon.colcon_core.shell:create_environment_hook('imu_reader', 'ament_prefix_path')
[0.362s] INFO:colcon.colcon_core.shell:Creating environment hook '/home/fyp/Desktop/swarm_repo/robot/ros2ws/install/imu_reader/share/imu_reader/hook/ament_prefix_path.ps1'
[0.363s] INFO:colcon.colcon_core.shell:Creating environment descriptor '/home/fyp/Desktop/swarm_repo/robot/ros2ws/install/imu_reader/share/imu_reader/hook/ament_prefix_path.dsv'
[0.364s] INFO:colcon.colcon_core.shell:Creating environment hook '/home/fyp/Desktop/swarm_repo/robot/ros2ws/install/imu_reader/share/imu_reader/hook/ament_prefix_path.sh'
[0.364s] INFO:colcon.colcon_core.shell:Skip shell extension 'powershell' for command environment: Not usable outside of PowerShell
[0.364s] DEBUG:colcon.colcon_core.shell:Skip shell extension 'dsv' for command environment
[0.369s] INFO:colcon.colcon_ros.task.ament_python.build:Building ROS package in '/home/fyp/Desktop/swarm_repo/robot/ros2ws/src/motor_controller' with build type 'ament_python'
[0.369s] Level 1:colcon.colcon_core.shell:create_environment_hook('motor_controller', 'ament_prefix_path')
[0.369s] INFO:colcon.colcon_core.shell:Creating environment hook '/home/fyp/Desktop/swarm_repo/robot/ros2ws/install/motor_controller/share/motor_controller/hook/ament_prefix_path.ps1'
[0.370s] INFO:colcon.colcon_core.shell:Creating environment descriptor '/home/fyp/Desktop/swarm_repo/robot/ros2ws/install/motor_controller/share/motor_controller/hook/ament_prefix_path.dsv'
[0.371s] INFO:colcon.colcon_core.shell:Creating environment hook '/home/fyp/Desktop/swarm_repo/robot/ros2ws/install/motor_controller/share/motor_controller/hook/ament_prefix_path.sh'
[0.372s] INFO:colcon.colcon_core.shell:Skip shell extension 'powershell' for command environment: Not usable outside of PowerShell
[0.372s] DEBUG:colcon.colcon_core.shell:Skip shell extension 'dsv' for command environment
[0.381s] DEBUG:colcon.colcon_core.event_handler.log_command:Invoking command in '/home/fyp/Desktop/swarm_repo/robot/ros2ws/build/explore_lite': CMAKE_PREFIX_PATH=${CMAKE_PREFIX_PATH}:/opt/ros/jazzy DEBUGINFOD_URLS=https://debuginfod.ubuntu.com /usr/bin/cmake /home/fyp/Desktop/swarm_repo/robot/ros2ws/src/explore -DCMAKE_INSTALL_PREFIX=/home/fyp/Desktop/swarm_repo/robot/ros2ws/install/explore_lite
[0.698s] INFO:colcon.colcon_core.task.python.build:Building Python package in '/home/fyp/Desktop/swarm_repo/robot/ros2ws/src/hardware_software'
[0.698s] INFO:colcon.colcon_core.shell:Skip shell extension 'powershell' for command environment: Not usable outside of PowerShell
[0.698s] DEBUG:colcon.colcon_core.shell:Skip shell extension 'dsv' for command environment
[1.023s] INFO:colcon.colcon_core.task.python.build:Building Python package in '/home/fyp/Desktop/swarm_repo/robot/ros2ws/src/imu_reader'
[1.024s] INFO:colcon.colcon_core.shell:Skip shell extension 'powershell' for command environment: Not usable outside of PowerShell
[1.024s] DEBUG:colcon.colcon_core.shell:Skip shell extension 'dsv' for command environment
[1.348s] INFO:colcon.colcon_core.task.python.build:Building Python package in '/home/fyp/Desktop/swarm_repo/robot/ros2ws/src/motor_controller'
[1.348s] INFO:colcon.colcon_core.shell:Skip shell extension 'powershell' for command environment: Not usable outside of PowerShell
[1.348s] DEBUG:colcon.colcon_core.shell:Skip shell extension 'dsv' for command environment
[3.090s] DEBUG:colcon.colcon_core.event_handler.log_command:Invoking command in '/home/fyp/Desktop/swarm_repo/robot/ros2ws/src/motor_controller': DEBUGINFOD_URLS=https://debuginfod.ubuntu.com PYTHONPATH=/home/fyp/Desktop/swarm_repo/robot/ros2ws/build/motor_controller/prefix_override:/usr/lib/python3/dist-packages/colcon_core/task/python/colcon_distutils_commands:/home/fyp/Desktop/swarm_repo/robot/ros2ws/install/motor_controller/lib/python3.12/site-packages:${PYTHONPATH} /usr/bin/python3 -W ignore:setup.py install is deprecated -W ignore:easy_install command is deprecated setup.py egg_info --egg-base ../../build/motor_controller build --build-base /home/fyp/Desktop/swarm_repo/robot/ros2ws/build/motor_controller/build install --record /home/fyp/Desktop/swarm_repo/robot/ros2ws/build/motor_controller/install.log --single-version-externally-managed install_data
[3.097s] DEBUG:colcon.colcon_core.event_handler.log_command:Invoking command in '/home/fyp/Desktop/swarm_repo/robot/ros2ws/src/imu_reader': DEBUGINFOD_URLS=https://debuginfod.ubuntu.com PYTHONPATH=/home/fyp/Desktop/swarm_repo/robot/ros2ws/build/imu_reader/prefix_override:/usr/lib/python3/dist-packages/colcon_core/task/python/colcon_distutils_commands:/home/fyp/Desktop/swarm_repo/robot/ros2ws/install/imu_reader/lib/python3.12/site-packages:${PYTHONPATH} /usr/bin/python3 -W ignore:setup.py install is deprecated -W ignore:easy_install command is deprecated setup.py egg_info --egg-base ../../build/imu_reader build --build-base /home/fyp/Desktop/swarm_repo/robot/ros2ws/build/imu_reader/build install --record /home/fyp/Desktop/swarm_repo/robot/ros2ws/build/imu_reader/install.log --single-version-externally-managed install_data
[3.104s] DEBUG:colcon.colcon_core.event_handler.log_command:Invoking command in '/home/fyp/Desktop/swarm_repo/robot/ros2ws/src/hardware_software': DEBUGINFOD_URLS=https://debuginfod.ubuntu.com PYTHONPATH=/home/fyp/Desktop/swarm_repo/robot/ros2ws/build/hardware_software/prefix_override:/usr/lib/python3/dist-packages/colcon_core/task/python/colcon_distutils_commands:/home/fyp/Desktop/swarm_repo/robot/ros2ws/install/hardware_software/lib/python3.12/site-packages:${PYTHONPATH} /usr/bin/python3 -W ignore:setup.py install is deprecated -W ignore:easy_install command is deprecated setup.py egg_info --egg-base ../../build/hardware_software build --build-base /home/fyp/Desktop/swarm_repo/robot/ros2ws/build/hardware_software/build install --record /home/fyp/Desktop/swarm_repo/robot/ros2ws/build/hardware_software/install.log --single-version-externally-managed install_data
[4.073s] DEBUG:colcon.colcon_core.event_handler.log_command:Invoked command in '/home/fyp/Desktop/swarm_repo/robot/ros2ws/src/motor_controller' returned '0': DEBUGINFOD_URLS=https://debuginfod.ubuntu.com PYTHONPATH=/home/fyp/Desktop/swarm_repo/robot/ros2ws/build/motor_controller/prefix_override:/usr/lib/python3/dist-packages/colcon_core/task/python/colcon_distutils_commands:/home/fyp/Desktop/swarm_repo/robot/ros2ws/install/motor_controller/lib/python3.12/site-packages:${PYTHONPATH} /usr/bin/python3 -W ignore:setup.py install is deprecated -W ignore:easy_install command is deprecated setup.py egg_info --egg-base ../../build/motor_controller build --build-base /home/fyp/Desktop/swarm_repo/robot/ros2ws/build/motor_controller/build install --record /home/fyp/Desktop/swarm_repo/robot/ros2ws/build/motor_controller/install.log --single-version-externally-managed install_data
[4.076s] Level 1:colcon.colcon_core.environment:checking '/home/fyp/Desktop/swarm_repo/robot/ros2ws/install/motor_controller' for CMake module files
[4.077s] Level 1:colcon.colcon_core.environment:checking '/home/fyp/Desktop/swarm_repo/robot/ros2ws/install/motor_controller' for CMake config files
[4.079s] Level 1:colcon.colcon_core.environment:checking '/home/fyp/Desktop/swarm_repo/robot/ros2ws/install/motor_controller/lib'
[4.079s] Level 1:colcon.colcon_core.environment:checking '/home/fyp/Desktop/swarm_repo/robot/ros2ws/install/motor_controller/bin'
[4.080s] Level 1:colcon.colcon_core.environment:checking '/home/fyp/Desktop/swarm_repo/robot/ros2ws/install/motor_controller/lib/pkgconfig/motor_controller.pc'
[4.080s] Level 1:colcon.colcon_core.environment:checking '/home/fyp/Desktop/swarm_repo/robot/ros2ws/install/motor_controller/lib/python3.12/site-packages'
[4.080s] Level 1:colcon.colcon_core.shell:create_environment_hook('motor_controller', 'pythonpath')
[4.081s] INFO:colcon.colcon_core.shell:Creating environment hook '/home/fyp/Desktop/swarm_repo/robot/ros2ws/install/motor_controller/share/motor_controller/hook/pythonpath.ps1'
[4.083s] INFO:colcon.colcon_core.shell:Creating environment descriptor '/home/fyp/Desktop/swarm_repo/robot/ros2ws/install/motor_controller/share/motor_controller/hook/pythonpath.dsv'
[4.084s] INFO:colcon.colcon_core.shell:Creating environment hook '/home/fyp/Desktop/swarm_repo/robot/ros2ws/install/motor_controller/share/motor_controller/hook/pythonpath.sh'
[4.086s] Level 1:colcon.colcon_core.environment:checking '/home/fyp/Desktop/swarm_repo/robot/ros2ws/install/motor_controller/bin'
[4.086s] Level 1:colcon.colcon_core.environment:create_environment_scripts_only(motor_controller)
[4.086s] INFO:colcon.colcon_core.shell:Creating package script '/home/fyp/Desktop/swarm_repo/robot/ros2ws/install/motor_controller/share/motor_controller/package.ps1'
[4.088s] INFO:colcon.colcon_core.shell:Creating package descriptor '/home/fyp/Desktop/swarm_repo/robot/ros2ws/install/motor_controller/share/motor_controller/package.dsv'
[4.090s] INFO:colcon.colcon_core.shell:Creating package script '/home/fyp/Desktop/swarm_repo/robot/ros2ws/install/motor_controller/share/motor_controller/package.sh'
[4.091s] INFO:colcon.colcon_core.shell:Creating package script '/home/fyp/Desktop/swarm_repo/robot/ros2ws/install/motor_controller/share/motor_controller/package.bash'
[4.092s] INFO:colcon.colcon_core.shell:Creating package script '/home/fyp/Desktop/swarm_repo/robot/ros2ws/install/motor_controller/share/motor_controller/package.zsh'
[4.093s] Level 1:colcon.colcon_core.environment:create_file_with_runtime_dependencies(/home/fyp/Desktop/swarm_repo/robot/ros2ws/install/motor_controller/share/colcon-core/packages/motor_controller)
[4.095s] INFO:colcon.colcon_ros.task.ament_cmake.build:Building ROS package in '/home/fyp/Desktop/swarm_repo/robot/ros2ws/src/my_robot_control' with build type 'ament_cmake'
[4.095s] INFO:colcon.colcon_cmake.task.cmake.build:Building CMake package in '/home/fyp/Desktop/swarm_repo/robot/ros2ws/src/my_robot_control'
[4.096s] INFO:colcon.colcon_core.shell:Skip shell extension 'powershell' for command environment: Not usable outside of PowerShell
[4.096s] DEBUG:colcon.colcon_core.shell:Skip shell extension 'dsv' for command environment
[4.102s] Level 1:colcon.colcon_core.environment:checking '/home/fyp/Desktop/swarm_repo/robot/ros2ws/install/imu_reader' for CMake module files
[4.103s] Level 1:colcon.colcon_core.environment:checking '/home/fyp/Desktop/swarm_repo/robot/ros2ws/install/imu_reader' for CMake config files
[4.104s] DEBUG:colcon.colcon_core.event_handler.log_command:Invoked command in '/home/fyp/Desktop/swarm_repo/robot/ros2ws/src/imu_reader' returned '0': DEBUGINFOD_URLS=https://debuginfod.ubuntu.com PYTHONPATH=/home/fyp/Desktop/swarm_repo/robot/ros2ws/build/imu_reader/prefix_override:/usr/lib/python3/dist-packages/colcon_core/task/python/colcon_distutils_commands:/home/fyp/Desktop/swarm_repo/robot/ros2ws/install/imu_reader/lib/python3.12/site-packages:${PYTHONPATH} /usr/bin/python3 -W ignore:setup.py install is deprecated -W ignore:easy_install command is deprecated setup.py egg_info --egg-base ../../build/imu_reader build --build-base /home/fyp/Desktop/swarm_repo/robot/ros2ws/build/imu_reader/build install --record /home/fyp/Desktop/swarm_repo/robot/ros2ws/build/imu_reader/install.log --single-version-externally-managed install_data
[4.105s] Level 1:colcon.colcon_core.environment:checking '/home/fyp/Desktop/swarm_repo/robot/ros2ws/install/imu_reader/lib'
[4.105s] Level 1:colcon.colcon_core.environment:checking '/home/fyp/Desktop/swarm_repo/robot/ros2ws/install/imu_reader/bin'
[4.105s] Level 1:colcon.colcon_core.environment:checking '/home/fyp/Desktop/swarm_repo/robot/ros2ws/install/imu_reader/lib/pkgconfig/imu_reader.pc'
[4.105s] Level 1:colcon.colcon_core.environment:checking '/home/fyp/Desktop/swarm_repo/robot/ros2ws/install/imu_reader/lib/python3.12/site-packages'
[4.105s] Level 1:colcon.colcon_core.shell:create_environment_hook('imu_reader', 'pythonpath')
[4.106s] INFO:colcon.colcon_core.shell:Creating environment hook '/home/fyp/Desktop/swarm_repo/robot/ros2ws/install/imu_reader/share/imu_reader/hook/pythonpath.ps1'
[4.106s] INFO:colcon.colcon_core.shell:Creating environment descriptor '/home/fyp/Desktop/swarm_repo/robot/ros2ws/install/imu_reader/share/imu_reader/hook/pythonpath.dsv'
[4.107s] INFO:colcon.colcon_core.shell:Creating environment hook '/home/fyp/Desktop/swarm_repo/robot/ros2ws/install/imu_reader/share/imu_reader/hook/pythonpath.sh'
[4.108s] Level 1:colcon.colcon_core.environment:checking '/home/fyp/Desktop/swarm_repo/robot/ros2ws/install/imu_reader/bin'
[4.108s] Level 1:colcon.colcon_core.environment:create_environment_scripts_only(imu_reader)
[4.108s] INFO:colcon.colcon_core.shell:Creating package script '/home/fyp/Desktop/swarm_repo/robot/ros2ws/install/imu_reader/share/imu_reader/package.ps1'
[4.109s] INFO:colcon.colcon_core.shell:Creating package descriptor '/home/fyp/Desktop/swarm_repo/robot/ros2ws/install/imu_reader/share/imu_reader/package.dsv'
[4.110s] INFO:colcon.colcon_core.shell:Creating package script '/home/fyp/Desktop/swarm_repo/robot/ros2ws/install/imu_reader/share/imu_reader/package.sh'
[4.110s] INFO:colcon.colcon_core.shell:Creating package script '/home/fyp/Desktop/swarm_repo/robot/ros2ws/install/imu_reader/share/imu_reader/package.bash'
[4.111s] INFO:colcon.colcon_core.shell:Creating package script '/home/fyp/Desktop/swarm_repo/robot/ros2ws/install/imu_reader/share/imu_reader/package.zsh'
[4.111s] Level 1:colcon.colcon_core.environment:create_file_with_runtime_dependencies(/home/fyp/Desktop/swarm_repo/robot/ros2ws/install/imu_reader/share/colcon-core/packages/imu_reader)
[4.117s] DEBUG:colcon.colcon_core.event_handler.log_command:Invoking command in '/home/fyp/Desktop/swarm_repo/robot/ros2ws/build/my_robot_control': CMAKE_PREFIX_PATH=${CMAKE_PREFIX_PATH}:/opt/ros/jazzy DEBUGINFOD_URLS=https://debuginfod.ubuntu.com /usr/bin/cmake /home/fyp/Desktop/swarm_repo/robot/ros2ws/src/my_robot_control -DCMAKE_INSTALL_PREFIX=/home/fyp/Desktop/swarm_repo/robot/ros2ws/install/my_robot_control
[4.125s] Level 1:colcon.colcon_core.environment:checking '/home/fyp/Desktop/swarm_repo/robot/ros2ws/install/hardware_software' for CMake module files
[4.126s] DEBUG:colcon.colcon_core.event_handler.log_command:Invoked command in '/home/fyp/Desktop/swarm_repo/robot/ros2ws/src/hardware_software' returned '0': DEBUGINFOD_URLS=https://debuginfod.ubuntu.com PYTHONPATH=/home/fyp/Desktop/swarm_repo/robot/ros2ws/build/hardware_software/prefix_override:/usr/lib/python3/dist-packages/colcon_core/task/python/colcon_distutils_commands:/home/fyp/Desktop/swarm_repo/robot/ros2ws/install/hardware_software/lib/python3.12/site-packages:${PYTHONPATH} /usr/bin/python3 -W ignore:setup.py install is deprecated -W ignore:easy_install command is deprecated setup.py egg_info --egg-base ../../build/hardware_software build --build-base /home/fyp/Desktop/swarm_repo/robot/ros2ws/build/hardware_software/build install --record /home/fyp/Desktop/swarm_repo/robot/ros2ws/build/hardware_software/install.log --single-version-externally-managed install_data
[4.127s] Level 1:colcon.colcon_core.environment:checking '/home/fyp/Desktop/swarm_repo/robot/ros2ws/install/hardware_software' for CMake config files
[4.129s] Level 1:colcon.colcon_core.environment:checking '/home/fyp/Desktop/swarm_repo/robot/ros2ws/install/hardware_software/lib'
[4.129s] Level 1:colcon.colcon_core.environment:checking '/home/fyp/Desktop/swarm_repo/robot/ros2ws/install/hardware_software/bin'
[4.129s] Level 1:colcon.colcon_core.environment:checking '/home/fyp/Desktop/swarm_repo/robot/ros2ws/install/hardware_software/lib/pkgconfig/hardware_software.pc'
[4.129s] Level 1:colcon.colcon_core.environment:checking '/home/fyp/Desktop/swarm_repo/robot/ros2ws/install/hardware_software/lib/python3.12/site-packages'
[4.129s] Level 1:colcon.colcon_core.shell:create_environment_hook('hardware_software', 'pythonpath')
[4.130s] INFO:colcon.colcon_core.shell:Creating environment hook '/home/fyp/Desktop/swarm_repo/robot/ros2ws/install/hardware_software/share/hardware_software/hook/pythonpath.ps1'
[4.131s] INFO:colcon.colcon_core.shell:Creating environment descriptor '/home/fyp/Desktop/swarm_repo/robot/ros2ws/install/hardware_software/share/hardware_software/hook/pythonpath.dsv'
[4.131s] INFO:colcon.colcon_core.shell:Creating environment hook '/home/fyp/Desktop/swarm_repo/robot/ros2ws/install/hardware_software/share/hardware_software/hook/pythonpath.sh'
[4.133s] Level 1:colcon.colcon_core.environment:checking '/home/fyp/Desktop/swarm_repo/robot/ros2ws/install/hardware_software/bin'
[4.133s] Level 1:colcon.colcon_core.environment:create_environment_scripts_only(hardware_software)
[4.134s] INFO:colcon.colcon_core.shell:Creating package script '/home/fyp/Desktop/swarm_repo/robot/ros2ws/install/hardware_software/share/hardware_software/package.ps1'
[4.135s] INFO:colcon.colcon_core.shell:Creating package descriptor '/home/fyp/Desktop/swarm_repo/robot/ros2ws/install/hardware_software/share/hardware_software/package.dsv'
[4.135s] INFO:colcon.colcon_core.shell:Creating package script '/home/fyp/Desktop/swarm_repo/robot/ros2ws/install/hardware_software/share/hardware_software/package.sh'
[4.136s] INFO:colcon.colcon_core.shell:Creating package script '/home/fyp/Desktop/swarm_repo/robot/ros2ws/install/hardware_software/share/hardware_software/package.bash'
[4.137s] INFO:colcon.colcon_core.shell:Creating package script '/home/fyp/Desktop/swarm_repo/robot/ros2ws/install/hardware_software/share/hardware_software/package.zsh'
[4.137s] Level 1:colcon.colcon_core.environment:create_file_with_runtime_dependencies(/home/fyp/Desktop/swarm_repo/robot/ros2ws/install/hardware_software/share/colcon-core/packages/hardware_software)
[6.020s] DEBUG:colcon.colcon_core.event_handler.log_command:Invoked command in '/home/fyp/Desktop/swarm_repo/robot/ros2ws/build/explore_lite' returned '0': CMAKE_PREFIX_PATH=${CMAKE_PREFIX_PATH}:/opt/ros/jazzy DEBUGINFOD_URLS=https://debuginfod.ubuntu.com /usr/bin/cmake /home/fyp/Desktop/swarm_repo/robot/ros2ws/src/explore -DCMAKE_INSTALL_PREFIX=/home/fyp/Desktop/swarm_repo/robot/ros2ws/install/explore_lite
[6.022s] DEBUG:colcon.colcon_core.event_handler.log_command:Invoking command in '/home/fyp/Desktop/swarm_repo/robot/ros2ws/build/explore_lite': CMAKE_PREFIX_PATH=${CMAKE_PREFIX_PATH}:/opt/ros/jazzy DEBUGINFOD_URLS=https://debuginfod.ubuntu.com /usr/bin/cmake --build /home/fyp/Desktop/swarm_repo/robot/ros2ws/build/explore_lite -- -j4 -l4
[7.596s] DEBUG:colcon.colcon_core.event_handler.log_command:Invoked command in '/home/fyp/Desktop/swarm_repo/robot/ros2ws/build/my_robot_control' returned '0': CMAKE_PREFIX_PATH=${CMAKE_PREFIX_PATH}:/opt/ros/jazzy DEBUGINFOD_URLS=https://debuginfod.ubuntu.com /usr/bin/cmake /home/fyp/Desktop/swarm_repo/robot/ros2ws/src/my_robot_control -DCMAKE_INSTALL_PREFIX=/home/fyp/Desktop/swarm_repo/robot/ros2ws/install/my_robot_control
[7.605s] DEBUG:colcon.colcon_core.event_handler.log_command:Invoking command in '/home/fyp/Desktop/swarm_repo/robot/ros2ws/build/my_robot_control': CMAKE_PREFIX_PATH=${CMAKE_PREFIX_PATH}:/opt/ros/jazzy DEBUGINFOD_URLS=https://debuginfod.ubuntu.com /usr/bin/cmake --build /home/fyp/Desktop/swarm_repo/robot/ros2ws/build/my_robot_control -- -j4 -l4
[23.366s] DEBUG:colcon.colcon_core.event_handler.log_command:Invoked command in '/home/fyp/Desktop/swarm_repo/robot/ros2ws/build/my_robot_control' returned '0': CMAKE_PREFIX_PATH=${CMAKE_PREFIX_PATH}:/opt/ros/jazzy DEBUGINFOD_URLS=https://debuginfod.ubuntu.com /usr/bin/cmake --build /home/fyp/Desktop/swarm_repo/robot/ros2ws/build/my_robot_control -- -j4 -l4
[23.408s] DEBUG:colcon.colcon_core.event_handler.log_command:Invoking command in '/home/fyp/Desktop/swarm_repo/robot/ros2ws/build/my_robot_control': CMAKE_PREFIX_PATH=${CMAKE_PREFIX_PATH}:/opt/ros/jazzy DEBUGINFOD_URLS=https://debuginfod.ubuntu.com /usr/bin/cmake --install /home/fyp/Desktop/swarm_repo/robot/ros2ws/build/my_robot_control
[23.498s] Level 1:colcon.colcon_core.environment:create_environment_scripts_only(my_robot_control)
[23.498s] Level 1:colcon.colcon_core.environment:checking '/home/fyp/Desktop/swarm_repo/robot/ros2ws/install/my_robot_control' for CMake module files
[23.500s] Level 1:colcon.colcon_core.environment:checking '/home/fyp/Desktop/swarm_repo/robot/ros2ws/install/my_robot_control' for CMake config files
[23.500s] Level 1:colcon.colcon_core.shell:create_environment_hook('my_robot_control', 'cmake_prefix_path')
[23.504s] INFO:colcon.colcon_core.shell:Creating environment hook '/home/fyp/Desktop/swarm_repo/robot/ros2ws/install/my_robot_control/share/my_robot_control/hook/cmake_prefix_path.ps1'
[23.505s] DEBUG:colcon.colcon_core.event_handler.log_command:Invoked command in '/home/fyp/Desktop/swarm_repo/robot/ros2ws/build/my_robot_control' returned '0': CMAKE_PREFIX_PATH=${CMAKE_PREFIX_PATH}:/opt/ros/jazzy DEBUGINFOD_URLS=https://debuginfod.ubuntu.com /usr/bin/cmake --install /home/fyp/Desktop/swarm_repo/robot/ros2ws/build/my_robot_control
[23.506s] INFO:colcon.colcon_core.shell:Creating environment descriptor '/home/fyp/Desktop/swarm_repo/robot/ros2ws/install/my_robot_control/share/my_robot_control/hook/cmake_prefix_path.dsv'
[23.507s] INFO:colcon.colcon_core.shell:Creating environment hook '/home/fyp/Desktop/swarm_repo/robot/ros2ws/install/my_robot_control/share/my_robot_control/hook/cmake_prefix_path.sh'
[23.512s] Level 1:colcon.colcon_core.environment:checking '/home/fyp/Desktop/swarm_repo/robot/ros2ws/install/my_robot_control/lib'
[23.512s] Level 1:colcon.colcon_core.shell:create_environment_hook('my_robot_control', 'ld_library_path_lib')
[23.512s] INFO:colcon.colcon_core.shell:Creating environment hook '/home/fyp/Desktop/swarm_repo/robot/ros2ws/install/my_robot_control/share/my_robot_control/hook/ld_library_path_lib.ps1'
[23.513s] INFO:colcon.colcon_core.shell:Creating environment descriptor '/home/fyp/Desktop/swarm_repo/robot/ros2ws/install/my_robot_control/share/my_robot_control/hook/ld_library_path_lib.dsv'
[23.517s] INFO:colcon.colcon_core.shell:Creating environment hook '/home/fyp/Desktop/swarm_repo/robot/ros2ws/install/my_robot_control/share/my_robot_control/hook/ld_library_path_lib.sh'
[23.518s] Level 1:colcon.colcon_core.environment:checking '/home/fyp/Desktop/swarm_repo/robot/ros2ws/install/my_robot_control/bin'
[23.518s] Level 1:colcon.colcon_core.environment:checking '/home/fyp/Desktop/swarm_repo/robot/ros2ws/install/my_robot_control/lib/pkgconfig/my_robot_control.pc'
[23.518s] Level 1:colcon.colcon_core.environment:checking '/home/fyp/Desktop/swarm_repo/robot/ros2ws/install/my_robot_control/lib/python3.12/site-packages'
[23.519s] Level 1:colcon.colcon_core.environment:checking '/home/fyp/Desktop/swarm_repo/robot/ros2ws/install/my_robot_control/bin'
[23.523s] INFO:colcon.colcon_core.shell:Creating package script '/home/fyp/Desktop/swarm_repo/robot/ros2ws/install/my_robot_control/share/my_robot_control/package.ps1'
[23.524s] INFO:colcon.colcon_core.shell:Creating package descriptor '/home/fyp/Desktop/swarm_repo/robot/ros2ws/install/my_robot_control/share/my_robot_control/package.dsv'
[23.525s] INFO:colcon.colcon_core.shell:Creating package script '/home/fyp/Desktop/swarm_repo/robot/ros2ws/install/my_robot_control/share/my_robot_control/package.sh'
[23.528s] INFO:colcon.colcon_core.shell:Creating package script '/home/fyp/Desktop/swarm_repo/robot/ros2ws/install/my_robot_control/share/my_robot_control/package.bash'
[23.529s] INFO:colcon.colcon_core.shell:Creating package script '/home/fyp/Desktop/swarm_repo/robot/ros2ws/install/my_robot_control/share/my_robot_control/package.zsh'
[23.529s] Level 1:colcon.colcon_core.environment:create_file_with_runtime_dependencies(/home/fyp/Desktop/swarm_repo/robot/ros2ws/install/my_robot_control/share/colcon-core/packages/my_robot_control)
[23.530s] Level 1:colcon.colcon_core.environment:create_environment_scripts_only(my_robot_control)
[23.535s] Level 1:colcon.colcon_core.environment:checking '/home/fyp/Desktop/swarm_repo/robot/ros2ws/install/my_robot_control' for CMake module files
[23.540s] Level 1:colcon.colcon_core.environment:checking '/home/fyp/Desktop/swarm_repo/robot/ros2ws/install/my_robot_control' for CMake config files
[23.541s] Level 1:colcon.colcon_core.shell:create_environment_hook('my_robot_control', 'cmake_prefix_path')
[23.541s] INFO:colcon.colcon_core.shell:Creating environment hook '/home/fyp/Desktop/swarm_repo/robot/ros2ws/install/my_robot_control/share/my_robot_control/hook/cmake_prefix_path.ps1'
[23.543s] INFO:colcon.colcon_core.shell:Creating environment descriptor '/home/fyp/Desktop/swarm_repo/robot/ros2ws/install/my_robot_control/share/my_robot_control/hook/cmake_prefix_path.dsv'
[23.547s] INFO:colcon.colcon_core.shell:Creating environment hook '/home/fyp/Desktop/swarm_repo/robot/ros2ws/install/my_robot_control/share/my_robot_control/hook/cmake_prefix_path.sh'
[23.549s] Level 1:colcon.colcon_core.environment:checking '/home/fyp/Desktop/swarm_repo/robot/ros2ws/install/my_robot_control/lib'
[23.549s] Level 1:colcon.colcon_core.shell:create_environment_hook('my_robot_control', 'ld_library_path_lib')
[23.549s] INFO:colcon.colcon_core.shell:Creating environment hook '/home/fyp/Desktop/swarm_repo/robot/ros2ws/install/my_robot_control/share/my_robot_control/hook/ld_library_path_lib.ps1'
[23.554s] INFO:colcon.colcon_core.shell:Creating environment descriptor '/home/fyp/Desktop/swarm_repo/robot/ros2ws/install/my_robot_control/share/my_robot_control/hook/ld_library_path_lib.dsv'
[23.558s] INFO:colcon.colcon_core.shell:Creating environment hook '/home/fyp/Desktop/swarm_repo/robot/ros2ws/install/my_robot_control/share/my_robot_control/hook/ld_library_path_lib.sh'
[23.559s] Level 1:colcon.colcon_core.environment:checking '/home/fyp/Desktop/swarm_repo/robot/ros2ws/install/my_robot_control/bin'
[23.559s] Level 1:colcon.colcon_core.environment:checking '/home/fyp/Desktop/swarm_repo/robot/ros2ws/install/my_robot_control/lib/pkgconfig/my_robot_control.pc'
[23.560s] Level 1:colcon.colcon_core.environment:checking '/home/fyp/Desktop/swarm_repo/robot/ros2ws/install/my_robot_control/lib/python3.12/site-packages'
[23.560s] Level 1:colcon.colcon_core.environment:checking '/home/fyp/Desktop/swarm_repo/robot/ros2ws/install/my_robot_control/bin'
[23.562s] INFO:colcon.colcon_core.shell:Creating package script '/home/fyp/Desktop/swarm_repo/robot/ros2ws/install/my_robot_control/share/my_robot_control/package.ps1'
[23.564s] INFO:colcon.colcon_core.shell:Creating package descriptor '/home/fyp/Desktop/swarm_repo/robot/ros2ws/install/my_robot_control/share/my_robot_control/package.dsv'
[23.565s] INFO:colcon.colcon_core.shell:Creating package script '/home/fyp/Desktop/swarm_repo/robot/ros2ws/install/my_robot_control/share/my_robot_control/package.sh'
[23.567s] INFO:colcon.colcon_core.shell:Creating package script '/home/fyp/Desktop/swarm_repo/robot/ros2ws/install/my_robot_control/share/my_robot_control/package.bash'
[23.569s] INFO:colcon.colcon_core.shell:Creating package script '/home/fyp/Desktop/swarm_repo/robot/ros2ws/install/my_robot_control/share/my_robot_control/package.zsh'
[23.571s] Level 1:colcon.colcon_core.environment:create_file_with_runtime_dependencies(/home/fyp/Desktop/swarm_repo/robot/ros2ws/install/my_robot_control/share/colcon-core/packages/my_robot_control)
[43.255s] DEBUG:colcon.colcon_core.event_handler.log_command:Invoked command in '/home/fyp/Desktop/swarm_repo/robot/ros2ws/build/explore_lite' returned '0': CMAKE_PREFIX_PATH=${CMAKE_PREFIX_PATH}:/opt/ros/jazzy DEBUGINFOD_URLS=https://debuginfod.ubuntu.com /usr/bin/cmake --build /home/fyp/Desktop/swarm_repo/robot/ros2ws/build/explore_lite -- -j4 -l4
[43.257s] DEBUG:colcon.colcon_core.event_handler.log_command:Invoking command in '/home/fyp/Desktop/swarm_repo/robot/ros2ws/build/explore_lite': CMAKE_PREFIX_PATH=${CMAKE_PREFIX_PATH}:/opt/ros/jazzy DEBUGINFOD_URLS=https://debuginfod.ubuntu.com /usr/bin/cmake --install /home/fyp/Desktop/swarm_repo/robot/ros2ws/build/explore_lite
[43.306s] Level 1:colcon.colcon_core.environment:create_environment_scripts_only(explore_lite)
[43.307s] Level 1:colcon.colcon_core.environment:checking '/home/fyp/Desktop/swarm_repo/robot/ros2ws/install/explore_lite' for CMake module files
[43.307s] DEBUG:colcon.colcon_core.event_handler.log_command:Invoked command in '/home/fyp/Desktop/swarm_repo/robot/ros2ws/build/explore_lite' returned '0': CMAKE_PREFIX_PATH=${CMAKE_PREFIX_PATH}:/opt/ros/jazzy DEBUGINFOD_URLS=https://debuginfod.ubuntu.com /usr/bin/cmake --install /home/fyp/Desktop/swarm_repo/robot/ros2ws/build/explore_lite
[43.308s] Level 1:colcon.colcon_core.environment:checking '/home/fyp/Desktop/swarm_repo/robot/ros2ws/install/explore_lite' for CMake config files
[43.308s] Level 1:colcon.colcon_core.shell:create_environment_hook('explore_lite', 'cmake_prefix_path')
[43.308s] INFO:colcon.colcon_core.shell:Creating environment hook '/home/fyp/Desktop/swarm_repo/robot/ros2ws/install/explore_lite/share/explore_lite/hook/cmake_prefix_path.ps1'
[43.309s] INFO:colcon.colcon_core.shell:Creating environment descriptor '/home/fyp/Desktop/swarm_repo/robot/ros2ws/install/explore_lite/share/explore_lite/hook/cmake_prefix_path.dsv'
[43.309s] INFO:colcon.colcon_core.shell:Creating environment hook '/home/fyp/Desktop/swarm_repo/robot/ros2ws/install/explore_lite/share/explore_lite/hook/cmake_prefix_path.sh'
[43.310s] Level 1:colcon.colcon_core.environment:checking '/home/fyp/Desktop/swarm_repo/robot/ros2ws/install/explore_lite/lib'
[43.310s] Level 1:colcon.colcon_core.environment:checking '/home/fyp/Desktop/swarm_repo/robot/ros2ws/install/explore_lite/bin'
[43.310s] Level 1:colcon.colcon_core.environment:checking '/home/fyp/Desktop/swarm_repo/robot/ros2ws/install/explore_lite/lib/pkgconfig/explore_lite.pc'
[43.310s] Level 1:colcon.colcon_core.environment:checking '/home/fyp/Desktop/swarm_repo/robot/ros2ws/install/explore_lite/lib/python3.12/site-packages'
[43.311s] Level 1:colcon.colcon_core.environment:checking '/home/fyp/Desktop/swarm_repo/robot/ros2ws/install/explore_lite/bin'
[43.311s] INFO:colcon.colcon_core.shell:Creating package script '/home/fyp/Desktop/swarm_repo/robot/ros2ws/install/explore_lite/share/explore_lite/package.ps1'
[43.311s] INFO:colcon.colcon_core.shell:Creating package descriptor '/home/fyp/Desktop/swarm_repo/robot/ros2ws/install/explore_lite/share/explore_lite/package.dsv'
[43.312s] INFO:colcon.colcon_core.shell:Creating package script '/home/fyp/Desktop/swarm_repo/robot/ros2ws/install/explore_lite/share/explore_lite/package.sh'
[43.312s] INFO:colcon.colcon_core.shell:Creating package script '/home/fyp/Desktop/swarm_repo/robot/ros2ws/install/explore_lite/share/explore_lite/package.bash'
[43.313s] INFO:colcon.colcon_core.shell:Creating package script '/home/fyp/Desktop/swarm_repo/robot/ros2ws/install/explore_lite/share/explore_lite/package.zsh'
[43.313s] Level 1:colcon.colcon_core.environment:create_file_with_runtime_dependencies(/home/fyp/Desktop/swarm_repo/robot/ros2ws/install/explore_lite/share/colcon-core/packages/explore_lite)
[43.314s] Level 1:colcon.colcon_core.environment:create_environment_scripts_only(explore_lite)
[43.314s] Level 1:colcon.colcon_core.environment:checking '/home/fyp/Desktop/swarm_repo/robot/ros2ws/install/explore_lite' for CMake module files
[43.315s] Level 1:colcon.colcon_core.environment:checking '/home/fyp/Desktop/swarm_repo/robot/ros2ws/install/explore_lite' for CMake config files
[43.315s] Level 1:colcon.colcon_core.shell:create_environment_hook('explore_lite', 'cmake_prefix_path')
[43.315s] INFO:colcon.colcon_core.shell:Creating environment hook '/home/fyp/Desktop/swarm_repo/robot/ros2ws/install/explore_lite/share/explore_lite/hook/cmake_prefix_path.ps1'
[43.316s] INFO:colcon.colcon_core.shell:Creating environment descriptor '/home/fyp/Desktop/swarm_repo/robot/ros2ws/install/explore_lite/share/explore_lite/hook/cmake_prefix_path.dsv'
[43.317s] INFO:colcon.colcon_core.shell:Creating environment hook '/home/fyp/Desktop/swarm_repo/robot/ros2ws/install/explore_lite/share/explore_lite/hook/cmake_prefix_path.sh'
[43.318s] Level 1:colcon.colcon_core.environment:checking '/home/fyp/Desktop/swarm_repo/robot/ros2ws/install/explore_lite/lib'
[43.318s] Level 1:colcon.colcon_core.environment:checking '/home/fyp/Desktop/swarm_repo/robot/ros2ws/install/explore_lite/bin'
[43.318s] Level 1:colcon.colcon_core.environment:checking '/home/fyp/Desktop/swarm_repo/robot/ros2ws/install/explore_lite/lib/pkgconfig/explore_lite.pc'
[43.319s] Level 1:colcon.colcon_core.environment:checking '/home/fyp/Desktop/swarm_repo/robot/ros2ws/install/explore_lite/lib/python3.12/site-packages'
[43.319s] Level 1:colcon.colcon_core.environment:checking '/home/fyp/Desktop/swarm_repo/robot/ros2ws/install/explore_lite/bin'
[43.319s] INFO:colcon.colcon_core.shell:Creating package script '/home/fyp/Desktop/swarm_repo/robot/ros2ws/install/explore_lite/share/explore_lite/package.ps1'
[43.320s] INFO:colcon.colcon_core.shell:Creating package descriptor '/home/fyp/Desktop/swarm_repo/robot/ros2ws/install/explore_lite/share/explore_lite/package.dsv'
[43.321s] INFO:colcon.colcon_core.shell:Creating package script '/home/fyp/Desktop/swarm_repo/robot/ros2ws/install/explore_lite/share/explore_lite/package.sh'
[43.322s] INFO:colcon.colcon_core.shell:Creating package script '/home/fyp/Desktop/swarm_repo/robot/ros2ws/install/explore_lite/share/explore_lite/package.bash'
[43.323s] INFO:colcon.colcon_core.shell:Creating package script '/home/fyp/Desktop/swarm_repo/robot/ros2ws/install/explore_lite/share/explore_lite/package.zsh'
[43.324s] Level 1:colcon.colcon_core.environment:create_file_with_runtime_dependencies(/home/fyp/Desktop/swarm_repo/robot/ros2ws/install/explore_lite/share/colcon-core/packages/explore_lite)
[43.325s] DEBUG:colcon.colcon_parallel_executor.executor.parallel:closing loop
[43.325s] DEBUG:colcon.colcon_parallel_executor.executor.parallel:loop closed
[43.325s] DEBUG:colcon.colcon_parallel_executor.executor.parallel:run_until_complete finished with '0'
[43.325s] DEBUG:colcon.colcon_core.event_reactor:joining thread
[43.334s] INFO:colcon.colcon_core.plugin_system:Skipping extension 'colcon_notification.desktop_notification.terminal_notifier': Not used on non-Darwin systems
[43.334s] INFO:colcon.colcon_core.plugin_system:Skipping extension 'colcon_notification.desktop_notification.win32': Not used on non-Windows systems
[43.334s] INFO:colcon.colcon_notification.desktop_notification:Sending desktop notification using 'notify2'
[68.360s] DEBUG:colcon.colcon_notification.desktop_notification.notify2:Failed to initialize notify2: org.freedesktop.DBus.Error.NoReply: Did not receive a reply. Possible causes include: the remote application did not send a reply, the message bus security policy blocked the reply, the reply timeout expired, or the network connection was broken.
[68.361s] DEBUG:colcon.colcon_core.event_reactor:joined thread
[68.361s] INFO:colcon.colcon_core.shell:Creating prefix script '/home/fyp/Desktop/swarm_repo/robot/ros2ws/install/local_setup.ps1'
[68.363s] INFO:colcon.colcon_core.shell:Creating prefix util module '/home/fyp/Desktop/swarm_repo/robot/ros2ws/install/_local_setup_util_ps1.py'
[68.366s] INFO:colcon.colcon_core.shell:Creating prefix chain script '/home/fyp/Desktop/swarm_repo/robot/ros2ws/install/setup.ps1'
[68.368s] INFO:colcon.colcon_core.shell:Creating prefix script '/home/fyp/Desktop/swarm_repo/robot/ros2ws/install/local_setup.sh'
[68.369s] INFO:colcon.colcon_core.shell:Creating prefix util module '/home/fyp/Desktop/swarm_repo/robot/ros2ws/install/_local_setup_util_sh.py'
[68.370s] INFO:colcon.colcon_core.shell:Creating prefix chain script '/home/fyp/Desktop/swarm_repo/robot/ros2ws/install/setup.sh'
[68.372s] INFO:colcon.colcon_core.shell:Creating prefix script '/home/fyp/Desktop/swarm_repo/robot/ros2ws/install/local_setup.bash'
[68.373s] INFO:colcon.colcon_core.shell:Creating prefix chain script '/home/fyp/Desktop/swarm_repo/robot/ros2ws/install/setup.bash'
[68.375s] INFO:colcon.colcon_core.shell:Creating prefix script '/home/fyp/Desktop/swarm_repo/robot/ros2ws/install/local_setup.zsh'
[68.376s] INFO:colcon.colcon_core.shell:Creating prefix chain script '/home/fyp/Desktop/swarm_repo/robot/ros2ws/install/setup.zsh'
