[1.542s] Invoking command in '/home/fyp/Desktop/robot/ros2ws/src/imu_reader': DEBUGINFOD_URLS=https://debuginfod.ubuntu.com PYTHONPATH=/home/fyp/Desktop/robot/ros2ws/build/imu_reader/prefix_override:/usr/lib/python3/dist-packages/colcon_core/task/python/colcon_distutils_commands:/home/fyp/Desktop/robot/ros2ws/install/imu_reader/lib/python3.12/site-packages:${PYTHONPATH} /usr/bin/python3 -W ignore:setup.py install is deprecated -W ignore:easy_install command is deprecated setup.py egg_info --egg-base ../../build/imu_reader build --build-base /home/fyp/Desktop/robot/ros2ws/build/imu_reader/build install --record /home/fyp/Desktop/robot/ros2ws/build/imu_reader/install.log --single-version-externally-managed install_data
[1.968s] running egg_info
[1.968s] creating ../../build/imu_reader/imu_reader.egg-info
[1.993s] writing ../../build/imu_reader/imu_reader.egg-info/PKG-INFO
[1.994s] writing dependency_links to ../../build/imu_reader/imu_reader.egg-info/dependency_links.txt
[1.995s] writing entry points to ../../build/imu_reader/imu_reader.egg-info/entry_points.txt
[1.995s] writing requirements to ../../build/imu_reader/imu_reader.egg-info/requires.txt
[1.995s] writing top-level names to ../../build/imu_reader/imu_reader.egg-info/top_level.txt
[1.995s] writing manifest file '../../build/imu_reader/imu_reader.egg-info/SOURCES.txt'
[2.048s] reading manifest file '../../build/imu_reader/imu_reader.egg-info/SOURCES.txt'
[2.049s] writing manifest file '../../build/imu_reader/imu_reader.egg-info/SOURCES.txt'
[2.050s] running build
[2.050s] running build_py
[2.050s] creating /home/fyp/Desktop/robot/ros2ws/build/imu_reader/build
[2.050s] creating /home/fyp/Desktop/robot/ros2ws/build/imu_reader/build/lib
[2.050s] creating /home/fyp/Desktop/robot/ros2ws/build/imu_reader/build/lib/imu_reader
[2.050s] copying imu_reader/imu_reader_node.py -> /home/fyp/Desktop/robot/ros2ws/build/imu_reader/build/lib/imu_reader
[2.053s] copying imu_reader/__init__.py -> /home/fyp/Desktop/robot/ros2ws/build/imu_reader/build/lib/imu_reader
[2.056s] running install
[2.063s] running install_lib
[2.091s] creating /home/fyp/Desktop/robot/ros2ws/install/imu_reader/lib/python3.12/site-packages/imu_reader
[2.091s] copying /home/fyp/Desktop/robot/ros2ws/build/imu_reader/build/lib/imu_reader/imu_reader_node.py -> /home/fyp/Desktop/robot/ros2ws/install/imu_reader/lib/python3.12/site-packages/imu_reader
[2.092s] copying /home/fyp/Desktop/robot/ros2ws/build/imu_reader/build/lib/imu_reader/__init__.py -> /home/fyp/Desktop/robot/ros2ws/install/imu_reader/lib/python3.12/site-packages/imu_reader
[2.093s] byte-compiling /home/fyp/Desktop/robot/ros2ws/install/imu_reader/lib/python3.12/site-packages/imu_reader/imu_reader_node.py to imu_reader_node.cpython-312.pyc
[2.094s] byte-compiling /home/fyp/Desktop/robot/ros2ws/install/imu_reader/lib/python3.12/site-packages/imu_reader/__init__.py to __init__.cpython-312.pyc
[2.094s] running install_data
[2.095s] creating /home/fyp/Desktop/robot/ros2ws/install/imu_reader/share/ament_index
[2.095s] creating /home/fyp/Desktop/robot/ros2ws/install/imu_reader/share/ament_index/resource_index
[2.095s] creating /home/fyp/Desktop/robot/ros2ws/install/imu_reader/share/ament_index/resource_index/packages
[2.095s] copying resource/imu_reader -> /home/fyp/Desktop/robot/ros2ws/install/imu_reader/share/ament_index/resource_index/packages
[2.095s] copying package.xml -> /home/fyp/Desktop/robot/ros2ws/install/imu_reader/share/imu_reader
[2.096s] running install_egg_info
[2.128s] Copying ../../build/imu_reader/imu_reader.egg-info to /home/fyp/Desktop/robot/ros2ws/install/imu_reader/lib/python3.12/site-packages/imu_reader-0.0.0-py3.12.egg-info
[2.130s] running install_scripts
[2.314s] Installing imu_reader_node script to /home/fyp/Desktop/robot/ros2ws/install/imu_reader/lib/imu_reader
[2.316s] writing list of installed files to '/home/fyp/Desktop/robot/ros2ws/build/imu_reader/install.log'
[2.445s] Invoked command in '/home/fyp/Desktop/robot/ros2ws/src/imu_reader' returned '0': DEBUGINFOD_URLS=https://debuginfod.ubuntu.com PYTHONPATH=/home/fyp/Desktop/robot/ros2ws/build/imu_reader/prefix_override:/usr/lib/python3/dist-packages/colcon_core/task/python/colcon_distutils_commands:/home/fyp/Desktop/robot/ros2ws/install/imu_reader/lib/python3.12/site-packages:${PYTHONPATH} /usr/bin/python3 -W ignore:setup.py install is deprecated -W ignore:easy_install command is deprecated setup.py egg_info --egg-base ../../build/imu_reader build --build-base /home/fyp/Desktop/robot/ros2ws/build/imu_reader/build install --record /home/fyp/Desktop/robot/ros2ws/build/imu_reader/install.log --single-version-externally-managed install_data
