[0.697s] DEBUG:colcon:Command line arguments: ['/usr/bin/colcon', 'build']
[0.697s] DEBUG:colcon:Parsed command line arguments: Namespace(log_base=None, log_level=None, verb_name='build', build_base='build', install_base='install', merge_install=False, symlink_install=False, test_result_base=None, continue_on_error=False, executor='parallel', parallel_workers=4, event_handlers=None, ignore_user_meta=False, metas=['./colcon.meta'], base_paths=['.'], packages_ignore=None, packages_ignore_regex=None, paths=None, packages_up_to=None, packages_up_to_regex=None, packages_above=None, packages_above_and_dependencies=None, packages_above_depth=None, packages_select_by_dep=None, packages_skip_by_dep=None, packages_skip_up_to=None, packages_select_build_failed=False, packages_skip_build_finished=False, packages_select_test_failures=False, packages_skip_test_passed=False, packages_select=None, packages_skip=None, packages_select_regex=None, packages_skip_regex=None, packages_start=None, packages_end=None, allow_overriding=[], cmake_args=None, cmake_target=None, cmake_target_skip_unavailable=False, cmake_clean_cache=False, cmake_clean_first=False, cmake_force_configure=False, ament_cmake_args=None, catkin_cmake_args=None, catkin_skip_building_tests=False, mixin_files=None, mixin=None, verb_parser=<colcon_mixin.mixin.mixin_argument.MixinArgumentDecorator object at 0xffff9c373b00>, verb_extension=<colcon_core.verb.build.BuildVerb object at 0xffff9c4d50a0>, main=<bound method BuildVerb.main of <colcon_core.verb.build.BuildVerb object at 0xffff9c4d50a0>>, mixin_verb=('build',))
[0.835s] Level 1:colcon.colcon_core.package_discovery:discover_packages(colcon_meta) check parameters
[0.835s] Level 1:colcon.colcon_core.package_discovery:discover_packages(recursive) check parameters
[0.835s] Level 1:colcon.colcon_core.package_discovery:discover_packages(ignore) check parameters
[0.835s] Level 1:colcon.colcon_core.package_discovery:discover_packages(path) check parameters
[0.835s] Level 1:colcon.colcon_core.package_discovery:discover_packages(colcon_meta) discover
[0.835s] Level 1:colcon.colcon_core.package_discovery:discover_packages(recursive) discover
[0.835s] INFO:colcon.colcon_core.package_discovery:Crawling recursively for packages in '/home/fyp/Desktop/robot/ros2ws'
[0.836s] Level 1:colcon.colcon_core.package_identification:_identify(.) by extensions ['ignore', 'ignore_ament_install']
[0.836s] Level 1:colcon.colcon_core.package_identification:_identify(.) by extension 'ignore'
[0.836s] Level 1:colcon.colcon_core.package_identification:_identify(.) by extension 'ignore_ament_install'
[0.836s] Level 1:colcon.colcon_core.package_identification:_identify(.) by extensions ['colcon_pkg']
[0.836s] Level 1:colcon.colcon_core.package_identification:_identify(.) by extension 'colcon_pkg'
[0.836s] Level 1:colcon.colcon_core.package_identification:_identify(.) by extensions ['colcon_meta']
[0.836s] Level 1:colcon.colcon_core.package_identification:_identify(.) by extension 'colcon_meta'
[0.836s] Level 1:colcon.colcon_core.package_identification:_identify(.) by extensions ['ros']
[0.836s] Level 1:colcon.colcon_core.package_identification:_identify(.) by extension 'ros'
[0.893s] Level 1:colcon.colcon_core.package_identification:_identify(.) by extensions ['cmake', 'python']
[0.893s] Level 1:colcon.colcon_core.package_identification:_identify(.) by extension 'cmake'
[0.893s] Level 1:colcon.colcon_core.package_identification:_identify(.) by extension 'python'
[0.893s] Level 1:colcon.colcon_core.package_identification:_identify(.) by extensions ['python_setup_py']
[0.894s] Level 1:colcon.colcon_core.package_identification:_identify(.) by extension 'python_setup_py'
[0.894s] Level 1:colcon.colcon_core.package_identification:_identify(build) by extensions ['ignore', 'ignore_ament_install']
[0.894s] Level 1:colcon.colcon_core.package_identification:_identify(build) by extension 'ignore'
[0.894s] Level 1:colcon.colcon_core.package_identification:_identify(build) ignored
[0.894s] Level 1:colcon.colcon_core.package_identification:_identify(install) by extensions ['ignore', 'ignore_ament_install']
[0.894s] Level 1:colcon.colcon_core.package_identification:_identify(install) by extension 'ignore'
[0.894s] Level 1:colcon.colcon_core.package_identification:_identify(install) ignored
[0.895s] Level 1:colcon.colcon_core.package_identification:_identify(log) by extensions ['ignore', 'ignore_ament_install']
[0.895s] Level 1:colcon.colcon_core.package_identification:_identify(log) by extension 'ignore'
[0.895s] Level 1:colcon.colcon_core.package_identification:_identify(log) ignored
[0.895s] Level 1:colcon.colcon_core.package_identification:_identify(src) by extensions ['ignore', 'ignore_ament_install']
[0.895s] Level 1:colcon.colcon_core.package_identification:_identify(src) by extension 'ignore'
[0.895s] Level 1:colcon.colcon_core.package_identification:_identify(src) by extension 'ignore_ament_install'
[0.895s] Level 1:colcon.colcon_core.package_identification:_identify(src) by extensions ['colcon_pkg']
[0.895s] Level 1:colcon.colcon_core.package_identification:_identify(src) by extension 'colcon_pkg'
[0.895s] Level 1:colcon.colcon_core.package_identification:_identify(src) by extensions ['colcon_meta']
[0.895s] Level 1:colcon.colcon_core.package_identification:_identify(src) by extension 'colcon_meta'
[0.895s] Level 1:colcon.colcon_core.package_identification:_identify(src) by extensions ['ros']
[0.895s] Level 1:colcon.colcon_core.package_identification:_identify(src) by extension 'ros'
[0.895s] Level 1:colcon.colcon_core.package_identification:_identify(src) by extensions ['cmake', 'python']
[0.895s] Level 1:colcon.colcon_core.package_identification:_identify(src) by extension 'cmake'
[0.895s] Level 1:colcon.colcon_core.package_identification:_identify(src) by extension 'python'
[0.896s] Level 1:colcon.colcon_core.package_identification:_identify(src) by extensions ['python_setup_py']
[0.896s] Level 1:colcon.colcon_core.package_identification:_identify(src) by extension 'python_setup_py'
[0.896s] Level 1:colcon.colcon_core.package_identification:_identify(src/explore) by extensions ['ignore', 'ignore_ament_install']
[0.896s] Level 1:colcon.colcon_core.package_identification:_identify(src/explore) by extension 'ignore'
[0.896s] Level 1:colcon.colcon_core.package_identification:_identify(src/explore) by extension 'ignore_ament_install'
[0.896s] Level 1:colcon.colcon_core.package_identification:_identify(src/explore) by extensions ['colcon_pkg']
[0.896s] Level 1:colcon.colcon_core.package_identification:_identify(src/explore) by extension 'colcon_pkg'
[0.896s] Level 1:colcon.colcon_core.package_identification:_identify(src/explore) by extensions ['colcon_meta']
[0.896s] Level 1:colcon.colcon_core.package_identification:_identify(src/explore) by extension 'colcon_meta'
[0.896s] Level 1:colcon.colcon_core.package_identification:_identify(src/explore) by extensions ['ros']
[0.896s] Level 1:colcon.colcon_core.package_identification:_identify(src/explore) by extension 'ros'
[0.903s] DEBUG:colcon.colcon_core.package_identification:Package 'src/explore' with type 'ros.ament_cmake' and name 'explore_lite'
[0.903s] Level 1:colcon.colcon_core.package_identification:_identify(src/hardware_software) by extensions ['ignore', 'ignore_ament_install']
[0.903s] Level 1:colcon.colcon_core.package_identification:_identify(src/hardware_software) by extension 'ignore'
[0.903s] Level 1:colcon.colcon_core.package_identification:_identify(src/hardware_software) by extension 'ignore_ament_install'
[0.903s] Level 1:colcon.colcon_core.package_identification:_identify(src/hardware_software) by extensions ['colcon_pkg']
[0.903s] Level 1:colcon.colcon_core.package_identification:_identify(src/hardware_software) by extension 'colcon_pkg'
[0.904s] Level 1:colcon.colcon_core.package_identification:_identify(src/hardware_software) by extensions ['colcon_meta']
[0.904s] Level 1:colcon.colcon_core.package_identification:_identify(src/hardware_software) by extension 'colcon_meta'
[0.904s] Level 1:colcon.colcon_core.package_identification:_identify(src/hardware_software) by extensions ['ros']
[0.904s] Level 1:colcon.colcon_core.package_identification:_identify(src/hardware_software) by extension 'ros'
[0.905s] DEBUG:colcon.colcon_core.package_identification:Package 'src/hardware_software' with type 'ros.ament_python' and name 'hardware_software'
[0.905s] Level 1:colcon.colcon_core.package_identification:_identify(src/imu_reader) by extensions ['ignore', 'ignore_ament_install']
[0.905s] Level 1:colcon.colcon_core.package_identification:_identify(src/imu_reader) by extension 'ignore'
[0.905s] Level 1:colcon.colcon_core.package_identification:_identify(src/imu_reader) by extension 'ignore_ament_install'
[0.905s] Level 1:colcon.colcon_core.package_identification:_identify(src/imu_reader) by extensions ['colcon_pkg']
[0.906s] Level 1:colcon.colcon_core.package_identification:_identify(src/imu_reader) by extension 'colcon_pkg'
[0.906s] Level 1:colcon.colcon_core.package_identification:_identify(src/imu_reader) by extensions ['colcon_meta']
[0.906s] Level 1:colcon.colcon_core.package_identification:_identify(src/imu_reader) by extension 'colcon_meta'
[0.906s] Level 1:colcon.colcon_core.package_identification:_identify(src/imu_reader) by extensions ['ros']
[0.906s] Level 1:colcon.colcon_core.package_identification:_identify(src/imu_reader) by extension 'ros'
[0.907s] DEBUG:colcon.colcon_core.package_identification:Package 'src/imu_reader' with type 'ros.ament_python' and name 'imu_reader'
[0.907s] Level 1:colcon.colcon_core.package_identification:_identify(src/motor_controller) by extensions ['ignore', 'ignore_ament_install']
[0.907s] Level 1:colcon.colcon_core.package_identification:_identify(src/motor_controller) by extension 'ignore'
[0.907s] Level 1:colcon.colcon_core.package_identification:_identify(src/motor_controller) by extension 'ignore_ament_install'
[0.907s] Level 1:colcon.colcon_core.package_identification:_identify(src/motor_controller) by extensions ['colcon_pkg']
[0.907s] Level 1:colcon.colcon_core.package_identification:_identify(src/motor_controller) by extension 'colcon_pkg'
[0.908s] Level 1:colcon.colcon_core.package_identification:_identify(src/motor_controller) by extensions ['colcon_meta']
[0.908s] Level 1:colcon.colcon_core.package_identification:_identify(src/motor_controller) by extension 'colcon_meta'
[0.908s] Level 1:colcon.colcon_core.package_identification:_identify(src/motor_controller) by extensions ['ros']
[0.908s] Level 1:colcon.colcon_core.package_identification:_identify(src/motor_controller) by extension 'ros'
[0.909s] DEBUG:colcon.colcon_core.package_identification:Package 'src/motor_controller' with type 'ros.ament_python' and name 'motor_controller'
[0.909s] Level 1:colcon.colcon_core.package_identification:_identify(src/my_robot_control) by extensions ['ignore', 'ignore_ament_install']
[0.909s] Level 1:colcon.colcon_core.package_identification:_identify(src/my_robot_control) by extension 'ignore'
[0.909s] Level 1:colcon.colcon_core.package_identification:_identify(src/my_robot_control) by extension 'ignore_ament_install'
[0.909s] Level 1:colcon.colcon_core.package_identification:_identify(src/my_robot_control) by extensions ['colcon_pkg']
[0.909s] Level 1:colcon.colcon_core.package_identification:_identify(src/my_robot_control) by extension 'colcon_pkg'
[0.909s] Level 1:colcon.colcon_core.package_identification:_identify(src/my_robot_control) by extensions ['colcon_meta']
[0.909s] Level 1:colcon.colcon_core.package_identification:_identify(src/my_robot_control) by extension 'colcon_meta'
[0.909s] Level 1:colcon.colcon_core.package_identification:_identify(src/my_robot_control) by extensions ['ros']
[0.910s] Level 1:colcon.colcon_core.package_identification:_identify(src/my_robot_control) by extension 'ros'
[0.911s] DEBUG:colcon.colcon_core.package_identification:Package 'src/my_robot_control' with type 'ros.ament_cmake' and name 'my_robot_control'
[0.911s] Level 1:colcon.colcon_core.package_discovery:discover_packages(recursive) using defaults
[0.911s] Level 1:colcon.colcon_core.package_discovery:discover_packages(ignore) discover
[0.911s] Level 1:colcon.colcon_core.package_discovery:discover_packages(ignore) using defaults
[0.911s] Level 1:colcon.colcon_core.package_discovery:discover_packages(path) discover
[0.911s] Level 1:colcon.colcon_core.package_discovery:discover_packages(path) using defaults
[0.957s] Level 1:colcon.colcon_core.package_discovery:discover_packages(prefix_path) check parameters
[0.957s] Level 1:colcon.colcon_core.package_discovery:discover_packages(prefix_path) discover
[0.965s] DEBUG:colcon.colcon_installed_package_information.package_discovery:Found 338 installed packages in /opt/ros/jazzy
[0.969s] Level 1:colcon.colcon_core.package_discovery:discover_packages(prefix_path) using defaults
[1.035s] Level 5:colcon.colcon_core.verb:set package 'explore_lite' build argument 'cmake_args' from command line to 'None'
[1.035s] Level 5:colcon.colcon_core.verb:set package 'explore_lite' build argument 'cmake_target' from command line to 'None'
[1.035s] Level 5:colcon.colcon_core.verb:set package 'explore_lite' build argument 'cmake_target_skip_unavailable' from command line to 'False'
[1.035s] Level 5:colcon.colcon_core.verb:set package 'explore_lite' build argument 'cmake_clean_cache' from command line to 'False'
[1.035s] Level 5:colcon.colcon_core.verb:set package 'explore_lite' build argument 'cmake_clean_first' from command line to 'False'
[1.035s] Level 5:colcon.colcon_core.verb:set package 'explore_lite' build argument 'cmake_force_configure' from command line to 'False'
[1.035s] Level 5:colcon.colcon_core.verb:set package 'explore_lite' build argument 'ament_cmake_args' from command line to 'None'
[1.035s] Level 5:colcon.colcon_core.verb:set package 'explore_lite' build argument 'catkin_cmake_args' from command line to 'None'
[1.035s] Level 5:colcon.colcon_core.verb:set package 'explore_lite' build argument 'catkin_skip_building_tests' from command line to 'False'
[1.036s] DEBUG:colcon.colcon_core.verb:Building package 'explore_lite' with the following arguments: {'ament_cmake_args': None, 'build_base': '/home/fyp/Desktop/robot/ros2ws/build/explore_lite', 'catkin_cmake_args': None, 'catkin_skip_building_tests': False, 'cmake_args': None, 'cmake_clean_cache': False, 'cmake_clean_first': False, 'cmake_force_configure': False, 'cmake_target': None, 'cmake_target_skip_unavailable': False, 'install_base': '/home/fyp/Desktop/robot/ros2ws/install/explore_lite', 'merge_install': False, 'path': '/home/fyp/Desktop/robot/ros2ws/src/explore', 'symlink_install': False, 'test_result_base': None}
[1.036s] Level 5:colcon.colcon_core.verb:set package 'hardware_software' build argument 'cmake_args' from command line to 'None'
[1.036s] Level 5:colcon.colcon_core.verb:set package 'hardware_software' build argument 'cmake_target' from command line to 'None'
[1.036s] Level 5:colcon.colcon_core.verb:set package 'hardware_software' build argument 'cmake_target_skip_unavailable' from command line to 'False'
[1.036s] Level 5:colcon.colcon_core.verb:set package 'hardware_software' build argument 'cmake_clean_cache' from command line to 'False'
[1.036s] Level 5:colcon.colcon_core.verb:set package 'hardware_software' build argument 'cmake_clean_first' from command line to 'False'
[1.036s] Level 5:colcon.colcon_core.verb:set package 'hardware_software' build argument 'cmake_force_configure' from command line to 'False'
[1.036s] Level 5:colcon.colcon_core.verb:set package 'hardware_software' build argument 'ament_cmake_args' from command line to 'None'
[1.036s] Level 5:colcon.colcon_core.verb:set package 'hardware_software' build argument 'catkin_cmake_args' from command line to 'None'
[1.036s] Level 5:colcon.colcon_core.verb:set package 'hardware_software' build argument 'catkin_skip_building_tests' from command line to 'False'
[1.036s] DEBUG:colcon.colcon_core.verb:Building package 'hardware_software' with the following arguments: {'ament_cmake_args': None, 'build_base': '/home/fyp/Desktop/robot/ros2ws/build/hardware_software', 'catkin_cmake_args': None, 'catkin_skip_building_tests': False, 'cmake_args': None, 'cmake_clean_cache': False, 'cmake_clean_first': False, 'cmake_force_configure': False, 'cmake_target': None, 'cmake_target_skip_unavailable': False, 'install_base': '/home/fyp/Desktop/robot/ros2ws/install/hardware_software', 'merge_install': False, 'path': '/home/fyp/Desktop/robot/ros2ws/src/hardware_software', 'symlink_install': False, 'test_result_base': None}
[1.037s] Level 5:colcon.colcon_core.verb:set package 'imu_reader' build argument 'cmake_args' from command line to 'None'
[1.037s] Level 5:colcon.colcon_core.verb:set package 'imu_reader' build argument 'cmake_target' from command line to 'None'
[1.037s] Level 5:colcon.colcon_core.verb:set package 'imu_reader' build argument 'cmake_target_skip_unavailable' from command line to 'False'
[1.037s] Level 5:colcon.colcon_core.verb:set package 'imu_reader' build argument 'cmake_clean_cache' from command line to 'False'
[1.037s] Level 5:colcon.colcon_core.verb:set package 'imu_reader' build argument 'cmake_clean_first' from command line to 'False'
[1.037s] Level 5:colcon.colcon_core.verb:set package 'imu_reader' build argument 'cmake_force_configure' from command line to 'False'
[1.037s] Level 5:colcon.colcon_core.verb:set package 'imu_reader' build argument 'ament_cmake_args' from command line to 'None'
[1.037s] Level 5:colcon.colcon_core.verb:set package 'imu_reader' build argument 'catkin_cmake_args' from command line to 'None'
[1.037s] Level 5:colcon.colcon_core.verb:set package 'imu_reader' build argument 'catkin_skip_building_tests' from command line to 'False'
[1.037s] DEBUG:colcon.colcon_core.verb:Building package 'imu_reader' with the following arguments: {'ament_cmake_args': None, 'build_base': '/home/fyp/Desktop/robot/ros2ws/build/imu_reader', 'catkin_cmake_args': None, 'catkin_skip_building_tests': False, 'cmake_args': None, 'cmake_clean_cache': False, 'cmake_clean_first': False, 'cmake_force_configure': False, 'cmake_target': None, 'cmake_target_skip_unavailable': False, 'install_base': '/home/fyp/Desktop/robot/ros2ws/install/imu_reader', 'merge_install': False, 'path': '/home/fyp/Desktop/robot/ros2ws/src/imu_reader', 'symlink_install': False, 'test_result_base': None}
[1.037s] Level 5:colcon.colcon_core.verb:set package 'motor_controller' build argument 'cmake_args' from command line to 'None'
[1.037s] Level 5:colcon.colcon_core.verb:set package 'motor_controller' build argument 'cmake_target' from command line to 'None'
[1.037s] Level 5:colcon.colcon_core.verb:set package 'motor_controller' build argument 'cmake_target_skip_unavailable' from command line to 'False'
[1.037s] Level 5:colcon.colcon_core.verb:set package 'motor_controller' build argument 'cmake_clean_cache' from command line to 'False'
[1.037s] Level 5:colcon.colcon_core.verb:set package 'motor_controller' build argument 'cmake_clean_first' from command line to 'False'
[1.037s] Level 5:colcon.colcon_core.verb:set package 'motor_controller' build argument 'cmake_force_configure' from command line to 'False'
[1.037s] Level 5:colcon.colcon_core.verb:set package 'motor_controller' build argument 'ament_cmake_args' from command line to 'None'
[1.037s] Level 5:colcon.colcon_core.verb:set package 'motor_controller' build argument 'catkin_cmake_args' from command line to 'None'
[1.037s] Level 5:colcon.colcon_core.verb:set package 'motor_controller' build argument 'catkin_skip_building_tests' from command line to 'False'
[1.037s] DEBUG:colcon.colcon_core.verb:Building package 'motor_controller' with the following arguments: {'ament_cmake_args': None, 'build_base': '/home/fyp/Desktop/robot/ros2ws/build/motor_controller', 'catkin_cmake_args': None, 'catkin_skip_building_tests': False, 'cmake_args': None, 'cmake_clean_cache': False, 'cmake_clean_first': False, 'cmake_force_configure': False, 'cmake_target': None, 'cmake_target_skip_unavailable': False, 'install_base': '/home/fyp/Desktop/robot/ros2ws/install/motor_controller', 'merge_install': False, 'path': '/home/fyp/Desktop/robot/ros2ws/src/motor_controller', 'symlink_install': False, 'test_result_base': None}
[1.038s] Level 5:colcon.colcon_core.verb:set package 'my_robot_control' build argument 'cmake_args' from command line to 'None'
[1.038s] Level 5:colcon.colcon_core.verb:set package 'my_robot_control' build argument 'cmake_target' from command line to 'None'
[1.038s] Level 5:colcon.colcon_core.verb:set package 'my_robot_control' build argument 'cmake_target_skip_unavailable' from command line to 'False'
[1.038s] Level 5:colcon.colcon_core.verb:set package 'my_robot_control' build argument 'cmake_clean_cache' from command line to 'False'
[1.038s] Level 5:colcon.colcon_core.verb:set package 'my_robot_control' build argument 'cmake_clean_first' from command line to 'False'
[1.038s] Level 5:colcon.colcon_core.verb:set package 'my_robot_control' build argument 'cmake_force_configure' from command line to 'False'
[1.038s] Level 5:colcon.colcon_core.verb:set package 'my_robot_control' build argument 'ament_cmake_args' from command line to 'None'
[1.038s] Level 5:colcon.colcon_core.verb:set package 'my_robot_control' build argument 'catkin_cmake_args' from command line to 'None'
[1.038s] Level 5:colcon.colcon_core.verb:set package 'my_robot_control' build argument 'catkin_skip_building_tests' from command line to 'False'
[1.038s] DEBUG:colcon.colcon_core.verb:Building package 'my_robot_control' with the following arguments: {'ament_cmake_args': None, 'build_base': '/home/fyp/Desktop/robot/ros2ws/build/my_robot_control', 'catkin_cmake_args': None, 'catkin_skip_building_tests': False, 'cmake_args': None, 'cmake_clean_cache': False, 'cmake_clean_first': False, 'cmake_force_configure': False, 'cmake_target': None, 'cmake_target_skip_unavailable': False, 'install_base': '/home/fyp/Desktop/robot/ros2ws/install/my_robot_control', 'merge_install': False, 'path': '/home/fyp/Desktop/robot/ros2ws/src/my_robot_control', 'symlink_install': False, 'test_result_base': None}
[1.038s] INFO:colcon.colcon_core.executor:Executing jobs using 'parallel' executor
[1.039s] DEBUG:colcon.colcon_parallel_executor.executor.parallel:run_until_complete
[1.040s] INFO:colcon.colcon_ros.task.ament_cmake.build:Building ROS package in '/home/fyp/Desktop/robot/ros2ws/src/explore' with build type 'ament_cmake'
[1.040s] INFO:colcon.colcon_cmake.task.cmake.build:Building CMake package in '/home/fyp/Desktop/robot/ros2ws/src/explore'
[1.050s] INFO:colcon.colcon_core.plugin_system:Skipping extension 'colcon_core.shell.bat': Not used on non-Windows systems
[1.050s] INFO:colcon.colcon_core.shell:Skip shell extension 'powershell' for command environment: Not usable outside of PowerShell
[1.051s] DEBUG:colcon.colcon_core.shell:Skip shell extension 'dsv' for command environment
[1.056s] INFO:colcon.colcon_ros.task.ament_python.build:Building ROS package in '/home/fyp/Desktop/robot/ros2ws/src/hardware_software' with build type 'ament_python'
[1.056s] Level 1:colcon.colcon_core.shell:create_environment_hook('hardware_software', 'ament_prefix_path')
[1.057s] INFO:colcon.colcon_core.shell:Creating environment hook '/home/fyp/Desktop/robot/ros2ws/install/hardware_software/share/hardware_software/hook/ament_prefix_path.ps1'
[1.061s] INFO:colcon.colcon_core.shell:Creating environment descriptor '/home/fyp/Desktop/robot/ros2ws/install/hardware_software/share/hardware_software/hook/ament_prefix_path.dsv'
[1.063s] INFO:colcon.colcon_core.shell:Creating environment hook '/home/fyp/Desktop/robot/ros2ws/install/hardware_software/share/hardware_software/hook/ament_prefix_path.sh'
[1.066s] INFO:colcon.colcon_core.shell:Skip shell extension 'powershell' for command environment: Not usable outside of PowerShell
[1.066s] DEBUG:colcon.colcon_core.shell:Skip shell extension 'dsv' for command environment
[1.071s] INFO:colcon.colcon_ros.task.ament_python.build:Building ROS package in '/home/fyp/Desktop/robot/ros2ws/src/imu_reader' with build type 'ament_python'
[1.071s] Level 1:colcon.colcon_core.shell:create_environment_hook('imu_reader', 'ament_prefix_path')
[1.072s] INFO:colcon.colcon_core.shell:Creating environment hook '/home/fyp/Desktop/robot/ros2ws/install/imu_reader/share/imu_reader/hook/ament_prefix_path.ps1'
[1.072s] INFO:colcon.colcon_core.shell:Creating environment descriptor '/home/fyp/Desktop/robot/ros2ws/install/imu_reader/share/imu_reader/hook/ament_prefix_path.dsv'
[1.073s] INFO:colcon.colcon_core.shell:Creating environment hook '/home/fyp/Desktop/robot/ros2ws/install/imu_reader/share/imu_reader/hook/ament_prefix_path.sh'
[1.075s] INFO:colcon.colcon_core.shell:Skip shell extension 'powershell' for command environment: Not usable outside of PowerShell
[1.075s] DEBUG:colcon.colcon_core.shell:Skip shell extension 'dsv' for command environment
[1.080s] INFO:colcon.colcon_ros.task.ament_python.build:Building ROS package in '/home/fyp/Desktop/robot/ros2ws/src/motor_controller' with build type 'ament_python'
[1.080s] Level 1:colcon.colcon_core.shell:create_environment_hook('motor_controller', 'ament_prefix_path')
[1.080s] INFO:colcon.colcon_core.shell:Creating environment hook '/home/fyp/Desktop/robot/ros2ws/install/motor_controller/share/motor_controller/hook/ament_prefix_path.ps1'
[1.081s] INFO:colcon.colcon_core.shell:Creating environment descriptor '/home/fyp/Desktop/robot/ros2ws/install/motor_controller/share/motor_controller/hook/ament_prefix_path.dsv'
[1.082s] INFO:colcon.colcon_core.shell:Creating environment hook '/home/fyp/Desktop/robot/ros2ws/install/motor_controller/share/motor_controller/hook/ament_prefix_path.sh'
[1.083s] INFO:colcon.colcon_core.shell:Skip shell extension 'powershell' for command environment: Not usable outside of PowerShell
[1.083s] DEBUG:colcon.colcon_core.shell:Skip shell extension 'dsv' for command environment
[1.096s] DEBUG:colcon.colcon_core.event_handler.log_command:Invoking command in '/home/fyp/Desktop/robot/ros2ws/build/explore_lite': CMAKE_PREFIX_PATH=${CMAKE_PREFIX_PATH}:/opt/ros/jazzy DEBUGINFOD_URLS=https://debuginfod.ubuntu.com /usr/bin/cmake --build /home/fyp/Desktop/robot/ros2ws/build/explore_lite -- -j4 -l4
[1.493s] INFO:colcon.colcon_core.task.python.build:Building Python package in '/home/fyp/Desktop/robot/ros2ws/src/hardware_software'
[1.494s] INFO:colcon.colcon_core.shell:Skip shell extension 'powershell' for command environment: Not usable outside of PowerShell
[1.494s] DEBUG:colcon.colcon_core.shell:Skip shell extension 'dsv' for command environment
[1.808s] INFO:colcon.colcon_core.task.python.build:Building Python package in '/home/fyp/Desktop/robot/ros2ws/src/imu_reader'
[1.809s] INFO:colcon.colcon_core.shell:Skip shell extension 'powershell' for command environment: Not usable outside of PowerShell
[1.809s] DEBUG:colcon.colcon_core.shell:Skip shell extension 'dsv' for command environment
[1.817s] DEBUG:colcon.colcon_core.event_handler.log_command:Invoked command in '/home/fyp/Desktop/robot/ros2ws/build/explore_lite' returned '0': CMAKE_PREFIX_PATH=${CMAKE_PREFIX_PATH}:/opt/ros/jazzy DEBUGINFOD_URLS=https://debuginfod.ubuntu.com /usr/bin/cmake --build /home/fyp/Desktop/robot/ros2ws/build/explore_lite -- -j4 -l4
[1.838s] DEBUG:colcon.colcon_core.event_handler.log_command:Invoking command in '/home/fyp/Desktop/robot/ros2ws/build/explore_lite': CMAKE_PREFIX_PATH=${CMAKE_PREFIX_PATH}:/opt/ros/jazzy DEBUGINFOD_URLS=https://debuginfod.ubuntu.com /usr/bin/cmake --install /home/fyp/Desktop/robot/ros2ws/build/explore_lite
[2.157s] INFO:colcon.colcon_core.task.python.build:Building Python package in '/home/fyp/Desktop/robot/ros2ws/src/motor_controller'
[2.157s] INFO:colcon.colcon_core.shell:Skip shell extension 'powershell' for command environment: Not usable outside of PowerShell
[2.158s] DEBUG:colcon.colcon_core.shell:Skip shell extension 'dsv' for command environment
[2.172s] Level 1:colcon.colcon_core.environment:create_environment_scripts_only(explore_lite)
[2.174s] DEBUG:colcon.colcon_core.event_handler.log_command:Invoked command in '/home/fyp/Desktop/robot/ros2ws/build/explore_lite' returned '0': CMAKE_PREFIX_PATH=${CMAKE_PREFIX_PATH}:/opt/ros/jazzy DEBUGINFOD_URLS=https://debuginfod.ubuntu.com /usr/bin/cmake --install /home/fyp/Desktop/robot/ros2ws/build/explore_lite
[2.190s] Level 1:colcon.colcon_core.environment:checking '/home/fyp/Desktop/robot/ros2ws/install/explore_lite' for CMake module files
[2.191s] Level 1:colcon.colcon_core.environment:checking '/home/fyp/Desktop/robot/ros2ws/install/explore_lite' for CMake config files
[2.191s] Level 1:colcon.colcon_core.shell:create_environment_hook('explore_lite', 'cmake_prefix_path')
[2.191s] INFO:colcon.colcon_core.shell:Creating environment hook '/home/fyp/Desktop/robot/ros2ws/install/explore_lite/share/explore_lite/hook/cmake_prefix_path.ps1'
[2.192s] INFO:colcon.colcon_core.shell:Creating environment descriptor '/home/fyp/Desktop/robot/ros2ws/install/explore_lite/share/explore_lite/hook/cmake_prefix_path.dsv'
[2.194s] INFO:colcon.colcon_core.shell:Creating environment hook '/home/fyp/Desktop/robot/ros2ws/install/explore_lite/share/explore_lite/hook/cmake_prefix_path.sh'
[2.195s] Level 1:colcon.colcon_core.environment:checking '/home/fyp/Desktop/robot/ros2ws/install/explore_lite/lib'
[2.196s] Level 1:colcon.colcon_core.environment:checking '/home/fyp/Desktop/robot/ros2ws/install/explore_lite/bin'
[2.196s] Level 1:colcon.colcon_core.environment:checking '/home/fyp/Desktop/robot/ros2ws/install/explore_lite/lib/pkgconfig/explore_lite.pc'
[2.196s] Level 1:colcon.colcon_core.environment:checking '/home/fyp/Desktop/robot/ros2ws/install/explore_lite/lib/python3.12/site-packages'
[2.197s] Level 1:colcon.colcon_core.environment:checking '/home/fyp/Desktop/robot/ros2ws/install/explore_lite/bin'
[2.197s] INFO:colcon.colcon_core.shell:Creating package script '/home/fyp/Desktop/robot/ros2ws/install/explore_lite/share/explore_lite/package.ps1'
[2.199s] INFO:colcon.colcon_core.shell:Creating package descriptor '/home/fyp/Desktop/robot/ros2ws/install/explore_lite/share/explore_lite/package.dsv'
[2.203s] INFO:colcon.colcon_core.shell:Creating package script '/home/fyp/Desktop/robot/ros2ws/install/explore_lite/share/explore_lite/package.sh'
[2.208s] INFO:colcon.colcon_core.shell:Creating package script '/home/fyp/Desktop/robot/ros2ws/install/explore_lite/share/explore_lite/package.bash'
[2.211s] INFO:colcon.colcon_core.shell:Creating package script '/home/fyp/Desktop/robot/ros2ws/install/explore_lite/share/explore_lite/package.zsh'
[2.215s] Level 1:colcon.colcon_core.environment:create_file_with_runtime_dependencies(/home/fyp/Desktop/robot/ros2ws/install/explore_lite/share/colcon-core/packages/explore_lite)
[2.217s] Level 1:colcon.colcon_core.environment:create_environment_scripts_only(explore_lite)
[2.218s] Level 1:colcon.colcon_core.environment:checking '/home/fyp/Desktop/robot/ros2ws/install/explore_lite' for CMake module files
[2.219s] Level 1:colcon.colcon_core.environment:checking '/home/fyp/Desktop/robot/ros2ws/install/explore_lite' for CMake config files
[2.219s] Level 1:colcon.colcon_core.shell:create_environment_hook('explore_lite', 'cmake_prefix_path')
[2.219s] INFO:colcon.colcon_core.shell:Creating environment hook '/home/fyp/Desktop/robot/ros2ws/install/explore_lite/share/explore_lite/hook/cmake_prefix_path.ps1'
[2.220s] INFO:colcon.colcon_core.shell:Creating environment descriptor '/home/fyp/Desktop/robot/ros2ws/install/explore_lite/share/explore_lite/hook/cmake_prefix_path.dsv'
[2.221s] INFO:colcon.colcon_core.shell:Creating environment hook '/home/fyp/Desktop/robot/ros2ws/install/explore_lite/share/explore_lite/hook/cmake_prefix_path.sh'
[2.222s] Level 1:colcon.colcon_core.environment:checking '/home/fyp/Desktop/robot/ros2ws/install/explore_lite/lib'
[2.223s] Level 1:colcon.colcon_core.environment:checking '/home/fyp/Desktop/robot/ros2ws/install/explore_lite/bin'
[2.223s] Level 1:colcon.colcon_core.environment:checking '/home/fyp/Desktop/robot/ros2ws/install/explore_lite/lib/pkgconfig/explore_lite.pc'
[2.223s] Level 1:colcon.colcon_core.environment:checking '/home/fyp/Desktop/robot/ros2ws/install/explore_lite/lib/python3.12/site-packages'
[2.223s] Level 1:colcon.colcon_core.environment:checking '/home/fyp/Desktop/robot/ros2ws/install/explore_lite/bin'
[2.224s] INFO:colcon.colcon_core.shell:Creating package script '/home/fyp/Desktop/robot/ros2ws/install/explore_lite/share/explore_lite/package.ps1'
[2.225s] INFO:colcon.colcon_core.shell:Creating package descriptor '/home/fyp/Desktop/robot/ros2ws/install/explore_lite/share/explore_lite/package.dsv'
[2.226s] INFO:colcon.colcon_core.shell:Creating package script '/home/fyp/Desktop/robot/ros2ws/install/explore_lite/share/explore_lite/package.sh'
[2.227s] INFO:colcon.colcon_core.shell:Creating package script '/home/fyp/Desktop/robot/ros2ws/install/explore_lite/share/explore_lite/package.bash'
[2.228s] INFO:colcon.colcon_core.shell:Creating package script '/home/fyp/Desktop/robot/ros2ws/install/explore_lite/share/explore_lite/package.zsh'
[2.229s] Level 1:colcon.colcon_core.environment:create_file_with_runtime_dependencies(/home/fyp/Desktop/robot/ros2ws/install/explore_lite/share/colcon-core/packages/explore_lite)
[2.231s] INFO:colcon.colcon_ros.task.ament_cmake.build:Building ROS package in '/home/fyp/Desktop/robot/ros2ws/src/my_robot_control' with build type 'ament_cmake'
[2.231s] INFO:colcon.colcon_cmake.task.cmake.build:Building CMake package in '/home/fyp/Desktop/robot/ros2ws/src/my_robot_control'
[2.232s] INFO:colcon.colcon_core.shell:Skip shell extension 'powershell' for command environment: Not usable outside of PowerShell
[2.232s] DEBUG:colcon.colcon_core.shell:Skip shell extension 'dsv' for command environment
[2.255s] DEBUG:colcon.colcon_core.event_handler.log_command:Invoking command in '/home/fyp/Desktop/robot/ros2ws/build/my_robot_control': CMAKE_PREFIX_PATH=${CMAKE_PREFIX_PATH}:/opt/ros/jazzy DEBUGINFOD_URLS=https://debuginfod.ubuntu.com /usr/bin/cmake --build /home/fyp/Desktop/robot/ros2ws/build/my_robot_control -- -j4 -l4
[2.460s] DEBUG:colcon.colcon_core.event_handler.log_command:Invoked command in '/home/fyp/Desktop/robot/ros2ws/build/my_robot_control' returned '0': CMAKE_PREFIX_PATH=${CMAKE_PREFIX_PATH}:/opt/ros/jazzy DEBUGINFOD_URLS=https://debuginfod.ubuntu.com /usr/bin/cmake --build /home/fyp/Desktop/robot/ros2ws/build/my_robot_control -- -j4 -l4
[2.463s] DEBUG:colcon.colcon_core.event_handler.log_command:Invoking command in '/home/fyp/Desktop/robot/ros2ws/build/my_robot_control': CMAKE_PREFIX_PATH=${CMAKE_PREFIX_PATH}:/opt/ros/jazzy DEBUGINFOD_URLS=https://debuginfod.ubuntu.com /usr/bin/cmake --install /home/fyp/Desktop/robot/ros2ws/build/my_robot_control
[2.503s] Level 1:colcon.colcon_core.environment:create_environment_scripts_only(my_robot_control)
[2.503s] Level 1:colcon.colcon_core.environment:checking '/home/fyp/Desktop/robot/ros2ws/install/my_robot_control' for CMake module files
[2.504s] Level 1:colcon.colcon_core.environment:checking '/home/fyp/Desktop/robot/ros2ws/install/my_robot_control' for CMake config files
[2.505s] Level 1:colcon.colcon_core.shell:create_environment_hook('my_robot_control', 'cmake_prefix_path')
[2.505s] INFO:colcon.colcon_core.shell:Creating environment hook '/home/fyp/Desktop/robot/ros2ws/install/my_robot_control/share/my_robot_control/hook/cmake_prefix_path.ps1'
[2.505s] DEBUG:colcon.colcon_core.event_handler.log_command:Invoked command in '/home/fyp/Desktop/robot/ros2ws/build/my_robot_control' returned '0': CMAKE_PREFIX_PATH=${CMAKE_PREFIX_PATH}:/opt/ros/jazzy DEBUGINFOD_URLS=https://debuginfod.ubuntu.com /usr/bin/cmake --install /home/fyp/Desktop/robot/ros2ws/build/my_robot_control
[2.507s] INFO:colcon.colcon_core.shell:Creating environment descriptor '/home/fyp/Desktop/robot/ros2ws/install/my_robot_control/share/my_robot_control/hook/cmake_prefix_path.dsv'
[2.510s] INFO:colcon.colcon_core.shell:Creating environment hook '/home/fyp/Desktop/robot/ros2ws/install/my_robot_control/share/my_robot_control/hook/cmake_prefix_path.sh'
[2.512s] Level 1:colcon.colcon_core.environment:checking '/home/fyp/Desktop/robot/ros2ws/install/my_robot_control/lib'
[2.512s] Level 1:colcon.colcon_core.shell:create_environment_hook('my_robot_control', 'ld_library_path_lib')
[2.512s] INFO:colcon.colcon_core.shell:Creating environment hook '/home/fyp/Desktop/robot/ros2ws/install/my_robot_control/share/my_robot_control/hook/ld_library_path_lib.ps1'
[2.513s] INFO:colcon.colcon_core.shell:Creating environment descriptor '/home/fyp/Desktop/robot/ros2ws/install/my_robot_control/share/my_robot_control/hook/ld_library_path_lib.dsv'
[2.515s] INFO:colcon.colcon_core.shell:Creating environment hook '/home/fyp/Desktop/robot/ros2ws/install/my_robot_control/share/my_robot_control/hook/ld_library_path_lib.sh'
[2.518s] Level 1:colcon.colcon_core.environment:checking '/home/fyp/Desktop/robot/ros2ws/install/my_robot_control/bin'
[2.518s] Level 1:colcon.colcon_core.environment:checking '/home/fyp/Desktop/robot/ros2ws/install/my_robot_control/lib/pkgconfig/my_robot_control.pc'
[2.519s] Level 1:colcon.colcon_core.environment:checking '/home/fyp/Desktop/robot/ros2ws/install/my_robot_control/lib/python3.12/site-packages'
[2.519s] Level 1:colcon.colcon_core.environment:checking '/home/fyp/Desktop/robot/ros2ws/install/my_robot_control/bin'
[2.520s] INFO:colcon.colcon_core.shell:Creating package script '/home/fyp/Desktop/robot/ros2ws/install/my_robot_control/share/my_robot_control/package.ps1'
[2.521s] INFO:colcon.colcon_core.shell:Creating package descriptor '/home/fyp/Desktop/robot/ros2ws/install/my_robot_control/share/my_robot_control/package.dsv'
[2.522s] INFO:colcon.colcon_core.shell:Creating package script '/home/fyp/Desktop/robot/ros2ws/install/my_robot_control/share/my_robot_control/package.sh'
[2.523s] INFO:colcon.colcon_core.shell:Creating package script '/home/fyp/Desktop/robot/ros2ws/install/my_robot_control/share/my_robot_control/package.bash'
[2.526s] INFO:colcon.colcon_core.shell:Creating package script '/home/fyp/Desktop/robot/ros2ws/install/my_robot_control/share/my_robot_control/package.zsh'
[2.527s] Level 1:colcon.colcon_core.environment:create_file_with_runtime_dependencies(/home/fyp/Desktop/robot/ros2ws/install/my_robot_control/share/colcon-core/packages/my_robot_control)
[2.529s] Level 1:colcon.colcon_core.environment:create_environment_scripts_only(my_robot_control)
[2.529s] Level 1:colcon.colcon_core.environment:checking '/home/fyp/Desktop/robot/ros2ws/install/my_robot_control' for CMake module files
[2.532s] Level 1:colcon.colcon_core.environment:checking '/home/fyp/Desktop/robot/ros2ws/install/my_robot_control' for CMake config files
[2.532s] Level 1:colcon.colcon_core.shell:create_environment_hook('my_robot_control', 'cmake_prefix_path')
[2.533s] INFO:colcon.colcon_core.shell:Creating environment hook '/home/fyp/Desktop/robot/ros2ws/install/my_robot_control/share/my_robot_control/hook/cmake_prefix_path.ps1'
[2.533s] INFO:colcon.colcon_core.shell:Creating environment descriptor '/home/fyp/Desktop/robot/ros2ws/install/my_robot_control/share/my_robot_control/hook/cmake_prefix_path.dsv'
[2.538s] INFO:colcon.colcon_core.shell:Creating environment hook '/home/fyp/Desktop/robot/ros2ws/install/my_robot_control/share/my_robot_control/hook/cmake_prefix_path.sh'
[2.540s] Level 1:colcon.colcon_core.environment:checking '/home/fyp/Desktop/robot/ros2ws/install/my_robot_control/lib'
[2.540s] Level 1:colcon.colcon_core.shell:create_environment_hook('my_robot_control', 'ld_library_path_lib')
[2.540s] INFO:colcon.colcon_core.shell:Creating environment hook '/home/fyp/Desktop/robot/ros2ws/install/my_robot_control/share/my_robot_control/hook/ld_library_path_lib.ps1'
[2.542s] INFO:colcon.colcon_core.shell:Creating environment descriptor '/home/fyp/Desktop/robot/ros2ws/install/my_robot_control/share/my_robot_control/hook/ld_library_path_lib.dsv'
[2.543s] INFO:colcon.colcon_core.shell:Creating environment hook '/home/fyp/Desktop/robot/ros2ws/install/my_robot_control/share/my_robot_control/hook/ld_library_path_lib.sh'
[2.544s] Level 1:colcon.colcon_core.environment:checking '/home/fyp/Desktop/robot/ros2ws/install/my_robot_control/bin'
[2.545s] Level 1:colcon.colcon_core.environment:checking '/home/fyp/Desktop/robot/ros2ws/install/my_robot_control/lib/pkgconfig/my_robot_control.pc'
[2.545s] Level 1:colcon.colcon_core.environment:checking '/home/fyp/Desktop/robot/ros2ws/install/my_robot_control/lib/python3.12/site-packages'
[2.546s] Level 1:colcon.colcon_core.environment:checking '/home/fyp/Desktop/robot/ros2ws/install/my_robot_control/bin'
[2.546s] INFO:colcon.colcon_core.shell:Creating package script '/home/fyp/Desktop/robot/ros2ws/install/my_robot_control/share/my_robot_control/package.ps1'
[2.547s] INFO:colcon.colcon_core.shell:Creating package descriptor '/home/fyp/Desktop/robot/ros2ws/install/my_robot_control/share/my_robot_control/package.dsv'
[2.549s] INFO:colcon.colcon_core.shell:Creating package script '/home/fyp/Desktop/robot/ros2ws/install/my_robot_control/share/my_robot_control/package.sh'
[2.550s] INFO:colcon.colcon_core.shell:Creating package script '/home/fyp/Desktop/robot/ros2ws/install/my_robot_control/share/my_robot_control/package.bash'
[2.551s] INFO:colcon.colcon_core.shell:Creating package script '/home/fyp/Desktop/robot/ros2ws/install/my_robot_control/share/my_robot_control/package.zsh'
[2.552s] Level 1:colcon.colcon_core.environment:create_file_with_runtime_dependencies(/home/fyp/Desktop/robot/ros2ws/install/my_robot_control/share/colcon-core/packages/my_robot_control)
[3.696s] DEBUG:colcon.colcon_core.event_handler.log_command:Invoking command in '/home/fyp/Desktop/robot/ros2ws/src/hardware_software': DEBUGINFOD_URLS=https://debuginfod.ubuntu.com PYTHONPATH=/home/fyp/Desktop/robot/ros2ws/build/hardware_software/prefix_override:/usr/lib/python3/dist-packages/colcon_core/task/python/colcon_distutils_commands:/home/fyp/Desktop/robot/ros2ws/install/hardware_software/lib/python3.12/site-packages:${PYTHONPATH} /usr/bin/python3 -W ignore:setup.py install is deprecated -W ignore:easy_install command is deprecated setup.py egg_info --egg-base ../../build/hardware_software build --build-base /home/fyp/Desktop/robot/ros2ws/build/hardware_software/build install --record /home/fyp/Desktop/robot/ros2ws/build/hardware_software/install.log --single-version-externally-managed install_data
[3.700s] DEBUG:colcon.colcon_core.event_handler.log_command:Invoking command in '/home/fyp/Desktop/robot/ros2ws/src/imu_reader': DEBUGINFOD_URLS=https://debuginfod.ubuntu.com PYTHONPATH=/home/fyp/Desktop/robot/ros2ws/build/imu_reader/prefix_override:/usr/lib/python3/dist-packages/colcon_core/task/python/colcon_distutils_commands:/home/fyp/Desktop/robot/ros2ws/install/imu_reader/lib/python3.12/site-packages:${PYTHONPATH} /usr/bin/python3 -W ignore:setup.py install is deprecated -W ignore:easy_install command is deprecated setup.py egg_info --egg-base ../../build/imu_reader build --build-base /home/fyp/Desktop/robot/ros2ws/build/imu_reader/build install --record /home/fyp/Desktop/robot/ros2ws/build/imu_reader/install.log --single-version-externally-managed install_data
[3.706s] DEBUG:colcon.colcon_core.event_handler.log_command:Invoking command in '/home/fyp/Desktop/robot/ros2ws/src/motor_controller': DEBUGINFOD_URLS=https://debuginfod.ubuntu.com PYTHONPATH=/home/fyp/Desktop/robot/ros2ws/build/motor_controller/prefix_override:/usr/lib/python3/dist-packages/colcon_core/task/python/colcon_distutils_commands:/home/fyp/Desktop/robot/ros2ws/install/motor_controller/lib/python3.12/site-packages:${PYTHONPATH} /usr/bin/python3 -W ignore:setup.py install is deprecated -W ignore:easy_install command is deprecated setup.py egg_info --egg-base ../../build/motor_controller build --build-base /home/fyp/Desktop/robot/ros2ws/build/motor_controller/build install --record /home/fyp/Desktop/robot/ros2ws/build/motor_controller/install.log --single-version-externally-managed install_data
[4.591s] Level 1:colcon.colcon_core.environment:checking '/home/fyp/Desktop/robot/ros2ws/install/motor_controller' for CMake module files
[4.592s] DEBUG:colcon.colcon_core.event_handler.log_command:Invoked command in '/home/fyp/Desktop/robot/ros2ws/src/motor_controller' returned '0': DEBUGINFOD_URLS=https://debuginfod.ubuntu.com PYTHONPATH=/home/fyp/Desktop/robot/ros2ws/build/motor_controller/prefix_override:/usr/lib/python3/dist-packages/colcon_core/task/python/colcon_distutils_commands:/home/fyp/Desktop/robot/ros2ws/install/motor_controller/lib/python3.12/site-packages:${PYTHONPATH} /usr/bin/python3 -W ignore:setup.py install is deprecated -W ignore:easy_install command is deprecated setup.py egg_info --egg-base ../../build/motor_controller build --build-base /home/fyp/Desktop/robot/ros2ws/build/motor_controller/build install --record /home/fyp/Desktop/robot/ros2ws/build/motor_controller/install.log --single-version-externally-managed install_data
[4.593s] Level 1:colcon.colcon_core.environment:checking '/home/fyp/Desktop/robot/ros2ws/install/motor_controller' for CMake config files
[4.594s] Level 1:colcon.colcon_core.environment:checking '/home/fyp/Desktop/robot/ros2ws/install/motor_controller/lib'
[4.594s] Level 1:colcon.colcon_core.environment:checking '/home/fyp/Desktop/robot/ros2ws/install/motor_controller/bin'
[4.594s] Level 1:colcon.colcon_core.environment:checking '/home/fyp/Desktop/robot/ros2ws/install/motor_controller/lib/pkgconfig/motor_controller.pc'
[4.595s] Level 1:colcon.colcon_core.environment:checking '/home/fyp/Desktop/robot/ros2ws/install/motor_controller/lib/python3.12/site-packages'
[4.595s] Level 1:colcon.colcon_core.shell:create_environment_hook('motor_controller', 'pythonpath')
[4.595s] INFO:colcon.colcon_core.shell:Creating environment hook '/home/fyp/Desktop/robot/ros2ws/install/motor_controller/share/motor_controller/hook/pythonpath.ps1'
[4.596s] INFO:colcon.colcon_core.shell:Creating environment descriptor '/home/fyp/Desktop/robot/ros2ws/install/motor_controller/share/motor_controller/hook/pythonpath.dsv'
[4.597s] INFO:colcon.colcon_core.shell:Creating environment hook '/home/fyp/Desktop/robot/ros2ws/install/motor_controller/share/motor_controller/hook/pythonpath.sh'
[4.599s] Level 1:colcon.colcon_core.environment:checking '/home/fyp/Desktop/robot/ros2ws/install/motor_controller/bin'
[4.599s] Level 1:colcon.colcon_core.environment:create_environment_scripts_only(motor_controller)
[4.599s] INFO:colcon.colcon_core.shell:Creating package script '/home/fyp/Desktop/robot/ros2ws/install/motor_controller/share/motor_controller/package.ps1'
[4.601s] INFO:colcon.colcon_core.shell:Creating package descriptor '/home/fyp/Desktop/robot/ros2ws/install/motor_controller/share/motor_controller/package.dsv'
[4.602s] INFO:colcon.colcon_core.shell:Creating package script '/home/fyp/Desktop/robot/ros2ws/install/motor_controller/share/motor_controller/package.sh'
[4.602s] INFO:colcon.colcon_core.shell:Creating package script '/home/fyp/Desktop/robot/ros2ws/install/motor_controller/share/motor_controller/package.bash'
[4.604s] INFO:colcon.colcon_core.shell:Creating package script '/home/fyp/Desktop/robot/ros2ws/install/motor_controller/share/motor_controller/package.zsh'
[4.604s] Level 1:colcon.colcon_core.environment:create_file_with_runtime_dependencies(/home/fyp/Desktop/robot/ros2ws/install/motor_controller/share/colcon-core/packages/motor_controller)
[4.607s] Level 1:colcon.colcon_core.environment:checking '/home/fyp/Desktop/robot/ros2ws/install/imu_reader' for CMake module files
[4.608s] DEBUG:colcon.colcon_core.event_handler.log_command:Invoked command in '/home/fyp/Desktop/robot/ros2ws/src/imu_reader' returned '0': DEBUGINFOD_URLS=https://debuginfod.ubuntu.com PYTHONPATH=/home/fyp/Desktop/robot/ros2ws/build/imu_reader/prefix_override:/usr/lib/python3/dist-packages/colcon_core/task/python/colcon_distutils_commands:/home/fyp/Desktop/robot/ros2ws/install/imu_reader/lib/python3.12/site-packages:${PYTHONPATH} /usr/bin/python3 -W ignore:setup.py install is deprecated -W ignore:easy_install command is deprecated setup.py egg_info --egg-base ../../build/imu_reader build --build-base /home/fyp/Desktop/robot/ros2ws/build/imu_reader/build install --record /home/fyp/Desktop/robot/ros2ws/build/imu_reader/install.log --single-version-externally-managed install_data
[4.608s] Level 1:colcon.colcon_core.environment:checking '/home/fyp/Desktop/robot/ros2ws/install/imu_reader' for CMake config files
[4.609s] Level 1:colcon.colcon_core.environment:checking '/home/fyp/Desktop/robot/ros2ws/install/imu_reader/lib'
[4.609s] Level 1:colcon.colcon_core.environment:checking '/home/fyp/Desktop/robot/ros2ws/install/imu_reader/bin'
[4.609s] Level 1:colcon.colcon_core.environment:checking '/home/fyp/Desktop/robot/ros2ws/install/imu_reader/lib/pkgconfig/imu_reader.pc'
[4.609s] Level 1:colcon.colcon_core.environment:checking '/home/fyp/Desktop/robot/ros2ws/install/imu_reader/lib/python3.12/site-packages'
[4.610s] Level 1:colcon.colcon_core.shell:create_environment_hook('imu_reader', 'pythonpath')
[4.610s] INFO:colcon.colcon_core.shell:Creating environment hook '/home/fyp/Desktop/robot/ros2ws/install/imu_reader/share/imu_reader/hook/pythonpath.ps1'
[4.611s] INFO:colcon.colcon_core.shell:Creating environment descriptor '/home/fyp/Desktop/robot/ros2ws/install/imu_reader/share/imu_reader/hook/pythonpath.dsv'
[4.611s] INFO:colcon.colcon_core.shell:Creating environment hook '/home/fyp/Desktop/robot/ros2ws/install/imu_reader/share/imu_reader/hook/pythonpath.sh'
[4.613s] Level 1:colcon.colcon_core.environment:checking '/home/fyp/Desktop/robot/ros2ws/install/imu_reader/bin'
[4.613s] Level 1:colcon.colcon_core.environment:create_environment_scripts_only(imu_reader)
[4.613s] INFO:colcon.colcon_core.shell:Creating package script '/home/fyp/Desktop/robot/ros2ws/install/imu_reader/share/imu_reader/package.ps1'
[4.614s] INFO:colcon.colcon_core.shell:Creating package descriptor '/home/fyp/Desktop/robot/ros2ws/install/imu_reader/share/imu_reader/package.dsv'
[4.615s] INFO:colcon.colcon_core.shell:Creating package script '/home/fyp/Desktop/robot/ros2ws/install/imu_reader/share/imu_reader/package.sh'
[4.618s] INFO:colcon.colcon_core.shell:Creating package script '/home/fyp/Desktop/robot/ros2ws/install/imu_reader/share/imu_reader/package.bash'
[4.619s] INFO:colcon.colcon_core.shell:Creating package script '/home/fyp/Desktop/robot/ros2ws/install/imu_reader/share/imu_reader/package.zsh'
[4.620s] Level 1:colcon.colcon_core.environment:create_file_with_runtime_dependencies(/home/fyp/Desktop/robot/ros2ws/install/imu_reader/share/colcon-core/packages/imu_reader)
[4.622s] Level 1:colcon.colcon_core.environment:checking '/home/fyp/Desktop/robot/ros2ws/install/hardware_software' for CMake module files
[4.623s] Level 1:colcon.colcon_core.environment:checking '/home/fyp/Desktop/robot/ros2ws/install/hardware_software' for CMake config files
[4.624s] Level 1:colcon.colcon_core.environment:checking '/home/fyp/Desktop/robot/ros2ws/install/hardware_software/lib'
[4.624s] Level 1:colcon.colcon_core.environment:checking '/home/fyp/Desktop/robot/ros2ws/install/hardware_software/bin'
[4.624s] Level 1:colcon.colcon_core.environment:checking '/home/fyp/Desktop/robot/ros2ws/install/hardware_software/lib/pkgconfig/hardware_software.pc'
[4.625s] Level 1:colcon.colcon_core.environment:checking '/home/fyp/Desktop/robot/ros2ws/install/hardware_software/lib/python3.12/site-packages'
[4.625s] Level 1:colcon.colcon_core.shell:create_environment_hook('hardware_software', 'pythonpath')
[4.625s] INFO:colcon.colcon_core.shell:Creating environment hook '/home/fyp/Desktop/robot/ros2ws/install/hardware_software/share/hardware_software/hook/pythonpath.ps1'
[4.626s] INFO:colcon.colcon_core.shell:Creating environment descriptor '/home/fyp/Desktop/robot/ros2ws/install/hardware_software/share/hardware_software/hook/pythonpath.dsv'
[4.626s] DEBUG:colcon.colcon_core.event_handler.log_command:Invoked command in '/home/fyp/Desktop/robot/ros2ws/src/hardware_software' returned '0': DEBUGINFOD_URLS=https://debuginfod.ubuntu.com PYTHONPATH=/home/fyp/Desktop/robot/ros2ws/build/hardware_software/prefix_override:/usr/lib/python3/dist-packages/colcon_core/task/python/colcon_distutils_commands:/home/fyp/Desktop/robot/ros2ws/install/hardware_software/lib/python3.12/site-packages:${PYTHONPATH} /usr/bin/python3 -W ignore:setup.py install is deprecated -W ignore:easy_install command is deprecated setup.py egg_info --egg-base ../../build/hardware_software build --build-base /home/fyp/Desktop/robot/ros2ws/build/hardware_software/build install --record /home/fyp/Desktop/robot/ros2ws/build/hardware_software/install.log --single-version-externally-managed install_data
[4.627s] INFO:colcon.colcon_core.shell:Creating environment hook '/home/fyp/Desktop/robot/ros2ws/install/hardware_software/share/hardware_software/hook/pythonpath.sh'
[4.628s] Level 1:colcon.colcon_core.environment:checking '/home/fyp/Desktop/robot/ros2ws/install/hardware_software/bin'
[4.628s] Level 1:colcon.colcon_core.environment:create_environment_scripts_only(hardware_software)
[4.628s] INFO:colcon.colcon_core.shell:Creating package script '/home/fyp/Desktop/robot/ros2ws/install/hardware_software/share/hardware_software/package.ps1'
[4.629s] INFO:colcon.colcon_core.shell:Creating package descriptor '/home/fyp/Desktop/robot/ros2ws/install/hardware_software/share/hardware_software/package.dsv'
[4.630s] INFO:colcon.colcon_core.shell:Creating package script '/home/fyp/Desktop/robot/ros2ws/install/hardware_software/share/hardware_software/package.sh'
[4.630s] INFO:colcon.colcon_core.shell:Creating package script '/home/fyp/Desktop/robot/ros2ws/install/hardware_software/share/hardware_software/package.bash'
[4.631s] INFO:colcon.colcon_core.shell:Creating package script '/home/fyp/Desktop/robot/ros2ws/install/hardware_software/share/hardware_software/package.zsh'
[4.631s] Level 1:colcon.colcon_core.environment:create_file_with_runtime_dependencies(/home/fyp/Desktop/robot/ros2ws/install/hardware_software/share/colcon-core/packages/hardware_software)
[4.632s] DEBUG:colcon.colcon_parallel_executor.executor.parallel:closing loop
[4.632s] DEBUG:colcon.colcon_parallel_executor.executor.parallel:loop closed
[4.632s] DEBUG:colcon.colcon_parallel_executor.executor.parallel:run_until_complete finished with '0'
[4.633s] DEBUG:colcon.colcon_core.event_reactor:joining thread
[4.644s] INFO:colcon.colcon_core.plugin_system:Skipping extension 'colcon_notification.desktop_notification.terminal_notifier': Not used on non-Darwin systems
[4.644s] INFO:colcon.colcon_core.plugin_system:Skipping extension 'colcon_notification.desktop_notification.win32': Not used on non-Windows systems
[4.644s] INFO:colcon.colcon_notification.desktop_notification:Sending desktop notification using 'notify2'
[29.652s] DEBUG:colcon.colcon_notification.desktop_notification.notify2:Failed to initialize notify2: org.freedesktop.DBus.Error.NoReply: Did not receive a reply. Possible causes include: the remote application did not send a reply, the message bus security policy blocked the reply, the reply timeout expired, or the network connection was broken.
[29.652s] DEBUG:colcon.colcon_core.event_reactor:joined thread
[29.653s] INFO:colcon.colcon_core.shell:Creating prefix script '/home/fyp/Desktop/robot/ros2ws/install/local_setup.ps1'
[29.655s] INFO:colcon.colcon_core.shell:Creating prefix util module '/home/fyp/Desktop/robot/ros2ws/install/_local_setup_util_ps1.py'
[29.661s] INFO:colcon.colcon_core.shell:Creating prefix chain script '/home/fyp/Desktop/robot/ros2ws/install/setup.ps1'
[29.665s] INFO:colcon.colcon_core.shell:Creating prefix script '/home/fyp/Desktop/robot/ros2ws/install/local_setup.sh'
[29.667s] INFO:colcon.colcon_core.shell:Creating prefix util module '/home/fyp/Desktop/robot/ros2ws/install/_local_setup_util_sh.py'
[29.668s] INFO:colcon.colcon_core.shell:Creating prefix chain script '/home/fyp/Desktop/robot/ros2ws/install/setup.sh'
[29.671s] INFO:colcon.colcon_core.shell:Creating prefix script '/home/fyp/Desktop/robot/ros2ws/install/local_setup.bash'
[29.673s] INFO:colcon.colcon_core.shell:Creating prefix chain script '/home/fyp/Desktop/robot/ros2ws/install/setup.bash'
[29.676s] INFO:colcon.colcon_core.shell:Creating prefix script '/home/fyp/Desktop/robot/ros2ws/install/local_setup.zsh'
[29.678s] INFO:colcon.colcon_core.shell:Creating prefix chain script '/home/fyp/Desktop/robot/ros2ws/install/setup.zsh'
