[1.165s] Invoking command in '/home/fyp3/Desktop/ros2_swarm_mapping/robot/ros2ws/src/hardware_software': DEBUGINFOD_URLS=https://debuginfod.ubuntu.com PYTHONPATH=/home/fyp3/Desktop/ros2_swarm_mapping/build/hardware_software/prefix_override:/usr/lib/python3/dist-packages/colcon_core/task/python/colcon_distutils_commands:/home/fyp3/Desktop/ros2_swarm_mapping/install/hardware_software/lib/python3.12/site-packages:${PYTHONPATH} /usr/bin/python3 -W ignore:setup.py install is deprecated -W ignore:easy_install command is deprecated setup.py egg_info --egg-base ../../../../build/hardware_software build --build-base /home/fyp3/Desktop/ros2_swarm_mapping/build/hardware_software/build install --record /home/fyp3/Desktop/ros2_swarm_mapping/build/hardware_software/install.log --single-version-externally-managed install_data
[1.499s] running egg_info
[1.521s] writing ../../../../build/hardware_software/hardware_software.egg-info/PKG-INFO
[1.521s] writing dependency_links to ../../../../build/hardware_software/hardware_software.egg-info/dependency_links.txt
[1.522s] writing entry points to ../../../../build/hardware_software/hardware_software.egg-info/entry_points.txt
[1.523s] writing requirements to ../../../../build/hardware_software/hardware_software.egg-info/requires.txt
[1.523s] writing top-level names to ../../../../build/hardware_software/hardware_software.egg-info/top_level.txt
[1.571s] reading manifest file '../../../../build/hardware_software/hardware_software.egg-info/SOURCES.txt'
[1.572s] writing manifest file '../../../../build/hardware_software/hardware_software.egg-info/SOURCES.txt'
[1.572s] running build
[1.572s] running build_py
[1.573s] copying hardware_software/map_to_json.py -> /home/fyp3/Desktop/ros2_swarm_mapping/build/hardware_software/build/lib/hardware_software
[1.573s] running install
[1.583s] running install_lib
[1.605s] copying /home/fyp3/Desktop/ros2_swarm_mapping/build/hardware_software/build/lib/hardware_software/map_to_json.py -> /home/fyp3/Desktop/ros2_swarm_mapping/install/hardware_software/lib/python3.12/site-packages/hardware_software
[1.606s] byte-compiling /home/fyp3/Desktop/ros2_swarm_mapping/install/hardware_software/lib/python3.12/site-packages/hardware_software/map_to_json.py to map_to_json.cpython-312.pyc
[1.607s] running install_data
[1.608s] running install_egg_info
[1.632s] removing '/home/fyp3/Desktop/ros2_swarm_mapping/install/hardware_software/lib/python3.12/site-packages/hardware_software-0.0.0-py3.12.egg-info' (and everything under it)
[1.632s] Copying ../../../../build/hardware_software/hardware_software.egg-info to /home/fyp3/Desktop/ros2_swarm_mapping/install/hardware_software/lib/python3.12/site-packages/hardware_software-0.0.0-py3.12.egg-info
[1.633s] running install_scripts
[1.792s] Installing map_to_json script to /home/fyp3/Desktop/ros2_swarm_mapping/install/hardware_software/lib/hardware_software
[1.792s] Installing ros2_mqtt_encoder script to /home/fyp3/Desktop/ros2_swarm_mapping/install/hardware_software/lib/hardware_software
[1.793s] Installing ros2_mqtt_subscriber script to /home/fyp3/Desktop/ros2_swarm_mapping/install/hardware_software/lib/hardware_software
[1.794s] writing list of installed files to '/home/fyp3/Desktop/ros2_swarm_mapping/build/hardware_software/install.log'
[1.873s] Invoked command in '/home/fyp3/Desktop/ros2_swarm_mapping/robot/ros2ws/src/hardware_software' returned '0': DEBUGINFOD_URLS=https://debuginfod.ubuntu.com PYTHONPATH=/home/fyp3/Desktop/ros2_swarm_mapping/build/hardware_software/prefix_override:/usr/lib/python3/dist-packages/colcon_core/task/python/colcon_distutils_commands:/home/fyp3/Desktop/ros2_swarm_mapping/install/hardware_software/lib/python3.12/site-packages:${PYTHONPATH} /usr/bin/python3 -W ignore:setup.py install is deprecated -W ignore:easy_install command is deprecated setup.py egg_info --egg-base ../../../../build/hardware_software build --build-base /home/fyp3/Desktop/ros2_swarm_mapping/build/hardware_software/build install --record /home/fyp3/Desktop/ros2_swarm_mapping/build/hardware_software/install.log --single-version-externally-managed install_data
