[1.142s] Invoking command in '/home/fyp3/Desktop/ros2_swarm_mapping/robot/ros2ws/src/motor_controller': DEBUGINFOD_URLS=https://debuginfod.ubuntu.com PYTHONPATH=/home/fyp3/Desktop/ros2_swarm_mapping/robot/ros2ws/build/motor_controller/prefix_override:/usr/lib/python3/dist-packages/colcon_core/task/python/colcon_distutils_commands:/home/fyp3/Desktop/ros2_swarm_mapping/robot/ros2ws/install/motor_controller/lib/python3.12/site-packages:${PYTHONPATH} /usr/bin/python3 -W ignore:setup.py install is deprecated -W ignore:easy_install command is deprecated setup.py egg_info --egg-base ../../build/motor_controller build --build-base /home/fyp3/Desktop/ros2_swarm_mapping/robot/ros2ws/build/motor_controller/build install --record /home/fyp3/Desktop/ros2_swarm_mapping/robot/ros2ws/build/motor_controller/install.log --single-version-externally-managed install_data
[1.481s] running egg_info
[1.503s] writing ../../build/motor_controller/motor_controller.egg-info/PKG-INFO
[1.504s] writing dependency_links to ../../build/motor_controller/motor_controller.egg-info/dependency_links.txt
[1.506s] writing entry points to ../../build/motor_controller/motor_controller.egg-info/entry_points.txt
[1.507s] writing requirements to ../../build/motor_controller/motor_controller.egg-info/requires.txt
[1.508s] writing top-level names to ../../build/motor_controller/motor_controller.egg-info/top_level.txt
[1.557s] reading manifest file '../../build/motor_controller/motor_controller.egg-info/SOURCES.txt'
[1.558s] writing manifest file '../../build/motor_controller/motor_controller.egg-info/SOURCES.txt'
[1.560s] running build
[1.560s] running build_py
[1.560s] copying motor_controller/motor_driver.py -> /home/fyp3/Desktop/ros2_swarm_mapping/robot/ros2ws/build/motor_controller/build/lib/motor_controller
[1.560s] copying motor_controller/wheel_encoder.py -> /home/fyp3/Desktop/ros2_swarm_mapping/robot/ros2ws/build/motor_controller/build/lib/motor_controller
[1.560s] running install
[1.569s] running install_lib
[1.592s] copying /home/fyp3/Desktop/ros2_swarm_mapping/robot/ros2ws/build/motor_controller/build/lib/motor_controller/motor_driver.py -> /home/fyp3/Desktop/ros2_swarm_mapping/robot/ros2ws/install/motor_controller/lib/python3.12/site-packages/motor_controller
[1.593s] copying /home/fyp3/Desktop/ros2_swarm_mapping/robot/ros2ws/build/motor_controller/build/lib/motor_controller/wheel_encoder.py -> /home/fyp3/Desktop/ros2_swarm_mapping/robot/ros2ws/install/motor_controller/lib/python3.12/site-packages/motor_controller
[1.593s] byte-compiling /home/fyp3/Desktop/ros2_swarm_mapping/robot/ros2ws/install/motor_controller/lib/python3.12/site-packages/motor_controller/motor_driver.py to motor_driver.cpython-312.pyc
[1.595s] byte-compiling /home/fyp3/Desktop/ros2_swarm_mapping/robot/ros2ws/install/motor_controller/lib/python3.12/site-packages/motor_controller/wheel_encoder.py to wheel_encoder.cpython-312.pyc
[1.597s] running install_data
[1.597s] running install_egg_info
[1.623s] removing '/home/fyp3/Desktop/ros2_swarm_mapping/robot/ros2ws/install/motor_controller/lib/python3.12/site-packages/motor_controller-0.0.0-py3.12.egg-info' (and everything under it)
[1.623s] Copying ../../build/motor_controller/motor_controller.egg-info to /home/fyp3/Desktop/ros2_swarm_mapping/robot/ros2ws/install/motor_controller/lib/python3.12/site-packages/motor_controller-0.0.0-py3.12.egg-info
[1.624s] running install_scripts
[1.787s] Installing motor_driver script to /home/fyp3/Desktop/ros2_swarm_mapping/robot/ros2ws/install/motor_controller/lib/motor_controller
[1.787s] Installing wheel_encoder script to /home/fyp3/Desktop/ros2_swarm_mapping/robot/ros2ws/install/motor_controller/lib/motor_controller
[1.788s] writing list of installed files to '/home/fyp3/Desktop/ros2_swarm_mapping/robot/ros2ws/build/motor_controller/install.log'
[1.865s] Invoked command in '/home/fyp3/Desktop/ros2_swarm_mapping/robot/ros2ws/src/motor_controller' returned '0': DEBUGINFOD_URLS=https://debuginfod.ubuntu.com PYTHONPATH=/home/fyp3/Desktop/ros2_swarm_mapping/robot/ros2ws/build/motor_controller/prefix_override:/usr/lib/python3/dist-packages/colcon_core/task/python/colcon_distutils_commands:/home/fyp3/Desktop/ros2_swarm_mapping/robot/ros2ws/install/motor_controller/lib/python3.12/site-packages:${PYTHONPATH} /usr/bin/python3 -W ignore:setup.py install is deprecated -W ignore:easy_install command is deprecated setup.py egg_info --egg-base ../../build/motor_controller build --build-base /home/fyp3/Desktop/ros2_swarm_mapping/robot/ros2ws/build/motor_controller/build install --record /home/fyp3/Desktop/ros2_swarm_mapping/robot/ros2ws/build/motor_controller/install.log --single-version-externally-managed install_data
