[2.636s] Invoking command in '/home/fyp3/Desktop/ros2_swarm_mapping/robot/ros2ws/src/hardware_software': DEBUGINFOD_URLS=https://debuginfod.ubuntu.com PYTHONPATH=/home/fyp3/Desktop/ros2_swarm_mapping/robot/ros2ws/build/hardware_software/prefix_override:/usr/lib/python3/dist-packages/colcon_core/task/python/colcon_distutils_commands:/home/fyp3/Desktop/ros2_swarm_mapping/robot/ros2ws/install/hardware_software/lib/python3.12/site-packages:${PYTHONPATH} /usr/bin/python3 -W ignore:setup.py install is deprecated -W ignore:easy_install command is deprecated setup.py egg_info --egg-base ../../build/hardware_software build --build-base /home/fyp3/Desktop/ros2_swarm_mapping/robot/ros2ws/build/hardware_software/build install --record /home/fyp3/Desktop/ros2_swarm_mapping/robot/ros2ws/build/hardware_software/install.log --single-version-externally-managed install_data
[3.061s] running egg_info
[3.062s] creating ../../build/hardware_software/hardware_software.egg-info
[3.087s] writing ../../build/hardware_software/hardware_software.egg-info/PKG-INFO
[3.090s] writing dependency_links to ../../build/hardware_software/hardware_software.egg-info/dependency_links.txt
[3.090s] writing entry points to ../../build/hardware_software/hardware_software.egg-info/entry_points.txt
[3.090s] writing requirements to ../../build/hardware_software/hardware_software.egg-info/requires.txt
[3.090s] writing top-level names to ../../build/hardware_software/hardware_software.egg-info/top_level.txt
[3.090s] writing manifest file '../../build/hardware_software/hardware_software.egg-info/SOURCES.txt'
[3.143s] reading manifest file '../../build/hardware_software/hardware_software.egg-info/SOURCES.txt'
[3.144s] writing manifest file '../../build/hardware_software/hardware_software.egg-info/SOURCES.txt'
[3.146s] running build
[3.147s] running build_py
[3.147s] creating /home/fyp3/Desktop/ros2_swarm_mapping/robot/ros2ws/build/hardware_software/build
[3.147s] creating /home/fyp3/Desktop/ros2_swarm_mapping/robot/ros2ws/build/hardware_software/build/lib
[3.147s] creating /home/fyp3/Desktop/ros2_swarm_mapping/robot/ros2ws/build/hardware_software/build/lib/hardware_software
[3.148s] copying hardware_software/mqtt_subscriber.py -> /home/fyp3/Desktop/ros2_swarm_mapping/robot/ros2ws/build/hardware_software/build/lib/hardware_software
[3.148s] copying hardware_software/__init__.py -> /home/fyp3/Desktop/ros2_swarm_mapping/robot/ros2ws/build/hardware_software/build/lib/hardware_software
[3.148s] copying hardware_software/mqtt_encoder.py -> /home/fyp3/Desktop/ros2_swarm_mapping/robot/ros2ws/build/hardware_software/build/lib/hardware_software
[3.148s] running install
[3.159s] running install_lib
[3.188s] creating /home/fyp3/Desktop/ros2_swarm_mapping/robot/ros2ws/install/hardware_software/lib/python3.12/site-packages/hardware_software
[3.188s] copying /home/fyp3/Desktop/ros2_swarm_mapping/robot/ros2ws/build/hardware_software/build/lib/hardware_software/mqtt_subscriber.py -> /home/fyp3/Desktop/ros2_swarm_mapping/robot/ros2ws/install/hardware_software/lib/python3.12/site-packages/hardware_software
[3.189s] copying /home/fyp3/Desktop/ros2_swarm_mapping/robot/ros2ws/build/hardware_software/build/lib/hardware_software/__init__.py -> /home/fyp3/Desktop/ros2_swarm_mapping/robot/ros2ws/install/hardware_software/lib/python3.12/site-packages/hardware_software
[3.189s] copying /home/fyp3/Desktop/ros2_swarm_mapping/robot/ros2ws/build/hardware_software/build/lib/hardware_software/mqtt_encoder.py -> /home/fyp3/Desktop/ros2_swarm_mapping/robot/ros2ws/install/hardware_software/lib/python3.12/site-packages/hardware_software
[3.190s] byte-compiling /home/fyp3/Desktop/ros2_swarm_mapping/robot/ros2ws/install/hardware_software/lib/python3.12/site-packages/hardware_software/mqtt_subscriber.py to mqtt_subscriber.cpython-312.pyc
[3.190s] byte-compiling /home/fyp3/Desktop/ros2_swarm_mapping/robot/ros2ws/install/hardware_software/lib/python3.12/site-packages/hardware_software/__init__.py to __init__.cpython-312.pyc
[3.192s] byte-compiling /home/fyp3/Desktop/ros2_swarm_mapping/robot/ros2ws/install/hardware_software/lib/python3.12/site-packages/hardware_software/mqtt_encoder.py to mqtt_encoder.cpython-312.pyc
[3.192s] running install_data
[3.192s] creating /home/fyp3/Desktop/ros2_swarm_mapping/robot/ros2ws/install/hardware_software/share/ament_index
[3.192s] creating /home/fyp3/Desktop/ros2_swarm_mapping/robot/ros2ws/install/hardware_software/share/ament_index/resource_index
[3.193s] creating /home/fyp3/Desktop/ros2_swarm_mapping/robot/ros2ws/install/hardware_software/share/ament_index/resource_index/packages
[3.193s] copying resource/hardware_software -> /home/fyp3/Desktop/ros2_swarm_mapping/robot/ros2ws/install/hardware_software/share/ament_index/resource_index/packages
[3.193s] copying package.xml -> /home/fyp3/Desktop/ros2_swarm_mapping/robot/ros2ws/install/hardware_software/share/hardware_software
[3.193s] creating /home/fyp3/Desktop/ros2_swarm_mapping/robot/ros2ws/install/hardware_software/share/hardware_software/launch
[3.194s] copying launch/tf.launch.py -> /home/fyp3/Desktop/ros2_swarm_mapping/robot/ros2ws/install/hardware_software/share/hardware_software/launch/
[3.194s] copying launch/hardware_setup.launch.py -> /home/fyp3/Desktop/ros2_swarm_mapping/robot/ros2ws/install/hardware_software/share/hardware_software/launch/
[3.195s] copying launch/navigation_launch.py -> /home/fyp3/Desktop/ros2_swarm_mapping/robot/ros2ws/install/hardware_software/share/hardware_software/launch/
[3.196s] copying launch/hardware.launch.py -> /home/fyp3/Desktop/ros2_swarm_mapping/robot/ros2ws/install/hardware_software/share/hardware_software/launch/
[3.196s] copying launch/robot_nav.launch.py -> /home/fyp3/Desktop/ros2_swarm_mapping/robot/ros2ws/install/hardware_software/share/hardware_software/launch/
[3.197s] copying launch/robot_explore.launch.py -> /home/fyp3/Desktop/ros2_swarm_mapping/robot/ros2ws/install/hardware_software/share/hardware_software/launch/
[3.198s] copying launch/slam.launch.py -> /home/fyp3/Desktop/ros2_swarm_mapping/robot/ros2ws/install/hardware_software/share/hardware_software/launch/
[3.199s] copying launch/rviz.launch.py -> /home/fyp3/Desktop/ros2_swarm_mapping/robot/ros2ws/install/hardware_software/share/hardware_software/launch/
[3.199s] creating /home/fyp3/Desktop/ros2_swarm_mapping/robot/ros2ws/install/hardware_software/share/hardware_software/urdf
[3.199s] copying urdf/turtlebot3_burger.urdf -> /home/fyp3/Desktop/ros2_swarm_mapping/robot/ros2ws/install/hardware_software/share/hardware_software/urdf/
[3.201s] copying urdf/diffbot_description.urdf.xacro -> /home/fyp3/Desktop/ros2_swarm_mapping/robot/ros2ws/install/hardware_software/share/hardware_software/urdf/
[3.201s] copying urdf/turtlebot3_waffle.urdf -> /home/fyp3/Desktop/ros2_swarm_mapping/robot/ros2ws/install/hardware_software/share/hardware_software/urdf/
[3.202s] creating /home/fyp3/Desktop/ros2_swarm_mapping/robot/ros2ws/install/hardware_software/share/hardware_software/params
[3.203s] copying params/explore_params.yaml -> /home/fyp3/Desktop/ros2_swarm_mapping/robot/ros2ws/install/hardware_software/share/hardware_software/params/
[3.203s] copying params/slam.yaml -> /home/fyp3/Desktop/ros2_swarm_mapping/robot/ros2ws/install/hardware_software/share/hardware_software/params/
[3.205s] copying params/nav2_params.yaml -> /home/fyp3/Desktop/ros2_swarm_mapping/robot/ros2ws/install/hardware_software/share/hardware_software/params/
[3.205s] creating /home/fyp3/Desktop/ros2_swarm_mapping/robot/ros2ws/install/hardware_software/share/hardware_software/rviz
[3.206s] copying rviz/basic.rviz -> /home/fyp3/Desktop/ros2_swarm_mapping/robot/ros2ws/install/hardware_software/share/hardware_software/rviz/
[3.207s] running install_egg_info
[3.241s] Copying ../../build/hardware_software/hardware_software.egg-info to /home/fyp3/Desktop/ros2_swarm_mapping/robot/ros2ws/install/hardware_software/lib/python3.12/site-packages/hardware_software-0.0.0-py3.12.egg-info
[3.241s] running install_scripts
[3.447s] Installing ros2_mqtt_encoder script to /home/fyp3/Desktop/ros2_swarm_mapping/robot/ros2ws/install/hardware_software/lib/hardware_software
[3.448s] Installing ros2_mqtt_subscriber script to /home/fyp3/Desktop/ros2_swarm_mapping/robot/ros2ws/install/hardware_software/lib/hardware_software
[3.451s] writing list of installed files to '/home/fyp3/Desktop/ros2_swarm_mapping/robot/ros2ws/build/hardware_software/install.log'
[3.611s] Invoked command in '/home/fyp3/Desktop/ros2_swarm_mapping/robot/ros2ws/src/hardware_software' returned '0': DEBUGINFOD_URLS=https://debuginfod.ubuntu.com PYTHONPATH=/home/fyp3/Desktop/ros2_swarm_mapping/robot/ros2ws/build/hardware_software/prefix_override:/usr/lib/python3/dist-packages/colcon_core/task/python/colcon_distutils_commands:/home/fyp3/Desktop/ros2_swarm_mapping/robot/ros2ws/install/hardware_software/lib/python3.12/site-packages:${PYTHONPATH} /usr/bin/python3 -W ignore:setup.py install is deprecated -W ignore:easy_install command is deprecated setup.py egg_info --egg-base ../../build/hardware_software build --build-base /home/fyp3/Desktop/ros2_swarm_mapping/robot/ros2ws/build/hardware_software/build install --record /home/fyp3/Desktop/ros2_swarm_mapping/robot/ros2ws/build/hardware_software/install.log --single-version-externally-managed install_data
