[0.147s] DEBUG:colcon:Command line arguments: ['/usr/bin/colcon', 'build']
[0.148s] DEBUG:colcon:Parsed command line arguments: Namespace(log_base=None, log_level=None, verb_name='build', build_base='build', install_base='install', merge_install=False, symlink_install=False, test_result_base=None, continue_on_error=False, executor='parallel', parallel_workers=4, event_handlers=None, ignore_user_meta=False, metas=['./colcon.meta'], base_paths=['.'], packages_ignore=None, packages_ignore_regex=None, paths=None, packages_up_to=None, packages_up_to_regex=None, packages_above=None, packages_above_and_dependencies=None, packages_above_depth=None, packages_select_by_dep=None, packages_skip_by_dep=None, packages_skip_up_to=None, packages_select_build_failed=False, packages_skip_build_finished=False, packages_select_test_failures=False, packages_skip_test_passed=False, packages_select=None, packages_skip=None, packages_select_regex=None, packages_skip_regex=None, packages_start=None, packages_end=None, allow_overriding=[], cmake_args=None, cmake_target=None, cmake_target_skip_unavailable=False, cmake_clean_cache=False, cmake_clean_first=False, cmake_force_configure=False, ament_cmake_args=None, catkin_cmake_args=None, catkin_skip_building_tests=False, mixin_files=None, mixin=None, verb_parser=<colcon_mixin.mixin.mixin_argument.MixinArgumentDecorator object at 0xffffa46ec2c0>, verb_extension=<colcon_core.verb.build.BuildVerb object at 0xffffa48ad970>, main=<bound method BuildVerb.main of <colcon_core.verb.build.BuildVerb object at 0xffffa48ad970>>, mixin_verb=('build',))
[0.204s] Level 1:colcon.colcon_core.package_discovery:discover_packages(colcon_meta) check parameters
[0.204s] Level 1:colcon.colcon_core.package_discovery:discover_packages(recursive) check parameters
[0.205s] Level 1:colcon.colcon_core.package_discovery:discover_packages(ignore) check parameters
[0.205s] Level 1:colcon.colcon_core.package_discovery:discover_packages(path) check parameters
[0.205s] Level 1:colcon.colcon_core.package_discovery:discover_packages(colcon_meta) discover
[0.205s] Level 1:colcon.colcon_core.package_discovery:discover_packages(recursive) discover
[0.205s] INFO:colcon.colcon_core.package_discovery:Crawling recursively for packages in '/home/fyp/Desktop/robot/ros2ws'
[0.205s] Level 1:colcon.colcon_core.package_identification:_identify(.) by extensions ['ignore', 'ignore_ament_install']
[0.205s] Level 1:colcon.colcon_core.package_identification:_identify(.) by extension 'ignore'
[0.205s] Level 1:colcon.colcon_core.package_identification:_identify(.) by extension 'ignore_ament_install'
[0.205s] Level 1:colcon.colcon_core.package_identification:_identify(.) by extensions ['colcon_pkg']
[0.205s] Level 1:colcon.colcon_core.package_identification:_identify(.) by extension 'colcon_pkg'
[0.205s] Level 1:colcon.colcon_core.package_identification:_identify(.) by extensions ['colcon_meta']
[0.205s] Level 1:colcon.colcon_core.package_identification:_identify(.) by extension 'colcon_meta'
[0.205s] Level 1:colcon.colcon_core.package_identification:_identify(.) by extensions ['ros']
[0.205s] Level 1:colcon.colcon_core.package_identification:_identify(.) by extension 'ros'
[0.245s] Level 1:colcon.colcon_core.package_identification:_identify(.) by extensions ['cmake', 'python']
[0.245s] Level 1:colcon.colcon_core.package_identification:_identify(.) by extension 'cmake'
[0.245s] Level 1:colcon.colcon_core.package_identification:_identify(.) by extension 'python'
[0.245s] Level 1:colcon.colcon_core.package_identification:_identify(.) by extensions ['python_setup_py']
[0.245s] Level 1:colcon.colcon_core.package_identification:_identify(.) by extension 'python_setup_py'
[0.246s] Level 1:colcon.colcon_core.package_identification:_identify(build) by extensions ['ignore', 'ignore_ament_install']
[0.246s] Level 1:colcon.colcon_core.package_identification:_identify(build) by extension 'ignore'
[0.246s] Level 1:colcon.colcon_core.package_identification:_identify(build) ignored
[0.246s] Level 1:colcon.colcon_core.package_identification:_identify(install) by extensions ['ignore', 'ignore_ament_install']
[0.246s] Level 1:colcon.colcon_core.package_identification:_identify(install) by extension 'ignore'
[0.246s] Level 1:colcon.colcon_core.package_identification:_identify(install) ignored
[0.246s] Level 1:colcon.colcon_core.package_identification:_identify(log) by extensions ['ignore', 'ignore_ament_install']
[0.246s] Level 1:colcon.colcon_core.package_identification:_identify(log) by extension 'ignore'
[0.247s] Level 1:colcon.colcon_core.package_identification:_identify(log) ignored
[0.247s] Level 1:colcon.colcon_core.package_identification:_identify(src) by extensions ['ignore', 'ignore_ament_install']
[0.247s] Level 1:colcon.colcon_core.package_identification:_identify(src) by extension 'ignore'
[0.247s] Level 1:colcon.colcon_core.package_identification:_identify(src) by extension 'ignore_ament_install'
[0.247s] Level 1:colcon.colcon_core.package_identification:_identify(src) by extensions ['colcon_pkg']
[0.247s] Level 1:colcon.colcon_core.package_identification:_identify(src) by extension 'colcon_pkg'
[0.247s] Level 1:colcon.colcon_core.package_identification:_identify(src) by extensions ['colcon_meta']
[0.247s] Level 1:colcon.colcon_core.package_identification:_identify(src) by extension 'colcon_meta'
[0.247s] Level 1:colcon.colcon_core.package_identification:_identify(src) by extensions ['ros']
[0.247s] Level 1:colcon.colcon_core.package_identification:_identify(src) by extension 'ros'
[0.247s] Level 1:colcon.colcon_core.package_identification:_identify(src) by extensions ['cmake', 'python']
[0.247s] Level 1:colcon.colcon_core.package_identification:_identify(src) by extension 'cmake'
[0.247s] Level 1:colcon.colcon_core.package_identification:_identify(src) by extension 'python'
[0.247s] Level 1:colcon.colcon_core.package_identification:_identify(src) by extensions ['python_setup_py']
[0.247s] Level 1:colcon.colcon_core.package_identification:_identify(src) by extension 'python_setup_py'
[0.247s] Level 1:colcon.colcon_core.package_identification:_identify(src/hardware_software) by extensions ['ignore', 'ignore_ament_install']
[0.247s] Level 1:colcon.colcon_core.package_identification:_identify(src/hardware_software) by extension 'ignore'
[0.248s] Level 1:colcon.colcon_core.package_identification:_identify(src/hardware_software) by extension 'ignore_ament_install'
[0.248s] Level 1:colcon.colcon_core.package_identification:_identify(src/hardware_software) by extensions ['colcon_pkg']
[0.248s] Level 1:colcon.colcon_core.package_identification:_identify(src/hardware_software) by extension 'colcon_pkg'
[0.248s] Level 1:colcon.colcon_core.package_identification:_identify(src/hardware_software) by extensions ['colcon_meta']
[0.248s] Level 1:colcon.colcon_core.package_identification:_identify(src/hardware_software) by extension 'colcon_meta'
[0.248s] Level 1:colcon.colcon_core.package_identification:_identify(src/hardware_software) by extensions ['ros']
[0.248s] Level 1:colcon.colcon_core.package_identification:_identify(src/hardware_software) by extension 'ros'
[0.251s] DEBUG:colcon.colcon_core.package_identification:Package 'src/hardware_software' with type 'ros.ament_python' and name 'hardware_software'
[0.251s] Level 1:colcon.colcon_core.package_identification:_identify(src/imu_reader) by extensions ['ignore', 'ignore_ament_install']
[0.251s] Level 1:colcon.colcon_core.package_identification:_identify(src/imu_reader) by extension 'ignore'
[0.252s] Level 1:colcon.colcon_core.package_identification:_identify(src/imu_reader) by extension 'ignore_ament_install'
[0.252s] Level 1:colcon.colcon_core.package_identification:_identify(src/imu_reader) by extensions ['colcon_pkg']
[0.252s] Level 1:colcon.colcon_core.package_identification:_identify(src/imu_reader) by extension 'colcon_pkg'
[0.252s] Level 1:colcon.colcon_core.package_identification:_identify(src/imu_reader) by extensions ['colcon_meta']
[0.252s] Level 1:colcon.colcon_core.package_identification:_identify(src/imu_reader) by extension 'colcon_meta'
[0.252s] Level 1:colcon.colcon_core.package_identification:_identify(src/imu_reader) by extensions ['ros']
[0.252s] Level 1:colcon.colcon_core.package_identification:_identify(src/imu_reader) by extension 'ros'
[0.253s] DEBUG:colcon.colcon_core.package_identification:Package 'src/imu_reader' with type 'ros.ament_python' and name 'imu_reader'
[0.253s] Level 1:colcon.colcon_core.package_identification:_identify(src/motor_controller) by extensions ['ignore', 'ignore_ament_install']
[0.253s] Level 1:colcon.colcon_core.package_identification:_identify(src/motor_controller) by extension 'ignore'
[0.253s] Level 1:colcon.colcon_core.package_identification:_identify(src/motor_controller) by extension 'ignore_ament_install'
[0.253s] Level 1:colcon.colcon_core.package_identification:_identify(src/motor_controller) by extensions ['colcon_pkg']
[0.253s] Level 1:colcon.colcon_core.package_identification:_identify(src/motor_controller) by extension 'colcon_pkg'
[0.253s] Level 1:colcon.colcon_core.package_identification:_identify(src/motor_controller) by extensions ['colcon_meta']
[0.253s] Level 1:colcon.colcon_core.package_identification:_identify(src/motor_controller) by extension 'colcon_meta'
[0.253s] Level 1:colcon.colcon_core.package_identification:_identify(src/motor_controller) by extensions ['ros']
[0.253s] Level 1:colcon.colcon_core.package_identification:_identify(src/motor_controller) by extension 'ros'
[0.254s] DEBUG:colcon.colcon_core.package_identification:Package 'src/motor_controller' with type 'ros.ament_python' and name 'motor_controller'
[0.254s] Level 1:colcon.colcon_core.package_identification:_identify(src/my_robot_control) by extensions ['ignore', 'ignore_ament_install']
[0.254s] Level 1:colcon.colcon_core.package_identification:_identify(src/my_robot_control) by extension 'ignore'
[0.254s] Level 1:colcon.colcon_core.package_identification:_identify(src/my_robot_control) by extension 'ignore_ament_install'
[0.254s] Level 1:colcon.colcon_core.package_identification:_identify(src/my_robot_control) by extensions ['colcon_pkg']
[0.254s] Level 1:colcon.colcon_core.package_identification:_identify(src/my_robot_control) by extension 'colcon_pkg'
[0.254s] Level 1:colcon.colcon_core.package_identification:_identify(src/my_robot_control) by extensions ['colcon_meta']
[0.254s] Level 1:colcon.colcon_core.package_identification:_identify(src/my_robot_control) by extension 'colcon_meta'
[0.254s] Level 1:colcon.colcon_core.package_identification:_identify(src/my_robot_control) by extensions ['ros']
[0.254s] Level 1:colcon.colcon_core.package_identification:_identify(src/my_robot_control) by extension 'ros'
[0.255s] DEBUG:colcon.colcon_core.package_identification:Package 'src/my_robot_control' with type 'ros.ament_cmake' and name 'my_robot_control'
[0.255s] Level 1:colcon.colcon_core.package_discovery:discover_packages(recursive) using defaults
[0.256s] Level 1:colcon.colcon_core.package_discovery:discover_packages(ignore) discover
[0.256s] Level 1:colcon.colcon_core.package_discovery:discover_packages(ignore) using defaults
[0.256s] Level 1:colcon.colcon_core.package_discovery:discover_packages(path) discover
[0.256s] Level 1:colcon.colcon_core.package_discovery:discover_packages(path) using defaults
[0.280s] Level 1:colcon.colcon_core.package_discovery:discover_packages(prefix_path) check parameters
[0.280s] Level 1:colcon.colcon_core.package_discovery:discover_packages(prefix_path) discover
[0.282s] DEBUG:colcon.colcon_installed_package_information.package_discovery:Found 4 installed packages in /home/fyp/Desktop/robot/ros2ws/install
[0.285s] DEBUG:colcon.colcon_installed_package_information.package_discovery:Found 338 installed packages in /opt/ros/jazzy
[0.287s] Level 1:colcon.colcon_core.package_discovery:discover_packages(prefix_path) using defaults
[0.348s] Level 5:colcon.colcon_core.verb:set package 'hardware_software' build argument 'cmake_args' from command line to 'None'
[0.348s] Level 5:colcon.colcon_core.verb:set package 'hardware_software' build argument 'cmake_target' from command line to 'None'
[0.348s] Level 5:colcon.colcon_core.verb:set package 'hardware_software' build argument 'cmake_target_skip_unavailable' from command line to 'False'
[0.348s] Level 5:colcon.colcon_core.verb:set package 'hardware_software' build argument 'cmake_clean_cache' from command line to 'False'
[0.348s] Level 5:colcon.colcon_core.verb:set package 'hardware_software' build argument 'cmake_clean_first' from command line to 'False'
[0.348s] Level 5:colcon.colcon_core.verb:set package 'hardware_software' build argument 'cmake_force_configure' from command line to 'False'
[0.348s] Level 5:colcon.colcon_core.verb:set package 'hardware_software' build argument 'ament_cmake_args' from command line to 'None'
[0.348s] Level 5:colcon.colcon_core.verb:set package 'hardware_software' build argument 'catkin_cmake_args' from command line to 'None'
[0.348s] Level 5:colcon.colcon_core.verb:set package 'hardware_software' build argument 'catkin_skip_building_tests' from command line to 'False'
[0.348s] DEBUG:colcon.colcon_core.verb:Building package 'hardware_software' with the following arguments: {'ament_cmake_args': None, 'build_base': '/home/fyp/Desktop/robot/ros2ws/build/hardware_software', 'catkin_cmake_args': None, 'catkin_skip_building_tests': False, 'cmake_args': None, 'cmake_clean_cache': False, 'cmake_clean_first': False, 'cmake_force_configure': False, 'cmake_target': None, 'cmake_target_skip_unavailable': False, 'install_base': '/home/fyp/Desktop/robot/ros2ws/install/hardware_software', 'merge_install': False, 'path': '/home/fyp/Desktop/robot/ros2ws/src/hardware_software', 'symlink_install': False, 'test_result_base': None}
[0.349s] Level 5:colcon.colcon_core.verb:set package 'imu_reader' build argument 'cmake_args' from command line to 'None'
[0.349s] Level 5:colcon.colcon_core.verb:set package 'imu_reader' build argument 'cmake_target' from command line to 'None'
[0.349s] Level 5:colcon.colcon_core.verb:set package 'imu_reader' build argument 'cmake_target_skip_unavailable' from command line to 'False'
[0.349s] Level 5:colcon.colcon_core.verb:set package 'imu_reader' build argument 'cmake_clean_cache' from command line to 'False'
[0.349s] Level 5:colcon.colcon_core.verb:set package 'imu_reader' build argument 'cmake_clean_first' from command line to 'False'
[0.349s] Level 5:colcon.colcon_core.verb:set package 'imu_reader' build argument 'cmake_force_configure' from command line to 'False'
[0.349s] Level 5:colcon.colcon_core.verb:set package 'imu_reader' build argument 'ament_cmake_args' from command line to 'None'
[0.349s] Level 5:colcon.colcon_core.verb:set package 'imu_reader' build argument 'catkin_cmake_args' from command line to 'None'
[0.349s] Level 5:colcon.colcon_core.verb:set package 'imu_reader' build argument 'catkin_skip_building_tests' from command line to 'False'
[0.349s] DEBUG:colcon.colcon_core.verb:Building package 'imu_reader' with the following arguments: {'ament_cmake_args': None, 'build_base': '/home/fyp/Desktop/robot/ros2ws/build/imu_reader', 'catkin_cmake_args': None, 'catkin_skip_building_tests': False, 'cmake_args': None, 'cmake_clean_cache': False, 'cmake_clean_first': False, 'cmake_force_configure': False, 'cmake_target': None, 'cmake_target_skip_unavailable': False, 'install_base': '/home/fyp/Desktop/robot/ros2ws/install/imu_reader', 'merge_install': False, 'path': '/home/fyp/Desktop/robot/ros2ws/src/imu_reader', 'symlink_install': False, 'test_result_base': None}
[0.350s] Level 5:colcon.colcon_core.verb:set package 'motor_controller' build argument 'cmake_args' from command line to 'None'
[0.350s] Level 5:colcon.colcon_core.verb:set package 'motor_controller' build argument 'cmake_target' from command line to 'None'
[0.350s] Level 5:colcon.colcon_core.verb:set package 'motor_controller' build argument 'cmake_target_skip_unavailable' from command line to 'False'
[0.350s] Level 5:colcon.colcon_core.verb:set package 'motor_controller' build argument 'cmake_clean_cache' from command line to 'False'
[0.350s] Level 5:colcon.colcon_core.verb:set package 'motor_controller' build argument 'cmake_clean_first' from command line to 'False'
[0.350s] Level 5:colcon.colcon_core.verb:set package 'motor_controller' build argument 'cmake_force_configure' from command line to 'False'
[0.350s] Level 5:colcon.colcon_core.verb:set package 'motor_controller' build argument 'ament_cmake_args' from command line to 'None'
[0.350s] Level 5:colcon.colcon_core.verb:set package 'motor_controller' build argument 'catkin_cmake_args' from command line to 'None'
[0.350s] Level 5:colcon.colcon_core.verb:set package 'motor_controller' build argument 'catkin_skip_building_tests' from command line to 'False'
[0.350s] DEBUG:colcon.colcon_core.verb:Building package 'motor_controller' with the following arguments: {'ament_cmake_args': None, 'build_base': '/home/fyp/Desktop/robot/ros2ws/build/motor_controller', 'catkin_cmake_args': None, 'catkin_skip_building_tests': False, 'cmake_args': None, 'cmake_clean_cache': False, 'cmake_clean_first': False, 'cmake_force_configure': False, 'cmake_target': None, 'cmake_target_skip_unavailable': False, 'install_base': '/home/fyp/Desktop/robot/ros2ws/install/motor_controller', 'merge_install': False, 'path': '/home/fyp/Desktop/robot/ros2ws/src/motor_controller', 'symlink_install': False, 'test_result_base': None}
[0.350s] Level 5:colcon.colcon_core.verb:set package 'my_robot_control' build argument 'cmake_args' from command line to 'None'
[0.350s] Level 5:colcon.colcon_core.verb:set package 'my_robot_control' build argument 'cmake_target' from command line to 'None'
[0.350s] Level 5:colcon.colcon_core.verb:set package 'my_robot_control' build argument 'cmake_target_skip_unavailable' from command line to 'False'
[0.350s] Level 5:colcon.colcon_core.verb:set package 'my_robot_control' build argument 'cmake_clean_cache' from command line to 'False'
[0.350s] Level 5:colcon.colcon_core.verb:set package 'my_robot_control' build argument 'cmake_clean_first' from command line to 'False'
[0.350s] Level 5:colcon.colcon_core.verb:set package 'my_robot_control' build argument 'cmake_force_configure' from command line to 'False'
[0.350s] Level 5:colcon.colcon_core.verb:set package 'my_robot_control' build argument 'ament_cmake_args' from command line to 'None'
[0.350s] Level 5:colcon.colcon_core.verb:set package 'my_robot_control' build argument 'catkin_cmake_args' from command line to 'None'
[0.350s] Level 5:colcon.colcon_core.verb:set package 'my_robot_control' build argument 'catkin_skip_building_tests' from command line to 'False'
[0.350s] DEBUG:colcon.colcon_core.verb:Building package 'my_robot_control' with the following arguments: {'ament_cmake_args': None, 'build_base': '/home/fyp/Desktop/robot/ros2ws/build/my_robot_control', 'catkin_cmake_args': None, 'catkin_skip_building_tests': False, 'cmake_args': None, 'cmake_clean_cache': False, 'cmake_clean_first': False, 'cmake_force_configure': False, 'cmake_target': None, 'cmake_target_skip_unavailable': False, 'install_base': '/home/fyp/Desktop/robot/ros2ws/install/my_robot_control', 'merge_install': False, 'path': '/home/fyp/Desktop/robot/ros2ws/src/my_robot_control', 'symlink_install': False, 'test_result_base': None}
[0.351s] INFO:colcon.colcon_core.executor:Executing jobs using 'parallel' executor
[0.352s] DEBUG:colcon.colcon_parallel_executor.executor.parallel:run_until_complete
[0.352s] INFO:colcon.colcon_ros.task.ament_python.build:Building ROS package in '/home/fyp/Desktop/robot/ros2ws/src/hardware_software' with build type 'ament_python'
[0.352s] Level 1:colcon.colcon_core.shell:create_environment_hook('hardware_software', 'ament_prefix_path')
[0.355s] INFO:colcon.colcon_core.plugin_system:Skipping extension 'colcon_core.shell.bat': Not used on non-Windows systems
[0.355s] INFO:colcon.colcon_core.shell:Creating environment hook '/home/fyp/Desktop/robot/ros2ws/install/hardware_software/share/hardware_software/hook/ament_prefix_path.ps1'
[0.356s] INFO:colcon.colcon_core.shell:Creating environment descriptor '/home/fyp/Desktop/robot/ros2ws/install/hardware_software/share/hardware_software/hook/ament_prefix_path.dsv'
[0.359s] INFO:colcon.colcon_core.shell:Creating environment hook '/home/fyp/Desktop/robot/ros2ws/install/hardware_software/share/hardware_software/hook/ament_prefix_path.sh'
[0.361s] INFO:colcon.colcon_core.shell:Skip shell extension 'powershell' for command environment: Not usable outside of PowerShell
[0.361s] DEBUG:colcon.colcon_core.shell:Skip shell extension 'dsv' for command environment
[0.366s] INFO:colcon.colcon_ros.task.ament_python.build:Building ROS package in '/home/fyp/Desktop/robot/ros2ws/src/imu_reader' with build type 'ament_python'
[0.366s] Level 1:colcon.colcon_core.shell:create_environment_hook('imu_reader', 'ament_prefix_path')
[0.366s] INFO:colcon.colcon_core.shell:Creating environment hook '/home/fyp/Desktop/robot/ros2ws/install/imu_reader/share/imu_reader/hook/ament_prefix_path.ps1'
[0.367s] INFO:colcon.colcon_core.shell:Creating environment descriptor '/home/fyp/Desktop/robot/ros2ws/install/imu_reader/share/imu_reader/hook/ament_prefix_path.dsv'
[0.371s] INFO:colcon.colcon_core.shell:Creating environment hook '/home/fyp/Desktop/robot/ros2ws/install/imu_reader/share/imu_reader/hook/ament_prefix_path.sh'
[0.372s] INFO:colcon.colcon_core.shell:Skip shell extension 'powershell' for command environment: Not usable outside of PowerShell
[0.372s] DEBUG:colcon.colcon_core.shell:Skip shell extension 'dsv' for command environment
[0.377s] INFO:colcon.colcon_ros.task.ament_python.build:Building ROS package in '/home/fyp/Desktop/robot/ros2ws/src/motor_controller' with build type 'ament_python'
[0.377s] Level 1:colcon.colcon_core.shell:create_environment_hook('motor_controller', 'ament_prefix_path')
[0.377s] INFO:colcon.colcon_core.shell:Creating environment hook '/home/fyp/Desktop/robot/ros2ws/install/motor_controller/share/motor_controller/hook/ament_prefix_path.ps1'
[0.378s] INFO:colcon.colcon_core.shell:Creating environment descriptor '/home/fyp/Desktop/robot/ros2ws/install/motor_controller/share/motor_controller/hook/ament_prefix_path.dsv'
[0.382s] INFO:colcon.colcon_core.shell:Creating environment hook '/home/fyp/Desktop/robot/ros2ws/install/motor_controller/share/motor_controller/hook/ament_prefix_path.sh'
[0.383s] INFO:colcon.colcon_core.shell:Skip shell extension 'powershell' for command environment: Not usable outside of PowerShell
[0.383s] DEBUG:colcon.colcon_core.shell:Skip shell extension 'dsv' for command environment
[0.388s] INFO:colcon.colcon_ros.task.ament_cmake.build:Building ROS package in '/home/fyp/Desktop/robot/ros2ws/src/my_robot_control' with build type 'ament_cmake'
[0.388s] INFO:colcon.colcon_cmake.task.cmake.build:Building CMake package in '/home/fyp/Desktop/robot/ros2ws/src/my_robot_control'
[0.389s] INFO:colcon.colcon_core.shell:Skip shell extension 'powershell' for command environment: Not usable outside of PowerShell
[0.389s] DEBUG:colcon.colcon_core.shell:Skip shell extension 'dsv' for command environment
[0.721s] INFO:colcon.colcon_core.task.python.build:Building Python package in '/home/fyp/Desktop/robot/ros2ws/src/hardware_software'
[0.721s] INFO:colcon.colcon_core.shell:Skip shell extension 'powershell' for command environment: Not usable outside of PowerShell
[0.721s] DEBUG:colcon.colcon_core.shell:Skip shell extension 'dsv' for command environment
[1.040s] INFO:colcon.colcon_core.task.python.build:Building Python package in '/home/fyp/Desktop/robot/ros2ws/src/imu_reader'
[1.040s] INFO:colcon.colcon_core.shell:Skip shell extension 'powershell' for command environment: Not usable outside of PowerShell
[1.040s] DEBUG:colcon.colcon_core.shell:Skip shell extension 'dsv' for command environment
[1.363s] INFO:colcon.colcon_core.task.python.build:Building Python package in '/home/fyp/Desktop/robot/ros2ws/src/motor_controller'
[1.363s] INFO:colcon.colcon_core.shell:Skip shell extension 'powershell' for command environment: Not usable outside of PowerShell
[1.363s] DEBUG:colcon.colcon_core.shell:Skip shell extension 'dsv' for command environment
[1.375s] DEBUG:colcon.colcon_core.event_handler.log_command:Invoking command in '/home/fyp/Desktop/robot/ros2ws/build/my_robot_control': CMAKE_PREFIX_PATH=${CMAKE_PREFIX_PATH}:/home/fyp/Desktop/robot/ros2ws/install/motor_controller:/home/fyp/Desktop/robot/ros2ws/install/imu_reader:/home/fyp/Desktop/robot/ros2ws/install/hardware_software:/opt/ros/jazzy DEBUGINFOD_URLS=https://debuginfod.ubuntu.com /usr/bin/cmake --build /home/fyp/Desktop/robot/ros2ws/build/my_robot_control -- -j4 -l4
[1.557s] DEBUG:colcon.colcon_core.event_handler.log_command:Invoked command in '/home/fyp/Desktop/robot/ros2ws/build/my_robot_control' returned '0': CMAKE_PREFIX_PATH=${CMAKE_PREFIX_PATH}:/home/fyp/Desktop/robot/ros2ws/install/motor_controller:/home/fyp/Desktop/robot/ros2ws/install/imu_reader:/home/fyp/Desktop/robot/ros2ws/install/hardware_software:/opt/ros/jazzy DEBUGINFOD_URLS=https://debuginfod.ubuntu.com /usr/bin/cmake --build /home/fyp/Desktop/robot/ros2ws/build/my_robot_control -- -j4 -l4
[1.589s] DEBUG:colcon.colcon_core.event_handler.log_command:Invoking command in '/home/fyp/Desktop/robot/ros2ws/build/my_robot_control': CMAKE_PREFIX_PATH=${CMAKE_PREFIX_PATH}:/home/fyp/Desktop/robot/ros2ws/install/motor_controller:/home/fyp/Desktop/robot/ros2ws/install/imu_reader:/home/fyp/Desktop/robot/ros2ws/install/hardware_software:/opt/ros/jazzy DEBUGINFOD_URLS=https://debuginfod.ubuntu.com /usr/bin/cmake --install /home/fyp/Desktop/robot/ros2ws/build/my_robot_control
[1.644s] Level 1:colcon.colcon_core.environment:create_environment_scripts_only(my_robot_control)
[1.650s] DEBUG:colcon.colcon_core.event_handler.log_command:Invoked command in '/home/fyp/Desktop/robot/ros2ws/build/my_robot_control' returned '0': CMAKE_PREFIX_PATH=${CMAKE_PREFIX_PATH}:/home/fyp/Desktop/robot/ros2ws/install/motor_controller:/home/fyp/Desktop/robot/ros2ws/install/imu_reader:/home/fyp/Desktop/robot/ros2ws/install/hardware_software:/opt/ros/jazzy DEBUGINFOD_URLS=https://debuginfod.ubuntu.com /usr/bin/cmake --install /home/fyp/Desktop/robot/ros2ws/build/my_robot_control
[1.653s] Level 1:colcon.colcon_core.environment:checking '/home/fyp/Desktop/robot/ros2ws/install/my_robot_control' for CMake module files
[1.654s] Level 1:colcon.colcon_core.environment:checking '/home/fyp/Desktop/robot/ros2ws/install/my_robot_control' for CMake config files
[1.655s] Level 1:colcon.colcon_core.shell:create_environment_hook('my_robot_control', 'cmake_prefix_path')
[1.656s] INFO:colcon.colcon_core.shell:Creating environment hook '/home/fyp/Desktop/robot/ros2ws/install/my_robot_control/share/my_robot_control/hook/cmake_prefix_path.ps1'
[1.657s] INFO:colcon.colcon_core.shell:Creating environment descriptor '/home/fyp/Desktop/robot/ros2ws/install/my_robot_control/share/my_robot_control/hook/cmake_prefix_path.dsv'
[1.659s] INFO:colcon.colcon_core.shell:Creating environment hook '/home/fyp/Desktop/robot/ros2ws/install/my_robot_control/share/my_robot_control/hook/cmake_prefix_path.sh'
[1.660s] Level 1:colcon.colcon_core.environment:checking '/home/fyp/Desktop/robot/ros2ws/install/my_robot_control/lib'
[1.661s] Level 1:colcon.colcon_core.shell:create_environment_hook('my_robot_control', 'ld_library_path_lib')
[1.661s] INFO:colcon.colcon_core.shell:Creating environment hook '/home/fyp/Desktop/robot/ros2ws/install/my_robot_control/share/my_robot_control/hook/ld_library_path_lib.ps1'
[1.662s] INFO:colcon.colcon_core.shell:Creating environment descriptor '/home/fyp/Desktop/robot/ros2ws/install/my_robot_control/share/my_robot_control/hook/ld_library_path_lib.dsv'
[1.663s] INFO:colcon.colcon_core.shell:Creating environment hook '/home/fyp/Desktop/robot/ros2ws/install/my_robot_control/share/my_robot_control/hook/ld_library_path_lib.sh'
[1.664s] Level 1:colcon.colcon_core.environment:checking '/home/fyp/Desktop/robot/ros2ws/install/my_robot_control/bin'
[1.665s] Level 1:colcon.colcon_core.environment:checking '/home/fyp/Desktop/robot/ros2ws/install/my_robot_control/lib/pkgconfig/my_robot_control.pc'
[1.665s] Level 1:colcon.colcon_core.environment:checking '/home/fyp/Desktop/robot/ros2ws/install/my_robot_control/lib/python3.12/site-packages'
[1.665s] Level 1:colcon.colcon_core.environment:checking '/home/fyp/Desktop/robot/ros2ws/install/my_robot_control/bin'
[1.666s] INFO:colcon.colcon_core.shell:Creating package script '/home/fyp/Desktop/robot/ros2ws/install/my_robot_control/share/my_robot_control/package.ps1'
[1.667s] INFO:colcon.colcon_core.shell:Creating package descriptor '/home/fyp/Desktop/robot/ros2ws/install/my_robot_control/share/my_robot_control/package.dsv'
[1.669s] INFO:colcon.colcon_core.shell:Creating package script '/home/fyp/Desktop/robot/ros2ws/install/my_robot_control/share/my_robot_control/package.sh'
[1.671s] INFO:colcon.colcon_core.shell:Creating package script '/home/fyp/Desktop/robot/ros2ws/install/my_robot_control/share/my_robot_control/package.bash'
[1.672s] INFO:colcon.colcon_core.shell:Creating package script '/home/fyp/Desktop/robot/ros2ws/install/my_robot_control/share/my_robot_control/package.zsh'
[1.673s] Level 1:colcon.colcon_core.environment:create_file_with_runtime_dependencies(/home/fyp/Desktop/robot/ros2ws/install/my_robot_control/share/colcon-core/packages/my_robot_control)
[1.675s] Level 1:colcon.colcon_core.environment:create_environment_scripts_only(my_robot_control)
[1.676s] Level 1:colcon.colcon_core.environment:checking '/home/fyp/Desktop/robot/ros2ws/install/my_robot_control' for CMake module files
[1.676s] Level 1:colcon.colcon_core.environment:checking '/home/fyp/Desktop/robot/ros2ws/install/my_robot_control' for CMake config files
[1.677s] Level 1:colcon.colcon_core.shell:create_environment_hook('my_robot_control', 'cmake_prefix_path')
[1.678s] INFO:colcon.colcon_core.shell:Creating environment hook '/home/fyp/Desktop/robot/ros2ws/install/my_robot_control/share/my_robot_control/hook/cmake_prefix_path.ps1'
[1.678s] INFO:colcon.colcon_core.shell:Creating environment descriptor '/home/fyp/Desktop/robot/ros2ws/install/my_robot_control/share/my_robot_control/hook/cmake_prefix_path.dsv'
[1.680s] INFO:colcon.colcon_core.shell:Creating environment hook '/home/fyp/Desktop/robot/ros2ws/install/my_robot_control/share/my_robot_control/hook/cmake_prefix_path.sh'
[1.706s] Level 1:colcon.colcon_core.environment:checking '/home/fyp/Desktop/robot/ros2ws/install/my_robot_control/lib'
[1.706s] Level 1:colcon.colcon_core.shell:create_environment_hook('my_robot_control', 'ld_library_path_lib')
[1.706s] INFO:colcon.colcon_core.shell:Creating environment hook '/home/fyp/Desktop/robot/ros2ws/install/my_robot_control/share/my_robot_control/hook/ld_library_path_lib.ps1'
[1.708s] INFO:colcon.colcon_core.shell:Creating environment descriptor '/home/fyp/Desktop/robot/ros2ws/install/my_robot_control/share/my_robot_control/hook/ld_library_path_lib.dsv'
[1.709s] INFO:colcon.colcon_core.shell:Creating environment hook '/home/fyp/Desktop/robot/ros2ws/install/my_robot_control/share/my_robot_control/hook/ld_library_path_lib.sh'
[1.710s] Level 1:colcon.colcon_core.environment:checking '/home/fyp/Desktop/robot/ros2ws/install/my_robot_control/bin'
[1.711s] Level 1:colcon.colcon_core.environment:checking '/home/fyp/Desktop/robot/ros2ws/install/my_robot_control/lib/pkgconfig/my_robot_control.pc'
[1.711s] Level 1:colcon.colcon_core.environment:checking '/home/fyp/Desktop/robot/ros2ws/install/my_robot_control/lib/python3.12/site-packages'
[1.712s] Level 1:colcon.colcon_core.environment:checking '/home/fyp/Desktop/robot/ros2ws/install/my_robot_control/bin'
[1.712s] INFO:colcon.colcon_core.shell:Creating package script '/home/fyp/Desktop/robot/ros2ws/install/my_robot_control/share/my_robot_control/package.ps1'
[1.713s] INFO:colcon.colcon_core.shell:Creating package descriptor '/home/fyp/Desktop/robot/ros2ws/install/my_robot_control/share/my_robot_control/package.dsv'
[1.715s] INFO:colcon.colcon_core.shell:Creating package script '/home/fyp/Desktop/robot/ros2ws/install/my_robot_control/share/my_robot_control/package.sh'
[1.720s] INFO:colcon.colcon_core.shell:Creating package script '/home/fyp/Desktop/robot/ros2ws/install/my_robot_control/share/my_robot_control/package.bash'
[1.721s] INFO:colcon.colcon_core.shell:Creating package script '/home/fyp/Desktop/robot/ros2ws/install/my_robot_control/share/my_robot_control/package.zsh'
[1.722s] Level 1:colcon.colcon_core.environment:create_file_with_runtime_dependencies(/home/fyp/Desktop/robot/ros2ws/install/my_robot_control/share/colcon-core/packages/my_robot_control)
[2.441s] DEBUG:colcon.colcon_core.event_handler.log_command:Invoking command in '/home/fyp/Desktop/robot/ros2ws/src/hardware_software': DEBUGINFOD_URLS=https://debuginfod.ubuntu.com PYTHONPATH=/home/fyp/Desktop/robot/ros2ws/build/hardware_software/prefix_override:/usr/lib/python3/dist-packages/colcon_core/task/python/colcon_distutils_commands:/home/fyp/Desktop/robot/ros2ws/install/hardware_software/lib/python3.12/site-packages:${PYTHONPATH} /usr/bin/python3 -W ignore:setup.py install is deprecated -W ignore:easy_install command is deprecated setup.py egg_info --egg-base ../../build/hardware_software build --build-base /home/fyp/Desktop/robot/ros2ws/build/hardware_software/build install --record /home/fyp/Desktop/robot/ros2ws/build/hardware_software/install.log --single-version-externally-managed install_data
[2.453s] DEBUG:colcon.colcon_core.event_handler.log_command:Invoking command in '/home/fyp/Desktop/robot/ros2ws/src/motor_controller': DEBUGINFOD_URLS=https://debuginfod.ubuntu.com PYTHONPATH=/home/fyp/Desktop/robot/ros2ws/build/motor_controller/prefix_override:/usr/lib/python3/dist-packages/colcon_core/task/python/colcon_distutils_commands:/home/fyp/Desktop/robot/ros2ws/install/motor_controller/lib/python3.12/site-packages:${PYTHONPATH} /usr/bin/python3 -W ignore:setup.py install is deprecated -W ignore:easy_install command is deprecated setup.py egg_info --egg-base ../../build/motor_controller build --build-base /home/fyp/Desktop/robot/ros2ws/build/motor_controller/build install --record /home/fyp/Desktop/robot/ros2ws/build/motor_controller/install.log --single-version-externally-managed install_data
[2.466s] DEBUG:colcon.colcon_core.event_handler.log_command:Invoking command in '/home/fyp/Desktop/robot/ros2ws/src/imu_reader': DEBUGINFOD_URLS=https://debuginfod.ubuntu.com PYTHONPATH=/home/fyp/Desktop/robot/ros2ws/build/imu_reader/prefix_override:/usr/lib/python3/dist-packages/colcon_core/task/python/colcon_distutils_commands:/home/fyp/Desktop/robot/ros2ws/install/imu_reader/lib/python3.12/site-packages:${PYTHONPATH} /usr/bin/python3 -W ignore:setup.py install is deprecated -W ignore:easy_install command is deprecated setup.py egg_info --egg-base ../../build/imu_reader build --build-base /home/fyp/Desktop/robot/ros2ws/build/imu_reader/build install --record /home/fyp/Desktop/robot/ros2ws/build/imu_reader/install.log --single-version-externally-managed install_data
[3.350s] Level 1:colcon.colcon_core.environment:checking '/home/fyp/Desktop/robot/ros2ws/install/hardware_software' for CMake module files
[3.351s] DEBUG:colcon.colcon_core.event_handler.log_command:Invoked command in '/home/fyp/Desktop/robot/ros2ws/src/hardware_software' returned '0': DEBUGINFOD_URLS=https://debuginfod.ubuntu.com PYTHONPATH=/home/fyp/Desktop/robot/ros2ws/build/hardware_software/prefix_override:/usr/lib/python3/dist-packages/colcon_core/task/python/colcon_distutils_commands:/home/fyp/Desktop/robot/ros2ws/install/hardware_software/lib/python3.12/site-packages:${PYTHONPATH} /usr/bin/python3 -W ignore:setup.py install is deprecated -W ignore:easy_install command is deprecated setup.py egg_info --egg-base ../../build/hardware_software build --build-base /home/fyp/Desktop/robot/ros2ws/build/hardware_software/build install --record /home/fyp/Desktop/robot/ros2ws/build/hardware_software/install.log --single-version-externally-managed install_data
[3.352s] Level 1:colcon.colcon_core.environment:checking '/home/fyp/Desktop/robot/ros2ws/install/hardware_software' for CMake config files
[3.353s] Level 1:colcon.colcon_core.environment:checking '/home/fyp/Desktop/robot/ros2ws/install/hardware_software/lib'
[3.353s] Level 1:colcon.colcon_core.environment:checking '/home/fyp/Desktop/robot/ros2ws/install/hardware_software/bin'
[3.353s] Level 1:colcon.colcon_core.environment:checking '/home/fyp/Desktop/robot/ros2ws/install/hardware_software/lib/pkgconfig/hardware_software.pc'
[3.354s] Level 1:colcon.colcon_core.environment:checking '/home/fyp/Desktop/robot/ros2ws/install/hardware_software/lib/python3.12/site-packages'
[3.354s] Level 1:colcon.colcon_core.shell:create_environment_hook('hardware_software', 'pythonpath')
[3.354s] INFO:colcon.colcon_core.shell:Creating environment hook '/home/fyp/Desktop/robot/ros2ws/install/hardware_software/share/hardware_software/hook/pythonpath.ps1'
[3.356s] INFO:colcon.colcon_core.shell:Creating environment descriptor '/home/fyp/Desktop/robot/ros2ws/install/hardware_software/share/hardware_software/hook/pythonpath.dsv'
[3.383s] INFO:colcon.colcon_core.shell:Creating environment hook '/home/fyp/Desktop/robot/ros2ws/install/hardware_software/share/hardware_software/hook/pythonpath.sh'
[3.385s] Level 1:colcon.colcon_core.environment:checking '/home/fyp/Desktop/robot/ros2ws/install/hardware_software/bin'
[3.385s] Level 1:colcon.colcon_core.environment:create_environment_scripts_only(hardware_software)
[3.385s] INFO:colcon.colcon_core.shell:Creating package script '/home/fyp/Desktop/robot/ros2ws/install/hardware_software/share/hardware_software/package.ps1'
[3.386s] INFO:colcon.colcon_core.shell:Creating package descriptor '/home/fyp/Desktop/robot/ros2ws/install/hardware_software/share/hardware_software/package.dsv'
[3.387s] INFO:colcon.colcon_core.shell:Creating package script '/home/fyp/Desktop/robot/ros2ws/install/hardware_software/share/hardware_software/package.sh'
[3.388s] INFO:colcon.colcon_core.shell:Creating package script '/home/fyp/Desktop/robot/ros2ws/install/hardware_software/share/hardware_software/package.bash'
[3.389s] INFO:colcon.colcon_core.shell:Creating package script '/home/fyp/Desktop/robot/ros2ws/install/hardware_software/share/hardware_software/package.zsh'
[3.390s] Level 1:colcon.colcon_core.environment:create_file_with_runtime_dependencies(/home/fyp/Desktop/robot/ros2ws/install/hardware_software/share/colcon-core/packages/hardware_software)
[3.393s] Level 1:colcon.colcon_core.environment:checking '/home/fyp/Desktop/robot/ros2ws/install/motor_controller' for CMake module files
[3.394s] DEBUG:colcon.colcon_core.event_handler.log_command:Invoked command in '/home/fyp/Desktop/robot/ros2ws/src/motor_controller' returned '0': DEBUGINFOD_URLS=https://debuginfod.ubuntu.com PYTHONPATH=/home/fyp/Desktop/robot/ros2ws/build/motor_controller/prefix_override:/usr/lib/python3/dist-packages/colcon_core/task/python/colcon_distutils_commands:/home/fyp/Desktop/robot/ros2ws/install/motor_controller/lib/python3.12/site-packages:${PYTHONPATH} /usr/bin/python3 -W ignore:setup.py install is deprecated -W ignore:easy_install command is deprecated setup.py egg_info --egg-base ../../build/motor_controller build --build-base /home/fyp/Desktop/robot/ros2ws/build/motor_controller/build install --record /home/fyp/Desktop/robot/ros2ws/build/motor_controller/install.log --single-version-externally-managed install_data
[3.394s] Level 1:colcon.colcon_core.environment:checking '/home/fyp/Desktop/robot/ros2ws/install/motor_controller' for CMake config files
[3.395s] Level 1:colcon.colcon_core.environment:checking '/home/fyp/Desktop/robot/ros2ws/install/motor_controller/lib'
[3.395s] Level 1:colcon.colcon_core.environment:checking '/home/fyp/Desktop/robot/ros2ws/install/motor_controller/bin'
[3.395s] Level 1:colcon.colcon_core.environment:checking '/home/fyp/Desktop/robot/ros2ws/install/motor_controller/lib/pkgconfig/motor_controller.pc'
[3.396s] Level 1:colcon.colcon_core.environment:checking '/home/fyp/Desktop/robot/ros2ws/install/motor_controller/lib/python3.12/site-packages'
[3.396s] Level 1:colcon.colcon_core.shell:create_environment_hook('motor_controller', 'pythonpath')
[3.396s] INFO:colcon.colcon_core.shell:Creating environment hook '/home/fyp/Desktop/robot/ros2ws/install/motor_controller/share/motor_controller/hook/pythonpath.ps1'
[3.397s] INFO:colcon.colcon_core.shell:Creating environment descriptor '/home/fyp/Desktop/robot/ros2ws/install/motor_controller/share/motor_controller/hook/pythonpath.dsv'
[3.398s] INFO:colcon.colcon_core.shell:Creating environment hook '/home/fyp/Desktop/robot/ros2ws/install/motor_controller/share/motor_controller/hook/pythonpath.sh'
[3.399s] Level 1:colcon.colcon_core.environment:checking '/home/fyp/Desktop/robot/ros2ws/install/motor_controller/bin'
[3.399s] Level 1:colcon.colcon_core.environment:create_environment_scripts_only(motor_controller)
[3.399s] INFO:colcon.colcon_core.shell:Creating package script '/home/fyp/Desktop/robot/ros2ws/install/motor_controller/share/motor_controller/package.ps1'
[3.400s] INFO:colcon.colcon_core.shell:Creating package descriptor '/home/fyp/Desktop/robot/ros2ws/install/motor_controller/share/motor_controller/package.dsv'
[3.401s] INFO:colcon.colcon_core.shell:Creating package script '/home/fyp/Desktop/robot/ros2ws/install/motor_controller/share/motor_controller/package.sh'
[3.402s] INFO:colcon.colcon_core.shell:Creating package script '/home/fyp/Desktop/robot/ros2ws/install/motor_controller/share/motor_controller/package.bash'
[3.403s] INFO:colcon.colcon_core.shell:Creating package script '/home/fyp/Desktop/robot/ros2ws/install/motor_controller/share/motor_controller/package.zsh'
[3.404s] Level 1:colcon.colcon_core.environment:create_file_with_runtime_dependencies(/home/fyp/Desktop/robot/ros2ws/install/motor_controller/share/colcon-core/packages/motor_controller)
[3.406s] Level 1:colcon.colcon_core.environment:checking '/home/fyp/Desktop/robot/ros2ws/install/imu_reader' for CMake module files
[3.407s] Level 1:colcon.colcon_core.environment:checking '/home/fyp/Desktop/robot/ros2ws/install/imu_reader' for CMake config files
[3.408s] DEBUG:colcon.colcon_core.event_handler.log_command:Invoked command in '/home/fyp/Desktop/robot/ros2ws/src/imu_reader' returned '0': DEBUGINFOD_URLS=https://debuginfod.ubuntu.com PYTHONPATH=/home/fyp/Desktop/robot/ros2ws/build/imu_reader/prefix_override:/usr/lib/python3/dist-packages/colcon_core/task/python/colcon_distutils_commands:/home/fyp/Desktop/robot/ros2ws/install/imu_reader/lib/python3.12/site-packages:${PYTHONPATH} /usr/bin/python3 -W ignore:setup.py install is deprecated -W ignore:easy_install command is deprecated setup.py egg_info --egg-base ../../build/imu_reader build --build-base /home/fyp/Desktop/robot/ros2ws/build/imu_reader/build install --record /home/fyp/Desktop/robot/ros2ws/build/imu_reader/install.log --single-version-externally-managed install_data
[3.408s] Level 1:colcon.colcon_core.environment:checking '/home/fyp/Desktop/robot/ros2ws/install/imu_reader/lib'
[3.409s] Level 1:colcon.colcon_core.environment:checking '/home/fyp/Desktop/robot/ros2ws/install/imu_reader/bin'
[3.409s] Level 1:colcon.colcon_core.environment:checking '/home/fyp/Desktop/robot/ros2ws/install/imu_reader/lib/pkgconfig/imu_reader.pc'
[3.409s] Level 1:colcon.colcon_core.environment:checking '/home/fyp/Desktop/robot/ros2ws/install/imu_reader/lib/python3.12/site-packages'
[3.409s] Level 1:colcon.colcon_core.shell:create_environment_hook('imu_reader', 'pythonpath')
[3.409s] INFO:colcon.colcon_core.shell:Creating environment hook '/home/fyp/Desktop/robot/ros2ws/install/imu_reader/share/imu_reader/hook/pythonpath.ps1'
[3.410s] INFO:colcon.colcon_core.shell:Creating environment descriptor '/home/fyp/Desktop/robot/ros2ws/install/imu_reader/share/imu_reader/hook/pythonpath.dsv'
[3.413s] INFO:colcon.colcon_core.shell:Creating environment hook '/home/fyp/Desktop/robot/ros2ws/install/imu_reader/share/imu_reader/hook/pythonpath.sh'
[3.415s] Level 1:colcon.colcon_core.environment:checking '/home/fyp/Desktop/robot/ros2ws/install/imu_reader/bin'
[3.415s] Level 1:colcon.colcon_core.environment:create_environment_scripts_only(imu_reader)
[3.415s] INFO:colcon.colcon_core.shell:Creating package script '/home/fyp/Desktop/robot/ros2ws/install/imu_reader/share/imu_reader/package.ps1'
[3.416s] INFO:colcon.colcon_core.shell:Creating package descriptor '/home/fyp/Desktop/robot/ros2ws/install/imu_reader/share/imu_reader/package.dsv'
[3.417s] INFO:colcon.colcon_core.shell:Creating package script '/home/fyp/Desktop/robot/ros2ws/install/imu_reader/share/imu_reader/package.sh'
[3.418s] INFO:colcon.colcon_core.shell:Creating package script '/home/fyp/Desktop/robot/ros2ws/install/imu_reader/share/imu_reader/package.bash'
[3.418s] INFO:colcon.colcon_core.shell:Creating package script '/home/fyp/Desktop/robot/ros2ws/install/imu_reader/share/imu_reader/package.zsh'
[3.419s] Level 1:colcon.colcon_core.environment:create_file_with_runtime_dependencies(/home/fyp/Desktop/robot/ros2ws/install/imu_reader/share/colcon-core/packages/imu_reader)
[3.421s] DEBUG:colcon.colcon_parallel_executor.executor.parallel:closing loop
[3.421s] DEBUG:colcon.colcon_parallel_executor.executor.parallel:loop closed
[3.421s] DEBUG:colcon.colcon_parallel_executor.executor.parallel:run_until_complete finished with '0'
[3.422s] DEBUG:colcon.colcon_core.event_reactor:joining thread
[3.431s] INFO:colcon.colcon_core.plugin_system:Skipping extension 'colcon_notification.desktop_notification.terminal_notifier': Not used on non-Darwin systems
[3.431s] INFO:colcon.colcon_core.plugin_system:Skipping extension 'colcon_notification.desktop_notification.win32': Not used on non-Windows systems
[3.431s] INFO:colcon.colcon_notification.desktop_notification:Sending desktop notification using 'notify2'
[28.446s] DEBUG:colcon.colcon_notification.desktop_notification.notify2:Failed to initialize notify2: org.freedesktop.DBus.Error.NoReply: Did not receive a reply. Possible causes include: the remote application did not send a reply, the message bus security policy blocked the reply, the reply timeout expired, or the network connection was broken.
[28.446s] DEBUG:colcon.colcon_core.event_reactor:joined thread
[28.447s] INFO:colcon.colcon_core.shell:Creating prefix script '/home/fyp/Desktop/robot/ros2ws/install/local_setup.ps1'
[28.448s] INFO:colcon.colcon_core.shell:Creating prefix util module '/home/fyp/Desktop/robot/ros2ws/install/_local_setup_util_ps1.py'
[28.452s] INFO:colcon.colcon_core.shell:Creating prefix chain script '/home/fyp/Desktop/robot/ros2ws/install/setup.ps1'
[28.454s] INFO:colcon.colcon_core.shell:Creating prefix script '/home/fyp/Desktop/robot/ros2ws/install/local_setup.sh'
[28.455s] INFO:colcon.colcon_core.shell:Creating prefix util module '/home/fyp/Desktop/robot/ros2ws/install/_local_setup_util_sh.py'
[28.456s] INFO:colcon.colcon_core.shell:Creating prefix chain script '/home/fyp/Desktop/robot/ros2ws/install/setup.sh'
[28.458s] INFO:colcon.colcon_core.shell:Creating prefix script '/home/fyp/Desktop/robot/ros2ws/install/local_setup.bash'
[28.463s] INFO:colcon.colcon_core.shell:Creating prefix chain script '/home/fyp/Desktop/robot/ros2ws/install/setup.bash'
[28.464s] INFO:colcon.colcon_core.shell:Creating prefix script '/home/fyp/Desktop/robot/ros2ws/install/local_setup.zsh'
[28.465s] INFO:colcon.colcon_core.shell:Creating prefix chain script '/home/fyp/Desktop/robot/ros2ws/install/setup.zsh'
