[100%] Built target my_robot_control
-- Install configuration: ""
-- Up-to-date: /home/fyp/Desktop/robot/ros2ws/install/my_robot_control/share/my_robot_control//launch
-- Up-to-date: /home/fyp/Desktop/robot/ros2ws/install/my_robot_control/share/my_robot_control//launch/rplidar.launch.py
-- Up-to-date: /home/fyp/Desktop/robot/ros2ws/install/my_robot_control/share/my_robot_control//launch/wheel_control.launch.py
-- Up-to-date: /home/fyp/Desktop/robot/ros2ws/install/my_robot_control/share/my_robot_control//config
-- Up-to-date: /home/fyp/Desktop/robot/ros2ws/install/my_robot_control/share/my_robot_control//config/diffbot_controller.yaml
-- Up-to-date: /home/fyp/Desktop/robot/ros2ws/install/my_robot_control/share/my_robot_control//ros2_control
-- Up-to-date: /home/fyp/Desktop/robot/ros2ws/install/my_robot_control/share/my_robot_control//ros2_control/diffbot.ros2_control.xacro
-- Up-to-date: /home/fyp/Desktop/robot/ros2ws/install/my_robot_control/share/my_robot_control//urdf
-- Up-to-date: /home/fyp/Desktop/robot/ros2ws/install/my_robot_control/share/my_robot_control//urdf/diffbot.materials.xacro
-- Up-to-date: /home/fyp/Desktop/robot/ros2ws/install/my_robot_control/share/my_robot_control//urdf/diffbot_description.urdf.xacro
-- Up-to-date: /home/fyp/Desktop/robot/ros2ws/install/my_robot_control/share/my_robot_control//urdf/diffbot.urdf.xacro
-- Up-to-date: /home/fyp/Desktop/robot/ros2ws/install/my_robot_control/include/
-- Up-to-date: /home/fyp/Desktop/robot/ros2ws/install/my_robot_control/include//my_robot_control
-- Up-to-date: /home/fyp/Desktop/robot/ros2ws/install/my_robot_control/include//my_robot_control/diffbot_system.hpp
-- Up-to-date: /home/fyp/Desktop/robot/ros2ws/install/my_robot_control/include//my_robot_control/motor_driver.hpp
-- Up-to-date: /home/fyp/Desktop/robot/ros2ws/install/my_robot_control/lib/libmy_robot_control.so
-- Up-to-date: /home/fyp/Desktop/robot/ros2ws/install/my_robot_control/share/my_robot_control/ros2_control_hardware.xml
-- Up-to-date: /home/fyp/Desktop/robot/ros2ws/install/my_robot_control/share/ament_index/resource_index/package_run_dependencies/my_robot_control
-- Up-to-date: /home/fyp/Desktop/robot/ros2ws/install/my_robot_control/share/ament_index/resource_index/parent_prefix_path/my_robot_control
-- Up-to-date: /home/fyp/Desktop/robot/ros2ws/install/my_robot_control/share/my_robot_control/environment/ament_prefix_path.sh
-- Up-to-date: /home/fyp/Desktop/robot/ros2ws/install/my_robot_control/share/my_robot_control/environment/ament_prefix_path.dsv
-- Up-to-date: /home/fyp/Desktop/robot/ros2ws/install/my_robot_control/share/my_robot_control/environment/path.sh
-- Up-to-date: /home/fyp/Desktop/robot/ros2ws/install/my_robot_control/share/my_robot_control/environment/path.dsv
-- Up-to-date: /home/fyp/Desktop/robot/ros2ws/install/my_robot_control/share/my_robot_control/local_setup.bash
-- Up-to-date: /home/fyp/Desktop/robot/ros2ws/install/my_robot_control/share/my_robot_control/local_setup.sh
-- Up-to-date: /home/fyp/Desktop/robot/ros2ws/install/my_robot_control/share/my_robot_control/local_setup.zsh
-- Up-to-date: /home/fyp/Desktop/robot/ros2ws/install/my_robot_control/share/my_robot_control/local_setup.dsv
-- Installing: /home/fyp/Desktop/robot/ros2ws/install/my_robot_control/share/my_robot_control/package.dsv
-- Up-to-date: /home/fyp/Desktop/robot/ros2ws/install/my_robot_control/share/ament_index/resource_index/packages/my_robot_control
-- Up-to-date: /home/fyp/Desktop/robot/ros2ws/install/my_robot_control/share/ament_index/resource_index/hardware_interface__pluginlib__plugin/my_robot_control
-- Up-to-date: /home/fyp/Desktop/robot/ros2ws/install/my_robot_control/share/my_robot_control/cmake/my_robot_controlConfig.cmake
-- Up-to-date: /home/fyp/Desktop/robot/ros2ws/install/my_robot_control/share/my_robot_control/cmake/my_robot_controlConfig-version.cmake
-- Up-to-date: /home/fyp/Desktop/robot/ros2ws/install/my_robot_control/share/my_robot_control/package.xml
