[0.973s] Invoking command in '/home/fyp/Desktop/robot/ros2ws/build/my_robot_control': CMAKE_PREFIX_PATH=${CMAKE_PREFIX_PATH}:/opt/ros/jazzy DEBUGINFOD_URLS=https://debuginfod.ubuntu.com /usr/bin/cmake --build /home/fyp/Desktop/robot/ros2ws/build/my_robot_control -- -j4 -l4
[1.312s] [100%] Built target my_robot_control
[1.337s] Invoked command in '/home/fyp/Desktop/robot/ros2ws/build/my_robot_control' returned '0': CMAKE_PREFIX_PATH=${CMAKE_PREFIX_PATH}:/opt/ros/jazzy DEBUGINFOD_URLS=https://debuginfod.ubuntu.com /usr/bin/cmake --build /home/fyp/Desktop/robot/ros2ws/build/my_robot_control -- -j4 -l4
[1.362s] Invoking command in '/home/fyp/Desktop/robot/ros2ws/build/my_robot_control': CMAKE_PREFIX_PATH=${CMAKE_PREFIX_PATH}:/opt/ros/jazzy DEBUGINFOD_URLS=https://debuginfod.ubuntu.com /usr/bin/cmake --install /home/fyp/Desktop/robot/ros2ws/build/my_robot_control
[1.380s] -- Install configuration: ""
[1.382s] -- Up-to-date: /home/fyp/Desktop/robot/ros2ws/install/my_robot_control/share/my_robot_control//launch
[1.382s] -- Up-to-date: /home/fyp/Desktop/robot/ros2ws/install/my_robot_control/share/my_robot_control//launch/rplidar.launch.py
[1.382s] -- Up-to-date: /home/fyp/Desktop/robot/ros2ws/install/my_robot_control/share/my_robot_control//launch/wheel_control.launch.py
[1.382s] -- Up-to-date: /home/fyp/Desktop/robot/ros2ws/install/my_robot_control/share/my_robot_control//config
[1.382s] -- Up-to-date: /home/fyp/Desktop/robot/ros2ws/install/my_robot_control/share/my_robot_control//config/diffbot_controller.yaml
[1.382s] -- Up-to-date: /home/fyp/Desktop/robot/ros2ws/install/my_robot_control/share/my_robot_control//ros2_control
[1.382s] -- Up-to-date: /home/fyp/Desktop/robot/ros2ws/install/my_robot_control/share/my_robot_control//ros2_control/diffbot.ros2_control.xacro
[1.383s] -- Up-to-date: /home/fyp/Desktop/robot/ros2ws/install/my_robot_control/share/my_robot_control//urdf
[1.383s] -- Up-to-date: /home/fyp/Desktop/robot/ros2ws/install/my_robot_control/share/my_robot_control//urdf/diffbot.materials.xacro
[1.383s] -- Up-to-date: /home/fyp/Desktop/robot/ros2ws/install/my_robot_control/share/my_robot_control//urdf/diffbot_description.urdf.xacro
[1.383s] -- Up-to-date: /home/fyp/Desktop/robot/ros2ws/install/my_robot_control/share/my_robot_control//urdf/diffbot.urdf.xacro
[1.383s] -- Up-to-date: /home/fyp/Desktop/robot/ros2ws/install/my_robot_control/include/
[1.383s] -- Up-to-date: /home/fyp/Desktop/robot/ros2ws/install/my_robot_control/include//my_robot_control
[1.383s] -- Up-to-date: /home/fyp/Desktop/robot/ros2ws/install/my_robot_control/include//my_robot_control/diffbot_system.hpp
[1.383s] -- Up-to-date: /home/fyp/Desktop/robot/ros2ws/install/my_robot_control/include//my_robot_control/motor_driver.hpp
[1.387s] -- Up-to-date: /home/fyp/Desktop/robot/ros2ws/install/my_robot_control/lib/libmy_robot_control.so
[1.388s] -- Up-to-date: /home/fyp/Desktop/robot/ros2ws/install/my_robot_control/share/my_robot_control/ros2_control_hardware.xml
[1.388s] -- Up-to-date: /home/fyp/Desktop/robot/ros2ws/install/my_robot_control/share/ament_index/resource_index/package_run_dependencies/my_robot_control
[1.388s] -- Up-to-date: /home/fyp/Desktop/robot/ros2ws/install/my_robot_control/share/ament_index/resource_index/parent_prefix_path/my_robot_control
[1.388s] -- Up-to-date: /home/fyp/Desktop/robot/ros2ws/install/my_robot_control/share/my_robot_control/environment/ament_prefix_path.sh
[1.388s] -- Up-to-date: /home/fyp/Desktop/robot/ros2ws/install/my_robot_control/share/my_robot_control/environment/ament_prefix_path.dsv
[1.388s] -- Up-to-date: /home/fyp/Desktop/robot/ros2ws/install/my_robot_control/share/my_robot_control/environment/path.sh
[1.388s] -- Up-to-date: /home/fyp/Desktop/robot/ros2ws/install/my_robot_control/share/my_robot_control/environment/path.dsv
[1.389s] -- Up-to-date: /home/fyp/Desktop/robot/ros2ws/install/my_robot_control/share/my_robot_control/local_setup.bash
[1.389s] -- Up-to-date: /home/fyp/Desktop/robot/ros2ws/install/my_robot_control/share/my_robot_control/local_setup.sh
[1.389s] -- Up-to-date: /home/fyp/Desktop/robot/ros2ws/install/my_robot_control/share/my_robot_control/local_setup.zsh
[1.389s] -- Up-to-date: /home/fyp/Desktop/robot/ros2ws/install/my_robot_control/share/my_robot_control/local_setup.dsv
[1.389s] -- Installing: /home/fyp/Desktop/robot/ros2ws/install/my_robot_control/share/my_robot_control/package.dsv
[1.390s] -- Up-to-date: /home/fyp/Desktop/robot/ros2ws/install/my_robot_control/share/ament_index/resource_index/packages/my_robot_control
[1.391s] -- Up-to-date: /home/fyp/Desktop/robot/ros2ws/install/my_robot_control/share/ament_index/resource_index/hardware_interface__pluginlib__plugin/my_robot_control
[1.391s] -- Up-to-date: /home/fyp/Desktop/robot/ros2ws/install/my_robot_control/share/my_robot_control/cmake/my_robot_controlConfig.cmake
[1.391s] -- Up-to-date: /home/fyp/Desktop/robot/ros2ws/install/my_robot_control/share/my_robot_control/cmake/my_robot_controlConfig-version.cmake
[1.391s] -- Up-to-date: /home/fyp/Desktop/robot/ros2ws/install/my_robot_control/share/my_robot_control/package.xml
[1.393s] Invoked command in '/home/fyp/Desktop/robot/ros2ws/build/my_robot_control' returned '0': CMAKE_PREFIX_PATH=${CMAKE_PREFIX_PATH}:/opt/ros/jazzy DEBUGINFOD_URLS=https://debuginfod.ubuntu.com /usr/bin/cmake --install /home/fyp/Desktop/robot/ros2ws/build/my_robot_control
