[1.224s] Invoking command in '/home/fyp/Desktop/swarm_repo/robot/ros2ws/src/hardware_software': DEBUGINFOD_URLS=https://debuginfod.ubuntu.com PYTHONPATH=/home/fyp/Desktop/swarm_repo/robot/ros2ws/build/hardware_software/prefix_override:/usr/lib/python3/dist-packages/colcon_core/task/python/colcon_distutils_commands:/home/fyp/Desktop/swarm_repo/robot/ros2ws/install/hardware_software/lib/python3.12/site-packages:${PYTHONPATH} /usr/bin/python3 -W ignore:setup.py install is deprecated -W ignore:easy_install command is deprecated setup.py egg_info --egg-base ../../build/hardware_software build --build-base /home/fyp/Desktop/swarm_repo/robot/ros2ws/build/hardware_software/build install --record /home/fyp/Desktop/swarm_repo/robot/ros2ws/build/hardware_software/install.log --single-version-externally-managed install_data
[1.592s] running egg_info
[1.617s] writing ../../build/hardware_software/hardware_software.egg-info/PKG-INFO
[1.617s] writing dependency_links to ../../build/hardware_software/hardware_software.egg-info/dependency_links.txt
[1.619s] writing entry points to ../../build/hardware_software/hardware_software.egg-info/entry_points.txt
[1.619s] writing requirements to ../../build/hardware_software/hardware_software.egg-info/requires.txt
[1.620s] writing top-level names to ../../build/hardware_software/hardware_software.egg-info/top_level.txt
[1.674s] reading manifest file '../../build/hardware_software/hardware_software.egg-info/SOURCES.txt'
[1.676s] writing manifest file '../../build/hardware_software/hardware_software.egg-info/SOURCES.txt'
[1.676s] running build
[1.676s] running build_py
[1.677s] copying hardware_software/mqtt_subscriber.py -> /home/fyp/Desktop/swarm_repo/robot/ros2ws/build/hardware_software/build/lib/hardware_software
[1.677s] running install
[1.686s] running install_lib
[1.712s] copying /home/fyp/Desktop/swarm_repo/robot/ros2ws/build/hardware_software/build/lib/hardware_software/mqtt_subscriber.py -> /home/fyp/Desktop/swarm_repo/robot/ros2ws/install/hardware_software/lib/python3.12/site-packages/hardware_software
[1.713s] byte-compiling /home/fyp/Desktop/swarm_repo/robot/ros2ws/install/hardware_software/lib/python3.12/site-packages/hardware_software/mqtt_subscriber.py to mqtt_subscriber.cpython-312.pyc
[1.714s] running install_data
[1.716s] running install_egg_info
[1.742s] removing '/home/fyp/Desktop/swarm_repo/robot/ros2ws/install/hardware_software/lib/python3.12/site-packages/hardware_software-0.0.0-py3.12.egg-info' (and everything under it)
[1.743s] Copying ../../build/hardware_software/hardware_software.egg-info to /home/fyp/Desktop/swarm_repo/robot/ros2ws/install/hardware_software/lib/python3.12/site-packages/hardware_software-0.0.0-py3.12.egg-info
[1.744s] running install_scripts
[1.924s] Installing ros2_mqtt_encoder script to /home/fyp/Desktop/swarm_repo/robot/ros2ws/install/hardware_software/lib/hardware_software
[1.924s] Installing ros2_mqtt_subscriber script to /home/fyp/Desktop/swarm_repo/robot/ros2ws/install/hardware_software/lib/hardware_software
[1.926s] writing list of installed files to '/home/fyp/Desktop/swarm_repo/robot/ros2ws/build/hardware_software/install.log'
[2.009s] Invoked command in '/home/fyp/Desktop/swarm_repo/robot/ros2ws/src/hardware_software' returned '0': DEBUGINFOD_URLS=https://debuginfod.ubuntu.com PYTHONPATH=/home/fyp/Desktop/swarm_repo/robot/ros2ws/build/hardware_software/prefix_override:/usr/lib/python3/dist-packages/colcon_core/task/python/colcon_distutils_commands:/home/fyp/Desktop/swarm_repo/robot/ros2ws/install/hardware_software/lib/python3.12/site-packages:${PYTHONPATH} /usr/bin/python3 -W ignore:setup.py install is deprecated -W ignore:easy_install command is deprecated setup.py egg_info --egg-base ../../build/hardware_software build --build-base /home/fyp/Desktop/swarm_repo/robot/ros2ws/build/hardware_software/build install --record /home/fyp/Desktop/swarm_repo/robot/ros2ws/build/hardware_software/install.log --single-version-externally-managed install_data
