[1.143s] Invoking command in '/home/fyp/Desktop/swarm_repo/robot/ros2ws/src/hardware_software': DEBUGINFOD_URLS=https://debuginfod.ubuntu.com PYTHONPATH=/home/fyp/Desktop/swarm_repo/robot/ros2ws/src/build/hardware_software/prefix_override:/usr/lib/python3/dist-packages/colcon_core/task/python/colcon_distutils_commands:/home/fyp/Desktop/swarm_repo/robot/ros2ws/src/install/hardware_software/lib/python3.12/site-packages:${PYTHONPATH} /usr/bin/python3 -W ignore:setup.py install is deprecated -W ignore:easy_install command is deprecated setup.py egg_info --egg-base ../build/hardware_software build --build-base /home/fyp/Desktop/swarm_repo/robot/ros2ws/src/build/hardware_software/build install --record /home/fyp/Desktop/swarm_repo/robot/ros2ws/src/build/hardware_software/install.log --single-version-externally-managed install_data
[1.491s] running egg_info
[1.515s] writing ../build/hardware_software/hardware_software.egg-info/PKG-INFO
[1.515s] writing dependency_links to ../build/hardware_software/hardware_software.egg-info/dependency_links.txt
[1.516s] writing entry points to ../build/hardware_software/hardware_software.egg-info/entry_points.txt
[1.517s] writing requirements to ../build/hardware_software/hardware_software.egg-info/requires.txt
[1.518s] writing top-level names to ../build/hardware_software/hardware_software.egg-info/top_level.txt
[1.570s] reading manifest file '../build/hardware_software/hardware_software.egg-info/SOURCES.txt'
[1.572s] writing manifest file '../build/hardware_software/hardware_software.egg-info/SOURCES.txt'
[1.572s] running build
[1.572s] running build_py
[1.572s] copying hardware_software/mqtt_encoder.py -> /home/fyp/Desktop/swarm_repo/robot/ros2ws/src/build/hardware_software/build/lib/hardware_software
[1.573s] running install
[1.582s] running install_lib
[1.607s] copying /home/fyp/Desktop/swarm_repo/robot/ros2ws/src/build/hardware_software/build/lib/hardware_software/mqtt_encoder.py -> /home/fyp/Desktop/swarm_repo/robot/ros2ws/src/install/hardware_software/lib/python3.12/site-packages/hardware_software
[1.608s] byte-compiling /home/fyp/Desktop/swarm_repo/robot/ros2ws/src/install/hardware_software/lib/python3.12/site-packages/hardware_software/mqtt_encoder.py to mqtt_encoder.cpython-312.pyc
[1.608s] running install_data
[1.609s] copying package.xml -> /home/fyp/Desktop/swarm_repo/robot/ros2ws/src/install/hardware_software/share/hardware_software
[1.609s] running install_egg_info
[1.636s] removing '/home/fyp/Desktop/swarm_repo/robot/ros2ws/src/install/hardware_software/lib/python3.12/site-packages/hardware_software-0.0.0-py3.12.egg-info' (and everything under it)
[1.636s] Copying ../build/hardware_software/hardware_software.egg-info to /home/fyp/Desktop/swarm_repo/robot/ros2ws/src/install/hardware_software/lib/python3.12/site-packages/hardware_software-0.0.0-py3.12.egg-info
[1.637s] running install_scripts
[1.807s] Installing ros2_mqtt_encoder script to /home/fyp/Desktop/swarm_repo/robot/ros2ws/src/install/hardware_software/lib/hardware_software
[1.807s] Installing ros2_mqtt_subscriber script to /home/fyp/Desktop/swarm_repo/robot/ros2ws/src/install/hardware_software/lib/hardware_software
[1.809s] writing list of installed files to '/home/fyp/Desktop/swarm_repo/robot/ros2ws/src/build/hardware_software/install.log'
[1.887s] Invoked command in '/home/fyp/Desktop/swarm_repo/robot/ros2ws/src/hardware_software' returned '0': DEBUGINFOD_URLS=https://debuginfod.ubuntu.com PYTHONPATH=/home/fyp/Desktop/swarm_repo/robot/ros2ws/src/build/hardware_software/prefix_override:/usr/lib/python3/dist-packages/colcon_core/task/python/colcon_distutils_commands:/home/fyp/Desktop/swarm_repo/robot/ros2ws/src/install/hardware_software/lib/python3.12/site-packages:${PYTHONPATH} /usr/bin/python3 -W ignore:setup.py install is deprecated -W ignore:easy_install command is deprecated setup.py egg_info --egg-base ../build/hardware_software build --build-base /home/fyp/Desktop/swarm_repo/robot/ros2ws/src/build/hardware_software/build install --record /home/fyp/Desktop/swarm_repo/robot/ros2ws/src/build/hardware_software/install.log --single-version-externally-managed install_data
