[1.144s] Invoking command in '/home/fyp/Desktop/robot/ros2ws/src/hardware_software': DEBUGINFOD_URLS=https://debuginfod.ubuntu.com PYTHONPATH=/home/fyp/Desktop/robot/ros2ws/build/hardware_software/prefix_override:/usr/lib/python3/dist-packages/colcon_core/task/python/colcon_distutils_commands:/home/fyp/Desktop/robot/ros2ws/install/hardware_software/lib/python3.12/site-packages:${PYTHONPATH} /usr/bin/python3 -W ignore:setup.py install is deprecated -W ignore:easy_install command is deprecated setup.py egg_info --egg-base ../../build/hardware_software build --build-base /home/fyp/Desktop/robot/ros2ws/build/hardware_software/build install --record /home/fyp/Desktop/robot/ros2ws/build/hardware_software/install.log --single-version-externally-managed install_data
[1.497s] running egg_info
[1.521s] writing ../../build/hardware_software/hardware_software.egg-info/PKG-INFO
[1.521s] writing dependency_links to ../../build/hardware_software/hardware_software.egg-info/dependency_links.txt
[1.524s] writing requirements to ../../build/hardware_software/hardware_software.egg-info/requires.txt
[1.525s] writing top-level names to ../../build/hardware_software/hardware_software.egg-info/top_level.txt
[1.577s] reading manifest file '../../build/hardware_software/hardware_software.egg-info/SOURCES.txt'
[1.578s] writing manifest file '../../build/hardware_software/hardware_software.egg-info/SOURCES.txt'
[1.578s] running build
[1.578s] running build_py
[1.579s] running install
[1.588s] running install_lib
[1.614s] running install_data
[1.614s] copying launch/robot_nav.launch.py -> /home/fyp/Desktop/robot/ros2ws/install/hardware_software/share/hardware_software/launch/
[1.614s] copying params/nav2_params.yaml -> /home/fyp/Desktop/robot/ros2ws/install/hardware_software/share/hardware_software/params/
[1.615s] running install_egg_info
[1.641s] removing '/home/fyp/Desktop/robot/ros2ws/install/hardware_software/lib/python3.12/site-packages/hardware_software-0.0.0-py3.12.egg-info' (and everything under it)
[1.642s] Copying ../../build/hardware_software/hardware_software.egg-info to /home/fyp/Desktop/robot/ros2ws/install/hardware_software/lib/python3.12/site-packages/hardware_software-0.0.0-py3.12.egg-info
[1.643s] running install_scripts
[1.815s] writing list of installed files to '/home/fyp/Desktop/robot/ros2ws/build/hardware_software/install.log'
[1.890s] Invoked command in '/home/fyp/Desktop/robot/ros2ws/src/hardware_software' returned '0': DEBUGINFOD_URLS=https://debuginfod.ubuntu.com PYTHONPATH=/home/fyp/Desktop/robot/ros2ws/build/hardware_software/prefix_override:/usr/lib/python3/dist-packages/colcon_core/task/python/colcon_distutils_commands:/home/fyp/Desktop/robot/ros2ws/install/hardware_software/lib/python3.12/site-packages:${PYTHONPATH} /usr/bin/python3 -W ignore:setup.py install is deprecated -W ignore:easy_install command is deprecated setup.py egg_info --egg-base ../../build/hardware_software build --build-base /home/fyp/Desktop/robot/ros2ws/build/hardware_software/build install --record /home/fyp/Desktop/robot/ros2ws/build/hardware_software/install.log --single-version-externally-managed install_data
