[2.099s] Invoking command in '/home/fyp/Desktop/robot/ros2ws/src/imu_reader': DEBUGINFOD_URLS=https://debuginfod.ubuntu.com PYTHONPATH=/home/fyp/Desktop/robot/ros2ws/build/imu_reader/prefix_override:/usr/lib/python3/dist-packages/colcon_core/task/python/colcon_distutils_commands:/home/fyp/Desktop/robot/ros2ws/install/imu_reader/lib/python3.12/site-packages:${PYTHONPATH} /usr/bin/python3 -W ignore:setup.py install is deprecated -W ignore:easy_install command is deprecated setup.py egg_info --egg-base ../../build/imu_reader build --build-base /home/fyp/Desktop/robot/ros2ws/build/imu_reader/build install --record /home/fyp/Desktop/robot/ros2ws/build/imu_reader/install.log --single-version-externally-managed install_data
[2.507s] running egg_info
[2.534s] writing ../../build/imu_reader/imu_reader.egg-info/PKG-INFO
[2.537s] writing dependency_links to ../../build/imu_reader/imu_reader.egg-info/dependency_links.txt
[2.538s] writing entry points to ../../build/imu_reader/imu_reader.egg-info/entry_points.txt
[2.539s] writing requirements to ../../build/imu_reader/imu_reader.egg-info/requires.txt
[2.540s] writing top-level names to ../../build/imu_reader/imu_reader.egg-info/top_level.txt
[2.593s] reading manifest file '../../build/imu_reader/imu_reader.egg-info/SOURCES.txt'
[2.594s] writing manifest file '../../build/imu_reader/imu_reader.egg-info/SOURCES.txt'
[2.594s] running build
[2.595s] running build_py
[2.595s] running install
[2.605s] running install_lib
[2.633s] running install_data
[2.633s] running install_egg_info
[2.661s] removing '/home/fyp/Desktop/robot/ros2ws/install/imu_reader/lib/python3.12/site-packages/imu_reader-0.0.0-py3.12.egg-info' (and everything under it)
[2.663s] Copying ../../build/imu_reader/imu_reader.egg-info to /home/fyp/Desktop/robot/ros2ws/install/imu_reader/lib/python3.12/site-packages/imu_reader-0.0.0-py3.12.egg-info
[2.664s] running install_scripts
[2.849s] Installing imu_reader_node script to /home/fyp/Desktop/robot/ros2ws/install/imu_reader/lib/imu_reader
[2.850s] writing list of installed files to '/home/fyp/Desktop/robot/ros2ws/build/imu_reader/install.log'
[3.041s] Invoked command in '/home/fyp/Desktop/robot/ros2ws/src/imu_reader' returned '0': DEBUGINFOD_URLS=https://debuginfod.ubuntu.com PYTHONPATH=/home/fyp/Desktop/robot/ros2ws/build/imu_reader/prefix_override:/usr/lib/python3/dist-packages/colcon_core/task/python/colcon_distutils_commands:/home/fyp/Desktop/robot/ros2ws/install/imu_reader/lib/python3.12/site-packages:${PYTHONPATH} /usr/bin/python3 -W ignore:setup.py install is deprecated -W ignore:easy_install command is deprecated setup.py egg_info --egg-base ../../build/imu_reader build --build-base /home/fyp/Desktop/robot/ros2ws/build/imu_reader/build install --record /home/fyp/Desktop/robot/ros2ws/build/imu_reader/install.log --single-version-externally-managed install_data
