[1.587s] Invoking command in '/home/fyp3/Desktop/ros2_swarm_mapping/robot/ros2ws/src/hardware_software': DEBUGINFOD_URLS=https://debuginfod.ubuntu.com PYTHONPATH=/home/fyp3/Desktop/ros2_swarm_mapping/build/hardware_software/prefix_override:/usr/lib/python3/dist-packages/colcon_core/task/python/colcon_distutils_commands:/home/fyp3/Desktop/ros2_swarm_mapping/install/hardware_software/lib/python3.12/site-packages:${PYTHONPATH} /usr/bin/python3 -W ignore:setup.py install is deprecated -W ignore:easy_install command is deprecated setup.py egg_info --egg-base ../../../../build/hardware_software build --build-base /home/fyp3/Desktop/ros2_swarm_mapping/build/hardware_software/build install --record /home/fyp3/Desktop/ros2_swarm_mapping/build/hardware_software/install.log --single-version-externally-managed install_data
[1.919s] running egg_info
[1.920s] creating ../../../../build/hardware_software/hardware_software.egg-info
[1.941s] writing ../../../../build/hardware_software/hardware_software.egg-info/PKG-INFO
[1.941s] writing dependency_links to ../../../../build/hardware_software/hardware_software.egg-info/dependency_links.txt
[1.942s] writing entry points to ../../../../build/hardware_software/hardware_software.egg-info/entry_points.txt
[1.942s] writing requirements to ../../../../build/hardware_software/hardware_software.egg-info/requires.txt
[1.942s] writing top-level names to ../../../../build/hardware_software/hardware_software.egg-info/top_level.txt
[1.942s] writing manifest file '../../../../build/hardware_software/hardware_software.egg-info/SOURCES.txt'
[1.986s] reading manifest file '../../../../build/hardware_software/hardware_software.egg-info/SOURCES.txt'
[1.987s] writing manifest file '../../../../build/hardware_software/hardware_software.egg-info/SOURCES.txt'
[1.987s] running build
[1.988s] running build_py
[1.988s] creating /home/fyp3/Desktop/ros2_swarm_mapping/build/hardware_software/build
[1.988s] creating /home/fyp3/Desktop/ros2_swarm_mapping/build/hardware_software/build/lib
[1.988s] creating /home/fyp3/Desktop/ros2_swarm_mapping/build/hardware_software/build/lib/hardware_software
[1.988s] copying hardware_software/mqtt_subscriber.py -> /home/fyp3/Desktop/ros2_swarm_mapping/build/hardware_software/build/lib/hardware_software
[1.988s] copying hardware_software/map_to_json.py -> /home/fyp3/Desktop/ros2_swarm_mapping/build/hardware_software/build/lib/hardware_software
[1.989s] copying hardware_software/__init__.py -> /home/fyp3/Desktop/ros2_swarm_mapping/build/hardware_software/build/lib/hardware_software
[1.989s] copying hardware_software/mqtt_encoder.py -> /home/fyp3/Desktop/ros2_swarm_mapping/build/hardware_software/build/lib/hardware_software
[1.989s] running install
[1.999s] running install_lib
[2.021s] creating /home/fyp3/Desktop/ros2_swarm_mapping/install/hardware_software/lib/python3.12/site-packages/hardware_software
[2.021s] copying /home/fyp3/Desktop/ros2_swarm_mapping/build/hardware_software/build/lib/hardware_software/mqtt_subscriber.py -> /home/fyp3/Desktop/ros2_swarm_mapping/install/hardware_software/lib/python3.12/site-packages/hardware_software
[2.021s] copying /home/fyp3/Desktop/ros2_swarm_mapping/build/hardware_software/build/lib/hardware_software/map_to_json.py -> /home/fyp3/Desktop/ros2_swarm_mapping/install/hardware_software/lib/python3.12/site-packages/hardware_software
[2.021s] copying /home/fyp3/Desktop/ros2_swarm_mapping/build/hardware_software/build/lib/hardware_software/__init__.py -> /home/fyp3/Desktop/ros2_swarm_mapping/install/hardware_software/lib/python3.12/site-packages/hardware_software
[2.022s] copying /home/fyp3/Desktop/ros2_swarm_mapping/build/hardware_software/build/lib/hardware_software/mqtt_encoder.py -> /home/fyp3/Desktop/ros2_swarm_mapping/install/hardware_software/lib/python3.12/site-packages/hardware_software
[2.022s] byte-compiling /home/fyp3/Desktop/ros2_swarm_mapping/install/hardware_software/lib/python3.12/site-packages/hardware_software/mqtt_subscriber.py to mqtt_subscriber.cpython-312.pyc
[2.023s] byte-compiling /home/fyp3/Desktop/ros2_swarm_mapping/install/hardware_software/lib/python3.12/site-packages/hardware_software/map_to_json.py to map_to_json.cpython-312.pyc
[2.024s] byte-compiling /home/fyp3/Desktop/ros2_swarm_mapping/install/hardware_software/lib/python3.12/site-packages/hardware_software/__init__.py to __init__.cpython-312.pyc
[2.024s] byte-compiling /home/fyp3/Desktop/ros2_swarm_mapping/install/hardware_software/lib/python3.12/site-packages/hardware_software/mqtt_encoder.py to mqtt_encoder.cpython-312.pyc
[2.025s] running install_data
[2.025s] creating /home/fyp3/Desktop/ros2_swarm_mapping/install/hardware_software/share/ament_index
[2.025s] creating /home/fyp3/Desktop/ros2_swarm_mapping/install/hardware_software/share/ament_index/resource_index
[2.025s] creating /home/fyp3/Desktop/ros2_swarm_mapping/install/hardware_software/share/ament_index/resource_index/packages
[2.025s] copying resource/hardware_software -> /home/fyp3/Desktop/ros2_swarm_mapping/install/hardware_software/share/ament_index/resource_index/packages
[2.025s] copying package.xml -> /home/fyp3/Desktop/ros2_swarm_mapping/install/hardware_software/share/hardware_software
[2.026s] creating /home/fyp3/Desktop/ros2_swarm_mapping/install/hardware_software/share/hardware_software/launch
[2.026s] copying launch/tf.launch.py -> /home/fyp3/Desktop/ros2_swarm_mapping/install/hardware_software/share/hardware_software/launch/
[2.027s] copying launch/hardware_setup.launch.py -> /home/fyp3/Desktop/ros2_swarm_mapping/install/hardware_software/share/hardware_software/launch/
[2.027s] copying launch/navigation_launch.py -> /home/fyp3/Desktop/ros2_swarm_mapping/install/hardware_software/share/hardware_software/launch/
[2.028s] copying launch/hardware.launch.py -> /home/fyp3/Desktop/ros2_swarm_mapping/install/hardware_software/share/hardware_software/launch/
[2.028s] copying launch/robot_nav.launch.py -> /home/fyp3/Desktop/ros2_swarm_mapping/install/hardware_software/share/hardware_software/launch/
[2.029s] copying launch/robot_explore.launch.py -> /home/fyp3/Desktop/ros2_swarm_mapping/install/hardware_software/share/hardware_software/launch/
[2.029s] copying launch/slam.launch.py -> /home/fyp3/Desktop/ros2_swarm_mapping/install/hardware_software/share/hardware_software/launch/
[2.029s] copying launch/rviz.launch.py -> /home/fyp3/Desktop/ros2_swarm_mapping/install/hardware_software/share/hardware_software/launch/
[2.030s] creating /home/fyp3/Desktop/ros2_swarm_mapping/install/hardware_software/share/hardware_software/urdf
[2.030s] copying urdf/turtlebot3_burger.urdf -> /home/fyp3/Desktop/ros2_swarm_mapping/install/hardware_software/share/hardware_software/urdf/
[2.031s] copying urdf/diffbot_description.urdf.xacro -> /home/fyp3/Desktop/ros2_swarm_mapping/install/hardware_software/share/hardware_software/urdf/
[2.031s] copying urdf/turtlebot3_waffle.urdf -> /home/fyp3/Desktop/ros2_swarm_mapping/install/hardware_software/share/hardware_software/urdf/
[2.032s] creating /home/fyp3/Desktop/ros2_swarm_mapping/install/hardware_software/share/hardware_software/params
[2.032s] copying params/explore_params.yaml -> /home/fyp3/Desktop/ros2_swarm_mapping/install/hardware_software/share/hardware_software/params/
[2.032s] copying params/slam.yaml -> /home/fyp3/Desktop/ros2_swarm_mapping/install/hardware_software/share/hardware_software/params/
[2.033s] copying params/nav2_params.yaml -> /home/fyp3/Desktop/ros2_swarm_mapping/install/hardware_software/share/hardware_software/params/
[2.034s] creating /home/fyp3/Desktop/ros2_swarm_mapping/install/hardware_software/share/hardware_software/rviz
[2.034s] copying rviz/basic.rviz -> /home/fyp3/Desktop/ros2_swarm_mapping/install/hardware_software/share/hardware_software/rviz/
[2.034s] running install_egg_info
[2.061s] Copying ../../../../build/hardware_software/hardware_software.egg-info to /home/fyp3/Desktop/ros2_swarm_mapping/install/hardware_software/lib/python3.12/site-packages/hardware_software-0.0.0-py3.12.egg-info
[2.062s] running install_scripts
[2.221s] Installing map_to_json script to /home/fyp3/Desktop/ros2_swarm_mapping/install/hardware_software/lib/hardware_software
[2.222s] Installing ros2_mqtt_encoder script to /home/fyp3/Desktop/ros2_swarm_mapping/install/hardware_software/lib/hardware_software
[2.222s] Installing ros2_mqtt_subscriber script to /home/fyp3/Desktop/ros2_swarm_mapping/install/hardware_software/lib/hardware_software
[2.222s] writing list of installed files to '/home/fyp3/Desktop/ros2_swarm_mapping/build/hardware_software/install.log'
[2.299s] Invoked command in '/home/fyp3/Desktop/ros2_swarm_mapping/robot/ros2ws/src/hardware_software' returned '0': DEBUGINFOD_URLS=https://debuginfod.ubuntu.com PYTHONPATH=/home/fyp3/Desktop/ros2_swarm_mapping/build/hardware_software/prefix_override:/usr/lib/python3/dist-packages/colcon_core/task/python/colcon_distutils_commands:/home/fyp3/Desktop/ros2_swarm_mapping/install/hardware_software/lib/python3.12/site-packages:${PYTHONPATH} /usr/bin/python3 -W ignore:setup.py install is deprecated -W ignore:easy_install command is deprecated setup.py egg_info --egg-base ../../../../build/hardware_software build --build-base /home/fyp3/Desktop/ros2_swarm_mapping/build/hardware_software/build install --record /home/fyp3/Desktop/ros2_swarm_mapping/build/hardware_software/install.log --single-version-externally-managed install_data
