[1.617s] Invoking command in '/home/fyp3/Desktop/ros2_swarm_mapping/robot/ros2ws/src/motor_controller': DEBUGINFOD_URLS=https://debuginfod.ubuntu.com PYTHONPATH=/home/fyp3/Desktop/ros2_swarm_mapping/robot/ros2ws/build/motor_controller/prefix_override:/usr/lib/python3/dist-packages/colcon_core/task/python/colcon_distutils_commands:/home/fyp3/Desktop/ros2_swarm_mapping/robot/ros2ws/install/motor_controller/lib/python3.12/site-packages:${PYTHONPATH} /usr/bin/python3 -W ignore:setup.py install is deprecated -W ignore:easy_install command is deprecated setup.py egg_info --egg-base ../../build/motor_controller build --build-base /home/fyp3/Desktop/ros2_swarm_mapping/robot/ros2ws/build/motor_controller/build install --record /home/fyp3/Desktop/ros2_swarm_mapping/robot/ros2ws/build/motor_controller/install.log --single-version-externally-managed install_data
[1.958s] running egg_info
[1.980s] writing ../../build/motor_controller/motor_controller.egg-info/PKG-INFO
[1.981s] writing dependency_links to ../../build/motor_controller/motor_controller.egg-info/dependency_links.txt
[1.982s] writing entry points to ../../build/motor_controller/motor_controller.egg-info/entry_points.txt
[1.983s] writing requirements to ../../build/motor_controller/motor_controller.egg-info/requires.txt
[1.984s] writing top-level names to ../../build/motor_controller/motor_controller.egg-info/top_level.txt
[2.034s] reading manifest file '../../build/motor_controller/motor_controller.egg-info/SOURCES.txt'
[2.035s] writing manifest file '../../build/motor_controller/motor_controller.egg-info/SOURCES.txt'
[2.035s] running build
[2.035s] running build_py
[2.035s] copying motor_controller/wheel_encoder_for_fusion.py -> /home/fyp3/Desktop/ros2_swarm_mapping/robot/ros2ws/build/motor_controller/build/lib/motor_controller
[2.036s] running install
[2.045s] running install_lib
[2.068s] copying /home/fyp3/Desktop/ros2_swarm_mapping/robot/ros2ws/build/motor_controller/build/lib/motor_controller/wheel_encoder_for_fusion.py -> /home/fyp3/Desktop/ros2_swarm_mapping/robot/ros2ws/install/motor_controller/lib/python3.12/site-packages/motor_controller
[2.069s] byte-compiling /home/fyp3/Desktop/ros2_swarm_mapping/robot/ros2ws/install/motor_controller/lib/python3.12/site-packages/motor_controller/wheel_encoder_for_fusion.py to wheel_encoder_for_fusion.cpython-312.pyc
[2.071s] running install_data
[2.071s] running install_egg_info
[2.096s] removing '/home/fyp3/Desktop/ros2_swarm_mapping/robot/ros2ws/install/motor_controller/lib/python3.12/site-packages/motor_controller-0.0.0-py3.12.egg-info' (and everything under it)
[2.096s] Copying ../../build/motor_controller/motor_controller.egg-info to /home/fyp3/Desktop/ros2_swarm_mapping/robot/ros2ws/install/motor_controller/lib/python3.12/site-packages/motor_controller-0.0.0-py3.12.egg-info
[2.097s] running install_scripts
[2.262s] Installing motor_driver script to /home/fyp3/Desktop/ros2_swarm_mapping/robot/ros2ws/install/motor_controller/lib/motor_controller
[2.262s] Installing wheel_encoder script to /home/fyp3/Desktop/ros2_swarm_mapping/robot/ros2ws/install/motor_controller/lib/motor_controller
[2.266s] Installing wheel_encoder_for_fusion script to /home/fyp3/Desktop/ros2_swarm_mapping/robot/ros2ws/install/motor_controller/lib/motor_controller
[2.266s] writing list of installed files to '/home/fyp3/Desktop/ros2_swarm_mapping/robot/ros2ws/build/motor_controller/install.log'
[2.345s] Invoked command in '/home/fyp3/Desktop/ros2_swarm_mapping/robot/ros2ws/src/motor_controller' returned '0': DEBUGINFOD_URLS=https://debuginfod.ubuntu.com PYTHONPATH=/home/fyp3/Desktop/ros2_swarm_mapping/robot/ros2ws/build/motor_controller/prefix_override:/usr/lib/python3/dist-packages/colcon_core/task/python/colcon_distutils_commands:/home/fyp3/Desktop/ros2_swarm_mapping/robot/ros2ws/install/motor_controller/lib/python3.12/site-packages:${PYTHONPATH} /usr/bin/python3 -W ignore:setup.py install is deprecated -W ignore:easy_install command is deprecated setup.py egg_info --egg-base ../../build/motor_controller build --build-base /home/fyp3/Desktop/ros2_swarm_mapping/robot/ros2ws/build/motor_controller/build install --record /home/fyp3/Desktop/ros2_swarm_mapping/robot/ros2ws/build/motor_controller/install.log --single-version-externally-managed install_data
