[2.640s] Invoking command in '/home/fyp/Desktop/robot/ros2ws/src/hardware_software': DEBUGINFOD_URLS=https://debuginfod.ubuntu.com PYTHONPATH=/home/fyp/Desktop/robot/ros2ws/build/hardware_software/prefix_override:/usr/lib/python3/dist-packages/colcon_core/task/python/colcon_distutils_commands:/home/fyp/Desktop/robot/ros2ws/install/hardware_software/lib/python3.12/site-packages:${PYTHONPATH} /usr/bin/python3 -W ignore:setup.py install is deprecated -W ignore:easy_install command is deprecated setup.py egg_info --egg-base ../../build/hardware_software build --build-base /home/fyp/Desktop/robot/ros2ws/build/hardware_software/build install --record /home/fyp/Desktop/robot/ros2ws/build/hardware_software/install.log --single-version-externally-managed install_data
[3.038s] running egg_info
[3.063s] writing ../../build/hardware_software/hardware_software.egg-info/PKG-INFO
[3.063s] writing dependency_links to ../../build/hardware_software/hardware_software.egg-info/dependency_links.txt
[3.065s] writing entry points to ../../build/hardware_software/hardware_software.egg-info/entry_points.txt
[3.065s] writing requirements to ../../build/hardware_software/hardware_software.egg-info/requires.txt
[3.066s] writing top-level names to ../../build/hardware_software/hardware_software.egg-info/top_level.txt
[3.120s] reading manifest file '../../build/hardware_software/hardware_software.egg-info/SOURCES.txt'
[3.122s] writing manifest file '../../build/hardware_software/hardware_software.egg-info/SOURCES.txt'
[3.122s] running build
[3.124s] running build_py
[3.124s] copying hardware_software/mqtt_encoder.py -> /home/fyp/Desktop/robot/ros2ws/build/hardware_software/build/lib/hardware_software
[3.124s] running install
[3.134s] running install_lib
[3.162s] copying /home/fyp/Desktop/robot/ros2ws/build/hardware_software/build/lib/hardware_software/mqtt_encoder.py -> /home/fyp/Desktop/robot/ros2ws/install/hardware_software/lib/python3.12/site-packages/hardware_software
[3.164s] byte-compiling /home/fyp/Desktop/robot/ros2ws/install/hardware_software/lib/python3.12/site-packages/hardware_software/mqtt_encoder.py to mqtt_encoder.cpython-312.pyc
[3.165s] running install_data
[3.165s] running install_egg_info
[3.196s] removing '/home/fyp/Desktop/robot/ros2ws/install/hardware_software/lib/python3.12/site-packages/hardware_software-0.0.0-py3.12.egg-info' (and everything under it)
[3.196s] Copying ../../build/hardware_software/hardware_software.egg-info to /home/fyp/Desktop/robot/ros2ws/install/hardware_software/lib/python3.12/site-packages/hardware_software-0.0.0-py3.12.egg-info
[3.197s] running install_scripts
[3.418s] Installing ros2_mqtt_encoder script to /home/fyp/Desktop/robot/ros2ws/install/hardware_software/lib/hardware_software
[3.419s] writing list of installed files to '/home/fyp/Desktop/robot/ros2ws/build/hardware_software/install.log'
[3.570s] Invoked command in '/home/fyp/Desktop/robot/ros2ws/src/hardware_software' returned '0': DEBUGINFOD_URLS=https://debuginfod.ubuntu.com PYTHONPATH=/home/fyp/Desktop/robot/ros2ws/build/hardware_software/prefix_override:/usr/lib/python3/dist-packages/colcon_core/task/python/colcon_distutils_commands:/home/fyp/Desktop/robot/ros2ws/install/hardware_software/lib/python3.12/site-packages:${PYTHONPATH} /usr/bin/python3 -W ignore:setup.py install is deprecated -W ignore:easy_install command is deprecated setup.py egg_info --egg-base ../../build/hardware_software build --build-base /home/fyp/Desktop/robot/ros2ws/build/hardware_software/build install --record /home/fyp/Desktop/robot/ros2ws/build/hardware_software/install.log --single-version-externally-managed install_data
