[2.075s] Invoking command in '/home/fyp/Desktop/robot/ros2ws/src/motor_controller': DEBUGINFOD_URLS=https://debuginfod.ubuntu.com PYTHONPATH=/home/fyp/Desktop/robot/ros2ws/build/motor_controller/prefix_override:/usr/lib/python3/dist-packages/colcon_core/task/python/colcon_distutils_commands:/home/fyp/Desktop/robot/ros2ws/install/motor_controller/lib/python3.12/site-packages:${PYTHONPATH} /usr/bin/python3 -W ignore:setup.py install is deprecated -W ignore:easy_install command is deprecated setup.py egg_info --egg-base ../../build/motor_controller build --build-base /home/fyp/Desktop/robot/ros2ws/build/motor_controller/build install --record /home/fyp/Desktop/robot/ros2ws/build/motor_controller/install.log --single-version-externally-managed install_data
[2.485s] running egg_info
[2.511s] writing ../../build/motor_controller/motor_controller.egg-info/PKG-INFO
[2.515s] writing dependency_links to ../../build/motor_controller/motor_controller.egg-info/dependency_links.txt
[2.517s] writing entry points to ../../build/motor_controller/motor_controller.egg-info/entry_points.txt
[2.518s] writing requirements to ../../build/motor_controller/motor_controller.egg-info/requires.txt
[2.519s] writing top-level names to ../../build/motor_controller/motor_controller.egg-info/top_level.txt
[2.574s] reading manifest file '../../build/motor_controller/motor_controller.egg-info/SOURCES.txt'
[2.576s] writing manifest file '../../build/motor_controller/motor_controller.egg-info/SOURCES.txt'
[2.577s] running build
[2.577s] running build_py
[2.577s] copying motor_controller/motor_driver.py -> /home/fyp/Desktop/robot/ros2ws/build/motor_controller/build/lib/motor_controller
[2.577s] running install
[2.587s] running install_lib
[2.614s] copying /home/fyp/Desktop/robot/ros2ws/build/motor_controller/build/lib/motor_controller/motor_driver.py -> /home/fyp/Desktop/robot/ros2ws/install/motor_controller/lib/python3.12/site-packages/motor_controller
[2.615s] byte-compiling /home/fyp/Desktop/robot/ros2ws/install/motor_controller/lib/python3.12/site-packages/motor_controller/motor_driver.py to motor_driver.cpython-312.pyc
[2.617s] running install_data
[2.617s] running install_egg_info
[2.646s] removing '/home/fyp/Desktop/robot/ros2ws/install/motor_controller/lib/python3.12/site-packages/motor_controller-0.0.0-py3.12.egg-info' (and everything under it)
[2.648s] Copying ../../build/motor_controller/motor_controller.egg-info to /home/fyp/Desktop/robot/ros2ws/install/motor_controller/lib/python3.12/site-packages/motor_controller-0.0.0-py3.12.egg-info
[2.648s] running install_scripts
[2.834s] Installing motor_driver script to /home/fyp/Desktop/robot/ros2ws/install/motor_controller/lib/motor_controller
[2.836s] Installing wheel_encoder script to /home/fyp/Desktop/robot/ros2ws/install/motor_controller/lib/motor_controller
[2.836s] writing list of installed files to '/home/fyp/Desktop/robot/ros2ws/build/motor_controller/install.log'
[3.016s] Invoked command in '/home/fyp/Desktop/robot/ros2ws/src/motor_controller' returned '0': DEBUGINFOD_URLS=https://debuginfod.ubuntu.com PYTHONPATH=/home/fyp/Desktop/robot/ros2ws/build/motor_controller/prefix_override:/usr/lib/python3/dist-packages/colcon_core/task/python/colcon_distutils_commands:/home/fyp/Desktop/robot/ros2ws/install/motor_controller/lib/python3.12/site-packages:${PYTHONPATH} /usr/bin/python3 -W ignore:setup.py install is deprecated -W ignore:easy_install command is deprecated setup.py egg_info --egg-base ../../build/motor_controller build --build-base /home/fyp/Desktop/robot/ros2ws/build/motor_controller/build install --record /home/fyp/Desktop/robot/ros2ws/build/motor_controller/install.log --single-version-externally-managed install_data
