[0.043s] Invoking command in '/home/fyp/Desktop/robot/ros2ws/build/explore_lite': CMAKE_PREFIX_PATH=${CMAKE_PREFIX_PATH}:/home/fyp/Desktop/robot/ros2ws/install/motor_controller:/home/fyp/Desktop/robot/ros2ws/install/imu_reader:/home/fyp/Desktop/robot/ros2ws/install/hardware_software:/opt/ros/jazzy DEBUGINFOD_URLS=https://debuginfod.ubuntu.com /usr/bin/cmake --build /home/fyp/Desktop/robot/ros2ws/build/explore_lite -- -j4 -l4
[0.889s] [ 20%] Built target gtest_main
[0.889s] [ 40%] Built target gtest
[0.889s] [ 80%] Built target explore
[0.889s] [100%] Built target test_explore
[0.890s] Invoked command in '/home/fyp/Desktop/robot/ros2ws/build/explore_lite' returned '0': CMAKE_PREFIX_PATH=${CMAKE_PREFIX_PATH}:/home/fyp/Desktop/robot/ros2ws/install/motor_controller:/home/fyp/Desktop/robot/ros2ws/install/imu_reader:/home/fyp/Desktop/robot/ros2ws/install/hardware_software:/opt/ros/jazzy DEBUGINFOD_URLS=https://debuginfod.ubuntu.com /usr/bin/cmake --build /home/fyp/Desktop/robot/ros2ws/build/explore_lite -- -j4 -l4
[0.912s] Invoking command in '/home/fyp/Desktop/robot/ros2ws/build/explore_lite': CMAKE_PREFIX_PATH=${CMAKE_PREFIX_PATH}:/home/fyp/Desktop/robot/ros2ws/install/motor_controller:/home/fyp/Desktop/robot/ros2ws/install/imu_reader:/home/fyp/Desktop/robot/ros2ws/install/hardware_software:/opt/ros/jazzy DEBUGINFOD_URLS=https://debuginfod.ubuntu.com /usr/bin/cmake --install /home/fyp/Desktop/robot/ros2ws/build/explore_lite
[1.236s] -- Install configuration: ""
[1.237s] -- Up-to-date: /home/fyp/Desktop/robot/ros2ws/install/explore_lite/include/explore/
[1.237s] -- Up-to-date: /home/fyp/Desktop/robot/ros2ws/install/explore_lite/include/explore//costmap_tools.h
[1.237s] -- Up-to-date: /home/fyp/Desktop/robot/ros2ws/install/explore_lite/include/explore//costmap_client.h
[1.237s] -- Up-to-date: /home/fyp/Desktop/robot/ros2ws/install/explore_lite/include/explore//explore.h
[1.237s] -- Up-to-date: /home/fyp/Desktop/robot/ros2ws/install/explore_lite/include/explore//frontier_search.h
[1.237s] -- Up-to-date: /home/fyp/Desktop/robot/ros2ws/install/explore_lite/share/explore_lite/config
[1.238s] -- Up-to-date: /home/fyp/Desktop/robot/ros2ws/install/explore_lite/share/explore_lite/config/params.yaml
[1.238s] -- Up-to-date: /home/fyp/Desktop/robot/ros2ws/install/explore_lite/share/explore_lite/config/params_costmap.yaml
[1.238s] -- Up-to-date: /home/fyp/Desktop/robot/ros2ws/install/explore_lite/share/explore_lite/launch
[1.238s] -- Up-to-date: /home/fyp/Desktop/robot/ros2ws/install/explore_lite/share/explore_lite/launch/explore.launch.py
[1.238s] -- Up-to-date: /home/fyp/Desktop/robot/ros2ws/install/explore_lite/lib/explore_lite/explore
[1.239s] -- Up-to-date: /home/fyp/Desktop/robot/ros2ws/install/explore_lite/share/ament_index/resource_index/package_run_dependencies/explore_lite
[1.239s] -- Up-to-date: /home/fyp/Desktop/robot/ros2ws/install/explore_lite/share/ament_index/resource_index/parent_prefix_path/explore_lite
[1.239s] -- Up-to-date: /home/fyp/Desktop/robot/ros2ws/install/explore_lite/share/explore_lite/environment/ament_prefix_path.sh
[1.240s] -- Up-to-date: /home/fyp/Desktop/robot/ros2ws/install/explore_lite/share/explore_lite/environment/ament_prefix_path.dsv
[1.240s] -- Up-to-date: /home/fyp/Desktop/robot/ros2ws/install/explore_lite/share/explore_lite/environment/path.sh
[1.240s] -- Up-to-date: /home/fyp/Desktop/robot/ros2ws/install/explore_lite/share/explore_lite/environment/path.dsv
[1.240s] -- Up-to-date: /home/fyp/Desktop/robot/ros2ws/install/explore_lite/share/explore_lite/local_setup.bash
[1.240s] -- Up-to-date: /home/fyp/Desktop/robot/ros2ws/install/explore_lite/share/explore_lite/local_setup.sh
[1.240s] -- Up-to-date: /home/fyp/Desktop/robot/ros2ws/install/explore_lite/share/explore_lite/local_setup.zsh
[1.241s] -- Up-to-date: /home/fyp/Desktop/robot/ros2ws/install/explore_lite/share/explore_lite/local_setup.dsv
[1.241s] -- Installing: /home/fyp/Desktop/robot/ros2ws/install/explore_lite/share/explore_lite/package.dsv
[1.241s] -- Up-to-date: /home/fyp/Desktop/robot/ros2ws/install/explore_lite/share/ament_index/resource_index/packages/explore_lite
[1.241s] -- Up-to-date: /home/fyp/Desktop/robot/ros2ws/install/explore_lite/share/explore_lite/cmake/ament_cmake_export_include_directories-extras.cmake
[1.242s] -- Up-to-date: /home/fyp/Desktop/robot/ros2ws/install/explore_lite/share/explore_lite/cmake/explore_liteConfig.cmake
[1.242s] -- Up-to-date: /home/fyp/Desktop/robot/ros2ws/install/explore_lite/share/explore_lite/cmake/explore_liteConfig-version.cmake
[1.242s] -- Up-to-date: /home/fyp/Desktop/robot/ros2ws/install/explore_lite/share/explore_lite/package.xml
[1.254s] Invoked command in '/home/fyp/Desktop/robot/ros2ws/build/explore_lite' returned '0': CMAKE_PREFIX_PATH=${CMAKE_PREFIX_PATH}:/home/fyp/Desktop/robot/ros2ws/install/motor_controller:/home/fyp/Desktop/robot/ros2ws/install/imu_reader:/home/fyp/Desktop/robot/ros2ws/install/hardware_software:/opt/ros/jazzy DEBUGINFOD_URLS=https://debuginfod.ubuntu.com /usr/bin/cmake --install /home/fyp/Desktop/robot/ros2ws/build/explore_lite
