[1.146s] Invoking command in '/home/fyp3/Desktop/ros2_swarm_mapping/robot/ros2ws/src/hardware_software': DEBUGINFOD_URLS=https://debuginfod.ubuntu.com PYTHONPATH=/home/fyp3/Desktop/ros2_swarm_mapping/robot/ros2ws/build/hardware_software/prefix_override:/usr/lib/python3/dist-packages/colcon_core/task/python/colcon_distutils_commands:/home/fyp3/Desktop/ros2_swarm_mapping/robot/ros2ws/install/hardware_software/lib/python3.12/site-packages:${PYTHONPATH} /usr/bin/python3 -W ignore:setup.py install is deprecated -W ignore:easy_install command is deprecated setup.py egg_info --egg-base ../../build/hardware_software build --build-base /home/fyp3/Desktop/ros2_swarm_mapping/robot/ros2ws/build/hardware_software/build install --record /home/fyp3/Desktop/ros2_swarm_mapping/robot/ros2ws/build/hardware_software/install.log --single-version-externally-managed install_data
[1.490s] running egg_info
[1.514s] writing ../../build/hardware_software/hardware_software.egg-info/PKG-INFO
[1.514s] writing dependency_links to ../../build/hardware_software/hardware_software.egg-info/dependency_links.txt
[1.515s] writing entry points to ../../build/hardware_software/hardware_software.egg-info/entry_points.txt
[1.516s] writing requirements to ../../build/hardware_software/hardware_software.egg-info/requires.txt
[1.516s] writing top-level names to ../../build/hardware_software/hardware_software.egg-info/top_level.txt
[1.567s] reading manifest file '../../build/hardware_software/hardware_software.egg-info/SOURCES.txt'
[1.569s] writing manifest file '../../build/hardware_software/hardware_software.egg-info/SOURCES.txt'
[1.569s] running build
[1.569s] running build_py
[1.570s] running install
[1.579s] running install_lib
[1.604s] running install_data
[1.604s] copying launch/hardware_setup.launch.py -> /home/fyp3/Desktop/ros2_swarm_mapping/robot/ros2ws/install/hardware_software/share/hardware_software/launch/
[1.604s] copying launch/hardware.launch.py -> /home/fyp3/Desktop/ros2_swarm_mapping/robot/ros2ws/install/hardware_software/share/hardware_software/launch/
[1.605s] running install_egg_info
[1.631s] removing '/home/fyp3/Desktop/ros2_swarm_mapping/robot/ros2ws/install/hardware_software/lib/python3.12/site-packages/hardware_software-0.0.0-py3.12.egg-info' (and everything under it)
[1.632s] Copying ../../build/hardware_software/hardware_software.egg-info to /home/fyp3/Desktop/ros2_swarm_mapping/robot/ros2ws/install/hardware_software/lib/python3.12/site-packages/hardware_software-0.0.0-py3.12.egg-info
[1.635s] running install_scripts
[1.803s] Installing map_to_json script to /home/fyp3/Desktop/ros2_swarm_mapping/robot/ros2ws/install/hardware_software/lib/hardware_software
[1.803s] Installing ros2_mqtt_encoder script to /home/fyp3/Desktop/ros2_swarm_mapping/robot/ros2ws/install/hardware_software/lib/hardware_software
[1.804s] Installing ros2_mqtt_subscriber script to /home/fyp3/Desktop/ros2_swarm_mapping/robot/ros2ws/install/hardware_software/lib/hardware_software
[1.806s] writing list of installed files to '/home/fyp3/Desktop/ros2_swarm_mapping/robot/ros2ws/build/hardware_software/install.log'
[1.883s] Invoked command in '/home/fyp3/Desktop/ros2_swarm_mapping/robot/ros2ws/src/hardware_software' returned '0': DEBUGINFOD_URLS=https://debuginfod.ubuntu.com PYTHONPATH=/home/fyp3/Desktop/ros2_swarm_mapping/robot/ros2ws/build/hardware_software/prefix_override:/usr/lib/python3/dist-packages/colcon_core/task/python/colcon_distutils_commands:/home/fyp3/Desktop/ros2_swarm_mapping/robot/ros2ws/install/hardware_software/lib/python3.12/site-packages:${PYTHONPATH} /usr/bin/python3 -W ignore:setup.py install is deprecated -W ignore:easy_install command is deprecated setup.py egg_info --egg-base ../../build/hardware_software build --build-base /home/fyp3/Desktop/ros2_swarm_mapping/robot/ros2ws/build/hardware_software/build install --record /home/fyp3/Desktop/ros2_swarm_mapping/robot/ros2ws/build/hardware_software/install.log --single-version-externally-managed install_data
