[0.014s] Invoking command in '/home/fyp3/Desktop/ros2_swarm_mapping/robot/ros2ws/build/explore_lite': CMAKE_PREFIX_PATH=/opt/ros/jazzy DEBUGINFOD_URLS=https://debuginfod.ubuntu.com /usr/bin/cmake --build /home/fyp3/Desktop/ros2_swarm_mapping/robot/ros2ws/build/explore_lite -- -j4 -l4
[0.126s] [ 20%] Built target gtest_main
[0.135s] [ 40%] Built target gtest
[0.158s] [ 80%] Built target explore
[0.177s] [100%] Built target test_explore
[0.196s] Invoked command in '/home/fyp3/Desktop/ros2_swarm_mapping/robot/ros2ws/build/explore_lite' returned '0': CMAKE_PREFIX_PATH=/opt/ros/jazzy DEBUGINFOD_URLS=https://debuginfod.ubuntu.com /usr/bin/cmake --build /home/fyp3/Desktop/ros2_swarm_mapping/robot/ros2ws/build/explore_lite -- -j4 -l4
[0.214s] Invoking command in '/home/fyp3/Desktop/ros2_swarm_mapping/robot/ros2ws/build/explore_lite': CMAKE_PREFIX_PATH=/opt/ros/jazzy DEBUGINFOD_URLS=https://debuginfod.ubuntu.com /usr/bin/cmake --install /home/fyp3/Desktop/ros2_swarm_mapping/robot/ros2ws/build/explore_lite
[0.228s] -- Install configuration: ""
[0.228s] -- Installing: /home/fyp3/Desktop/ros2_swarm_mapping/robot/ros2ws/install/explore_lite/include/explore/
[0.228s] -- Installing: /home/fyp3/Desktop/ros2_swarm_mapping/robot/ros2ws/install/explore_lite/include/explore//costmap_tools.h
[0.228s] -- Installing: /home/fyp3/Desktop/ros2_swarm_mapping/robot/ros2ws/install/explore_lite/include/explore//costmap_client.h
[0.228s] -- Installing: /home/fyp3/Desktop/ros2_swarm_mapping/robot/ros2ws/install/explore_lite/include/explore//explore.h
[0.229s] -- Installing: /home/fyp3/Desktop/ros2_swarm_mapping/robot/ros2ws/install/explore_lite/include/explore//frontier_search.h
[0.229s] -- Installing: /home/fyp3/Desktop/ros2_swarm_mapping/robot/ros2ws/install/explore_lite/share/explore_lite/config
[0.229s] -- Installing: /home/fyp3/Desktop/ros2_swarm_mapping/robot/ros2ws/install/explore_lite/share/explore_lite/config/params.yaml
[0.229s] -- Installing: /home/fyp3/Desktop/ros2_swarm_mapping/robot/ros2ws/install/explore_lite/share/explore_lite/config/params_costmap.yaml
[0.229s] -- Installing: /home/fyp3/Desktop/ros2_swarm_mapping/robot/ros2ws/install/explore_lite/share/explore_lite/launch
[0.229s] -- Installing: /home/fyp3/Desktop/ros2_swarm_mapping/robot/ros2ws/install/explore_lite/share/explore_lite/launch/explore.launch.py
[0.229s] -- Installing: /home/fyp3/Desktop/ros2_swarm_mapping/robot/ros2ws/install/explore_lite/lib/explore_lite/explore
[0.252s] -- Set non-toolchain portion of runtime path of "/home/fyp3/Desktop/ros2_swarm_mapping/robot/ros2ws/install/explore_lite/lib/explore_lite/explore" to ""
[0.253s] -- Installing: /home/fyp3/Desktop/ros2_swarm_mapping/robot/ros2ws/install/explore_lite/share/ament_index/resource_index/package_run_dependencies/explore_lite
[0.253s] -- Installing: /home/fyp3/Desktop/ros2_swarm_mapping/robot/ros2ws/install/explore_lite/share/ament_index/resource_index/parent_prefix_path/explore_lite
[0.253s] -- Installing: /home/fyp3/Desktop/ros2_swarm_mapping/robot/ros2ws/install/explore_lite/share/explore_lite/environment/ament_prefix_path.sh
[0.253s] -- Installing: /home/fyp3/Desktop/ros2_swarm_mapping/robot/ros2ws/install/explore_lite/share/explore_lite/environment/ament_prefix_path.dsv
[0.253s] -- Installing: /home/fyp3/Desktop/ros2_swarm_mapping/robot/ros2ws/install/explore_lite/share/explore_lite/environment/path.sh
[0.254s] -- Installing: /home/fyp3/Desktop/ros2_swarm_mapping/robot/ros2ws/install/explore_lite/share/explore_lite/environment/path.dsv
[0.254s] -- Installing: /home/fyp3/Desktop/ros2_swarm_mapping/robot/ros2ws/install/explore_lite/share/explore_lite/local_setup.bash
[0.254s] -- Installing: /home/fyp3/Desktop/ros2_swarm_mapping/robot/ros2ws/install/explore_lite/share/explore_lite/local_setup.sh
[0.254s] -- Installing: /home/fyp3/Desktop/ros2_swarm_mapping/robot/ros2ws/install/explore_lite/share/explore_lite/local_setup.zsh
[0.254s] -- Installing: /home/fyp3/Desktop/ros2_swarm_mapping/robot/ros2ws/install/explore_lite/share/explore_lite/local_setup.dsv
[0.254s] -- Installing: /home/fyp3/Desktop/ros2_swarm_mapping/robot/ros2ws/install/explore_lite/share/explore_lite/package.dsv
[0.255s] -- Installing: /home/fyp3/Desktop/ros2_swarm_mapping/robot/ros2ws/install/explore_lite/share/ament_index/resource_index/packages/explore_lite
[0.255s] -- Installing: /home/fyp3/Desktop/ros2_swarm_mapping/robot/ros2ws/install/explore_lite/share/explore_lite/cmake/ament_cmake_export_include_directories-extras.cmake
[0.255s] -- Installing: /home/fyp3/Desktop/ros2_swarm_mapping/robot/ros2ws/install/explore_lite/share/explore_lite/cmake/explore_liteConfig.cmake
[0.255s] -- Installing: /home/fyp3/Desktop/ros2_swarm_mapping/robot/ros2ws/install/explore_lite/share/explore_lite/cmake/explore_liteConfig-version.cmake
[0.255s] -- Installing: /home/fyp3/Desktop/ros2_swarm_mapping/robot/ros2ws/install/explore_lite/share/explore_lite/package.xml
[0.259s] Invoked command in '/home/fyp3/Desktop/ros2_swarm_mapping/robot/ros2ws/build/explore_lite' returned '0': CMAKE_PREFIX_PATH=/opt/ros/jazzy DEBUGINFOD_URLS=https://debuginfod.ubuntu.com /usr/bin/cmake --install /home/fyp3/Desktop/ros2_swarm_mapping/robot/ros2ws/build/explore_lite
