-- The C compiler identification is GNU 13.3.0
-- The CXX compiler identification is GNU 13.3.0
-- Detecting C compiler ABI info
-- Detecting C compiler ABI info - done
-- Check for working C compiler: /usr/bin/cc - skipped
-- Detecting C compile features
-- Detecting C compile features - done
-- Detecting CXX compiler ABI info
-- Detecting CXX compiler ABI info - done
-- Check for working CXX compiler: /usr/bin/c++ - skipped
-- Detecting CXX compile features
-- Detecting CXX compile features - done
-- Found ament_cmake: 2.5.4 (/opt/ros/jazzy/share/ament_cmake/cmake)
-- Found Python3: /usr/bin/python3 (found version "3.12.3") found components: Interpreter 
-- Found rclcpp: 28.1.9 (/opt/ros/jazzy/share/rclcpp/cmake)
-- Found rosidl_generator_c: 4.6.5 (/opt/ros/jazzy/share/rosidl_generator_c/cmake)
-- Found rosidl_generator_cpp: 4.6.5 (/opt/ros/jazzy/share/rosidl_generator_cpp/cmake)
-- Using all available rosidl_typesupport_c: rosidl_typesupport_fastrtps_c;rosidl_typesupport_introspection_c
-- Using all available rosidl_typesupport_cpp: rosidl_typesupport_fastrtps_cpp;rosidl_typesupport_introspection_cpp
-- Found rmw_implementation_cmake: 7.3.2 (/opt/ros/jazzy/share/rmw_implementation_cmake/cmake)
-- Found rmw_fastrtps_cpp: 8.4.2 (/opt/ros/jazzy/share/rmw_fastrtps_cpp/cmake)
-- Found OpenSSL: /usr/lib/aarch64-linux-gnu/libcrypto.so (found version "3.0.13")  
-- Found FastRTPS: /opt/ros/jazzy/include (Required is at least version "2.13") 
-- Using RMW implementation 'rmw_fastrtps_cpp' as default
-- Found rplidar_ros: 2.1.0 (/opt/ros/jazzy/share/rplidar_ros/cmake)
-- Found ros2_control: 4.29.0 (/opt/ros/jazzy/share/ros2_control/cmake)
-- Found hardware_interface: 4.29.0 (/opt/ros/jazzy/share/hardware_interface/cmake)
-- Found ament_lint_auto: 0.17.2 (/opt/ros/jazzy/share/ament_lint_auto/cmake)
-- Added test 'cppcheck' to perform static code analysis on C / C++ code
-- Configured cppcheck include dirs: /home/fyp/Desktop/swarm_repo/robot/ros2ws/src/my_robot_control/include
-- Configured cppcheck exclude dirs and/or files: 
-- Added test 'flake8' to check Python code syntax and style conventions
-- Configured 'flake8' exclude dirs and/or files: 
-- Added test 'lint_cmake' to check CMake code style
-- Added test 'pep257' to check Python code against some of the docstring style conventions in PEP 257
-- Added test 'uncrustify' to check C / C++ code style
-- Configured uncrustify additional arguments: 
-- Added test 'xmllint' to check XML markup files
-- Configuring done (3.3s)
-- Generating done (0.1s)
-- Build files have been written to: /home/fyp/Desktop/swarm_repo/robot/ros2ws/build/my_robot_control
[ 33%] [32mBuilding CXX object CMakeFiles/my_robot_control.dir/src/motor_driver.cpp.o[0m
[ 66%] [32mBuilding CXX object CMakeFiles/my_robot_control.dir/src/diffbot_system.cpp.o[0m
[100%] [32m[1mLinking CXX shared library libmy_robot_control.so[0m
[100%] Built target my_robot_control
-- Install configuration: ""
-- Installing: /home/fyp/Desktop/swarm_repo/robot/ros2ws/install/my_robot_control/share/my_robot_control//launch
-- Installing: /home/fyp/Desktop/swarm_repo/robot/ros2ws/install/my_robot_control/share/my_robot_control//launch/rplidar.launch.py
-- Installing: /home/fyp/Desktop/swarm_repo/robot/ros2ws/install/my_robot_control/share/my_robot_control//launch/wheel_control.launch.py
-- Installing: /home/fyp/Desktop/swarm_repo/robot/ros2ws/install/my_robot_control/share/my_robot_control//config
-- Installing: /home/fyp/Desktop/swarm_repo/robot/ros2ws/install/my_robot_control/share/my_robot_control//config/diffbot_controller.yaml
-- Installing: /home/fyp/Desktop/swarm_repo/robot/ros2ws/install/my_robot_control/share/my_robot_control//ros2_control
-- Installing: /home/fyp/Desktop/swarm_repo/robot/ros2ws/install/my_robot_control/share/my_robot_control//ros2_control/diffbot.ros2_control.xacro
-- Installing: /home/fyp/Desktop/swarm_repo/robot/ros2ws/install/my_robot_control/share/my_robot_control//urdf
-- Installing: /home/fyp/Desktop/swarm_repo/robot/ros2ws/install/my_robot_control/share/my_robot_control//urdf/diffbot.materials.xacro
-- Installing: /home/fyp/Desktop/swarm_repo/robot/ros2ws/install/my_robot_control/share/my_robot_control//urdf/diffbot_description.urdf.xacro
-- Installing: /home/fyp/Desktop/swarm_repo/robot/ros2ws/install/my_robot_control/share/my_robot_control//urdf/diffbot.urdf.xacro
-- Installing: /home/fyp/Desktop/swarm_repo/robot/ros2ws/install/my_robot_control/include/
-- Installing: /home/fyp/Desktop/swarm_repo/robot/ros2ws/install/my_robot_control/include//my_robot_control
-- Installing: /home/fyp/Desktop/swarm_repo/robot/ros2ws/install/my_robot_control/include//my_robot_control/diffbot_system.hpp
-- Installing: /home/fyp/Desktop/swarm_repo/robot/ros2ws/install/my_robot_control/include//my_robot_control/motor_driver.hpp
-- Installing: /home/fyp/Desktop/swarm_repo/robot/ros2ws/install/my_robot_control/lib/libmy_robot_control.so
-- Set non-toolchain portion of runtime path of "/home/fyp/Desktop/swarm_repo/robot/ros2ws/install/my_robot_control/lib/libmy_robot_control.so" to ""
-- Installing: /home/fyp/Desktop/swarm_repo/robot/ros2ws/install/my_robot_control/share/my_robot_control/ros2_control_hardware.xml
-- Installing: /home/fyp/Desktop/swarm_repo/robot/ros2ws/install/my_robot_control/share/ament_index/resource_index/package_run_dependencies/my_robot_control
-- Installing: /home/fyp/Desktop/swarm_repo/robot/ros2ws/install/my_robot_control/share/ament_index/resource_index/parent_prefix_path/my_robot_control
-- Installing: /home/fyp/Desktop/swarm_repo/robot/ros2ws/install/my_robot_control/share/my_robot_control/environment/ament_prefix_path.sh
-- Installing: /home/fyp/Desktop/swarm_repo/robot/ros2ws/install/my_robot_control/share/my_robot_control/environment/ament_prefix_path.dsv
-- Installing: /home/fyp/Desktop/swarm_repo/robot/ros2ws/install/my_robot_control/share/my_robot_control/environment/path.sh
-- Installing: /home/fyp/Desktop/swarm_repo/robot/ros2ws/install/my_robot_control/share/my_robot_control/environment/path.dsv
-- Installing: /home/fyp/Desktop/swarm_repo/robot/ros2ws/install/my_robot_control/share/my_robot_control/local_setup.bash
-- Installing: /home/fyp/Desktop/swarm_repo/robot/ros2ws/install/my_robot_control/share/my_robot_control/local_setup.sh
-- Installing: /home/fyp/Desktop/swarm_repo/robot/ros2ws/install/my_robot_control/share/my_robot_control/local_setup.zsh
-- Installing: /home/fyp/Desktop/swarm_repo/robot/ros2ws/install/my_robot_control/share/my_robot_control/local_setup.dsv
-- Installing: /home/fyp/Desktop/swarm_repo/robot/ros2ws/install/my_robot_control/share/my_robot_control/package.dsv
-- Installing: /home/fyp/Desktop/swarm_repo/robot/ros2ws/install/my_robot_control/share/ament_index/resource_index/packages/my_robot_control
-- Installing: /home/fyp/Desktop/swarm_repo/robot/ros2ws/install/my_robot_control/share/ament_index/resource_index/hardware_interface__pluginlib__plugin/my_robot_control
-- Installing: /home/fyp/Desktop/swarm_repo/robot/ros2ws/install/my_robot_control/share/my_robot_control/cmake/my_robot_controlConfig.cmake
-- Installing: /home/fyp/Desktop/swarm_repo/robot/ros2ws/install/my_robot_control/share/my_robot_control/cmake/my_robot_controlConfig-version.cmake
-- Installing: /home/fyp/Desktop/swarm_repo/robot/ros2ws/install/my_robot_control/share/my_robot_control/package.xml
