[0.021s] Invoking command in '/home/fyp/Desktop/swarm_repo/robot/ros2ws/build/my_robot_control': CMAKE_PREFIX_PATH=${CMAKE_PREFIX_PATH}:/opt/ros/jazzy DEBUGINFOD_URLS=https://debuginfod.ubuntu.com /usr/bin/cmake /home/fyp/Desktop/swarm_repo/robot/ros2ws/src/my_robot_control -DCMAKE_INSTALL_PREFIX=/home/fyp/Desktop/swarm_repo/robot/ros2ws/install/my_robot_control
[0.129s] -- The C compiler identification is GNU 13.3.0
[0.235s] -- The CXX compiler identification is GNU 13.3.0
[0.262s] -- Detecting C compiler ABI info
[0.439s] -- Detecting C compiler ABI info - done
[0.455s] -- Check for working C compiler: /usr/bin/cc - skipped
[0.456s] -- Detecting C compile features
[0.456s] -- Detecting C compile features - done
[0.471s] -- Detecting CXX compiler ABI info
[0.670s] -- Detecting CXX compiler ABI info - done
[0.686s] -- Check for working CXX compiler: /usr/bin/c++ - skipped
[0.686s] -- Detecting CXX compile features
[0.687s] -- Detecting CXX compile features - done
[0.693s] -- Found ament_cmake: 2.5.4 (/opt/ros/jazzy/share/ament_cmake/cmake)
[0.901s] -- Found Python3: /usr/bin/python3 (found version "3.12.3") found components: Interpreter 
[1.107s] -- Found rclcpp: 28.1.9 (/opt/ros/jazzy/share/rclcpp/cmake)
[1.188s] -- Found rosidl_generator_c: 4.6.5 (/opt/ros/jazzy/share/rosidl_generator_c/cmake)
[1.217s] -- Found rosidl_generator_cpp: 4.6.5 (/opt/ros/jazzy/share/rosidl_generator_cpp/cmake)
[1.248s] -- Using all available rosidl_typesupport_c: rosidl_typesupport_fastrtps_c;rosidl_typesupport_introspection_c
[1.285s] -- Using all available rosidl_typesupport_cpp: rosidl_typesupport_fastrtps_cpp;rosidl_typesupport_introspection_cpp
[1.416s] -- Found rmw_implementation_cmake: 7.3.2 (/opt/ros/jazzy/share/rmw_implementation_cmake/cmake)
[1.423s] -- Found rmw_fastrtps_cpp: 8.4.2 (/opt/ros/jazzy/share/rmw_fastrtps_cpp/cmake)
[1.589s] -- Found OpenSSL: /usr/lib/aarch64-linux-gnu/libcrypto.so (found version "3.0.13")  
[1.619s] -- Found FastRTPS: /opt/ros/jazzy/include (Required is at least version "2.13") 
[1.658s] -- Using RMW implementation 'rmw_fastrtps_cpp' as default
[1.782s] -- Found rplidar_ros: 2.1.0 (/opt/ros/jazzy/share/rplidar_ros/cmake)
[1.978s] -- Found ros2_control: 4.29.0 (/opt/ros/jazzy/share/ros2_control/cmake)
[1.985s] -- Found hardware_interface: 4.29.0 (/opt/ros/jazzy/share/hardware_interface/cmake)
[2.972s] -- Found ament_lint_auto: 0.17.2 (/opt/ros/jazzy/share/ament_lint_auto/cmake)
[3.272s] -- Added test 'cppcheck' to perform static code analysis on C / C++ code
[3.272s] -- Configured cppcheck include dirs: /home/fyp/Desktop/swarm_repo/robot/ros2ws/src/my_robot_control/include
[3.272s] -- Configured cppcheck exclude dirs and/or files: 
[3.276s] -- Added test 'flake8' to check Python code syntax and style conventions
[3.277s] -- Configured 'flake8' exclude dirs and/or files: 
[3.277s] -- Added test 'lint_cmake' to check CMake code style
[3.279s] -- Added test 'pep257' to check Python code against some of the docstring style conventions in PEP 257
[3.286s] -- Added test 'uncrustify' to check C / C++ code style
[3.287s] -- Configured uncrustify additional arguments: 
[3.290s] -- Added test 'xmllint' to check XML markup files
[3.293s] -- Configuring done (3.3s)
[3.449s] -- Generating done (0.1s)
[3.460s] -- Build files have been written to: /home/fyp/Desktop/swarm_repo/robot/ros2ws/build/my_robot_control
[3.500s] Invoked command in '/home/fyp/Desktop/swarm_repo/robot/ros2ws/build/my_robot_control' returned '0': CMAKE_PREFIX_PATH=${CMAKE_PREFIX_PATH}:/opt/ros/jazzy DEBUGINFOD_URLS=https://debuginfod.ubuntu.com /usr/bin/cmake /home/fyp/Desktop/swarm_repo/robot/ros2ws/src/my_robot_control -DCMAKE_INSTALL_PREFIX=/home/fyp/Desktop/swarm_repo/robot/ros2ws/install/my_robot_control
[3.509s] Invoking command in '/home/fyp/Desktop/swarm_repo/robot/ros2ws/build/my_robot_control': CMAKE_PREFIX_PATH=${CMAKE_PREFIX_PATH}:/opt/ros/jazzy DEBUGINFOD_URLS=https://debuginfod.ubuntu.com /usr/bin/cmake --build /home/fyp/Desktop/swarm_repo/robot/ros2ws/build/my_robot_control -- -j4 -l4
[3.712s] [ 33%] [32mBuilding CXX object CMakeFiles/my_robot_control.dir/src/motor_driver.cpp.o[0m
[3.733s] [ 66%] [32mBuilding CXX object CMakeFiles/my_robot_control.dir/src/diffbot_system.cpp.o[0m
[17.319s] [100%] [32m[1mLinking CXX shared library libmy_robot_control.so[0m
[19.217s] [100%] Built target my_robot_control
[19.270s] Invoked command in '/home/fyp/Desktop/swarm_repo/robot/ros2ws/build/my_robot_control' returned '0': CMAKE_PREFIX_PATH=${CMAKE_PREFIX_PATH}:/opt/ros/jazzy DEBUGINFOD_URLS=https://debuginfod.ubuntu.com /usr/bin/cmake --build /home/fyp/Desktop/swarm_repo/robot/ros2ws/build/my_robot_control -- -j4 -l4
[19.313s] Invoking command in '/home/fyp/Desktop/swarm_repo/robot/ros2ws/build/my_robot_control': CMAKE_PREFIX_PATH=${CMAKE_PREFIX_PATH}:/opt/ros/jazzy DEBUGINFOD_URLS=https://debuginfod.ubuntu.com /usr/bin/cmake --install /home/fyp/Desktop/swarm_repo/robot/ros2ws/build/my_robot_control
[19.361s] -- Install configuration: ""
[19.361s] -- Installing: /home/fyp/Desktop/swarm_repo/robot/ros2ws/install/my_robot_control/share/my_robot_control//launch
[19.361s] -- Installing: /home/fyp/Desktop/swarm_repo/robot/ros2ws/install/my_robot_control/share/my_robot_control//launch/rplidar.launch.py
[19.362s] -- Installing: /home/fyp/Desktop/swarm_repo/robot/ros2ws/install/my_robot_control/share/my_robot_control//launch/wheel_control.launch.py
[19.363s] -- Installing: /home/fyp/Desktop/swarm_repo/robot/ros2ws/install/my_robot_control/share/my_robot_control//config
[19.364s] -- Installing: /home/fyp/Desktop/swarm_repo/robot/ros2ws/install/my_robot_control/share/my_robot_control//config/diffbot_controller.yaml
[19.364s] -- Installing: /home/fyp/Desktop/swarm_repo/robot/ros2ws/install/my_robot_control/share/my_robot_control//ros2_control
[19.364s] -- Installing: /home/fyp/Desktop/swarm_repo/robot/ros2ws/install/my_robot_control/share/my_robot_control//ros2_control/diffbot.ros2_control.xacro
[19.365s] -- Installing: /home/fyp/Desktop/swarm_repo/robot/ros2ws/install/my_robot_control/share/my_robot_control//urdf
[19.365s] -- Installing: /home/fyp/Desktop/swarm_repo/robot/ros2ws/install/my_robot_control/share/my_robot_control//urdf/diffbot.materials.xacro
[19.366s] -- Installing: /home/fyp/Desktop/swarm_repo/robot/ros2ws/install/my_robot_control/share/my_robot_control//urdf/diffbot_description.urdf.xacro
[19.368s] -- Installing: /home/fyp/Desktop/swarm_repo/robot/ros2ws/install/my_robot_control/share/my_robot_control//urdf/diffbot.urdf.xacro
[19.369s] -- Installing: /home/fyp/Desktop/swarm_repo/robot/ros2ws/install/my_robot_control/include/
[19.370s] -- Installing: /home/fyp/Desktop/swarm_repo/robot/ros2ws/install/my_robot_control/include//my_robot_control
[19.371s] -- Installing: /home/fyp/Desktop/swarm_repo/robot/ros2ws/install/my_robot_control/include//my_robot_control/diffbot_system.hpp
[19.372s] -- Installing: /home/fyp/Desktop/swarm_repo/robot/ros2ws/install/my_robot_control/include//my_robot_control/motor_driver.hpp
[19.372s] -- Installing: /home/fyp/Desktop/swarm_repo/robot/ros2ws/install/my_robot_control/lib/libmy_robot_control.so
[19.380s] -- Set non-toolchain portion of runtime path of "/home/fyp/Desktop/swarm_repo/robot/ros2ws/install/my_robot_control/lib/libmy_robot_control.so" to ""
[19.380s] -- Installing: /home/fyp/Desktop/swarm_repo/robot/ros2ws/install/my_robot_control/share/my_robot_control/ros2_control_hardware.xml
[19.381s] -- Installing: /home/fyp/Desktop/swarm_repo/robot/ros2ws/install/my_robot_control/share/ament_index/resource_index/package_run_dependencies/my_robot_control
[19.383s] -- Installing: /home/fyp/Desktop/swarm_repo/robot/ros2ws/install/my_robot_control/share/ament_index/resource_index/parent_prefix_path/my_robot_control
[19.383s] -- Installing: /home/fyp/Desktop/swarm_repo/robot/ros2ws/install/my_robot_control/share/my_robot_control/environment/ament_prefix_path.sh
[19.383s] -- Installing: /home/fyp/Desktop/swarm_repo/robot/ros2ws/install/my_robot_control/share/my_robot_control/environment/ament_prefix_path.dsv
[19.383s] -- Installing: /home/fyp/Desktop/swarm_repo/robot/ros2ws/install/my_robot_control/share/my_robot_control/environment/path.sh
[19.383s] -- Installing: /home/fyp/Desktop/swarm_repo/robot/ros2ws/install/my_robot_control/share/my_robot_control/environment/path.dsv
[19.384s] -- Installing: /home/fyp/Desktop/swarm_repo/robot/ros2ws/install/my_robot_control/share/my_robot_control/local_setup.bash
[19.390s] -- Installing: /home/fyp/Desktop/swarm_repo/robot/ros2ws/install/my_robot_control/share/my_robot_control/local_setup.sh
[19.391s] -- Installing: /home/fyp/Desktop/swarm_repo/robot/ros2ws/install/my_robot_control/share/my_robot_control/local_setup.zsh
[19.391s] -- Installing: /home/fyp/Desktop/swarm_repo/robot/ros2ws/install/my_robot_control/share/my_robot_control/local_setup.dsv
[19.392s] -- Installing: /home/fyp/Desktop/swarm_repo/robot/ros2ws/install/my_robot_control/share/my_robot_control/package.dsv
[19.392s] -- Installing: /home/fyp/Desktop/swarm_repo/robot/ros2ws/install/my_robot_control/share/ament_index/resource_index/packages/my_robot_control
[19.392s] -- Installing: /home/fyp/Desktop/swarm_repo/robot/ros2ws/install/my_robot_control/share/ament_index/resource_index/hardware_interface__pluginlib__plugin/my_robot_control
[19.392s] -- Installing: /home/fyp/Desktop/swarm_repo/robot/ros2ws/install/my_robot_control/share/my_robot_control/cmake/my_robot_controlConfig.cmake
[19.396s] -- Installing: /home/fyp/Desktop/swarm_repo/robot/ros2ws/install/my_robot_control/share/my_robot_control/cmake/my_robot_controlConfig-version.cmake
[19.396s] -- Installing: /home/fyp/Desktop/swarm_repo/robot/ros2ws/install/my_robot_control/share/my_robot_control/package.xml
[19.409s] Invoked command in '/home/fyp/Desktop/swarm_repo/robot/ros2ws/build/my_robot_control' returned '0': CMAKE_PREFIX_PATH=${CMAKE_PREFIX_PATH}:/opt/ros/jazzy DEBUGINFOD_URLS=https://debuginfod.ubuntu.com /usr/bin/cmake --install /home/fyp/Desktop/swarm_repo/robot/ros2ws/build/my_robot_control
