running egg_info
creating ../build/hardware_software/hardware_software.egg-info
writing ../build/hardware_software/hardware_software.egg-info/PKG-INFO
writing dependency_links to ../build/hardware_software/hardware_software.egg-info/dependency_links.txt
writing entry points to ../build/hardware_software/hardware_software.egg-info/entry_points.txt
writing requirements to ../build/hardware_software/hardware_software.egg-info/requires.txt
writing top-level names to ../build/hardware_software/hardware_software.egg-info/top_level.txt
writing manifest file '../build/hardware_software/hardware_software.egg-info/SOURCES.txt'
reading manifest file '../build/hardware_software/hardware_software.egg-info/SOURCES.txt'
writing manifest file '../build/hardware_software/hardware_software.egg-info/SOURCES.txt'
running build
running build_py
creating /home/fyp/Desktop/swarm_repo/robot/ros2ws/src/build/hardware_software/build
creating /home/fyp/Desktop/swarm_repo/robot/ros2ws/src/build/hardware_software/build/lib
creating /home/fyp/Desktop/swarm_repo/robot/ros2ws/src/build/hardware_software/build/lib/hardware_software
copying hardware_software/mqtt_subscriber.py -> /home/fyp/Desktop/swarm_repo/robot/ros2ws/src/build/hardware_software/build/lib/hardware_software
copying hardware_software/__init__.py -> /home/fyp/Desktop/swarm_repo/robot/ros2ws/src/build/hardware_software/build/lib/hardware_software
copying hardware_software/mqtt_encoder.py -> /home/fyp/Desktop/swarm_repo/robot/ros2ws/src/build/hardware_software/build/lib/hardware_software
running install
running install_lib
creating /home/fyp/Desktop/swarm_repo/robot/ros2ws/src/install/hardware_software/lib/python3.12/site-packages/hardware_software
copying /home/fyp/Desktop/swarm_repo/robot/ros2ws/src/build/hardware_software/build/lib/hardware_software/mqtt_subscriber.py -> /home/fyp/Desktop/swarm_repo/robot/ros2ws/src/install/hardware_software/lib/python3.12/site-packages/hardware_software
copying /home/fyp/Desktop/swarm_repo/robot/ros2ws/src/build/hardware_software/build/lib/hardware_software/__init__.py -> /home/fyp/Desktop/swarm_repo/robot/ros2ws/src/install/hardware_software/lib/python3.12/site-packages/hardware_software
copying /home/fyp/Desktop/swarm_repo/robot/ros2ws/src/build/hardware_software/build/lib/hardware_software/mqtt_encoder.py -> /home/fyp/Desktop/swarm_repo/robot/ros2ws/src/install/hardware_software/lib/python3.12/site-packages/hardware_software
byte-compiling /home/fyp/Desktop/swarm_repo/robot/ros2ws/src/install/hardware_software/lib/python3.12/site-packages/hardware_software/mqtt_subscriber.py to mqtt_subscriber.cpython-312.pyc
byte-compiling /home/fyp/Desktop/swarm_repo/robot/ros2ws/src/install/hardware_software/lib/python3.12/site-packages/hardware_software/__init__.py to __init__.cpython-312.pyc
byte-compiling /home/fyp/Desktop/swarm_repo/robot/ros2ws/src/install/hardware_software/lib/python3.12/site-packages/hardware_software/mqtt_encoder.py to mqtt_encoder.cpython-312.pyc
running install_data
creating /home/fyp/Desktop/swarm_repo/robot/ros2ws/src/install/hardware_software/share/ament_index
creating /home/fyp/Desktop/swarm_repo/robot/ros2ws/src/install/hardware_software/share/ament_index/resource_index
creating /home/fyp/Desktop/swarm_repo/robot/ros2ws/src/install/hardware_software/share/ament_index/resource_index/packages
copying resource/hardware_software -> /home/fyp/Desktop/swarm_repo/robot/ros2ws/src/install/hardware_software/share/ament_index/resource_index/packages
copying package.xml -> /home/fyp/Desktop/swarm_repo/robot/ros2ws/src/install/hardware_software/share/hardware_software
creating /home/fyp/Desktop/swarm_repo/robot/ros2ws/src/install/hardware_software/share/hardware_software/launch
copying launch/tf.launch.py -> /home/fyp/Desktop/swarm_repo/robot/ros2ws/src/install/hardware_software/share/hardware_software/launch/
copying launch/hardware_setup.launch.py -> /home/fyp/Desktop/swarm_repo/robot/ros2ws/src/install/hardware_software/share/hardware_software/launch/
copying launch/navigation_launch.py -> /home/fyp/Desktop/swarm_repo/robot/ros2ws/src/install/hardware_software/share/hardware_software/launch/
copying launch/hardware.launch.py -> /home/fyp/Desktop/swarm_repo/robot/ros2ws/src/install/hardware_software/share/hardware_software/launch/
copying launch/robot_nav.launch.py -> /home/fyp/Desktop/swarm_repo/robot/ros2ws/src/install/hardware_software/share/hardware_software/launch/
copying launch/robot_explore.launch.py -> /home/fyp/Desktop/swarm_repo/robot/ros2ws/src/install/hardware_software/share/hardware_software/launch/
copying launch/slam.launch.py -> /home/fyp/Desktop/swarm_repo/robot/ros2ws/src/install/hardware_software/share/hardware_software/launch/
copying launch/rviz.launch.py -> /home/fyp/Desktop/swarm_repo/robot/ros2ws/src/install/hardware_software/share/hardware_software/launch/
creating /home/fyp/Desktop/swarm_repo/robot/ros2ws/src/install/hardware_software/share/hardware_software/urdf
copying urdf/turtlebot3_burger.urdf -> /home/fyp/Desktop/swarm_repo/robot/ros2ws/src/install/hardware_software/share/hardware_software/urdf/
copying urdf/diffbot_description.urdf.xacro -> /home/fyp/Desktop/swarm_repo/robot/ros2ws/src/install/hardware_software/share/hardware_software/urdf/
copying urdf/turtlebot3_waffle.urdf -> /home/fyp/Desktop/swarm_repo/robot/ros2ws/src/install/hardware_software/share/hardware_software/urdf/
creating /home/fyp/Desktop/swarm_repo/robot/ros2ws/src/install/hardware_software/share/hardware_software/params
copying params/explore_params.yaml -> /home/fyp/Desktop/swarm_repo/robot/ros2ws/src/install/hardware_software/share/hardware_software/params/
copying params/slam.yaml -> /home/fyp/Desktop/swarm_repo/robot/ros2ws/src/install/hardware_software/share/hardware_software/params/
copying params/nav2_params.yaml -> /home/fyp/Desktop/swarm_repo/robot/ros2ws/src/install/hardware_software/share/hardware_software/params/
creating /home/fyp/Desktop/swarm_repo/robot/ros2ws/src/install/hardware_software/share/hardware_software/rviz
copying rviz/basic.rviz -> /home/fyp/Desktop/swarm_repo/robot/ros2ws/src/install/hardware_software/share/hardware_software/rviz/
running install_egg_info
Copying ../build/hardware_software/hardware_software.egg-info to /home/fyp/Desktop/swarm_repo/robot/ros2ws/src/install/hardware_software/lib/python3.12/site-packages/hardware_software-0.0.0-py3.12.egg-info
running install_scripts
Installing ros2_mqtt_encoder script to /home/fyp/Desktop/swarm_repo/robot/ros2ws/src/install/hardware_software/lib/hardware_software
Installing ros2_mqtt_subscriber script to /home/fyp/Desktop/swarm_repo/robot/ros2ws/src/install/hardware_software/lib/hardware_software
writing list of installed files to '/home/fyp/Desktop/swarm_repo/robot/ros2ws/src/build/hardware_software/install.log'
