[1.153s] Invoking command in '/home/fyp/Desktop/swarm_repo/robot/ros2ws/src/hardware_software': DEBUGINFOD_URLS=https://debuginfod.ubuntu.com PYTHONPATH=/home/fyp/Desktop/swarm_repo/robot/ros2ws/src/build/hardware_software/prefix_override:/usr/lib/python3/dist-packages/colcon_core/task/python/colcon_distutils_commands:/home/fyp/Desktop/swarm_repo/robot/ros2ws/src/install/hardware_software/lib/python3.12/site-packages:${PYTHONPATH} /usr/bin/python3 -W ignore:setup.py install is deprecated -W ignore:easy_install command is deprecated setup.py egg_info --egg-base ../build/hardware_software build --build-base /home/fyp/Desktop/swarm_repo/robot/ros2ws/src/build/hardware_software/build install --record /home/fyp/Desktop/swarm_repo/robot/ros2ws/src/build/hardware_software/install.log --single-version-externally-managed install_data
[1.501s] running egg_info
[1.502s] creating ../build/hardware_software/hardware_software.egg-info
[1.526s] writing ../build/hardware_software/hardware_software.egg-info/PKG-INFO
[1.526s] writing dependency_links to ../build/hardware_software/hardware_software.egg-info/dependency_links.txt
[1.526s] writing entry points to ../build/hardware_software/hardware_software.egg-info/entry_points.txt
[1.526s] writing requirements to ../build/hardware_software/hardware_software.egg-info/requires.txt
[1.527s] writing top-level names to ../build/hardware_software/hardware_software.egg-info/top_level.txt
[1.527s] writing manifest file '../build/hardware_software/hardware_software.egg-info/SOURCES.txt'
[1.576s] reading manifest file '../build/hardware_software/hardware_software.egg-info/SOURCES.txt'
[1.577s] writing manifest file '../build/hardware_software/hardware_software.egg-info/SOURCES.txt'
[1.578s] running build
[1.578s] running build_py
[1.578s] creating /home/fyp/Desktop/swarm_repo/robot/ros2ws/src/build/hardware_software/build
[1.578s] creating /home/fyp/Desktop/swarm_repo/robot/ros2ws/src/build/hardware_software/build/lib
[1.578s] creating /home/fyp/Desktop/swarm_repo/robot/ros2ws/src/build/hardware_software/build/lib/hardware_software
[1.579s] copying hardware_software/mqtt_subscriber.py -> /home/fyp/Desktop/swarm_repo/robot/ros2ws/src/build/hardware_software/build/lib/hardware_software
[1.579s] copying hardware_software/__init__.py -> /home/fyp/Desktop/swarm_repo/robot/ros2ws/src/build/hardware_software/build/lib/hardware_software
[1.579s] copying hardware_software/mqtt_encoder.py -> /home/fyp/Desktop/swarm_repo/robot/ros2ws/src/build/hardware_software/build/lib/hardware_software
[1.579s] running install
[1.588s] running install_lib
[1.613s] creating /home/fyp/Desktop/swarm_repo/robot/ros2ws/src/install/hardware_software/lib/python3.12/site-packages/hardware_software
[1.613s] copying /home/fyp/Desktop/swarm_repo/robot/ros2ws/src/build/hardware_software/build/lib/hardware_software/mqtt_subscriber.py -> /home/fyp/Desktop/swarm_repo/robot/ros2ws/src/install/hardware_software/lib/python3.12/site-packages/hardware_software
[1.613s] copying /home/fyp/Desktop/swarm_repo/robot/ros2ws/src/build/hardware_software/build/lib/hardware_software/__init__.py -> /home/fyp/Desktop/swarm_repo/robot/ros2ws/src/install/hardware_software/lib/python3.12/site-packages/hardware_software
[1.613s] copying /home/fyp/Desktop/swarm_repo/robot/ros2ws/src/build/hardware_software/build/lib/hardware_software/mqtt_encoder.py -> /home/fyp/Desktop/swarm_repo/robot/ros2ws/src/install/hardware_software/lib/python3.12/site-packages/hardware_software
[1.614s] byte-compiling /home/fyp/Desktop/swarm_repo/robot/ros2ws/src/install/hardware_software/lib/python3.12/site-packages/hardware_software/mqtt_subscriber.py to mqtt_subscriber.cpython-312.pyc
[1.615s] byte-compiling /home/fyp/Desktop/swarm_repo/robot/ros2ws/src/install/hardware_software/lib/python3.12/site-packages/hardware_software/__init__.py to __init__.cpython-312.pyc
[1.615s] byte-compiling /home/fyp/Desktop/swarm_repo/robot/ros2ws/src/install/hardware_software/lib/python3.12/site-packages/hardware_software/mqtt_encoder.py to mqtt_encoder.cpython-312.pyc
[1.615s]   File "/home/fyp/Desktop/swarm_repo/robot/ros2ws/src/install/hardware_software/lib/python3.12/site-packages/hardware_software/mqtt_encoder.py", line 6
[1.615s]     import nav_msgs.msg import OccupancyGrid
[1.616s]                         ^^^^^^
[1.616s] SyntaxError: invalid syntax
[1.616s] 
[1.616s] running install_data
[1.616s] creating /home/fyp/Desktop/swarm_repo/robot/ros2ws/src/install/hardware_software/share/ament_index
[1.616s] creating /home/fyp/Desktop/swarm_repo/robot/ros2ws/src/install/hardware_software/share/ament_index/resource_index
[1.616s] creating /home/fyp/Desktop/swarm_repo/robot/ros2ws/src/install/hardware_software/share/ament_index/resource_index/packages
[1.616s] copying resource/hardware_software -> /home/fyp/Desktop/swarm_repo/robot/ros2ws/src/install/hardware_software/share/ament_index/resource_index/packages
[1.616s] copying package.xml -> /home/fyp/Desktop/swarm_repo/robot/ros2ws/src/install/hardware_software/share/hardware_software
[1.616s] creating /home/fyp/Desktop/swarm_repo/robot/ros2ws/src/install/hardware_software/share/hardware_software/launch
[1.617s] copying launch/tf.launch.py -> /home/fyp/Desktop/swarm_repo/robot/ros2ws/src/install/hardware_software/share/hardware_software/launch/
[1.617s] copying launch/hardware_setup.launch.py -> /home/fyp/Desktop/swarm_repo/robot/ros2ws/src/install/hardware_software/share/hardware_software/launch/
[1.617s] copying launch/navigation_launch.py -> /home/fyp/Desktop/swarm_repo/robot/ros2ws/src/install/hardware_software/share/hardware_software/launch/
[1.617s] copying launch/hardware.launch.py -> /home/fyp/Desktop/swarm_repo/robot/ros2ws/src/install/hardware_software/share/hardware_software/launch/
[1.617s] copying launch/robot_nav.launch.py -> /home/fyp/Desktop/swarm_repo/robot/ros2ws/src/install/hardware_software/share/hardware_software/launch/
[1.617s] copying launch/robot_explore.launch.py -> /home/fyp/Desktop/swarm_repo/robot/ros2ws/src/install/hardware_software/share/hardware_software/launch/
[1.617s] copying launch/slam.launch.py -> /home/fyp/Desktop/swarm_repo/robot/ros2ws/src/install/hardware_software/share/hardware_software/launch/
[1.617s] copying launch/rviz.launch.py -> /home/fyp/Desktop/swarm_repo/robot/ros2ws/src/install/hardware_software/share/hardware_software/launch/
[1.617s] creating /home/fyp/Desktop/swarm_repo/robot/ros2ws/src/install/hardware_software/share/hardware_software/urdf
[1.617s] copying urdf/turtlebot3_burger.urdf -> /home/fyp/Desktop/swarm_repo/robot/ros2ws/src/install/hardware_software/share/hardware_software/urdf/
[1.618s] copying urdf/diffbot_description.urdf.xacro -> /home/fyp/Desktop/swarm_repo/robot/ros2ws/src/install/hardware_software/share/hardware_software/urdf/
[1.618s] copying urdf/turtlebot3_waffle.urdf -> /home/fyp/Desktop/swarm_repo/robot/ros2ws/src/install/hardware_software/share/hardware_software/urdf/
[1.618s] creating /home/fyp/Desktop/swarm_repo/robot/ros2ws/src/install/hardware_software/share/hardware_software/params
[1.618s] copying params/explore_params.yaml -> /home/fyp/Desktop/swarm_repo/robot/ros2ws/src/install/hardware_software/share/hardware_software/params/
[1.618s] copying params/slam.yaml -> /home/fyp/Desktop/swarm_repo/robot/ros2ws/src/install/hardware_software/share/hardware_software/params/
[1.618s] copying params/nav2_params.yaml -> /home/fyp/Desktop/swarm_repo/robot/ros2ws/src/install/hardware_software/share/hardware_software/params/
[1.618s] creating /home/fyp/Desktop/swarm_repo/robot/ros2ws/src/install/hardware_software/share/hardware_software/rviz
[1.619s] copying rviz/basic.rviz -> /home/fyp/Desktop/swarm_repo/robot/ros2ws/src/install/hardware_software/share/hardware_software/rviz/
[1.619s] running install_egg_info
[1.645s] Copying ../build/hardware_software/hardware_software.egg-info to /home/fyp/Desktop/swarm_repo/robot/ros2ws/src/install/hardware_software/lib/python3.12/site-packages/hardware_software-0.0.0-py3.12.egg-info
[1.647s] running install_scripts
[1.816s] Installing ros2_mqtt_encoder script to /home/fyp/Desktop/swarm_repo/robot/ros2ws/src/install/hardware_software/lib/hardware_software
[1.816s] Installing ros2_mqtt_subscriber script to /home/fyp/Desktop/swarm_repo/robot/ros2ws/src/install/hardware_software/lib/hardware_software
[1.816s] writing list of installed files to '/home/fyp/Desktop/swarm_repo/robot/ros2ws/src/build/hardware_software/install.log'
[1.893s] Invoked command in '/home/fyp/Desktop/swarm_repo/robot/ros2ws/src/hardware_software' returned '0': DEBUGINFOD_URLS=https://debuginfod.ubuntu.com PYTHONPATH=/home/fyp/Desktop/swarm_repo/robot/ros2ws/src/build/hardware_software/prefix_override:/usr/lib/python3/dist-packages/colcon_core/task/python/colcon_distutils_commands:/home/fyp/Desktop/swarm_repo/robot/ros2ws/src/install/hardware_software/lib/python3.12/site-packages:${PYTHONPATH} /usr/bin/python3 -W ignore:setup.py install is deprecated -W ignore:easy_install command is deprecated setup.py egg_info --egg-base ../build/hardware_software build --build-base /home/fyp/Desktop/swarm_repo/robot/ros2ws/src/build/hardware_software/build install --record /home/fyp/Desktop/swarm_repo/robot/ros2ws/src/build/hardware_software/install.log --single-version-externally-managed install_data
