[1.137s] Invoking command in '/home/fyp/Desktop/robot/ros2ws/src/motor_controller': DEBUGINFOD_URLS=https://debuginfod.ubuntu.com PYTHONPATH=/home/fyp/Desktop/robot/ros2ws/build/motor_controller/prefix_override:/usr/lib/python3/dist-packages/colcon_core/task/python/colcon_distutils_commands:/home/fyp/Desktop/robot/ros2ws/install/motor_controller/lib/python3.12/site-packages:${PYTHONPATH} /usr/bin/python3 -W ignore:setup.py install is deprecated -W ignore:easy_install command is deprecated setup.py egg_info --egg-base ../../build/motor_controller build --build-base /home/fyp/Desktop/robot/ros2ws/build/motor_controller/build install --record /home/fyp/Desktop/robot/ros2ws/build/motor_controller/install.log --single-version-externally-managed install_data
[1.477s] running egg_info
[1.499s] writing ../../build/motor_controller/motor_controller.egg-info/PKG-INFO
[1.499s] writing dependency_links to ../../build/motor_controller/motor_controller.egg-info/dependency_links.txt
[1.501s] writing entry points to ../../build/motor_controller/motor_controller.egg-info/entry_points.txt
[1.501s] writing requirements to ../../build/motor_controller/motor_controller.egg-info/requires.txt
[1.502s] writing top-level names to ../../build/motor_controller/motor_controller.egg-info/top_level.txt
[1.552s] reading manifest file '../../build/motor_controller/motor_controller.egg-info/SOURCES.txt'
[1.553s] writing manifest file '../../build/motor_controller/motor_controller.egg-info/SOURCES.txt'
[1.553s] running build
[1.554s] running build_py
[1.554s] copying motor_controller/wheel_encoder.py -> /home/fyp/Desktop/robot/ros2ws/build/motor_controller/build/lib/motor_controller
[1.554s] running install
[1.563s] running install_lib
[1.587s] copying /home/fyp/Desktop/robot/ros2ws/build/motor_controller/build/lib/motor_controller/wheel_encoder.py -> /home/fyp/Desktop/robot/ros2ws/install/motor_controller/lib/python3.12/site-packages/motor_controller
[1.588s] byte-compiling /home/fyp/Desktop/robot/ros2ws/install/motor_controller/lib/python3.12/site-packages/motor_controller/wheel_encoder.py to wheel_encoder.cpython-312.pyc
[1.590s] running install_data
[1.590s] running install_egg_info
[1.616s] removing '/home/fyp/Desktop/robot/ros2ws/install/motor_controller/lib/python3.12/site-packages/motor_controller-0.0.0-py3.12.egg-info' (and everything under it)
[1.616s] Copying ../../build/motor_controller/motor_controller.egg-info to /home/fyp/Desktop/robot/ros2ws/install/motor_controller/lib/python3.12/site-packages/motor_controller-0.0.0-py3.12.egg-info
[1.617s] running install_scripts
[1.777s] Installing motor_driver script to /home/fyp/Desktop/robot/ros2ws/install/motor_controller/lib/motor_controller
[1.777s] Installing wheel_encoder script to /home/fyp/Desktop/robot/ros2ws/install/motor_controller/lib/motor_controller
[1.779s] writing list of installed files to '/home/fyp/Desktop/robot/ros2ws/build/motor_controller/install.log'
[1.858s] Invoked command in '/home/fyp/Desktop/robot/ros2ws/src/motor_controller' returned '0': DEBUGINFOD_URLS=https://debuginfod.ubuntu.com PYTHONPATH=/home/fyp/Desktop/robot/ros2ws/build/motor_controller/prefix_override:/usr/lib/python3/dist-packages/colcon_core/task/python/colcon_distutils_commands:/home/fyp/Desktop/robot/ros2ws/install/motor_controller/lib/python3.12/site-packages:${PYTHONPATH} /usr/bin/python3 -W ignore:setup.py install is deprecated -W ignore:easy_install command is deprecated setup.py egg_info --egg-base ../../build/motor_controller build --build-base /home/fyp/Desktop/robot/ros2ws/build/motor_controller/build install --record /home/fyp/Desktop/robot/ros2ws/build/motor_controller/install.log --single-version-externally-managed install_data
