[0.040s] Invoking command in '/home/fyp3/Desktop/ros2_swarm_mapping/robot/ros2ws/build/explore_lite': CMAKE_PREFIX_PATH=/opt/ros/jazzy DEBUGINFOD_URLS=https://debuginfod.ubuntu.com /usr/bin/cmake /home/fyp3/Desktop/ros2_swarm_mapping/robot/ros2ws/src/explore -DCMAKE_INSTALL_PREFIX=/home/fyp3/Desktop/ros2_swarm_mapping/robot/ros2ws/install/explore_lite
[0.700s] -- The C compiler identification is GNU 13.3.0
[1.060s] -- The CXX compiler identification is GNU 13.3.0
[1.120s] -- Detecting C compiler ABI info
[1.393s] -- Detecting C compiler ABI info - done
[1.416s] -- Check for working C compiler: /usr/bin/cc - skipped
[1.418s] -- Detecting C compile features
[1.421s] -- Detecting C compile features - done
[1.441s] -- Detecting CXX compiler ABI info
[1.628s] -- Detecting CXX compiler ABI info - done
[1.644s] -- Check for working CXX compiler: /usr/bin/c++ - skipped
[1.644s] -- Detecting CXX compile features
[1.645s] -- Detecting CXX compile features - done
[1.646s] -- BuilD for ROS2: jazzy
[1.656s] -- Found ament_cmake: 2.5.4 (/opt/ros/jazzy/share/ament_cmake/cmake)
[1.894s] -- Found Python3: /usr/bin/python3 (found version "3.12.3") found components: Interpreter 
[2.298s] -- Found rclcpp: 28.1.9 (/opt/ros/jazzy/share/rclcpp/cmake)
[2.427s] -- Found rosidl_generator_c: 4.6.5 (/opt/ros/jazzy/share/rosidl_generator_c/cmake)
[2.473s] -- Found rosidl_generator_cpp: 4.6.5 (/opt/ros/jazzy/share/rosidl_generator_cpp/cmake)
[2.526s] -- Using all available rosidl_typesupport_c: rosidl_typesupport_fastrtps_c;rosidl_typesupport_introspection_c
[2.600s] -- Using all available rosidl_typesupport_cpp: rosidl_typesupport_fastrtps_cpp;rosidl_typesupport_introspection_cpp
[2.827s] -- Found rmw_implementation_cmake: 7.3.2 (/opt/ros/jazzy/share/rmw_implementation_cmake/cmake)
[2.836s] -- Found rmw_fastrtps_cpp: 8.4.2 (/opt/ros/jazzy/share/rmw_fastrtps_cpp/cmake)
[3.026s] -- Found OpenSSL: /usr/lib/aarch64-linux-gnu/libcrypto.so (found version "3.0.13")  
[3.057s] -- Found FastRTPS: /opt/ros/jazzy/include (Required is at least version "2.13") 
[3.098s] -- Using RMW implementation 'rmw_fastrtps_cpp' as default
[3.261s] -- Found std_msgs: 5.3.6 (/opt/ros/jazzy/share/std_msgs/cmake)
[3.301s] -- Found sensor_msgs: 5.3.6 (/opt/ros/jazzy/share/sensor_msgs/cmake)
[3.400s] -- Found tf2_ros: 0.36.11 (/opt/ros/jazzy/share/tf2_ros/cmake)
[3.751s] -- Found tf2_geometry_msgs: 0.36.11 (/opt/ros/jazzy/share/tf2_geometry_msgs/cmake)
[3.777s] -- Found eigen3_cmake_module: 0.3.0 (/opt/ros/jazzy/share/eigen3_cmake_module/cmake)
[3.780s] -- Found Eigen3: TRUE (found version "3.4.0") 
[3.780s] -- Ensuring Eigen3 include directory is part of orocos-kdl CMake target
[3.784s] -- Found nav2_msgs: 1.3.6 (/opt/ros/jazzy/share/nav2_msgs/cmake)
[3.952s] -- Found map_msgs: 2.4.1 (/opt/ros/jazzy/share/map_msgs/cmake)
[3.996s] -- Found visualization_msgs: 5.3.6 (/opt/ros/jazzy/share/visualization_msgs/cmake)
[4.051s] -- Found nav2_costmap_2d: 1.3.6 (/opt/ros/jazzy/share/nav2_costmap_2d/cmake)
[4.309s] -- Found ament_lint_auto: 0.17.2 (/opt/ros/jazzy/share/ament_lint_auto/cmake)
[4.525s] -- Found ament_cmake_gtest: 2.5.4 (/opt/ros/jazzy/share/ament_cmake_gtest/cmake)
[4.532s] -- Found gtest sources under '/opt/ros/jazzy/src/gtest_vendor': C++ tests using 'Google Test' will be built
[4.543s] -- Performing Test CMAKE_HAVE_LIBC_PTHREAD
[4.757s] -- Performing Test CMAKE_HAVE_LIBC_PTHREAD - Success
[4.759s] -- Found Threads: TRUE  
[4.778s] -- Added test 'cppcheck' to perform static code analysis on C / C++ code
[4.778s] -- Configured cppcheck include dirs: /home/fyp3/Desktop/ros2_swarm_mapping/robot/ros2ws/src/explore/include;$<BUILD_INTERFACE:/home/fyp3/Desktop/ros2_swarm_mapping/robot/ros2ws/src/explore/include>
[4.778s] -- Configured cppcheck exclude dirs and/or files: 
[4.780s] -- Added test 'flake8' to check Python code syntax and style conventions
[4.780s] -- Configured 'flake8' exclude dirs and/or files: 
[4.781s] -- Added test 'lint_cmake' to check CMake code style
[4.783s] -- Added test 'pep257' to check Python code against some of the docstring style conventions in PEP 257
[4.786s] -- Added test 'uncrustify' to check C / C++ code style
[4.786s] -- Configured uncrustify additional arguments: 
[4.787s] -- Added test 'xmllint' to check XML markup files
[4.792s] -- Configuring done (4.6s)
[5.039s] -- Generating done (0.2s)
[5.107s] -- Build files have been written to: /home/fyp3/Desktop/ros2_swarm_mapping/robot/ros2ws/build/explore_lite
[5.140s] Invoked command in '/home/fyp3/Desktop/ros2_swarm_mapping/robot/ros2ws/build/explore_lite' returned '0': CMAKE_PREFIX_PATH=/opt/ros/jazzy DEBUGINFOD_URLS=https://debuginfod.ubuntu.com /usr/bin/cmake /home/fyp3/Desktop/ros2_swarm_mapping/robot/ros2ws/src/explore -DCMAKE_INSTALL_PREFIX=/home/fyp3/Desktop/ros2_swarm_mapping/robot/ros2ws/install/explore_lite
[5.142s] Invoking command in '/home/fyp3/Desktop/ros2_swarm_mapping/robot/ros2ws/build/explore_lite': CMAKE_PREFIX_PATH=/opt/ros/jazzy DEBUGINFOD_URLS=https://debuginfod.ubuntu.com /usr/bin/cmake --build /home/fyp3/Desktop/ros2_swarm_mapping/robot/ros2ws/build/explore_lite -- -j4 -l4
[5.266s] [ 10%] [32mBuilding CXX object gtest/CMakeFiles/gtest_main.dir/src/gtest_main.cc.o[0m
[5.268s] [ 20%] [32mBuilding CXX object CMakeFiles/explore.dir/src/costmap_client.cpp.o[0m
[5.271s] [ 30%] [32mBuilding CXX object gtest/CMakeFiles/gtest.dir/src/gtest-all.cc.o[0m
[5.281s] [ 40%] [32mBuilding CXX object CMakeFiles/explore.dir/src/explore.cpp.o[0m
[7.022s] [ 50%] [32m[1mLinking CXX static library libgtest_main.a[0m
[8.158s] [ 50%] Built target gtest_main
[8.186s] [ 60%] [32mBuilding CXX object CMakeFiles/explore.dir/src/frontier_search.cpp.o[0m
[13.782s] [ 70%] [32m[1mLinking CXX static library libgtest.a[0m
[14.073s] [ 70%] Built target gtest
[14.119s] [ 80%] [32mBuilding CXX object CMakeFiles/test_explore.dir/test/test_explore.cpp.o[0m
[16.603s] [ 90%] [32m[1mLinking CXX executable test_explore[0m
[17.945s] [ 90%] Built target test_explore
[31.688s] [100%] [32m[1mLinking CXX executable explore[0m
[37.630s] [100%] Built target explore
