[1.679s] Invoking command in '/home/fyp/Desktop/robot/ros2ws/src/hardware_software': DEBUGINFOD_URLS=https://debuginfod.ubuntu.com PYTHONPATH=/home/fyp/Desktop/robot/ros2ws/build/hardware_software/prefix_override:/usr/lib/python3/dist-packages/colcon_core/task/python/colcon_distutils_commands:/home/fyp/Desktop/robot/ros2ws/install/hardware_software/lib/python3.12/site-packages:${PYTHONPATH} /usr/bin/python3 -W ignore:setup.py install is deprecated -W ignore:easy_install command is deprecated setup.py egg_info --egg-base ../../build/hardware_software build --build-base /home/fyp/Desktop/robot/ros2ws/build/hardware_software/build install --record /home/fyp/Desktop/robot/ros2ws/build/hardware_software/install.log --single-version-externally-managed install_data
[2.029s] running egg_info
[2.053s] writing ../../build/hardware_software/hardware_software.egg-info/PKG-INFO
[2.053s] writing dependency_links to ../../build/hardware_software/hardware_software.egg-info/dependency_links.txt
[2.055s] writing entry points to ../../build/hardware_software/hardware_software.egg-info/entry_points.txt
[2.056s] writing requirements to ../../build/hardware_software/hardware_software.egg-info/requires.txt
[2.057s] writing top-level names to ../../build/hardware_software/hardware_software.egg-info/top_level.txt
[2.108s] reading manifest file '../../build/hardware_software/hardware_software.egg-info/SOURCES.txt'
[2.110s] writing manifest file '../../build/hardware_software/hardware_software.egg-info/SOURCES.txt'
[2.111s] running build
[2.111s] running build_py
[2.111s] copying hardware_software/mqtt_encoder.py -> /home/fyp/Desktop/robot/ros2ws/build/hardware_software/build/lib/hardware_software
[2.111s] running install
[2.120s] running install_lib
[2.145s] copying /home/fyp/Desktop/robot/ros2ws/build/hardware_software/build/lib/hardware_software/mqtt_encoder.py -> /home/fyp/Desktop/robot/ros2ws/install/hardware_software/lib/python3.12/site-packages/hardware_software
[2.146s] byte-compiling /home/fyp/Desktop/robot/ros2ws/install/hardware_software/lib/python3.12/site-packages/hardware_software/mqtt_encoder.py to mqtt_encoder.cpython-312.pyc
[2.147s] running install_data
[2.147s] running install_egg_info
[2.174s] removing '/home/fyp/Desktop/robot/ros2ws/install/hardware_software/lib/python3.12/site-packages/hardware_software-0.0.0-py3.12.egg-info' (and everything under it)
[2.174s] Copying ../../build/hardware_software/hardware_software.egg-info to /home/fyp/Desktop/robot/ros2ws/install/hardware_software/lib/python3.12/site-packages/hardware_software-0.0.0-py3.12.egg-info
[2.176s] running install_scripts
[2.342s] Installing ros2_mqtt_encoder script to /home/fyp/Desktop/robot/ros2ws/install/hardware_software/lib/hardware_software
[2.343s] writing list of installed files to '/home/fyp/Desktop/robot/ros2ws/build/hardware_software/install.log'
[2.427s] Invoked command in '/home/fyp/Desktop/robot/ros2ws/src/hardware_software' returned '0': DEBUGINFOD_URLS=https://debuginfod.ubuntu.com PYTHONPATH=/home/fyp/Desktop/robot/ros2ws/build/hardware_software/prefix_override:/usr/lib/python3/dist-packages/colcon_core/task/python/colcon_distutils_commands:/home/fyp/Desktop/robot/ros2ws/install/hardware_software/lib/python3.12/site-packages:${PYTHONPATH} /usr/bin/python3 -W ignore:setup.py install is deprecated -W ignore:easy_install command is deprecated setup.py egg_info --egg-base ../../build/hardware_software build --build-base /home/fyp/Desktop/robot/ros2ws/build/hardware_software/build install --record /home/fyp/Desktop/robot/ros2ws/build/hardware_software/install.log --single-version-externally-managed install_data
