[0.146s] DEBUG:colcon:Command line arguments: ['/usr/bin/colcon', 'build', '--packages-select', 'motor_controller']
[0.146s] DEBUG:colcon:Parsed command line arguments: Namespace(log_base=None, log_level=None, verb_name='build', build_base='build', install_base='install', merge_install=False, symlink_install=False, test_result_base=None, continue_on_error=False, executor='parallel', parallel_workers=4, event_handlers=None, ignore_user_meta=False, metas=['./colcon.meta'], base_paths=['.'], packages_ignore=None, packages_ignore_regex=None, paths=None, packages_up_to=None, packages_up_to_regex=None, packages_above=None, packages_above_and_dependencies=None, packages_above_depth=None, packages_select_by_dep=None, packages_skip_by_dep=None, packages_skip_up_to=None, packages_select_build_failed=False, packages_skip_build_finished=False, packages_select_test_failures=False, packages_skip_test_passed=False, packages_select=['motor_controller'], packages_skip=None, packages_select_regex=None, packages_skip_regex=None, packages_start=None, packages_end=None, allow_overriding=[], cmake_args=None, cmake_target=None, cmake_target_skip_unavailable=False, cmake_clean_cache=False, cmake_clean_first=False, cmake_force_configure=False, ament_cmake_args=None, catkin_cmake_args=None, catkin_skip_building_tests=False, mixin_files=None, mixin=None, verb_parser=<colcon_mixin.mixin.mixin_argument.MixinArgumentDecorator object at 0xffff7ed9ed80>, verb_extension=<colcon_core.verb.build.BuildVerb object at 0xffff7ef4adb0>, main=<bound method BuildVerb.main of <colcon_core.verb.build.BuildVerb object at 0xffff7ef4adb0>>, mixin_verb=('build',))
[0.203s] Level 1:colcon.colcon_core.package_discovery:discover_packages(colcon_meta) check parameters
[0.203s] Level 1:colcon.colcon_core.package_discovery:discover_packages(recursive) check parameters
[0.203s] Level 1:colcon.colcon_core.package_discovery:discover_packages(ignore) check parameters
[0.203s] Level 1:colcon.colcon_core.package_discovery:discover_packages(path) check parameters
[0.203s] Level 1:colcon.colcon_core.package_discovery:discover_packages(colcon_meta) discover
[0.203s] Level 1:colcon.colcon_core.package_discovery:discover_packages(recursive) discover
[0.203s] INFO:colcon.colcon_core.package_discovery:Crawling recursively for packages in '/home/fyp3/Desktop/ros2_swarm_mapping/robot/ros2ws'
[0.203s] Level 1:colcon.colcon_core.package_identification:_identify(.) by extensions ['ignore', 'ignore_ament_install']
[0.204s] Level 1:colcon.colcon_core.package_identification:_identify(.) by extension 'ignore'
[0.204s] Level 1:colcon.colcon_core.package_identification:_identify(.) by extension 'ignore_ament_install'
[0.204s] Level 1:colcon.colcon_core.package_identification:_identify(.) by extensions ['colcon_pkg']
[0.204s] Level 1:colcon.colcon_core.package_identification:_identify(.) by extension 'colcon_pkg'
[0.204s] Level 1:colcon.colcon_core.package_identification:_identify(.) by extensions ['colcon_meta']
[0.204s] Level 1:colcon.colcon_core.package_identification:_identify(.) by extension 'colcon_meta'
[0.204s] Level 1:colcon.colcon_core.package_identification:_identify(.) by extensions ['ros']
[0.204s] Level 1:colcon.colcon_core.package_identification:_identify(.) by extension 'ros'
[0.245s] Level 1:colcon.colcon_core.package_identification:_identify(.) by extensions ['cmake', 'python']
[0.245s] Level 1:colcon.colcon_core.package_identification:_identify(.) by extension 'cmake'
[0.245s] Level 1:colcon.colcon_core.package_identification:_identify(.) by extension 'python'
[0.245s] Level 1:colcon.colcon_core.package_identification:_identify(.) by extensions ['python_setup_py']
[0.245s] Level 1:colcon.colcon_core.package_identification:_identify(.) by extension 'python_setup_py'
[0.245s] Level 1:colcon.colcon_core.package_identification:_identify(build) by extensions ['ignore', 'ignore_ament_install']
[0.245s] Level 1:colcon.colcon_core.package_identification:_identify(build) by extension 'ignore'
[0.246s] Level 1:colcon.colcon_core.package_identification:_identify(build) ignored
[0.246s] Level 1:colcon.colcon_core.package_identification:_identify(install) by extensions ['ignore', 'ignore_ament_install']
[0.246s] Level 1:colcon.colcon_core.package_identification:_identify(install) by extension 'ignore'
[0.246s] Level 1:colcon.colcon_core.package_identification:_identify(install) ignored
[0.246s] Level 1:colcon.colcon_core.package_identification:_identify(log) by extensions ['ignore', 'ignore_ament_install']
[0.246s] Level 1:colcon.colcon_core.package_identification:_identify(log) by extension 'ignore'
[0.246s] Level 1:colcon.colcon_core.package_identification:_identify(log) ignored
[0.246s] Level 1:colcon.colcon_core.package_identification:_identify(src) by extensions ['ignore', 'ignore_ament_install']
[0.246s] Level 1:colcon.colcon_core.package_identification:_identify(src) by extension 'ignore'
[0.246s] Level 1:colcon.colcon_core.package_identification:_identify(src) by extension 'ignore_ament_install'
[0.247s] Level 1:colcon.colcon_core.package_identification:_identify(src) by extensions ['colcon_pkg']
[0.247s] Level 1:colcon.colcon_core.package_identification:_identify(src) by extension 'colcon_pkg'
[0.247s] Level 1:colcon.colcon_core.package_identification:_identify(src) by extensions ['colcon_meta']
[0.247s] Level 1:colcon.colcon_core.package_identification:_identify(src) by extension 'colcon_meta'
[0.247s] Level 1:colcon.colcon_core.package_identification:_identify(src) by extensions ['ros']
[0.247s] Level 1:colcon.colcon_core.package_identification:_identify(src) by extension 'ros'
[0.247s] Level 1:colcon.colcon_core.package_identification:_identify(src) by extensions ['cmake', 'python']
[0.247s] Level 1:colcon.colcon_core.package_identification:_identify(src) by extension 'cmake'
[0.247s] Level 1:colcon.colcon_core.package_identification:_identify(src) by extension 'python'
[0.247s] Level 1:colcon.colcon_core.package_identification:_identify(src) by extensions ['python_setup_py']
[0.247s] Level 1:colcon.colcon_core.package_identification:_identify(src) by extension 'python_setup_py'
[0.247s] Level 1:colcon.colcon_core.package_identification:_identify(src/YDLidar-SDK) by extensions ['ignore', 'ignore_ament_install']
[0.247s] Level 1:colcon.colcon_core.package_identification:_identify(src/YDLidar-SDK) by extension 'ignore'
[0.247s] Level 1:colcon.colcon_core.package_identification:_identify(src/YDLidar-SDK) by extension 'ignore_ament_install'
[0.247s] Level 1:colcon.colcon_core.package_identification:_identify(src/YDLidar-SDK) by extensions ['colcon_pkg']
[0.247s] Level 1:colcon.colcon_core.package_identification:_identify(src/YDLidar-SDK) by extension 'colcon_pkg'
[0.247s] Level 1:colcon.colcon_core.package_identification:_identify(src/YDLidar-SDK) by extensions ['colcon_meta']
[0.247s] Level 1:colcon.colcon_core.package_identification:_identify(src/YDLidar-SDK) by extension 'colcon_meta'
[0.248s] Level 1:colcon.colcon_core.package_identification:_identify(src/YDLidar-SDK) by extensions ['ros']
[0.248s] Level 1:colcon.colcon_core.package_identification:_identify(src/YDLidar-SDK) by extension 'ros'
[0.248s] Level 1:colcon.colcon_core.package_identification:_identify(src/YDLidar-SDK) by extensions ['cmake', 'python']
[0.248s] Level 1:colcon.colcon_core.package_identification:_identify(src/YDLidar-SDK) by extension 'cmake'
[0.274s] Level 1:colcon.colcon_core.package_identification:_identify(src/YDLidar-SDK) by extension 'python'
[0.274s] DEBUG:colcon.colcon_core.package_identification:Package 'src/YDLidar-SDK' with type 'cmake' and name 'ydlidar_sdk'
[0.274s] Level 1:colcon.colcon_core.package_identification:_identify(src/build) by extensions ['ignore', 'ignore_ament_install']
[0.274s] Level 1:colcon.colcon_core.package_identification:_identify(src/build) by extension 'ignore'
[0.274s] Level 1:colcon.colcon_core.package_identification:_identify(src/build) ignored
[0.274s] Level 1:colcon.colcon_core.package_identification:_identify(src/explore) by extensions ['ignore', 'ignore_ament_install']
[0.274s] Level 1:colcon.colcon_core.package_identification:_identify(src/explore) by extension 'ignore'
[0.275s] Level 1:colcon.colcon_core.package_identification:_identify(src/explore) by extension 'ignore_ament_install'
[0.275s] Level 1:colcon.colcon_core.package_identification:_identify(src/explore) by extensions ['colcon_pkg']
[0.275s] Level 1:colcon.colcon_core.package_identification:_identify(src/explore) by extension 'colcon_pkg'
[0.275s] Level 1:colcon.colcon_core.package_identification:_identify(src/explore) by extensions ['colcon_meta']
[0.275s] Level 1:colcon.colcon_core.package_identification:_identify(src/explore) by extension 'colcon_meta'
[0.275s] Level 1:colcon.colcon_core.package_identification:_identify(src/explore) by extensions ['ros']
[0.275s] Level 1:colcon.colcon_core.package_identification:_identify(src/explore) by extension 'ros'
[0.279s] DEBUG:colcon.colcon_core.package_identification:Package 'src/explore' with type 'ros.ament_cmake' and name 'explore_lite'
[0.279s] Level 1:colcon.colcon_core.package_identification:_identify(src/hardware_software) by extensions ['ignore', 'ignore_ament_install']
[0.279s] Level 1:colcon.colcon_core.package_identification:_identify(src/hardware_software) by extension 'ignore'
[0.279s] Level 1:colcon.colcon_core.package_identification:_identify(src/hardware_software) by extension 'ignore_ament_install'
[0.279s] Level 1:colcon.colcon_core.package_identification:_identify(src/hardware_software) by extensions ['colcon_pkg']
[0.279s] Level 1:colcon.colcon_core.package_identification:_identify(src/hardware_software) by extension 'colcon_pkg'
[0.279s] Level 1:colcon.colcon_core.package_identification:_identify(src/hardware_software) by extensions ['colcon_meta']
[0.279s] Level 1:colcon.colcon_core.package_identification:_identify(src/hardware_software) by extension 'colcon_meta'
[0.279s] Level 1:colcon.colcon_core.package_identification:_identify(src/hardware_software) by extensions ['ros']
[0.279s] Level 1:colcon.colcon_core.package_identification:_identify(src/hardware_software) by extension 'ros'
[0.280s] DEBUG:colcon.colcon_core.package_identification:Package 'src/hardware_software' with type 'ros.ament_python' and name 'hardware_software'
[0.281s] Level 1:colcon.colcon_core.package_identification:_identify(src/imu_reader) by extensions ['ignore', 'ignore_ament_install']
[0.281s] Level 1:colcon.colcon_core.package_identification:_identify(src/imu_reader) by extension 'ignore'
[0.281s] Level 1:colcon.colcon_core.package_identification:_identify(src/imu_reader) by extension 'ignore_ament_install'
[0.281s] Level 1:colcon.colcon_core.package_identification:_identify(src/imu_reader) by extensions ['colcon_pkg']
[0.281s] Level 1:colcon.colcon_core.package_identification:_identify(src/imu_reader) by extension 'colcon_pkg'
[0.281s] Level 1:colcon.colcon_core.package_identification:_identify(src/imu_reader) by extensions ['colcon_meta']
[0.281s] Level 1:colcon.colcon_core.package_identification:_identify(src/imu_reader) by extension 'colcon_meta'
[0.281s] Level 1:colcon.colcon_core.package_identification:_identify(src/imu_reader) by extensions ['ros']
[0.281s] Level 1:colcon.colcon_core.package_identification:_identify(src/imu_reader) by extension 'ros'
[0.282s] DEBUG:colcon.colcon_core.package_identification:Package 'src/imu_reader' with type 'ros.ament_python' and name 'imu_reader'
[0.282s] Level 1:colcon.colcon_core.package_identification:_identify(src/install) by extensions ['ignore', 'ignore_ament_install']
[0.282s] Level 1:colcon.colcon_core.package_identification:_identify(src/install) by extension 'ignore'
[0.282s] Level 1:colcon.colcon_core.package_identification:_identify(src/install) ignored
[0.282s] Level 1:colcon.colcon_core.package_identification:_identify(src/log) by extensions ['ignore', 'ignore_ament_install']
[0.282s] Level 1:colcon.colcon_core.package_identification:_identify(src/log) by extension 'ignore'
[0.282s] Level 1:colcon.colcon_core.package_identification:_identify(src/log) ignored
[0.282s] Level 1:colcon.colcon_core.package_identification:_identify(src/motor_controller) by extensions ['ignore', 'ignore_ament_install']
[0.282s] Level 1:colcon.colcon_core.package_identification:_identify(src/motor_controller) by extension 'ignore'
[0.282s] Level 1:colcon.colcon_core.package_identification:_identify(src/motor_controller) by extension 'ignore_ament_install'
[0.283s] Level 1:colcon.colcon_core.package_identification:_identify(src/motor_controller) by extensions ['colcon_pkg']
[0.283s] Level 1:colcon.colcon_core.package_identification:_identify(src/motor_controller) by extension 'colcon_pkg'
[0.283s] Level 1:colcon.colcon_core.package_identification:_identify(src/motor_controller) by extensions ['colcon_meta']
[0.283s] Level 1:colcon.colcon_core.package_identification:_identify(src/motor_controller) by extension 'colcon_meta'
[0.283s] Level 1:colcon.colcon_core.package_identification:_identify(src/motor_controller) by extensions ['ros']
[0.283s] Level 1:colcon.colcon_core.package_identification:_identify(src/motor_controller) by extension 'ros'
[0.283s] DEBUG:colcon.colcon_core.package_identification:Package 'src/motor_controller' with type 'ros.ament_python' and name 'motor_controller'
[0.284s] Level 1:colcon.colcon_core.package_identification:_identify(src/my_robot_control) by extensions ['ignore', 'ignore_ament_install']
[0.284s] Level 1:colcon.colcon_core.package_identification:_identify(src/my_robot_control) by extension 'ignore'
[0.284s] Level 1:colcon.colcon_core.package_identification:_identify(src/my_robot_control) by extension 'ignore_ament_install'
[0.284s] Level 1:colcon.colcon_core.package_identification:_identify(src/my_robot_control) by extensions ['colcon_pkg']
[0.284s] Level 1:colcon.colcon_core.package_identification:_identify(src/my_robot_control) by extension 'colcon_pkg'
[0.284s] Level 1:colcon.colcon_core.package_identification:_identify(src/my_robot_control) by extensions ['colcon_meta']
[0.284s] Level 1:colcon.colcon_core.package_identification:_identify(src/my_robot_control) by extension 'colcon_meta'
[0.284s] Level 1:colcon.colcon_core.package_identification:_identify(src/my_robot_control) by extensions ['ros']
[0.284s] Level 1:colcon.colcon_core.package_identification:_identify(src/my_robot_control) by extension 'ros'
[0.285s] DEBUG:colcon.colcon_core.package_identification:Package 'src/my_robot_control' with type 'ros.ament_cmake' and name 'my_robot_control'
[0.285s] Level 1:colcon.colcon_core.package_identification:_identify(src/ydlidar_ros2_driver) by extensions ['ignore', 'ignore_ament_install']
[0.285s] Level 1:colcon.colcon_core.package_identification:_identify(src/ydlidar_ros2_driver) by extension 'ignore'
[0.285s] Level 1:colcon.colcon_core.package_identification:_identify(src/ydlidar_ros2_driver) by extension 'ignore_ament_install'
[0.285s] Level 1:colcon.colcon_core.package_identification:_identify(src/ydlidar_ros2_driver) by extensions ['colcon_pkg']
[0.285s] Level 1:colcon.colcon_core.package_identification:_identify(src/ydlidar_ros2_driver) by extension 'colcon_pkg'
[0.285s] Level 1:colcon.colcon_core.package_identification:_identify(src/ydlidar_ros2_driver) by extensions ['colcon_meta']
[0.285s] Level 1:colcon.colcon_core.package_identification:_identify(src/ydlidar_ros2_driver) by extension 'colcon_meta'
[0.285s] Level 1:colcon.colcon_core.package_identification:_identify(src/ydlidar_ros2_driver) by extensions ['ros']
[0.285s] Level 1:colcon.colcon_core.package_identification:_identify(src/ydlidar_ros2_driver) by extension 'ros'
[0.286s] DEBUG:colcon.colcon_core.package_identification:Package 'src/ydlidar_ros2_driver' with type 'ros.ament_cmake' and name 'ydlidar_ros2_driver'
[0.286s] Level 1:colcon.colcon_core.package_discovery:discover_packages(recursive) using defaults
[0.286s] Level 1:colcon.colcon_core.package_discovery:discover_packages(ignore) discover
[0.286s] Level 1:colcon.colcon_core.package_discovery:discover_packages(ignore) using defaults
[0.286s] Level 1:colcon.colcon_core.package_discovery:discover_packages(path) discover
[0.286s] Level 1:colcon.colcon_core.package_discovery:discover_packages(path) using defaults
[0.311s] INFO:colcon.colcon_core.package_selection:Skipping not selected package 'explore_lite' in 'src/explore'
[0.311s] INFO:colcon.colcon_core.package_selection:Skipping not selected package 'hardware_software' in 'src/hardware_software'
[0.311s] INFO:colcon.colcon_core.package_selection:Skipping not selected package 'imu_reader' in 'src/imu_reader'
[0.311s] INFO:colcon.colcon_core.package_selection:Skipping not selected package 'my_robot_control' in 'src/my_robot_control'
[0.311s] INFO:colcon.colcon_core.package_selection:Skipping not selected package 'ydlidar_ros2_driver' in 'src/ydlidar_ros2_driver'
[0.311s] INFO:colcon.colcon_core.package_selection:Skipping not selected package 'ydlidar_sdk' in 'src/YDLidar-SDK'
[0.311s] Level 1:colcon.colcon_core.package_discovery:discover_packages(prefix_path) check parameters
[0.312s] Level 1:colcon.colcon_core.package_discovery:discover_packages(prefix_path) discover
[0.314s] DEBUG:colcon.colcon_installed_package_information.package_discovery:Found 6 installed packages in /home/fyp3/Desktop/ros2_swarm_mapping/robot/ros2ws/install
[0.316s] DEBUG:colcon.colcon_installed_package_information.package_discovery:Found 271 installed packages in /opt/ros/jazzy
[0.319s] Level 1:colcon.colcon_core.package_discovery:discover_packages(prefix_path) using defaults
[0.371s] Level 5:colcon.colcon_core.verb:set package 'motor_controller' build argument 'cmake_args' from command line to 'None'
[0.371s] Level 5:colcon.colcon_core.verb:set package 'motor_controller' build argument 'cmake_target' from command line to 'None'
[0.372s] Level 5:colcon.colcon_core.verb:set package 'motor_controller' build argument 'cmake_target_skip_unavailable' from command line to 'False'
[0.372s] Level 5:colcon.colcon_core.verb:set package 'motor_controller' build argument 'cmake_clean_cache' from command line to 'False'
[0.372s] Level 5:colcon.colcon_core.verb:set package 'motor_controller' build argument 'cmake_clean_first' from command line to 'False'
[0.372s] Level 5:colcon.colcon_core.verb:set package 'motor_controller' build argument 'cmake_force_configure' from command line to 'False'
[0.372s] Level 5:colcon.colcon_core.verb:set package 'motor_controller' build argument 'ament_cmake_args' from command line to 'None'
[0.372s] Level 5:colcon.colcon_core.verb:set package 'motor_controller' build argument 'catkin_cmake_args' from command line to 'None'
[0.372s] Level 5:colcon.colcon_core.verb:set package 'motor_controller' build argument 'catkin_skip_building_tests' from command line to 'False'
[0.372s] DEBUG:colcon.colcon_core.verb:Building package 'motor_controller' with the following arguments: {'ament_cmake_args': None, 'build_base': '/home/fyp3/Desktop/ros2_swarm_mapping/robot/ros2ws/build/motor_controller', 'catkin_cmake_args': None, 'catkin_skip_building_tests': False, 'cmake_args': None, 'cmake_clean_cache': False, 'cmake_clean_first': False, 'cmake_force_configure': False, 'cmake_target': None, 'cmake_target_skip_unavailable': False, 'install_base': '/home/fyp3/Desktop/ros2_swarm_mapping/robot/ros2ws/install/motor_controller', 'merge_install': False, 'path': '/home/fyp3/Desktop/ros2_swarm_mapping/robot/ros2ws/src/motor_controller', 'symlink_install': False, 'test_result_base': None}
[0.372s] INFO:colcon.colcon_core.executor:Executing jobs using 'parallel' executor
[0.373s] DEBUG:colcon.colcon_parallel_executor.executor.parallel:run_until_complete
[0.374s] INFO:colcon.colcon_ros.task.ament_python.build:Building ROS package in '/home/fyp3/Desktop/ros2_swarm_mapping/robot/ros2ws/src/motor_controller' with build type 'ament_python'
[0.374s] Level 1:colcon.colcon_core.shell:create_environment_hook('motor_controller', 'ament_prefix_path')
[0.376s] INFO:colcon.colcon_core.plugin_system:Skipping extension 'colcon_core.shell.bat': Not used on non-Windows systems
[0.376s] INFO:colcon.colcon_core.shell:Creating environment hook '/home/fyp3/Desktop/ros2_swarm_mapping/robot/ros2ws/install/motor_controller/share/motor_controller/hook/ament_prefix_path.ps1'
[0.377s] INFO:colcon.colcon_core.shell:Creating environment descriptor '/home/fyp3/Desktop/ros2_swarm_mapping/robot/ros2ws/install/motor_controller/share/motor_controller/hook/ament_prefix_path.dsv'
[0.378s] INFO:colcon.colcon_core.shell:Creating environment hook '/home/fyp3/Desktop/ros2_swarm_mapping/robot/ros2ws/install/motor_controller/share/motor_controller/hook/ament_prefix_path.sh'
[0.379s] INFO:colcon.colcon_core.shell:Skip shell extension 'powershell' for command environment: Not usable outside of PowerShell
[0.379s] DEBUG:colcon.colcon_core.shell:Skip shell extension 'dsv' for command environment
[0.685s] INFO:colcon.colcon_core.task.python.build:Building Python package in '/home/fyp3/Desktop/ros2_swarm_mapping/robot/ros2ws/src/motor_controller'
[0.686s] INFO:colcon.colcon_core.shell:Skip shell extension 'powershell' for command environment: Not usable outside of PowerShell
[0.686s] DEBUG:colcon.colcon_core.shell:Skip shell extension 'dsv' for command environment
[1.485s] DEBUG:colcon.colcon_core.event_handler.log_command:Invoking command in '/home/fyp3/Desktop/ros2_swarm_mapping/robot/ros2ws/src/motor_controller': DEBUGINFOD_URLS=https://debuginfod.ubuntu.com PYTHONPATH=/home/fyp3/Desktop/ros2_swarm_mapping/robot/ros2ws/build/motor_controller/prefix_override:/usr/lib/python3/dist-packages/colcon_core/task/python/colcon_distutils_commands:/home/fyp3/Desktop/ros2_swarm_mapping/robot/ros2ws/install/motor_controller/lib/python3.12/site-packages:${PYTHONPATH} /usr/bin/python3 -W ignore:setup.py install is deprecated -W ignore:easy_install command is deprecated setup.py egg_info --egg-base ../../build/motor_controller build --build-base /home/fyp3/Desktop/ros2_swarm_mapping/robot/ros2ws/build/motor_controller/build install --record /home/fyp3/Desktop/ros2_swarm_mapping/robot/ros2ws/build/motor_controller/install.log --single-version-externally-managed install_data
[2.195s] DEBUG:colcon.colcon_core.event_handler.log_command:Invoked command in '/home/fyp3/Desktop/ros2_swarm_mapping/robot/ros2ws/src/motor_controller' returned '0': DEBUGINFOD_URLS=https://debuginfod.ubuntu.com PYTHONPATH=/home/fyp3/Desktop/ros2_swarm_mapping/robot/ros2ws/build/motor_controller/prefix_override:/usr/lib/python3/dist-packages/colcon_core/task/python/colcon_distutils_commands:/home/fyp3/Desktop/ros2_swarm_mapping/robot/ros2ws/install/motor_controller/lib/python3.12/site-packages:${PYTHONPATH} /usr/bin/python3 -W ignore:setup.py install is deprecated -W ignore:easy_install command is deprecated setup.py egg_info --egg-base ../../build/motor_controller build --build-base /home/fyp3/Desktop/ros2_swarm_mapping/robot/ros2ws/build/motor_controller/build install --record /home/fyp3/Desktop/ros2_swarm_mapping/robot/ros2ws/build/motor_controller/install.log --single-version-externally-managed install_data
[2.198s] Level 1:colcon.colcon_core.environment:checking '/home/fyp3/Desktop/ros2_swarm_mapping/robot/ros2ws/install/motor_controller' for CMake module files
[2.199s] Level 1:colcon.colcon_core.environment:checking '/home/fyp3/Desktop/ros2_swarm_mapping/robot/ros2ws/install/motor_controller' for CMake config files
[2.200s] Level 1:colcon.colcon_core.environment:checking '/home/fyp3/Desktop/ros2_swarm_mapping/robot/ros2ws/install/motor_controller/lib'
[2.200s] Level 1:colcon.colcon_core.environment:checking '/home/fyp3/Desktop/ros2_swarm_mapping/robot/ros2ws/install/motor_controller/bin'
[2.200s] Level 1:colcon.colcon_core.environment:checking '/home/fyp3/Desktop/ros2_swarm_mapping/robot/ros2ws/install/motor_controller/lib/pkgconfig/motor_controller.pc'
[2.200s] Level 1:colcon.colcon_core.environment:checking '/home/fyp3/Desktop/ros2_swarm_mapping/robot/ros2ws/install/motor_controller/lib/python3.12/site-packages'
[2.200s] Level 1:colcon.colcon_core.shell:create_environment_hook('motor_controller', 'pythonpath')
[2.201s] INFO:colcon.colcon_core.shell:Creating environment hook '/home/fyp3/Desktop/ros2_swarm_mapping/robot/ros2ws/install/motor_controller/share/motor_controller/hook/pythonpath.ps1'
[2.201s] INFO:colcon.colcon_core.shell:Creating environment descriptor '/home/fyp3/Desktop/ros2_swarm_mapping/robot/ros2ws/install/motor_controller/share/motor_controller/hook/pythonpath.dsv'
[2.203s] INFO:colcon.colcon_core.shell:Creating environment hook '/home/fyp3/Desktop/ros2_swarm_mapping/robot/ros2ws/install/motor_controller/share/motor_controller/hook/pythonpath.sh'
[2.204s] Level 1:colcon.colcon_core.environment:checking '/home/fyp3/Desktop/ros2_swarm_mapping/robot/ros2ws/install/motor_controller/bin'
[2.204s] Level 1:colcon.colcon_core.environment:create_environment_scripts_only(motor_controller)
[2.204s] INFO:colcon.colcon_core.shell:Creating package script '/home/fyp3/Desktop/ros2_swarm_mapping/robot/ros2ws/install/motor_controller/share/motor_controller/package.ps1'
[2.205s] INFO:colcon.colcon_core.shell:Creating package descriptor '/home/fyp3/Desktop/ros2_swarm_mapping/robot/ros2ws/install/motor_controller/share/motor_controller/package.dsv'
[2.206s] INFO:colcon.colcon_core.shell:Creating package script '/home/fyp3/Desktop/ros2_swarm_mapping/robot/ros2ws/install/motor_controller/share/motor_controller/package.sh'
[2.207s] INFO:colcon.colcon_core.shell:Creating package script '/home/fyp3/Desktop/ros2_swarm_mapping/robot/ros2ws/install/motor_controller/share/motor_controller/package.bash'
[2.208s] INFO:colcon.colcon_core.shell:Creating package script '/home/fyp3/Desktop/ros2_swarm_mapping/robot/ros2ws/install/motor_controller/share/motor_controller/package.zsh'
[2.209s] Level 1:colcon.colcon_core.environment:create_file_with_runtime_dependencies(/home/fyp3/Desktop/ros2_swarm_mapping/robot/ros2ws/install/motor_controller/share/colcon-core/packages/motor_controller)
[2.210s] DEBUG:colcon.colcon_parallel_executor.executor.parallel:closing loop
[2.211s] DEBUG:colcon.colcon_parallel_executor.executor.parallel:loop closed
[2.211s] DEBUG:colcon.colcon_parallel_executor.executor.parallel:run_until_complete finished with '0'
[2.211s] DEBUG:colcon.colcon_core.event_reactor:joining thread
[2.218s] INFO:colcon.colcon_core.plugin_system:Skipping extension 'colcon_notification.desktop_notification.terminal_notifier': Not used on non-Darwin systems
[2.219s] INFO:colcon.colcon_core.plugin_system:Skipping extension 'colcon_notification.desktop_notification.win32': Not used on non-Windows systems
[2.219s] INFO:colcon.colcon_notification.desktop_notification:Sending desktop notification using 'notify2'
[2.220s] DEBUG:colcon.colcon_notification.desktop_notification.notify2:Failed to initialize notify2: org.freedesktop.DBus.Error.ServiceUnknown: The name org.freedesktop.Notifications was not provided by any .service files
[2.220s] DEBUG:colcon.colcon_core.event_reactor:joined thread
[2.221s] INFO:colcon.colcon_core.shell:Creating prefix script '/home/fyp3/Desktop/ros2_swarm_mapping/robot/ros2ws/install/local_setup.ps1'
[2.222s] INFO:colcon.colcon_core.shell:Creating prefix util module '/home/fyp3/Desktop/ros2_swarm_mapping/robot/ros2ws/install/_local_setup_util_ps1.py'
[2.223s] INFO:colcon.colcon_core.shell:Creating prefix chain script '/home/fyp3/Desktop/ros2_swarm_mapping/robot/ros2ws/install/setup.ps1'
[2.225s] INFO:colcon.colcon_core.shell:Creating prefix script '/home/fyp3/Desktop/ros2_swarm_mapping/robot/ros2ws/install/local_setup.sh'
[2.227s] INFO:colcon.colcon_core.shell:Creating prefix util module '/home/fyp3/Desktop/ros2_swarm_mapping/robot/ros2ws/install/_local_setup_util_sh.py'
[2.228s] INFO:colcon.colcon_core.shell:Creating prefix chain script '/home/fyp3/Desktop/ros2_swarm_mapping/robot/ros2ws/install/setup.sh'
[2.230s] INFO:colcon.colcon_core.shell:Creating prefix script '/home/fyp3/Desktop/ros2_swarm_mapping/robot/ros2ws/install/local_setup.bash'
[2.230s] INFO:colcon.colcon_core.shell:Creating prefix chain script '/home/fyp3/Desktop/ros2_swarm_mapping/robot/ros2ws/install/setup.bash'
[2.232s] INFO:colcon.colcon_core.shell:Creating prefix script '/home/fyp3/Desktop/ros2_swarm_mapping/robot/ros2ws/install/local_setup.zsh'
[2.232s] INFO:colcon.colcon_core.shell:Creating prefix chain script '/home/fyp3/Desktop/ros2_swarm_mapping/robot/ros2ws/install/setup.zsh'
