[1.640s] Invoking command in '/home/fyp/Desktop/robot/ros2ws/src/motor_controller': DEBUGINFOD_URLS=https://debuginfod.ubuntu.com PYTHONPATH=/home/fyp/Desktop/robot/ros2ws/build/motor_controller/prefix_override:/usr/lib/python3/dist-packages/colcon_core/task/python/colcon_distutils_commands:/home/fyp/Desktop/robot/ros2ws/install/motor_controller/lib/python3.12/site-packages:${PYTHONPATH} /usr/bin/python3 -W ignore:setup.py install is deprecated -W ignore:easy_install command is deprecated setup.py egg_info --egg-base ../../build/motor_controller build --build-base /home/fyp/Desktop/robot/ros2ws/build/motor_controller/build install --record /home/fyp/Desktop/robot/ros2ws/build/motor_controller/install.log --single-version-externally-managed install_data
[1.988s] running egg_info
[2.011s] writing ../../build/motor_controller/motor_controller.egg-info/PKG-INFO
[2.012s] writing dependency_links to ../../build/motor_controller/motor_controller.egg-info/dependency_links.txt
[2.014s] writing entry points to ../../build/motor_controller/motor_controller.egg-info/entry_points.txt
[2.015s] writing requirements to ../../build/motor_controller/motor_controller.egg-info/requires.txt
[2.016s] writing top-level names to ../../build/motor_controller/motor_controller.egg-info/top_level.txt
[2.066s] reading manifest file '../../build/motor_controller/motor_controller.egg-info/SOURCES.txt'
[2.068s] writing manifest file '../../build/motor_controller/motor_controller.egg-info/SOURCES.txt'
[2.068s] running build
[2.069s] running build_py
[2.069s] copying motor_controller/motor_driver.py -> /home/fyp/Desktop/robot/ros2ws/build/motor_controller/build/lib/motor_controller
[2.070s] copying motor_controller/wheel_encoder.py -> /home/fyp/Desktop/robot/ros2ws/build/motor_controller/build/lib/motor_controller
[2.070s] running install
[2.079s] running install_lib
[2.102s] copying /home/fyp/Desktop/robot/ros2ws/build/motor_controller/build/lib/motor_controller/motor_driver.py -> /home/fyp/Desktop/robot/ros2ws/install/motor_controller/lib/python3.12/site-packages/motor_controller
[2.103s] copying /home/fyp/Desktop/robot/ros2ws/build/motor_controller/build/lib/motor_controller/wheel_encoder.py -> /home/fyp/Desktop/robot/ros2ws/install/motor_controller/lib/python3.12/site-packages/motor_controller
[2.103s] byte-compiling /home/fyp/Desktop/robot/ros2ws/install/motor_controller/lib/python3.12/site-packages/motor_controller/motor_driver.py to motor_driver.cpython-312.pyc
[2.107s] byte-compiling /home/fyp/Desktop/robot/ros2ws/install/motor_controller/lib/python3.12/site-packages/motor_controller/wheel_encoder.py to wheel_encoder.cpython-312.pyc
[2.108s] running install_data
[2.108s] running install_egg_info
[2.135s] removing '/home/fyp/Desktop/robot/ros2ws/install/motor_controller/lib/python3.12/site-packages/motor_controller-0.0.0-py3.12.egg-info' (and everything under it)
[2.135s] Copying ../../build/motor_controller/motor_controller.egg-info to /home/fyp/Desktop/robot/ros2ws/install/motor_controller/lib/python3.12/site-packages/motor_controller-0.0.0-py3.12.egg-info
[2.137s] running install_scripts
[2.304s] Installing motor_driver script to /home/fyp/Desktop/robot/ros2ws/install/motor_controller/lib/motor_controller
[2.304s] Installing wheel_encoder script to /home/fyp/Desktop/robot/ros2ws/install/motor_controller/lib/motor_controller
[2.306s] writing list of installed files to '/home/fyp/Desktop/robot/ros2ws/build/motor_controller/install.log'
[2.381s] Invoked command in '/home/fyp/Desktop/robot/ros2ws/src/motor_controller' returned '0': DEBUGINFOD_URLS=https://debuginfod.ubuntu.com PYTHONPATH=/home/fyp/Desktop/robot/ros2ws/build/motor_controller/prefix_override:/usr/lib/python3/dist-packages/colcon_core/task/python/colcon_distutils_commands:/home/fyp/Desktop/robot/ros2ws/install/motor_controller/lib/python3.12/site-packages:${PYTHONPATH} /usr/bin/python3 -W ignore:setup.py install is deprecated -W ignore:easy_install command is deprecated setup.py egg_info --egg-base ../../build/motor_controller build --build-base /home/fyp/Desktop/robot/ros2ws/build/motor_controller/build install --record /home/fyp/Desktop/robot/ros2ws/build/motor_controller/install.log --single-version-externally-managed install_data
