[2.338s] Invoking command in '/home/fyp/Desktop/robot/ros2ws/src/hardware_software': DEBUGINFOD_URLS=https://debuginfod.ubuntu.com PYTHONPATH=/home/fyp/Desktop/robot/ros2ws/build/hardware_software/prefix_override:/usr/lib/python3/dist-packages/colcon_core/task/python/colcon_distutils_commands:/home/fyp/Desktop/robot/ros2ws/install/hardware_software/lib/python3.12/site-packages:${PYTHONPATH} /usr/bin/python3 -W ignore:setup.py install is deprecated -W ignore:easy_install command is deprecated setup.py egg_info --egg-base ../../build/hardware_software build --build-base /home/fyp/Desktop/robot/ros2ws/build/hardware_software/build install --record /home/fyp/Desktop/robot/ros2ws/build/hardware_software/install.log --single-version-externally-managed install_data
[2.746s] running egg_info
[2.774s] writing ../../build/hardware_software/hardware_software.egg-info/PKG-INFO
[2.774s] writing dependency_links to ../../build/hardware_software/hardware_software.egg-info/dependency_links.txt
[2.776s] writing requirements to ../../build/hardware_software/hardware_software.egg-info/requires.txt
[2.777s] writing top-level names to ../../build/hardware_software/hardware_software.egg-info/top_level.txt
[2.832s] reading manifest file '../../build/hardware_software/hardware_software.egg-info/SOURCES.txt'
[2.833s] writing manifest file '../../build/hardware_software/hardware_software.egg-info/SOURCES.txt'
[2.834s] running build
[2.835s] running build_py
[2.835s] running install
[2.844s] running install_lib
[2.872s] running install_data
[2.872s] copying launch/slam.launch.py -> /home/fyp/Desktop/robot/ros2ws/install/hardware_software/share/hardware_software/launch/
[2.872s] creating /home/fyp/Desktop/robot/ros2ws/install/hardware_software/share/hardware_software/rviz
[2.872s] copying rviz/basic.rviz -> /home/fyp/Desktop/robot/ros2ws/install/hardware_software/share/hardware_software/rviz/
[2.877s] running install_egg_info
[2.904s] removing '/home/fyp/Desktop/robot/ros2ws/install/hardware_software/lib/python3.12/site-packages/hardware_software-0.0.0-py3.12.egg-info' (and everything under it)
[2.906s] Copying ../../build/hardware_software/hardware_software.egg-info to /home/fyp/Desktop/robot/ros2ws/install/hardware_software/lib/python3.12/site-packages/hardware_software-0.0.0-py3.12.egg-info
[2.906s] running install_scripts
[3.121s] writing list of installed files to '/home/fyp/Desktop/robot/ros2ws/build/hardware_software/install.log'
[3.275s] Invoked command in '/home/fyp/Desktop/robot/ros2ws/src/hardware_software' returned '0': DEBUGINFOD_URLS=https://debuginfod.ubuntu.com PYTHONPATH=/home/fyp/Desktop/robot/ros2ws/build/hardware_software/prefix_override:/usr/lib/python3/dist-packages/colcon_core/task/python/colcon_distutils_commands:/home/fyp/Desktop/robot/ros2ws/install/hardware_software/lib/python3.12/site-packages:${PYTHONPATH} /usr/bin/python3 -W ignore:setup.py install is deprecated -W ignore:easy_install command is deprecated setup.py egg_info --egg-base ../../build/hardware_software build --build-base /home/fyp/Desktop/robot/ros2ws/build/hardware_software/build install --record /home/fyp/Desktop/robot/ros2ws/build/hardware_software/install.log --single-version-externally-managed install_data
