[0.042s] Invoking command in '/home/fyp/Desktop/robot/ros2ws/build/my_robot_control': CMAKE_PREFIX_PATH=${CMAKE_PREFIX_PATH}:/home/fyp/Desktop/robot/ros2ws/install/motor_controller:/home/fyp/Desktop/robot/ros2ws/install/imu_reader:/home/fyp/Desktop/robot/ros2ws/install/hardware_software:/opt/ros/jazzy DEBUGINFOD_URLS=https://debuginfod.ubuntu.com /usr/bin/cmake --build /home/fyp/Desktop/robot/ros2ws/build/my_robot_control -- -j4 -l4
[0.221s] [100%] Built target my_robot_control
[0.261s] Invoked command in '/home/fyp/Desktop/robot/ros2ws/build/my_robot_control' returned '0': CMAKE_PREFIX_PATH=${CMAKE_PREFIX_PATH}:/home/fyp/Desktop/robot/ros2ws/install/motor_controller:/home/fyp/Desktop/robot/ros2ws/install/imu_reader:/home/fyp/Desktop/robot/ros2ws/install/hardware_software:/opt/ros/jazzy DEBUGINFOD_URLS=https://debuginfod.ubuntu.com /usr/bin/cmake --build /home/fyp/Desktop/robot/ros2ws/build/my_robot_control -- -j4 -l4
[0.264s] Invoking command in '/home/fyp/Desktop/robot/ros2ws/build/my_robot_control': CMAKE_PREFIX_PATH=${CMAKE_PREFIX_PATH}:/home/fyp/Desktop/robot/ros2ws/install/motor_controller:/home/fyp/Desktop/robot/ros2ws/install/imu_reader:/home/fyp/Desktop/robot/ros2ws/install/hardware_software:/opt/ros/jazzy DEBUGINFOD_URLS=https://debuginfod.ubuntu.com /usr/bin/cmake --install /home/fyp/Desktop/robot/ros2ws/build/my_robot_control
[0.284s] -- Install configuration: ""
[0.285s] -- Up-to-date: /home/fyp/Desktop/robot/ros2ws/install/my_robot_control/share/my_robot_control//launch
[0.286s] -- Up-to-date: /home/fyp/Desktop/robot/ros2ws/install/my_robot_control/share/my_robot_control//launch/rplidar.launch.py
[0.287s] -- Up-to-date: /home/fyp/Desktop/robot/ros2ws/install/my_robot_control/share/my_robot_control//launch/wheel_control.launch.py
[0.288s] -- Up-to-date: /home/fyp/Desktop/robot/ros2ws/install/my_robot_control/share/my_robot_control//config
[0.288s] -- Up-to-date: /home/fyp/Desktop/robot/ros2ws/install/my_robot_control/share/my_robot_control//config/diffbot_controller.yaml
[0.291s] -- Up-to-date: /home/fyp/Desktop/robot/ros2ws/install/my_robot_control/share/my_robot_control//ros2_control
[0.291s] -- Up-to-date: /home/fyp/Desktop/robot/ros2ws/install/my_robot_control/share/my_robot_control//ros2_control/diffbot.ros2_control.xacro
[0.291s] -- Up-to-date: /home/fyp/Desktop/robot/ros2ws/install/my_robot_control/share/my_robot_control//urdf
[0.291s] -- Up-to-date: /home/fyp/Desktop/robot/ros2ws/install/my_robot_control/share/my_robot_control//urdf/diffbot.materials.xacro
[0.291s] -- Up-to-date: /home/fyp/Desktop/robot/ros2ws/install/my_robot_control/share/my_robot_control//urdf/diffbot_description.urdf.xacro
[0.291s] -- Up-to-date: /home/fyp/Desktop/robot/ros2ws/install/my_robot_control/share/my_robot_control//urdf/diffbot.urdf.xacro
[0.292s] -- Up-to-date: /home/fyp/Desktop/robot/ros2ws/install/my_robot_control/include/
[0.294s] -- Up-to-date: /home/fyp/Desktop/robot/ros2ws/install/my_robot_control/include//my_robot_control
[0.294s] -- Up-to-date: /home/fyp/Desktop/robot/ros2ws/install/my_robot_control/include//my_robot_control/diffbot_system.hpp
[0.295s] -- Up-to-date: /home/fyp/Desktop/robot/ros2ws/install/my_robot_control/include//my_robot_control/motor_driver.hpp
[0.297s] -- Up-to-date: /home/fyp/Desktop/robot/ros2ws/install/my_robot_control/lib/libmy_robot_control.so
[0.299s] -- Up-to-date: /home/fyp/Desktop/robot/ros2ws/install/my_robot_control/share/my_robot_control/ros2_control_hardware.xml
[0.300s] -- Up-to-date: /home/fyp/Desktop/robot/ros2ws/install/my_robot_control/share/ament_index/resource_index/package_run_dependencies/my_robot_control
[0.301s] -- Up-to-date: /home/fyp/Desktop/robot/ros2ws/install/my_robot_control/share/ament_index/resource_index/parent_prefix_path/my_robot_control
[0.301s] -- Up-to-date: /home/fyp/Desktop/robot/ros2ws/install/my_robot_control/share/my_robot_control/environment/ament_prefix_path.sh
[0.303s] -- Up-to-date: /home/fyp/Desktop/robot/ros2ws/install/my_robot_control/share/my_robot_control/environment/ament_prefix_path.dsv
[0.303s] -- Up-to-date: /home/fyp/Desktop/robot/ros2ws/install/my_robot_control/share/my_robot_control/environment/path.sh
[0.304s] -- Up-to-date: /home/fyp/Desktop/robot/ros2ws/install/my_robot_control/share/my_robot_control/environment/path.dsv
[0.304s] -- Up-to-date: /home/fyp/Desktop/robot/ros2ws/install/my_robot_control/share/my_robot_control/local_setup.bash
[0.305s] -- Up-to-date: /home/fyp/Desktop/robot/ros2ws/install/my_robot_control/share/my_robot_control/local_setup.sh
[0.306s] -- Up-to-date: /home/fyp/Desktop/robot/ros2ws/install/my_robot_control/share/my_robot_control/local_setup.zsh
[0.307s] -- Up-to-date: /home/fyp/Desktop/robot/ros2ws/install/my_robot_control/share/my_robot_control/local_setup.dsv
[0.308s] -- Installing: /home/fyp/Desktop/robot/ros2ws/install/my_robot_control/share/my_robot_control/package.dsv
[0.310s] -- Up-to-date: /home/fyp/Desktop/robot/ros2ws/install/my_robot_control/share/ament_index/resource_index/packages/my_robot_control
[0.311s] -- Up-to-date: /home/fyp/Desktop/robot/ros2ws/install/my_robot_control/share/ament_index/resource_index/hardware_interface__pluginlib__plugin/my_robot_control
[0.312s] -- Up-to-date: /home/fyp/Desktop/robot/ros2ws/install/my_robot_control/share/my_robot_control/cmake/my_robot_controlConfig.cmake
[0.312s] -- Up-to-date: /home/fyp/Desktop/robot/ros2ws/install/my_robot_control/share/my_robot_control/cmake/my_robot_controlConfig-version.cmake
[0.313s] -- Up-to-date: /home/fyp/Desktop/robot/ros2ws/install/my_robot_control/share/my_robot_control/package.xml
[0.322s] Invoked command in '/home/fyp/Desktop/robot/ros2ws/build/my_robot_control' returned '0': CMAKE_PREFIX_PATH=${CMAKE_PREFIX_PATH}:/home/fyp/Desktop/robot/ros2ws/install/motor_controller:/home/fyp/Desktop/robot/ros2ws/install/imu_reader:/home/fyp/Desktop/robot/ros2ws/install/hardware_software:/opt/ros/jazzy DEBUGINFOD_URLS=https://debuginfod.ubuntu.com /usr/bin/cmake --install /home/fyp/Desktop/robot/ros2ws/build/my_robot_control
