[2.694s] Invoking command in '/home/fyp3/Desktop/ros2_swarm_mapping/robot/ros2ws/src/motor_controller': DEBUGINFOD_URLS=https://debuginfod.ubuntu.com PYTHONPATH=/home/fyp3/Desktop/ros2_swarm_mapping/robot/ros2ws/build/motor_controller/prefix_override:/usr/lib/python3/dist-packages/colcon_core/task/python/colcon_distutils_commands:/home/fyp3/Desktop/ros2_swarm_mapping/robot/ros2ws/install/motor_controller/lib/python3.12/site-packages:${PYTHONPATH} /usr/bin/python3 -W ignore:setup.py install is deprecated -W ignore:easy_install command is deprecated setup.py egg_info --egg-base ../../build/motor_controller build --build-base /home/fyp3/Desktop/ros2_swarm_mapping/robot/ros2ws/build/motor_controller/build install --record /home/fyp3/Desktop/ros2_swarm_mapping/robot/ros2ws/build/motor_controller/install.log --single-version-externally-managed install_data
[3.126s] running egg_info
[3.127s] creating ../../build/motor_controller/motor_controller.egg-info
[3.154s] writing ../../build/motor_controller/motor_controller.egg-info/PKG-INFO
[3.156s] writing dependency_links to ../../build/motor_controller/motor_controller.egg-info/dependency_links.txt
[3.157s] writing entry points to ../../build/motor_controller/motor_controller.egg-info/entry_points.txt
[3.157s] writing requirements to ../../build/motor_controller/motor_controller.egg-info/requires.txt
[3.157s] writing top-level names to ../../build/motor_controller/motor_controller.egg-info/top_level.txt
[3.157s] writing manifest file '../../build/motor_controller/motor_controller.egg-info/SOURCES.txt'
[3.213s] reading manifest file '../../build/motor_controller/motor_controller.egg-info/SOURCES.txt'
[3.215s] writing manifest file '../../build/motor_controller/motor_controller.egg-info/SOURCES.txt'
[3.216s] running build
[3.217s] running build_py
[3.217s] creating /home/fyp3/Desktop/ros2_swarm_mapping/robot/ros2ws/build/motor_controller/build
[3.218s] creating /home/fyp3/Desktop/ros2_swarm_mapping/robot/ros2ws/build/motor_controller/build/lib
[3.218s] creating /home/fyp3/Desktop/ros2_swarm_mapping/robot/ros2ws/build/motor_controller/build/lib/motor_controller
[3.218s] copying motor_controller/motor_driver.py -> /home/fyp3/Desktop/ros2_swarm_mapping/robot/ros2ws/build/motor_controller/build/lib/motor_controller
[3.218s] copying motor_controller/__init__.py -> /home/fyp3/Desktop/ros2_swarm_mapping/robot/ros2ws/build/motor_controller/build/lib/motor_controller
[3.218s] copying motor_controller/wheel_encoder.py -> /home/fyp3/Desktop/ros2_swarm_mapping/robot/ros2ws/build/motor_controller/build/lib/motor_controller
[3.219s] running install
[3.228s] running install_lib
[3.256s] creating /home/fyp3/Desktop/ros2_swarm_mapping/robot/ros2ws/install/motor_controller/lib/python3.12/site-packages/motor_controller
[3.256s] copying /home/fyp3/Desktop/ros2_swarm_mapping/robot/ros2ws/build/motor_controller/build/lib/motor_controller/motor_driver.py -> /home/fyp3/Desktop/ros2_swarm_mapping/robot/ros2ws/install/motor_controller/lib/python3.12/site-packages/motor_controller
[3.257s] copying /home/fyp3/Desktop/ros2_swarm_mapping/robot/ros2ws/build/motor_controller/build/lib/motor_controller/__init__.py -> /home/fyp3/Desktop/ros2_swarm_mapping/robot/ros2ws/install/motor_controller/lib/python3.12/site-packages/motor_controller
[3.257s] copying /home/fyp3/Desktop/ros2_swarm_mapping/robot/ros2ws/build/motor_controller/build/lib/motor_controller/wheel_encoder.py -> /home/fyp3/Desktop/ros2_swarm_mapping/robot/ros2ws/install/motor_controller/lib/python3.12/site-packages/motor_controller
[3.258s] byte-compiling /home/fyp3/Desktop/ros2_swarm_mapping/robot/ros2ws/install/motor_controller/lib/python3.12/site-packages/motor_controller/motor_driver.py to motor_driver.cpython-312.pyc
[3.260s] byte-compiling /home/fyp3/Desktop/ros2_swarm_mapping/robot/ros2ws/install/motor_controller/lib/python3.12/site-packages/motor_controller/__init__.py to __init__.cpython-312.pyc
[3.260s] byte-compiling /home/fyp3/Desktop/ros2_swarm_mapping/robot/ros2ws/install/motor_controller/lib/python3.12/site-packages/motor_controller/wheel_encoder.py to wheel_encoder.cpython-312.pyc
[3.263s] running install_data
[3.264s] creating /home/fyp3/Desktop/ros2_swarm_mapping/robot/ros2ws/install/motor_controller/share/ament_index
[3.265s] creating /home/fyp3/Desktop/ros2_swarm_mapping/robot/ros2ws/install/motor_controller/share/ament_index/resource_index
[3.265s] creating /home/fyp3/Desktop/ros2_swarm_mapping/robot/ros2ws/install/motor_controller/share/ament_index/resource_index/packages
[3.265s] copying resource/motor_controller -> /home/fyp3/Desktop/ros2_swarm_mapping/robot/ros2ws/install/motor_controller/share/ament_index/resource_index/packages
[3.265s] copying package.xml -> /home/fyp3/Desktop/ros2_swarm_mapping/robot/ros2ws/install/motor_controller/share/motor_controller
[3.265s] running install_egg_info
[3.294s] Copying ../../build/motor_controller/motor_controller.egg-info to /home/fyp3/Desktop/ros2_swarm_mapping/robot/ros2ws/install/motor_controller/lib/python3.12/site-packages/motor_controller-0.0.0-py3.12.egg-info
[3.295s] running install_scripts
[3.525s] Installing motor_driver script to /home/fyp3/Desktop/ros2_swarm_mapping/robot/ros2ws/install/motor_controller/lib/motor_controller
[3.525s] Installing wheel_encoder script to /home/fyp3/Desktop/ros2_swarm_mapping/robot/ros2ws/install/motor_controller/lib/motor_controller
[3.527s] writing list of installed files to '/home/fyp3/Desktop/ros2_swarm_mapping/robot/ros2ws/build/motor_controller/install.log'
[3.687s] Invoked command in '/home/fyp3/Desktop/ros2_swarm_mapping/robot/ros2ws/src/motor_controller' returned '0': DEBUGINFOD_URLS=https://debuginfod.ubuntu.com PYTHONPATH=/home/fyp3/Desktop/ros2_swarm_mapping/robot/ros2ws/build/motor_controller/prefix_override:/usr/lib/python3/dist-packages/colcon_core/task/python/colcon_distutils_commands:/home/fyp3/Desktop/ros2_swarm_mapping/robot/ros2ws/install/motor_controller/lib/python3.12/site-packages:${PYTHONPATH} /usr/bin/python3 -W ignore:setup.py install is deprecated -W ignore:easy_install command is deprecated setup.py egg_info --egg-base ../../build/motor_controller build --build-base /home/fyp3/Desktop/ros2_swarm_mapping/robot/ros2ws/build/motor_controller/build install --record /home/fyp3/Desktop/ros2_swarm_mapping/robot/ros2ws/build/motor_controller/install.log --single-version-externally-managed install_data
