[0.144s] DEBUG:colcon:Command line arguments: ['/usr/bin/colcon', 'build', '--packages-select', 'hardware_software']
[0.144s] DEBUG:colcon:Parsed command line arguments: Namespace(log_base=None, log_level=None, verb_name='build', build_base='build', install_base='install', merge_install=False, symlink_install=False, test_result_base=None, continue_on_error=False, executor='parallel', parallel_workers=4, event_handlers=None, ignore_user_meta=False, metas=['./colcon.meta'], base_paths=['.'], packages_ignore=None, packages_ignore_regex=None, paths=None, packages_up_to=None, packages_up_to_regex=None, packages_above=None, packages_above_and_dependencies=None, packages_above_depth=None, packages_select_by_dep=None, packages_skip_by_dep=None, packages_skip_up_to=None, packages_select_build_failed=False, packages_skip_build_finished=False, packages_select_test_failures=False, packages_skip_test_passed=False, packages_select=['hardware_software'], packages_skip=None, packages_select_regex=None, packages_skip_regex=None, packages_start=None, packages_end=None, allow_overriding=[], cmake_args=None, cmake_target=None, cmake_target_skip_unavailable=False, cmake_clean_cache=False, cmake_clean_first=False, cmake_force_configure=False, ament_cmake_args=None, catkin_cmake_args=None, catkin_skip_building_tests=False, mixin_files=None, mixin=None, verb_parser=<colcon_mixin.mixin.mixin_argument.MixinArgumentDecorator object at 0xffffa6533b60>, verb_extension=<colcon_core.verb.build.BuildVerb object at 0xffffa66d5040>, main=<bound method BuildVerb.main of <colcon_core.verb.build.BuildVerb object at 0xffffa66d5040>>, mixin_verb=('build',))
[0.200s] Level 1:colcon.colcon_core.package_discovery:discover_packages(colcon_meta) check parameters
[0.200s] Level 1:colcon.colcon_core.package_discovery:discover_packages(recursive) check parameters
[0.200s] Level 1:colcon.colcon_core.package_discovery:discover_packages(ignore) check parameters
[0.200s] Level 1:colcon.colcon_core.package_discovery:discover_packages(path) check parameters
[0.200s] Level 1:colcon.colcon_core.package_discovery:discover_packages(colcon_meta) discover
[0.201s] Level 1:colcon.colcon_core.package_discovery:discover_packages(recursive) discover
[0.201s] INFO:colcon.colcon_core.package_discovery:Crawling recursively for packages in '/home/fyp/Desktop/swarm_repo/robot/ros2ws/src'
[0.201s] Level 1:colcon.colcon_core.package_identification:_identify(.) by extensions ['ignore', 'ignore_ament_install']
[0.201s] Level 1:colcon.colcon_core.package_identification:_identify(.) by extension 'ignore'
[0.201s] Level 1:colcon.colcon_core.package_identification:_identify(.) by extension 'ignore_ament_install'
[0.201s] Level 1:colcon.colcon_core.package_identification:_identify(.) by extensions ['colcon_pkg']
[0.201s] Level 1:colcon.colcon_core.package_identification:_identify(.) by extension 'colcon_pkg'
[0.201s] Level 1:colcon.colcon_core.package_identification:_identify(.) by extensions ['colcon_meta']
[0.201s] Level 1:colcon.colcon_core.package_identification:_identify(.) by extension 'colcon_meta'
[0.201s] Level 1:colcon.colcon_core.package_identification:_identify(.) by extensions ['ros']
[0.201s] Level 1:colcon.colcon_core.package_identification:_identify(.) by extension 'ros'
[0.239s] Level 1:colcon.colcon_core.package_identification:_identify(.) by extensions ['cmake', 'python']
[0.239s] Level 1:colcon.colcon_core.package_identification:_identify(.) by extension 'cmake'
[0.239s] Level 1:colcon.colcon_core.package_identification:_identify(.) by extension 'python'
[0.240s] Level 1:colcon.colcon_core.package_identification:_identify(.) by extensions ['python_setup_py']
[0.240s] Level 1:colcon.colcon_core.package_identification:_identify(.) by extension 'python_setup_py'
[0.240s] Level 1:colcon.colcon_core.package_identification:_identify(YDLidar-SDK) by extensions ['ignore', 'ignore_ament_install']
[0.240s] Level 1:colcon.colcon_core.package_identification:_identify(YDLidar-SDK) by extension 'ignore'
[0.240s] Level 1:colcon.colcon_core.package_identification:_identify(YDLidar-SDK) by extension 'ignore_ament_install'
[0.240s] Level 1:colcon.colcon_core.package_identification:_identify(YDLidar-SDK) by extensions ['colcon_pkg']
[0.240s] Level 1:colcon.colcon_core.package_identification:_identify(YDLidar-SDK) by extension 'colcon_pkg'
[0.240s] Level 1:colcon.colcon_core.package_identification:_identify(YDLidar-SDK) by extensions ['colcon_meta']
[0.240s] Level 1:colcon.colcon_core.package_identification:_identify(YDLidar-SDK) by extension 'colcon_meta'
[0.240s] Level 1:colcon.colcon_core.package_identification:_identify(YDLidar-SDK) by extensions ['ros']
[0.240s] Level 1:colcon.colcon_core.package_identification:_identify(YDLidar-SDK) by extension 'ros'
[0.240s] Level 1:colcon.colcon_core.package_identification:_identify(YDLidar-SDK) by extensions ['cmake', 'python']
[0.240s] Level 1:colcon.colcon_core.package_identification:_identify(YDLidar-SDK) by extension 'cmake'
[0.240s] Level 1:colcon.colcon_core.package_identification:_identify(YDLidar-SDK) by extension 'python'
[0.240s] Level 1:colcon.colcon_core.package_identification:_identify(YDLidar-SDK) by extensions ['python_setup_py']
[0.240s] Level 1:colcon.colcon_core.package_identification:_identify(YDLidar-SDK) by extension 'python_setup_py'
[0.241s] Level 1:colcon.colcon_core.package_identification:_identify(build) by extensions ['ignore', 'ignore_ament_install']
[0.241s] Level 1:colcon.colcon_core.package_identification:_identify(build) by extension 'ignore'
[0.241s] Level 1:colcon.colcon_core.package_identification:_identify(build) ignored
[0.241s] Level 1:colcon.colcon_core.package_identification:_identify(explore) by extensions ['ignore', 'ignore_ament_install']
[0.241s] Level 1:colcon.colcon_core.package_identification:_identify(explore) by extension 'ignore'
[0.241s] Level 1:colcon.colcon_core.package_identification:_identify(explore) by extension 'ignore_ament_install'
[0.241s] Level 1:colcon.colcon_core.package_identification:_identify(explore) by extensions ['colcon_pkg']
[0.241s] Level 1:colcon.colcon_core.package_identification:_identify(explore) by extension 'colcon_pkg'
[0.241s] Level 1:colcon.colcon_core.package_identification:_identify(explore) by extensions ['colcon_meta']
[0.241s] Level 1:colcon.colcon_core.package_identification:_identify(explore) by extension 'colcon_meta'
[0.241s] Level 1:colcon.colcon_core.package_identification:_identify(explore) by extensions ['ros']
[0.241s] Level 1:colcon.colcon_core.package_identification:_identify(explore) by extension 'ros'
[0.245s] DEBUG:colcon.colcon_core.package_identification:Package 'explore' with type 'ros.ament_cmake' and name 'explore_lite'
[0.245s] Level 1:colcon.colcon_core.package_identification:_identify(hardware_software) by extensions ['ignore', 'ignore_ament_install']
[0.245s] Level 1:colcon.colcon_core.package_identification:_identify(hardware_software) by extension 'ignore'
[0.246s] Level 1:colcon.colcon_core.package_identification:_identify(hardware_software) by extension 'ignore_ament_install'
[0.246s] Level 1:colcon.colcon_core.package_identification:_identify(hardware_software) by extensions ['colcon_pkg']
[0.246s] Level 1:colcon.colcon_core.package_identification:_identify(hardware_software) by extension 'colcon_pkg'
[0.246s] Level 1:colcon.colcon_core.package_identification:_identify(hardware_software) by extensions ['colcon_meta']
[0.246s] Level 1:colcon.colcon_core.package_identification:_identify(hardware_software) by extension 'colcon_meta'
[0.246s] Level 1:colcon.colcon_core.package_identification:_identify(hardware_software) by extensions ['ros']
[0.246s] Level 1:colcon.colcon_core.package_identification:_identify(hardware_software) by extension 'ros'
[0.247s] DEBUG:colcon.colcon_core.package_identification:Package 'hardware_software' with type 'ros.ament_python' and name 'hardware_software'
[0.247s] Level 1:colcon.colcon_core.package_identification:_identify(imu_reader) by extensions ['ignore', 'ignore_ament_install']
[0.247s] Level 1:colcon.colcon_core.package_identification:_identify(imu_reader) by extension 'ignore'
[0.247s] Level 1:colcon.colcon_core.package_identification:_identify(imu_reader) by extension 'ignore_ament_install'
[0.247s] Level 1:colcon.colcon_core.package_identification:_identify(imu_reader) by extensions ['colcon_pkg']
[0.247s] Level 1:colcon.colcon_core.package_identification:_identify(imu_reader) by extension 'colcon_pkg'
[0.247s] Level 1:colcon.colcon_core.package_identification:_identify(imu_reader) by extensions ['colcon_meta']
[0.247s] Level 1:colcon.colcon_core.package_identification:_identify(imu_reader) by extension 'colcon_meta'
[0.247s] Level 1:colcon.colcon_core.package_identification:_identify(imu_reader) by extensions ['ros']
[0.247s] Level 1:colcon.colcon_core.package_identification:_identify(imu_reader) by extension 'ros'
[0.248s] DEBUG:colcon.colcon_core.package_identification:Package 'imu_reader' with type 'ros.ament_python' and name 'imu_reader'
[0.248s] Level 1:colcon.colcon_core.package_identification:_identify(install) by extensions ['ignore', 'ignore_ament_install']
[0.248s] Level 1:colcon.colcon_core.package_identification:_identify(install) by extension 'ignore'
[0.248s] Level 1:colcon.colcon_core.package_identification:_identify(install) ignored
[0.248s] Level 1:colcon.colcon_core.package_identification:_identify(log) by extensions ['ignore', 'ignore_ament_install']
[0.249s] Level 1:colcon.colcon_core.package_identification:_identify(log) by extension 'ignore'
[0.249s] Level 1:colcon.colcon_core.package_identification:_identify(log) ignored
[0.249s] Level 1:colcon.colcon_core.package_identification:_identify(motor_controller) by extensions ['ignore', 'ignore_ament_install']
[0.249s] Level 1:colcon.colcon_core.package_identification:_identify(motor_controller) by extension 'ignore'
[0.249s] Level 1:colcon.colcon_core.package_identification:_identify(motor_controller) by extension 'ignore_ament_install'
[0.249s] Level 1:colcon.colcon_core.package_identification:_identify(motor_controller) by extensions ['colcon_pkg']
[0.249s] Level 1:colcon.colcon_core.package_identification:_identify(motor_controller) by extension 'colcon_pkg'
[0.249s] Level 1:colcon.colcon_core.package_identification:_identify(motor_controller) by extensions ['colcon_meta']
[0.249s] Level 1:colcon.colcon_core.package_identification:_identify(motor_controller) by extension 'colcon_meta'
[0.249s] Level 1:colcon.colcon_core.package_identification:_identify(motor_controller) by extensions ['ros']
[0.249s] Level 1:colcon.colcon_core.package_identification:_identify(motor_controller) by extension 'ros'
[0.250s] DEBUG:colcon.colcon_core.package_identification:Package 'motor_controller' with type 'ros.ament_python' and name 'motor_controller'
[0.250s] Level 1:colcon.colcon_core.package_identification:_identify(my_robot_control) by extensions ['ignore', 'ignore_ament_install']
[0.250s] Level 1:colcon.colcon_core.package_identification:_identify(my_robot_control) by extension 'ignore'
[0.250s] Level 1:colcon.colcon_core.package_identification:_identify(my_robot_control) by extension 'ignore_ament_install'
[0.250s] Level 1:colcon.colcon_core.package_identification:_identify(my_robot_control) by extensions ['colcon_pkg']
[0.250s] Level 1:colcon.colcon_core.package_identification:_identify(my_robot_control) by extension 'colcon_pkg'
[0.250s] Level 1:colcon.colcon_core.package_identification:_identify(my_robot_control) by extensions ['colcon_meta']
[0.250s] Level 1:colcon.colcon_core.package_identification:_identify(my_robot_control) by extension 'colcon_meta'
[0.250s] Level 1:colcon.colcon_core.package_identification:_identify(my_robot_control) by extensions ['ros']
[0.250s] Level 1:colcon.colcon_core.package_identification:_identify(my_robot_control) by extension 'ros'
[0.251s] DEBUG:colcon.colcon_core.package_identification:Package 'my_robot_control' with type 'ros.ament_cmake' and name 'my_robot_control'
[0.251s] Level 1:colcon.colcon_core.package_identification:_identify(ydlidar_ros2_driver) by extensions ['ignore', 'ignore_ament_install']
[0.251s] Level 1:colcon.colcon_core.package_identification:_identify(ydlidar_ros2_driver) by extension 'ignore'
[0.251s] Level 1:colcon.colcon_core.package_identification:_identify(ydlidar_ros2_driver) by extension 'ignore_ament_install'
[0.251s] Level 1:colcon.colcon_core.package_identification:_identify(ydlidar_ros2_driver) by extensions ['colcon_pkg']
[0.252s] Level 1:colcon.colcon_core.package_identification:_identify(ydlidar_ros2_driver) by extension 'colcon_pkg'
[0.252s] Level 1:colcon.colcon_core.package_identification:_identify(ydlidar_ros2_driver) by extensions ['colcon_meta']
[0.252s] Level 1:colcon.colcon_core.package_identification:_identify(ydlidar_ros2_driver) by extension 'colcon_meta'
[0.252s] Level 1:colcon.colcon_core.package_identification:_identify(ydlidar_ros2_driver) by extensions ['ros']
[0.252s] Level 1:colcon.colcon_core.package_identification:_identify(ydlidar_ros2_driver) by extension 'ros'
[0.252s] Level 1:colcon.colcon_core.package_identification:_identify(ydlidar_ros2_driver) by extensions ['cmake', 'python']
[0.252s] Level 1:colcon.colcon_core.package_identification:_identify(ydlidar_ros2_driver) by extension 'cmake'
[0.252s] Level 1:colcon.colcon_core.package_identification:_identify(ydlidar_ros2_driver) by extension 'python'
[0.252s] Level 1:colcon.colcon_core.package_identification:_identify(ydlidar_ros2_driver) by extensions ['python_setup_py']
[0.252s] Level 1:colcon.colcon_core.package_identification:_identify(ydlidar_ros2_driver) by extension 'python_setup_py'
[0.252s] Level 1:colcon.colcon_core.package_discovery:discover_packages(recursive) using defaults
[0.252s] Level 1:colcon.colcon_core.package_discovery:discover_packages(ignore) discover
[0.252s] Level 1:colcon.colcon_core.package_discovery:discover_packages(ignore) using defaults
[0.252s] Level 1:colcon.colcon_core.package_discovery:discover_packages(path) discover
[0.252s] Level 1:colcon.colcon_core.package_discovery:discover_packages(path) using defaults
[0.276s] INFO:colcon.colcon_core.package_selection:Skipping not selected package 'explore_lite' in 'explore'
[0.276s] INFO:colcon.colcon_core.package_selection:Skipping not selected package 'imu_reader' in 'imu_reader'
[0.276s] INFO:colcon.colcon_core.package_selection:Skipping not selected package 'motor_controller' in 'motor_controller'
[0.276s] INFO:colcon.colcon_core.package_selection:Skipping not selected package 'my_robot_control' in 'my_robot_control'
[0.276s] Level 1:colcon.colcon_core.package_discovery:discover_packages(prefix_path) check parameters
[0.276s] Level 1:colcon.colcon_core.package_discovery:discover_packages(prefix_path) discover
[0.280s] DEBUG:colcon.colcon_installed_package_information.package_discovery:Found 338 installed packages in /opt/ros/jazzy
[0.283s] Level 1:colcon.colcon_core.package_discovery:discover_packages(prefix_path) using defaults
[0.343s] Level 5:colcon.colcon_core.verb:set package 'hardware_software' build argument 'cmake_args' from command line to 'None'
[0.343s] Level 5:colcon.colcon_core.verb:set package 'hardware_software' build argument 'cmake_target' from command line to 'None'
[0.343s] Level 5:colcon.colcon_core.verb:set package 'hardware_software' build argument 'cmake_target_skip_unavailable' from command line to 'False'
[0.343s] Level 5:colcon.colcon_core.verb:set package 'hardware_software' build argument 'cmake_clean_cache' from command line to 'False'
[0.343s] Level 5:colcon.colcon_core.verb:set package 'hardware_software' build argument 'cmake_clean_first' from command line to 'False'
[0.343s] Level 5:colcon.colcon_core.verb:set package 'hardware_software' build argument 'cmake_force_configure' from command line to 'False'
[0.343s] Level 5:colcon.colcon_core.verb:set package 'hardware_software' build argument 'ament_cmake_args' from command line to 'None'
[0.343s] Level 5:colcon.colcon_core.verb:set package 'hardware_software' build argument 'catkin_cmake_args' from command line to 'None'
[0.343s] Level 5:colcon.colcon_core.verb:set package 'hardware_software' build argument 'catkin_skip_building_tests' from command line to 'False'
[0.343s] DEBUG:colcon.colcon_core.verb:Building package 'hardware_software' with the following arguments: {'ament_cmake_args': None, 'build_base': '/home/fyp/Desktop/swarm_repo/robot/ros2ws/src/build/hardware_software', 'catkin_cmake_args': None, 'catkin_skip_building_tests': False, 'cmake_args': None, 'cmake_clean_cache': False, 'cmake_clean_first': False, 'cmake_force_configure': False, 'cmake_target': None, 'cmake_target_skip_unavailable': False, 'install_base': '/home/fyp/Desktop/swarm_repo/robot/ros2ws/src/install/hardware_software', 'merge_install': False, 'path': '/home/fyp/Desktop/swarm_repo/robot/ros2ws/src/hardware_software', 'symlink_install': False, 'test_result_base': None}
[0.344s] INFO:colcon.colcon_core.executor:Executing jobs using 'parallel' executor
[0.345s] DEBUG:colcon.colcon_parallel_executor.executor.parallel:run_until_complete
[0.345s] INFO:colcon.colcon_ros.task.ament_python.build:Building ROS package in '/home/fyp/Desktop/swarm_repo/robot/ros2ws/src/hardware_software' with build type 'ament_python'
[0.345s] Level 1:colcon.colcon_core.shell:create_environment_hook('hardware_software', 'ament_prefix_path')
[0.348s] INFO:colcon.colcon_core.plugin_system:Skipping extension 'colcon_core.shell.bat': Not used on non-Windows systems
[0.348s] INFO:colcon.colcon_core.shell:Creating environment hook '/home/fyp/Desktop/swarm_repo/robot/ros2ws/src/install/hardware_software/share/hardware_software/hook/ament_prefix_path.ps1'
[0.349s] INFO:colcon.colcon_core.shell:Creating environment descriptor '/home/fyp/Desktop/swarm_repo/robot/ros2ws/src/install/hardware_software/share/hardware_software/hook/ament_prefix_path.dsv'
[0.350s] INFO:colcon.colcon_core.shell:Creating environment hook '/home/fyp/Desktop/swarm_repo/robot/ros2ws/src/install/hardware_software/share/hardware_software/hook/ament_prefix_path.sh'
[0.351s] INFO:colcon.colcon_core.shell:Skip shell extension 'powershell' for command environment: Not usable outside of PowerShell
[0.351s] DEBUG:colcon.colcon_core.shell:Skip shell extension 'dsv' for command environment
[0.663s] INFO:colcon.colcon_core.task.python.build:Building Python package in '/home/fyp/Desktop/swarm_repo/robot/ros2ws/src/hardware_software'
[0.663s] INFO:colcon.colcon_core.shell:Skip shell extension 'powershell' for command environment: Not usable outside of PowerShell
[0.663s] DEBUG:colcon.colcon_core.shell:Skip shell extension 'dsv' for command environment
[1.490s] DEBUG:colcon.colcon_core.event_handler.log_command:Invoking command in '/home/fyp/Desktop/swarm_repo/robot/ros2ws/src/hardware_software': DEBUGINFOD_URLS=https://debuginfod.ubuntu.com PYTHONPATH=/home/fyp/Desktop/swarm_repo/robot/ros2ws/src/build/hardware_software/prefix_override:/usr/lib/python3/dist-packages/colcon_core/task/python/colcon_distutils_commands:/home/fyp/Desktop/swarm_repo/robot/ros2ws/src/install/hardware_software/lib/python3.12/site-packages:${PYTHONPATH} /usr/bin/python3 -W ignore:setup.py install is deprecated -W ignore:easy_install command is deprecated setup.py egg_info --egg-base ../build/hardware_software build --build-base /home/fyp/Desktop/swarm_repo/robot/ros2ws/src/build/hardware_software/build install --record /home/fyp/Desktop/swarm_repo/robot/ros2ws/src/build/hardware_software/install.log --single-version-externally-managed install_data
[2.233s] DEBUG:colcon.colcon_core.event_handler.log_command:Invoked command in '/home/fyp/Desktop/swarm_repo/robot/ros2ws/src/hardware_software' returned '0': DEBUGINFOD_URLS=https://debuginfod.ubuntu.com PYTHONPATH=/home/fyp/Desktop/swarm_repo/robot/ros2ws/src/build/hardware_software/prefix_override:/usr/lib/python3/dist-packages/colcon_core/task/python/colcon_distutils_commands:/home/fyp/Desktop/swarm_repo/robot/ros2ws/src/install/hardware_software/lib/python3.12/site-packages:${PYTHONPATH} /usr/bin/python3 -W ignore:setup.py install is deprecated -W ignore:easy_install command is deprecated setup.py egg_info --egg-base ../build/hardware_software build --build-base /home/fyp/Desktop/swarm_repo/robot/ros2ws/src/build/hardware_software/build install --record /home/fyp/Desktop/swarm_repo/robot/ros2ws/src/build/hardware_software/install.log --single-version-externally-managed install_data
[2.235s] Level 1:colcon.colcon_core.environment:checking '/home/fyp/Desktop/swarm_repo/robot/ros2ws/src/install/hardware_software' for CMake module files
[2.236s] Level 1:colcon.colcon_core.environment:checking '/home/fyp/Desktop/swarm_repo/robot/ros2ws/src/install/hardware_software' for CMake config files
[2.237s] Level 1:colcon.colcon_core.environment:checking '/home/fyp/Desktop/swarm_repo/robot/ros2ws/src/install/hardware_software/lib'
[2.237s] Level 1:colcon.colcon_core.environment:checking '/home/fyp/Desktop/swarm_repo/robot/ros2ws/src/install/hardware_software/bin'
[2.237s] Level 1:colcon.colcon_core.environment:checking '/home/fyp/Desktop/swarm_repo/robot/ros2ws/src/install/hardware_software/lib/pkgconfig/hardware_software.pc'
[2.238s] Level 1:colcon.colcon_core.environment:checking '/home/fyp/Desktop/swarm_repo/robot/ros2ws/src/install/hardware_software/lib/python3.12/site-packages'
[2.238s] Level 1:colcon.colcon_core.shell:create_environment_hook('hardware_software', 'pythonpath')
[2.238s] INFO:colcon.colcon_core.shell:Creating environment hook '/home/fyp/Desktop/swarm_repo/robot/ros2ws/src/install/hardware_software/share/hardware_software/hook/pythonpath.ps1'
[2.239s] INFO:colcon.colcon_core.shell:Creating environment descriptor '/home/fyp/Desktop/swarm_repo/robot/ros2ws/src/install/hardware_software/share/hardware_software/hook/pythonpath.dsv'
[2.240s] INFO:colcon.colcon_core.shell:Creating environment hook '/home/fyp/Desktop/swarm_repo/robot/ros2ws/src/install/hardware_software/share/hardware_software/hook/pythonpath.sh'
[2.241s] Level 1:colcon.colcon_core.environment:checking '/home/fyp/Desktop/swarm_repo/robot/ros2ws/src/install/hardware_software/bin'
[2.241s] Level 1:colcon.colcon_core.environment:create_environment_scripts_only(hardware_software)
[2.242s] INFO:colcon.colcon_core.shell:Creating package script '/home/fyp/Desktop/swarm_repo/robot/ros2ws/src/install/hardware_software/share/hardware_software/package.ps1'
[2.242s] INFO:colcon.colcon_core.shell:Creating package descriptor '/home/fyp/Desktop/swarm_repo/robot/ros2ws/src/install/hardware_software/share/hardware_software/package.dsv'
[2.243s] INFO:colcon.colcon_core.shell:Creating package script '/home/fyp/Desktop/swarm_repo/robot/ros2ws/src/install/hardware_software/share/hardware_software/package.sh'
[2.269s] INFO:colcon.colcon_core.shell:Creating package script '/home/fyp/Desktop/swarm_repo/robot/ros2ws/src/install/hardware_software/share/hardware_software/package.bash'
[2.271s] INFO:colcon.colcon_core.shell:Creating package script '/home/fyp/Desktop/swarm_repo/robot/ros2ws/src/install/hardware_software/share/hardware_software/package.zsh'
[2.272s] Level 1:colcon.colcon_core.environment:create_file_with_runtime_dependencies(/home/fyp/Desktop/swarm_repo/robot/ros2ws/src/install/hardware_software/share/colcon-core/packages/hardware_software)
[2.273s] DEBUG:colcon.colcon_parallel_executor.executor.parallel:closing loop
[2.274s] DEBUG:colcon.colcon_parallel_executor.executor.parallel:loop closed
[2.274s] DEBUG:colcon.colcon_parallel_executor.executor.parallel:run_until_complete finished with '0'
[2.274s] DEBUG:colcon.colcon_core.event_reactor:joining thread
[2.283s] INFO:colcon.colcon_core.plugin_system:Skipping extension 'colcon_notification.desktop_notification.terminal_notifier': Not used on non-Darwin systems
[2.284s] INFO:colcon.colcon_core.plugin_system:Skipping extension 'colcon_notification.desktop_notification.win32': Not used on non-Windows systems
[2.284s] INFO:colcon.colcon_notification.desktop_notification:Sending desktop notification using 'notify2'
[27.310s] DEBUG:colcon.colcon_notification.desktop_notification.notify2:Failed to initialize notify2: org.freedesktop.DBus.Error.NoReply: Did not receive a reply. Possible causes include: the remote application did not send a reply, the message bus security policy blocked the reply, the reply timeout expired, or the network connection was broken.
[27.310s] DEBUG:colcon.colcon_core.event_reactor:joined thread
[27.311s] INFO:colcon.colcon_core.shell:Creating prefix script '/home/fyp/Desktop/swarm_repo/robot/ros2ws/src/install/local_setup.ps1'
[27.312s] INFO:colcon.colcon_core.shell:Creating prefix util module '/home/fyp/Desktop/swarm_repo/robot/ros2ws/src/install/_local_setup_util_ps1.py'
[27.338s] INFO:colcon.colcon_core.shell:Creating prefix chain script '/home/fyp/Desktop/swarm_repo/robot/ros2ws/src/install/setup.ps1'
[27.340s] INFO:colcon.colcon_core.shell:Creating prefix script '/home/fyp/Desktop/swarm_repo/robot/ros2ws/src/install/local_setup.sh'
[27.343s] INFO:colcon.colcon_core.shell:Creating prefix util module '/home/fyp/Desktop/swarm_repo/robot/ros2ws/src/install/_local_setup_util_sh.py'
[27.345s] INFO:colcon.colcon_core.shell:Creating prefix chain script '/home/fyp/Desktop/swarm_repo/robot/ros2ws/src/install/setup.sh'
[27.346s] INFO:colcon.colcon_core.shell:Creating prefix script '/home/fyp/Desktop/swarm_repo/robot/ros2ws/src/install/local_setup.bash'
[27.347s] INFO:colcon.colcon_core.shell:Creating prefix chain script '/home/fyp/Desktop/swarm_repo/robot/ros2ws/src/install/setup.bash'
[27.348s] INFO:colcon.colcon_core.shell:Creating prefix script '/home/fyp/Desktop/swarm_repo/robot/ros2ws/src/install/local_setup.zsh'
[27.349s] INFO:colcon.colcon_core.shell:Creating prefix chain script '/home/fyp/Desktop/swarm_repo/robot/ros2ws/src/install/setup.zsh'
