running egg_info
creating ../../build/imu_reader/imu_reader.egg-info
writing ../../build/imu_reader/imu_reader.egg-info/PKG-INFO
writing dependency_links to ../../build/imu_reader/imu_reader.egg-info/dependency_links.txt
writing entry points to ../../build/imu_reader/imu_reader.egg-info/entry_points.txt
writing requirements to ../../build/imu_reader/imu_reader.egg-info/requires.txt
writing top-level names to ../../build/imu_reader/imu_reader.egg-info/top_level.txt
writing manifest file '../../build/imu_reader/imu_reader.egg-info/SOURCES.txt'
reading manifest file '../../build/imu_reader/imu_reader.egg-info/SOURCES.txt'
writing manifest file '../../build/imu_reader/imu_reader.egg-info/SOURCES.txt'
running build
running build_py
creating /home/fyp/Desktop/swarm_repo/robot/ros2ws/build/imu_reader/build
creating /home/fyp/Desktop/swarm_repo/robot/ros2ws/build/imu_reader/build/lib
creating /home/fyp/Desktop/swarm_repo/robot/ros2ws/build/imu_reader/build/lib/imu_reader
copying imu_reader/imu_reader_node.py -> /home/fyp/Desktop/swarm_repo/robot/ros2ws/build/imu_reader/build/lib/imu_reader
copying imu_reader/__init__.py -> /home/fyp/Desktop/swarm_repo/robot/ros2ws/build/imu_reader/build/lib/imu_reader
running install
running install_lib
creating /home/fyp/Desktop/swarm_repo/robot/ros2ws/install/imu_reader/lib/python3.12/site-packages/imu_reader
copying /home/fyp/Desktop/swarm_repo/robot/ros2ws/build/imu_reader/build/lib/imu_reader/imu_reader_node.py -> /home/fyp/Desktop/swarm_repo/robot/ros2ws/install/imu_reader/lib/python3.12/site-packages/imu_reader
copying /home/fyp/Desktop/swarm_repo/robot/ros2ws/build/imu_reader/build/lib/imu_reader/__init__.py -> /home/fyp/Desktop/swarm_repo/robot/ros2ws/install/imu_reader/lib/python3.12/site-packages/imu_reader
byte-compiling /home/fyp/Desktop/swarm_repo/robot/ros2ws/install/imu_reader/lib/python3.12/site-packages/imu_reader/imu_reader_node.py to imu_reader_node.cpython-312.pyc
byte-compiling /home/fyp/Desktop/swarm_repo/robot/ros2ws/install/imu_reader/lib/python3.12/site-packages/imu_reader/__init__.py to __init__.cpython-312.pyc
running install_data
creating /home/fyp/Desktop/swarm_repo/robot/ros2ws/install/imu_reader/share/ament_index
creating /home/fyp/Desktop/swarm_repo/robot/ros2ws/install/imu_reader/share/ament_index/resource_index
creating /home/fyp/Desktop/swarm_repo/robot/ros2ws/install/imu_reader/share/ament_index/resource_index/packages
copying resource/imu_reader -> /home/fyp/Desktop/swarm_repo/robot/ros2ws/install/imu_reader/share/ament_index/resource_index/packages
copying package.xml -> /home/fyp/Desktop/swarm_repo/robot/ros2ws/install/imu_reader/share/imu_reader
running install_egg_info
Copying ../../build/imu_reader/imu_reader.egg-info to /home/fyp/Desktop/swarm_repo/robot/ros2ws/install/imu_reader/lib/python3.12/site-packages/imu_reader-0.0.0-py3.12.egg-info
running install_scripts
Installing imu_reader_node script to /home/fyp/Desktop/swarm_repo/robot/ros2ws/install/imu_reader/lib/imu_reader
writing list of installed files to '/home/fyp/Desktop/swarm_repo/robot/ros2ws/build/imu_reader/install.log'
