[2.734s] Invoking command in '/home/fyp/Desktop/swarm_repo/robot/ros2ws/src/imu_reader': DEBUGINFOD_URLS=https://debuginfod.ubuntu.com PYTHONPATH=/home/fyp/Desktop/swarm_repo/robot/ros2ws/build/imu_reader/prefix_override:/usr/lib/python3/dist-packages/colcon_core/task/python/colcon_distutils_commands:/home/fyp/Desktop/swarm_repo/robot/ros2ws/install/imu_reader/lib/python3.12/site-packages:${PYTHONPATH} /usr/bin/python3 -W ignore:setup.py install is deprecated -W ignore:easy_install command is deprecated setup.py egg_info --egg-base ../../build/imu_reader build --build-base /home/fyp/Desktop/swarm_repo/robot/ros2ws/build/imu_reader/build install --record /home/fyp/Desktop/swarm_repo/robot/ros2ws/build/imu_reader/install.log --single-version-externally-managed install_data
[3.172s] running egg_info
[3.172s] creating ../../build/imu_reader/imu_reader.egg-info
[3.202s] writing ../../build/imu_reader/imu_reader.egg-info/PKG-INFO
[3.203s] writing dependency_links to ../../build/imu_reader/imu_reader.egg-info/dependency_links.txt
[3.203s] writing entry points to ../../build/imu_reader/imu_reader.egg-info/entry_points.txt
[3.205s] writing requirements to ../../build/imu_reader/imu_reader.egg-info/requires.txt
[3.209s] writing top-level names to ../../build/imu_reader/imu_reader.egg-info/top_level.txt
[3.209s] writing manifest file '../../build/imu_reader/imu_reader.egg-info/SOURCES.txt'
[3.273s] reading manifest file '../../build/imu_reader/imu_reader.egg-info/SOURCES.txt'
[3.273s] writing manifest file '../../build/imu_reader/imu_reader.egg-info/SOURCES.txt'
[3.273s] running build
[3.273s] running build_py
[3.274s] creating /home/fyp/Desktop/swarm_repo/robot/ros2ws/build/imu_reader/build
[3.274s] creating /home/fyp/Desktop/swarm_repo/robot/ros2ws/build/imu_reader/build/lib
[3.275s] creating /home/fyp/Desktop/swarm_repo/robot/ros2ws/build/imu_reader/build/lib/imu_reader
[3.275s] copying imu_reader/imu_reader_node.py -> /home/fyp/Desktop/swarm_repo/robot/ros2ws/build/imu_reader/build/lib/imu_reader
[3.282s] copying imu_reader/__init__.py -> /home/fyp/Desktop/swarm_repo/robot/ros2ws/build/imu_reader/build/lib/imu_reader
[3.282s] running install
[3.291s] running install_lib
[3.329s] creating /home/fyp/Desktop/swarm_repo/robot/ros2ws/install/imu_reader/lib/python3.12/site-packages/imu_reader
[3.329s] copying /home/fyp/Desktop/swarm_repo/robot/ros2ws/build/imu_reader/build/lib/imu_reader/imu_reader_node.py -> /home/fyp/Desktop/swarm_repo/robot/ros2ws/install/imu_reader/lib/python3.12/site-packages/imu_reader
[3.329s] copying /home/fyp/Desktop/swarm_repo/robot/ros2ws/build/imu_reader/build/lib/imu_reader/__init__.py -> /home/fyp/Desktop/swarm_repo/robot/ros2ws/install/imu_reader/lib/python3.12/site-packages/imu_reader
[3.330s] byte-compiling /home/fyp/Desktop/swarm_repo/robot/ros2ws/install/imu_reader/lib/python3.12/site-packages/imu_reader/imu_reader_node.py to imu_reader_node.cpython-312.pyc
[3.333s] byte-compiling /home/fyp/Desktop/swarm_repo/robot/ros2ws/install/imu_reader/lib/python3.12/site-packages/imu_reader/__init__.py to __init__.cpython-312.pyc
[3.334s] running install_data
[3.334s] creating /home/fyp/Desktop/swarm_repo/robot/ros2ws/install/imu_reader/share/ament_index
[3.334s] creating /home/fyp/Desktop/swarm_repo/robot/ros2ws/install/imu_reader/share/ament_index/resource_index
[3.334s] creating /home/fyp/Desktop/swarm_repo/robot/ros2ws/install/imu_reader/share/ament_index/resource_index/packages
[3.334s] copying resource/imu_reader -> /home/fyp/Desktop/swarm_repo/robot/ros2ws/install/imu_reader/share/ament_index/resource_index/packages
[3.334s] copying package.xml -> /home/fyp/Desktop/swarm_repo/robot/ros2ws/install/imu_reader/share/imu_reader
[3.335s] running install_egg_info
[3.375s] Copying ../../build/imu_reader/imu_reader.egg-info to /home/fyp/Desktop/swarm_repo/robot/ros2ws/install/imu_reader/lib/python3.12/site-packages/imu_reader-0.0.0-py3.12.egg-info
[3.379s] running install_scripts
[3.589s] Installing imu_reader_node script to /home/fyp/Desktop/swarm_repo/robot/ros2ws/install/imu_reader/lib/imu_reader
[3.589s] writing list of installed files to '/home/fyp/Desktop/swarm_repo/robot/ros2ws/build/imu_reader/install.log'
[3.742s] Invoked command in '/home/fyp/Desktop/swarm_repo/robot/ros2ws/src/imu_reader' returned '0': DEBUGINFOD_URLS=https://debuginfod.ubuntu.com PYTHONPATH=/home/fyp/Desktop/swarm_repo/robot/ros2ws/build/imu_reader/prefix_override:/usr/lib/python3/dist-packages/colcon_core/task/python/colcon_distutils_commands:/home/fyp/Desktop/swarm_repo/robot/ros2ws/install/imu_reader/lib/python3.12/site-packages:${PYTHONPATH} /usr/bin/python3 -W ignore:setup.py install is deprecated -W ignore:easy_install command is deprecated setup.py egg_info --egg-base ../../build/imu_reader build --build-base /home/fyp/Desktop/swarm_repo/robot/ros2ws/build/imu_reader/build install --record /home/fyp/Desktop/swarm_repo/robot/ros2ws/build/imu_reader/install.log --single-version-externally-managed install_data
