[1.634s] Invoking command in '/home/fyp3/Desktop/ros2_swarm_mapping/robot/ros2ws/src/imu_reader': DEBUGINFOD_URLS=https://debuginfod.ubuntu.com PYTHONPATH=/home/fyp3/Desktop/ros2_swarm_mapping/robot/ros2ws/build/imu_reader/prefix_override:/usr/lib/python3/dist-packages/colcon_core/task/python/colcon_distutils_commands:/home/fyp3/Desktop/ros2_swarm_mapping/robot/ros2ws/install/imu_reader/lib/python3.12/site-packages:${PYTHONPATH} /usr/bin/python3 -W ignore:setup.py install is deprecated -W ignore:easy_install command is deprecated setup.py egg_info --egg-base ../../build/imu_reader build --build-base /home/fyp3/Desktop/ros2_swarm_mapping/robot/ros2ws/build/imu_reader/build install --record /home/fyp3/Desktop/ros2_swarm_mapping/robot/ros2ws/build/imu_reader/install.log --single-version-externally-managed install_data
[1.978s] running egg_info
[2.001s] writing ../../build/imu_reader/imu_reader.egg-info/PKG-INFO
[2.001s] writing dependency_links to ../../build/imu_reader/imu_reader.egg-info/dependency_links.txt
[2.004s] writing entry points to ../../build/imu_reader/imu_reader.egg-info/entry_points.txt
[2.004s] writing requirements to ../../build/imu_reader/imu_reader.egg-info/requires.txt
[2.005s] writing top-level names to ../../build/imu_reader/imu_reader.egg-info/top_level.txt
[2.055s] reading manifest file '../../build/imu_reader/imu_reader.egg-info/SOURCES.txt'
[2.056s] writing manifest file '../../build/imu_reader/imu_reader.egg-info/SOURCES.txt'
[2.057s] running build
[2.057s] running build_py
[2.057s] copying imu_reader/imu_reader_node.py -> /home/fyp3/Desktop/ros2_swarm_mapping/robot/ros2ws/build/imu_reader/build/lib/imu_reader
[2.057s] running install
[2.066s] running install_lib
[2.090s] copying /home/fyp3/Desktop/ros2_swarm_mapping/robot/ros2ws/build/imu_reader/build/lib/imu_reader/imu_reader_node.py -> /home/fyp3/Desktop/ros2_swarm_mapping/robot/ros2ws/install/imu_reader/lib/python3.12/site-packages/imu_reader
[2.091s] byte-compiling /home/fyp3/Desktop/ros2_swarm_mapping/robot/ros2ws/install/imu_reader/lib/python3.12/site-packages/imu_reader/imu_reader_node.py to imu_reader_node.cpython-312.pyc
[2.092s] running install_data
[2.092s] running install_egg_info
[2.118s] removing '/home/fyp3/Desktop/ros2_swarm_mapping/robot/ros2ws/install/imu_reader/lib/python3.12/site-packages/imu_reader-0.0.0-py3.12.egg-info' (and everything under it)
[2.119s] Copying ../../build/imu_reader/imu_reader.egg-info to /home/fyp3/Desktop/ros2_swarm_mapping/robot/ros2ws/install/imu_reader/lib/python3.12/site-packages/imu_reader-0.0.0-py3.12.egg-info
[2.121s] running install_scripts
[2.291s] Installing imu_reader_node script to /home/fyp3/Desktop/ros2_swarm_mapping/robot/ros2ws/install/imu_reader/lib/imu_reader
[2.292s] writing list of installed files to '/home/fyp3/Desktop/ros2_swarm_mapping/robot/ros2ws/build/imu_reader/install.log'
[2.372s] Invoked command in '/home/fyp3/Desktop/ros2_swarm_mapping/robot/ros2ws/src/imu_reader' returned '0': DEBUGINFOD_URLS=https://debuginfod.ubuntu.com PYTHONPATH=/home/fyp3/Desktop/ros2_swarm_mapping/robot/ros2ws/build/imu_reader/prefix_override:/usr/lib/python3/dist-packages/colcon_core/task/python/colcon_distutils_commands:/home/fyp3/Desktop/ros2_swarm_mapping/robot/ros2ws/install/imu_reader/lib/python3.12/site-packages:${PYTHONPATH} /usr/bin/python3 -W ignore:setup.py install is deprecated -W ignore:easy_install command is deprecated setup.py egg_info --egg-base ../../build/imu_reader build --build-base /home/fyp3/Desktop/ros2_swarm_mapping/robot/ros2ws/build/imu_reader/build install --record /home/fyp3/Desktop/ros2_swarm_mapping/robot/ros2ws/build/imu_reader/install.log --single-version-externally-managed install_data
