[0.033s] Invoking command in '/home/fyp/Desktop/swarm_repo/robot/ros2ws/build/explore_lite': CMAKE_PREFIX_PATH=${CMAKE_PREFIX_PATH}:/opt/ros/jazzy DEBUGINFOD_URLS=https://debuginfod.ubuntu.com /usr/bin/cmake /home/fyp/Desktop/swarm_repo/robot/ros2ws/src/explore -DCMAKE_INSTALL_PREFIX=/home/fyp/Desktop/swarm_repo/robot/ros2ws/install/explore_lite
[0.683s] -- The C compiler identification is GNU 13.3.0
[1.244s] -- The CXX compiler identification is GNU 13.3.0
[1.293s] -- Detecting C compiler ABI info
[1.523s] -- Detecting C compiler ABI info - done
[1.537s] -- Check for working C compiler: /usr/bin/cc - skipped
[1.538s] -- Detecting C compile features
[1.540s] -- Detecting C compile features - done
[1.559s] -- Detecting CXX compiler ABI info
[1.778s] -- Detecting CXX compiler ABI info - done
[1.797s] -- Check for working CXX compiler: /usr/bin/c++ - skipped
[1.798s] -- Detecting CXX compile features
[1.799s] -- Detecting CXX compile features - done
[1.800s] -- BuilD for ROS2: jazzy
[1.828s] -- Found ament_cmake: 2.5.4 (/opt/ros/jazzy/share/ament_cmake/cmake)
[2.081s] -- Found Python3: /usr/bin/python3 (found version "3.12.3") found components: Interpreter 
[2.398s] -- Found rclcpp: 28.1.9 (/opt/ros/jazzy/share/rclcpp/cmake)
[2.585s] -- Found rosidl_generator_c: 4.6.5 (/opt/ros/jazzy/share/rosidl_generator_c/cmake)
[2.648s] -- Found rosidl_generator_cpp: 4.6.5 (/opt/ros/jazzy/share/rosidl_generator_cpp/cmake)
[2.731s] -- Using all available rosidl_typesupport_c: rosidl_typesupport_fastrtps_c;rosidl_typesupport_introspection_c
[2.792s] -- Using all available rosidl_typesupport_cpp: rosidl_typesupport_fastrtps_cpp;rosidl_typesupport_introspection_cpp
[3.024s] -- Found rmw_implementation_cmake: 7.3.2 (/opt/ros/jazzy/share/rmw_implementation_cmake/cmake)
[3.036s] -- Found rmw_fastrtps_cpp: 8.4.2 (/opt/ros/jazzy/share/rmw_fastrtps_cpp/cmake)
[3.278s] -- Found OpenSSL: /usr/lib/aarch64-linux-gnu/libcrypto.so (found version "3.0.13")  
[3.320s] -- Found FastRTPS: /opt/ros/jazzy/include (Required is at least version "2.13") 
[3.365s] -- Using RMW implementation 'rmw_fastrtps_cpp' as default
[3.590s] -- Found std_msgs: 5.3.6 (/opt/ros/jazzy/share/std_msgs/cmake)
[3.646s] -- Found sensor_msgs: 5.3.6 (/opt/ros/jazzy/share/sensor_msgs/cmake)
[3.777s] -- Found tf2_ros: 0.36.10 (/opt/ros/jazzy/share/tf2_ros/cmake)
[4.134s] -- Found tf2_geometry_msgs: 0.36.10 (/opt/ros/jazzy/share/tf2_geometry_msgs/cmake)
[4.182s] -- Found eigen3_cmake_module: 0.3.0 (/opt/ros/jazzy/share/eigen3_cmake_module/cmake)
[4.186s] -- Found Eigen3: TRUE (found version "3.4.0") 
[4.186s] -- Ensuring Eigen3 include directory is part of orocos-kdl CMake target
[4.198s] -- Found nav2_msgs: 1.3.6 (/opt/ros/jazzy/share/nav2_msgs/cmake)
[4.430s] -- Found map_msgs: 2.4.1 (/opt/ros/jazzy/share/map_msgs/cmake)
[4.486s] -- Found visualization_msgs: 5.3.6 (/opt/ros/jazzy/share/visualization_msgs/cmake)
[4.544s] -- Found nav2_costmap_2d: 1.3.6 (/opt/ros/jazzy/share/nav2_costmap_2d/cmake)
[4.877s] -- Found ament_lint_auto: 0.17.2 (/opt/ros/jazzy/share/ament_lint_auto/cmake)
[5.096s] -- Found ament_cmake_gtest: 2.5.4 (/opt/ros/jazzy/share/ament_cmake_gtest/cmake)
[5.108s] -- Found gtest sources under '/opt/ros/jazzy/src/gtest_vendor': C++ tests using 'Google Test' will be built
[5.117s] -- Performing Test CMAKE_HAVE_LIBC_PTHREAD
[5.339s] -- Performing Test CMAKE_HAVE_LIBC_PTHREAD - Success
[5.341s] -- Found Threads: TRUE  
[5.361s] -- Added test 'cppcheck' to perform static code analysis on C / C++ code
[5.361s] -- Configured cppcheck include dirs: /home/fyp/Desktop/swarm_repo/robot/ros2ws/src/explore/include;$<BUILD_INTERFACE:/home/fyp/Desktop/swarm_repo/robot/ros2ws/src/explore/include>
[5.361s] -- Configured cppcheck exclude dirs and/or files: 
[5.364s] -- Added test 'flake8' to check Python code syntax and style conventions
[5.364s] -- Configured 'flake8' exclude dirs and/or files: 
[5.366s] -- Added test 'lint_cmake' to check CMake code style
[5.368s] -- Added test 'pep257' to check Python code against some of the docstring style conventions in PEP 257
[5.372s] -- Added test 'uncrustify' to check C / C++ code style
[5.372s] -- Configured uncrustify additional arguments: 
[5.374s] -- Added test 'xmllint' to check XML markup files
[5.382s] -- Configuring done (5.3s)
[5.621s] -- Generating done (0.2s)
[5.640s] -- Build files have been written to: /home/fyp/Desktop/swarm_repo/robot/ros2ws/build/explore_lite
[5.672s] Invoked command in '/home/fyp/Desktop/swarm_repo/robot/ros2ws/build/explore_lite' returned '0': CMAKE_PREFIX_PATH=${CMAKE_PREFIX_PATH}:/opt/ros/jazzy DEBUGINFOD_URLS=https://debuginfod.ubuntu.com /usr/bin/cmake /home/fyp/Desktop/swarm_repo/robot/ros2ws/src/explore -DCMAKE_INSTALL_PREFIX=/home/fyp/Desktop/swarm_repo/robot/ros2ws/install/explore_lite
[5.674s] Invoking command in '/home/fyp/Desktop/swarm_repo/robot/ros2ws/build/explore_lite': CMAKE_PREFIX_PATH=${CMAKE_PREFIX_PATH}:/opt/ros/jazzy DEBUGINFOD_URLS=https://debuginfod.ubuntu.com /usr/bin/cmake --build /home/fyp/Desktop/swarm_repo/robot/ros2ws/build/explore_lite -- -j4 -l4
[5.795s] [ 10%] [32mBuilding CXX object gtest/CMakeFiles/gtest.dir/src/gtest-all.cc.o[0m
[5.814s] [ 20%] [32mBuilding CXX object CMakeFiles/explore.dir/src/costmap_client.cpp.o[0m
[5.824s] [ 30%] [32mBuilding CXX object gtest/CMakeFiles/gtest_main.dir/src/gtest_main.cc.o[0m
[5.836s] [ 40%] [32mBuilding CXX object CMakeFiles/explore.dir/src/explore.cpp.o[0m
[8.066s] [ 50%] [32m[1mLinking CXX static library libgtest_main.a[0m
[9.453s] [ 50%] Built target gtest_main
[9.504s] [ 60%] [32mBuilding CXX object CMakeFiles/explore.dir/src/frontier_search.cpp.o[0m
[16.872s] [ 70%] [32m[1mLinking CXX static library libgtest.a[0m
[17.801s] [ 70%] Built target gtest
[17.918s] [ 80%] [32mBuilding CXX object CMakeFiles/test_explore.dir/test/test_explore.cpp.o[0m
[21.355s] [ 90%] [32m[1mLinking CXX executable test_explore[0m
[23.244s] [ 90%] Built target test_explore
[36.496s] [100%] [32m[1mLinking CXX executable explore[0m
[42.884s] [100%] Built target explore
[42.907s] Invoked command in '/home/fyp/Desktop/swarm_repo/robot/ros2ws/build/explore_lite' returned '0': CMAKE_PREFIX_PATH=${CMAKE_PREFIX_PATH}:/opt/ros/jazzy DEBUGINFOD_URLS=https://debuginfod.ubuntu.com /usr/bin/cmake --build /home/fyp/Desktop/swarm_repo/robot/ros2ws/build/explore_lite -- -j4 -l4
[42.909s] Invoking command in '/home/fyp/Desktop/swarm_repo/robot/ros2ws/build/explore_lite': CMAKE_PREFIX_PATH=${CMAKE_PREFIX_PATH}:/opt/ros/jazzy DEBUGINFOD_URLS=https://debuginfod.ubuntu.com /usr/bin/cmake --install /home/fyp/Desktop/swarm_repo/robot/ros2ws/build/explore_lite
[42.927s] -- Install configuration: ""
[42.927s] -- Installing: /home/fyp/Desktop/swarm_repo/robot/ros2ws/install/explore_lite/include/explore/
[42.927s] -- Installing: /home/fyp/Desktop/swarm_repo/robot/ros2ws/install/explore_lite/include/explore//costmap_tools.h
[42.927s] -- Installing: /home/fyp/Desktop/swarm_repo/robot/ros2ws/install/explore_lite/include/explore//costmap_client.h
[42.927s] -- Installing: /home/fyp/Desktop/swarm_repo/robot/ros2ws/install/explore_lite/include/explore//explore.h
[42.927s] -- Installing: /home/fyp/Desktop/swarm_repo/robot/ros2ws/install/explore_lite/include/explore//frontier_search.h
[42.927s] -- Installing: /home/fyp/Desktop/swarm_repo/robot/ros2ws/install/explore_lite/share/explore_lite/config
[42.928s] -- Installing: /home/fyp/Desktop/swarm_repo/robot/ros2ws/install/explore_lite/share/explore_lite/config/params.yaml
[42.928s] -- Installing: /home/fyp/Desktop/swarm_repo/robot/ros2ws/install/explore_lite/share/explore_lite/config/params_costmap.yaml
[42.929s] -- Installing: /home/fyp/Desktop/swarm_repo/robot/ros2ws/install/explore_lite/share/explore_lite/launch
[42.929s] -- Installing: /home/fyp/Desktop/swarm_repo/robot/ros2ws/install/explore_lite/share/explore_lite/launch/explore.launch.py
[42.930s] -- Installing: /home/fyp/Desktop/swarm_repo/robot/ros2ws/install/explore_lite/lib/explore_lite/explore
[42.953s] -- Set non-toolchain portion of runtime path of "/home/fyp/Desktop/swarm_repo/robot/ros2ws/install/explore_lite/lib/explore_lite/explore" to ""
[42.953s] -- Installing: /home/fyp/Desktop/swarm_repo/robot/ros2ws/install/explore_lite/share/ament_index/resource_index/package_run_dependencies/explore_lite
[42.953s] -- Installing: /home/fyp/Desktop/swarm_repo/robot/ros2ws/install/explore_lite/share/ament_index/resource_index/parent_prefix_path/explore_lite
[42.953s] -- Installing: /home/fyp/Desktop/swarm_repo/robot/ros2ws/install/explore_lite/share/explore_lite/environment/ament_prefix_path.sh
[42.953s] -- Installing: /home/fyp/Desktop/swarm_repo/robot/ros2ws/install/explore_lite/share/explore_lite/environment/ament_prefix_path.dsv
[42.954s] -- Installing: /home/fyp/Desktop/swarm_repo/robot/ros2ws/install/explore_lite/share/explore_lite/environment/path.sh
[42.954s] -- Installing: /home/fyp/Desktop/swarm_repo/robot/ros2ws/install/explore_lite/share/explore_lite/environment/path.dsv
[42.954s] -- Installing: /home/fyp/Desktop/swarm_repo/robot/ros2ws/install/explore_lite/share/explore_lite/local_setup.bash
[42.954s] -- Installing: /home/fyp/Desktop/swarm_repo/robot/ros2ws/install/explore_lite/share/explore_lite/local_setup.sh
[42.954s] -- Installing: /home/fyp/Desktop/swarm_repo/robot/ros2ws/install/explore_lite/share/explore_lite/local_setup.zsh
[42.954s] -- Installing: /home/fyp/Desktop/swarm_repo/robot/ros2ws/install/explore_lite/share/explore_lite/local_setup.dsv
[42.955s] -- Installing: /home/fyp/Desktop/swarm_repo/robot/ros2ws/install/explore_lite/share/explore_lite/package.dsv
[42.955s] -- Installing: /home/fyp/Desktop/swarm_repo/robot/ros2ws/install/explore_lite/share/ament_index/resource_index/packages/explore_lite
[42.955s] -- Installing: /home/fyp/Desktop/swarm_repo/robot/ros2ws/install/explore_lite/share/explore_lite/cmake/ament_cmake_export_include_directories-extras.cmake
[42.955s] -- Installing: /home/fyp/Desktop/swarm_repo/robot/ros2ws/install/explore_lite/share/explore_lite/cmake/explore_liteConfig.cmake
[42.955s] -- Installing: /home/fyp/Desktop/swarm_repo/robot/ros2ws/install/explore_lite/share/explore_lite/cmake/explore_liteConfig-version.cmake
[42.955s] -- Installing: /home/fyp/Desktop/swarm_repo/robot/ros2ws/install/explore_lite/share/explore_lite/package.xml
[42.959s] Invoked command in '/home/fyp/Desktop/swarm_repo/robot/ros2ws/build/explore_lite' returned '0': CMAKE_PREFIX_PATH=${CMAKE_PREFIX_PATH}:/opt/ros/jazzy DEBUGINFOD_URLS=https://debuginfod.ubuntu.com /usr/bin/cmake --install /home/fyp/Desktop/swarm_repo/robot/ros2ws/build/explore_lite
