[2.281s] Invoking command in '/home/fyp/Desktop/robot/ros2ws/src/imu_reader': DEBUGINFOD_URLS=https://debuginfod.ubuntu.com PYTHONPATH=/home/fyp/Desktop/robot/ros2ws/build/imu_reader/prefix_override:/usr/lib/python3/dist-packages/colcon_core/task/python/colcon_distutils_commands:/home/fyp/Desktop/robot/ros2ws/install/imu_reader/lib/python3.12/site-packages:${PYTHONPATH} /usr/bin/python3 -W ignore:setup.py install is deprecated -W ignore:easy_install command is deprecated setup.py egg_info --egg-base ../../build/imu_reader build --build-base /home/fyp/Desktop/robot/ros2ws/build/imu_reader/build install --record /home/fyp/Desktop/robot/ros2ws/build/imu_reader/install.log --single-version-externally-managed install_data
[2.706s] running egg_info
[2.733s] writing ../../build/imu_reader/imu_reader.egg-info/PKG-INFO
[2.733s] writing dependency_links to ../../build/imu_reader/imu_reader.egg-info/dependency_links.txt
[2.734s] writing entry points to ../../build/imu_reader/imu_reader.egg-info/entry_points.txt
[2.735s] writing requirements to ../../build/imu_reader/imu_reader.egg-info/requires.txt
[2.736s] writing top-level names to ../../build/imu_reader/imu_reader.egg-info/top_level.txt
[2.791s] reading manifest file '../../build/imu_reader/imu_reader.egg-info/SOURCES.txt'
[2.794s] writing manifest file '../../build/imu_reader/imu_reader.egg-info/SOURCES.txt'
[2.794s] running build
[2.795s] running build_py
[2.796s] running install
[2.805s] running install_lib
[2.834s] running install_data
[2.835s] running install_egg_info
[2.863s] removing '/home/fyp/Desktop/robot/ros2ws/install/imu_reader/lib/python3.12/site-packages/imu_reader-0.0.0-py3.12.egg-info' (and everything under it)
[2.864s] Copying ../../build/imu_reader/imu_reader.egg-info to /home/fyp/Desktop/robot/ros2ws/install/imu_reader/lib/python3.12/site-packages/imu_reader-0.0.0-py3.12.egg-info
[2.868s] running install_scripts
[3.051s] Installing imu_reader_node script to /home/fyp/Desktop/robot/ros2ws/install/imu_reader/lib/imu_reader
[3.052s] writing list of installed files to '/home/fyp/Desktop/robot/ros2ws/build/imu_reader/install.log'
[3.187s] Invoked command in '/home/fyp/Desktop/robot/ros2ws/src/imu_reader' returned '0': DEBUGINFOD_URLS=https://debuginfod.ubuntu.com PYTHONPATH=/home/fyp/Desktop/robot/ros2ws/build/imu_reader/prefix_override:/usr/lib/python3/dist-packages/colcon_core/task/python/colcon_distutils_commands:/home/fyp/Desktop/robot/ros2ws/install/imu_reader/lib/python3.12/site-packages:${PYTHONPATH} /usr/bin/python3 -W ignore:setup.py install is deprecated -W ignore:easy_install command is deprecated setup.py egg_info --egg-base ../../build/imu_reader build --build-base /home/fyp/Desktop/robot/ros2ws/build/imu_reader/build install --record /home/fyp/Desktop/robot/ros2ws/build/imu_reader/install.log --single-version-externally-managed install_data
