running egg_info
creating ../../build/hardware_software/hardware_software.egg-info
writing ../../build/hardware_software/hardware_software.egg-info/PKG-INFO
writing dependency_links to ../../build/hardware_software/hardware_software.egg-info/dependency_links.txt
writing requirements to ../../build/hardware_software/hardware_software.egg-info/requires.txt
writing top-level names to ../../build/hardware_software/hardware_software.egg-info/top_level.txt
writing manifest file '../../build/hardware_software/hardware_software.egg-info/SOURCES.txt'
reading manifest file '../../build/hardware_software/hardware_software.egg-info/SOURCES.txt'
writing manifest file '../../build/hardware_software/hardware_software.egg-info/SOURCES.txt'
running build
running build_py
creating /home/fyp/Desktop/robot/ros2ws/build/hardware_software/build
creating /home/fyp/Desktop/robot/ros2ws/build/hardware_software/build/lib
creating /home/fyp/Desktop/robot/ros2ws/build/hardware_software/build/lib/hardware_software
copying hardware_software/__init__.py -> /home/fyp/Desktop/robot/ros2ws/build/hardware_software/build/lib/hardware_software
running install
running install_lib
creating /home/fyp/Desktop/robot/ros2ws/install/hardware_software/lib/python3.12/site-packages/hardware_software
copying /home/fyp/Desktop/robot/ros2ws/build/hardware_software/build/lib/hardware_software/__init__.py -> /home/fyp/Desktop/robot/ros2ws/install/hardware_software/lib/python3.12/site-packages/hardware_software
byte-compiling /home/fyp/Desktop/robot/ros2ws/install/hardware_software/lib/python3.12/site-packages/hardware_software/__init__.py to __init__.cpython-312.pyc
running install_data
creating /home/fyp/Desktop/robot/ros2ws/install/hardware_software/share/ament_index
creating /home/fyp/Desktop/robot/ros2ws/install/hardware_software/share/ament_index/resource_index
creating /home/fyp/Desktop/robot/ros2ws/install/hardware_software/share/ament_index/resource_index/packages
copying resource/hardware_software -> /home/fyp/Desktop/robot/ros2ws/install/hardware_software/share/ament_index/resource_index/packages
copying package.xml -> /home/fyp/Desktop/robot/ros2ws/install/hardware_software/share/hardware_software
creating /home/fyp/Desktop/robot/ros2ws/install/hardware_software/share/hardware_software/launch
copying launch/hardware.launch.py -> /home/fyp/Desktop/robot/ros2ws/install/hardware_software/share/hardware_software/launch/
running install_egg_info
Copying ../../build/hardware_software/hardware_software.egg-info to /home/fyp/Desktop/robot/ros2ws/install/hardware_software/lib/python3.12/site-packages/hardware_software-0.0.0-py3.12.egg-info
running install_scripts
writing list of installed files to '/home/fyp/Desktop/robot/ros2ws/build/hardware_software/install.log'
