[2.047s] Invoking command in '/home/fyp/Desktop/robot/ros2ws/src/hardware_software': DEBUGINFOD_URLS=https://debuginfod.ubuntu.com PYTHONPATH=/home/fyp/Desktop/robot/ros2ws/build/hardware_software/prefix_override:/usr/lib/python3/dist-packages/colcon_core/task/python/colcon_distutils_commands:/home/fyp/Desktop/robot/ros2ws/install/hardware_software/lib/python3.12/site-packages:${PYTHONPATH} /usr/bin/python3 -W ignore:setup.py install is deprecated -W ignore:easy_install command is deprecated setup.py egg_info --egg-base ../../build/hardware_software build --build-base /home/fyp/Desktop/robot/ros2ws/build/hardware_software/build install --record /home/fyp/Desktop/robot/ros2ws/build/hardware_software/install.log --single-version-externally-managed install_data
[2.447s] running egg_info
[2.448s] creating ../../build/hardware_software/hardware_software.egg-info
[2.474s] writing ../../build/hardware_software/hardware_software.egg-info/PKG-INFO
[2.475s] writing dependency_links to ../../build/hardware_software/hardware_software.egg-info/dependency_links.txt
[2.476s] writing requirements to ../../build/hardware_software/hardware_software.egg-info/requires.txt
[2.477s] writing top-level names to ../../build/hardware_software/hardware_software.egg-info/top_level.txt
[2.479s] writing manifest file '../../build/hardware_software/hardware_software.egg-info/SOURCES.txt'
[2.531s] reading manifest file '../../build/hardware_software/hardware_software.egg-info/SOURCES.txt'
[2.532s] writing manifest file '../../build/hardware_software/hardware_software.egg-info/SOURCES.txt'
[2.535s] running build
[2.535s] running build_py
[2.535s] creating /home/fyp/Desktop/robot/ros2ws/build/hardware_software/build
[2.535s] creating /home/fyp/Desktop/robot/ros2ws/build/hardware_software/build/lib
[2.535s] creating /home/fyp/Desktop/robot/ros2ws/build/hardware_software/build/lib/hardware_software
[2.535s] copying hardware_software/__init__.py -> /home/fyp/Desktop/robot/ros2ws/build/hardware_software/build/lib/hardware_software
[2.536s] running install
[2.543s] running install_lib
[2.568s] creating /home/fyp/Desktop/robot/ros2ws/install/hardware_software/lib/python3.12/site-packages/hardware_software
[2.570s] copying /home/fyp/Desktop/robot/ros2ws/build/hardware_software/build/lib/hardware_software/__init__.py -> /home/fyp/Desktop/robot/ros2ws/install/hardware_software/lib/python3.12/site-packages/hardware_software
[2.570s] byte-compiling /home/fyp/Desktop/robot/ros2ws/install/hardware_software/lib/python3.12/site-packages/hardware_software/__init__.py to __init__.cpython-312.pyc
[2.570s] running install_data
[2.570s] creating /home/fyp/Desktop/robot/ros2ws/install/hardware_software/share/ament_index
[2.570s] creating /home/fyp/Desktop/robot/ros2ws/install/hardware_software/share/ament_index/resource_index
[2.573s] creating /home/fyp/Desktop/robot/ros2ws/install/hardware_software/share/ament_index/resource_index/packages
[2.573s] copying resource/hardware_software -> /home/fyp/Desktop/robot/ros2ws/install/hardware_software/share/ament_index/resource_index/packages
[2.573s] copying package.xml -> /home/fyp/Desktop/robot/ros2ws/install/hardware_software/share/hardware_software
[2.573s] creating /home/fyp/Desktop/robot/ros2ws/install/hardware_software/share/hardware_software/launch
[2.574s] copying launch/hardware.launch.py -> /home/fyp/Desktop/robot/ros2ws/install/hardware_software/share/hardware_software/launch/
[2.574s] running install_egg_info
[2.599s] Copying ../../build/hardware_software/hardware_software.egg-info to /home/fyp/Desktop/robot/ros2ws/install/hardware_software/lib/python3.12/site-packages/hardware_software-0.0.0-py3.12.egg-info
[2.601s] running install_scripts
[2.787s] writing list of installed files to '/home/fyp/Desktop/robot/ros2ws/build/hardware_software/install.log'
[2.948s] Invoked command in '/home/fyp/Desktop/robot/ros2ws/src/hardware_software' returned '0': DEBUGINFOD_URLS=https://debuginfod.ubuntu.com PYTHONPATH=/home/fyp/Desktop/robot/ros2ws/build/hardware_software/prefix_override:/usr/lib/python3/dist-packages/colcon_core/task/python/colcon_distutils_commands:/home/fyp/Desktop/robot/ros2ws/install/hardware_software/lib/python3.12/site-packages:${PYTHONPATH} /usr/bin/python3 -W ignore:setup.py install is deprecated -W ignore:easy_install command is deprecated setup.py egg_info --egg-base ../../build/hardware_software build --build-base /home/fyp/Desktop/robot/ros2ws/build/hardware_software/build install --record /home/fyp/Desktop/robot/ros2ws/build/hardware_software/install.log --single-version-externally-managed install_data
